mode: atomic
github.com/teamdsb/tmo/services/ai/internal/http/middleware/auth.go:27.75,33.2 1 5
github.com/teamdsb/tmo/services/ai/internal/http/middleware/auth.go:35.85,37.9 2 5
github.com/teamdsb/tmo/services/ai/internal/http/middleware/auth.go:37.9,39.3 1 2
github.com/teamdsb/tmo/services/ai/internal/http/middleware/auth.go:40.2,40.21 1 3
github.com/teamdsb/tmo/services/ai/internal/http/middleware/auth.go:40.21,42.3 1 0
github.com/teamdsb/tmo/services/ai/internal/http/middleware/auth.go:44.2,45.32 2 3
github.com/teamdsb/tmo/services/ai/internal/http/middleware/auth.go:45.32,46.39 1 3
github.com/teamdsb/tmo/services/ai/internal/http/middleware/auth.go:46.39,48.4 1 2
github.com/teamdsb/tmo/services/ai/internal/http/middleware/auth.go:51.2,52.24 2 1
github.com/teamdsb/tmo/services/ai/internal/http/middleware/auth.go:55.68,56.16 1 5
github.com/teamdsb/tmo/services/ai/internal/http/middleware/auth.go:56.16,58.3 1 1
github.com/teamdsb/tmo/services/ai/internal/http/middleware/auth.go:60.2,61.15 2 4
github.com/teamdsb/tmo/services/ai/internal/http/middleware/auth.go:61.15,64.3 2 0
github.com/teamdsb/tmo/services/ai/internal/http/middleware/auth.go:66.2,67.63 2 4
github.com/teamdsb/tmo/services/ai/internal/http/middleware/auth.go:67.63,70.3 2 0
github.com/teamdsb/tmo/services/ai/internal/http/middleware/auth.go:72.2,72.80 1 4
github.com/teamdsb/tmo/services/ai/internal/http/middleware/auth.go:72.80,73.58 1 4
github.com/teamdsb/tmo/services/ai/internal/http/middleware/auth.go:73.58,75.4 1 0
github.com/teamdsb/tmo/services/ai/internal/http/middleware/auth.go:76.3,76.23 1 4
github.com/teamdsb/tmo/services/ai/internal/http/middleware/auth.go:78.2,78.32 1 4
github.com/teamdsb/tmo/services/ai/internal/http/middleware/auth.go:78.32,81.3 2 0
github.com/teamdsb/tmo/services/ai/internal/http/middleware/auth.go:83.2,84.9 2 4
github.com/teamdsb/tmo/services/ai/internal/http/middleware/auth.go:84.9,87.3 2 0
github.com/teamdsb/tmo/services/ai/internal/http/middleware/auth.go:88.2,88.20 1 4
github.com/teamdsb/tmo/services/ai/internal/http/middleware/auth.go:88.20,90.32 2 4
github.com/teamdsb/tmo/services/ai/internal/http/middleware/auth.go:90.32,93.4 2 1
github.com/teamdsb/tmo/services/ai/internal/http/middleware/auth.go:96.2,97.22 2 3
github.com/teamdsb/tmo/services/ai/internal/http/middleware/auth.go:97.22,100.3 2 0
github.com/teamdsb/tmo/services/ai/internal/http/middleware/auth.go:102.2,103.16 2 3
github.com/teamdsb/tmo/services/ai/internal/http/middleware/auth.go:103.16,106.3 2 0
github.com/teamdsb/tmo/services/ai/internal/http/middleware/auth.go:108.2,110.82 3 3
github.com/teamdsb/tmo/services/ai/internal/http/middleware/auth.go:110.82,112.17 2 2
github.com/teamdsb/tmo/services/ai/internal/http/middleware/auth.go:112.17,115.4 2 1
github.com/teamdsb/tmo/services/ai/internal/http/middleware/auth.go:116.3,116.28 1 1
github.com/teamdsb/tmo/services/ai/internal/http/middleware/auth.go:119.2,123.9 1 2
github.com/teamdsb/tmo/services/ai/internal/http/middleware/auth.go:126.67,131.2 1 3
github.com/teamdsb/tmo/services/ai/internal/provider/provider.go:28.63,29.50 1 2
github.com/teamdsb/tmo/services/ai/internal/provider/provider.go:30.18,31.41 1 1
github.com/teamdsb/tmo/services/ai/internal/provider/provider.go:32.10,33.58 1 1
github.com/teamdsb/tmo/services/ai/internal/provider/provider.go:41.92,49.40 6 1
github.com/teamdsb/tmo/services/ai/internal/provider/provider.go:49.40,52.29 3 1
github.com/teamdsb/tmo/services/ai/internal/provider/provider.go:52.29,54.4 1 1
github.com/teamdsb/tmo/services/ai/internal/provider/provider.go:55.3,55.44 1 1
github.com/teamdsb/tmo/services/ai/internal/provider/provider.go:55.44,57.4 1 1
github.com/teamdsb/tmo/services/ai/internal/provider/provider.go:58.3,58.36 1 1
github.com/teamdsb/tmo/services/ai/internal/provider/provider.go:58.36,60.4 1 1
github.com/teamdsb/tmo/services/ai/internal/provider/provider.go:63.2,64.39 2 1
github.com/teamdsb/tmo/services/ai/internal/provider/provider.go:64.39,67.3 2 1
github.com/teamdsb/tmo/services/ai/internal/provider/provider.go:69.2,70.24 2 1
github.com/teamdsb/tmo/services/ai/internal/provider/provider.go:70.24,72.3 1 1
github.com/teamdsb/tmo/services/ai/internal/provider/provider.go:73.2,76.23 3 1
github.com/teamdsb/tmo/services/ai/internal/provider/provider.go:76.23,78.3 1 1
github.com/teamdsb/tmo/services/ai/internal/provider/provider.go:79.2,82.25 3 1
github.com/teamdsb/tmo/services/ai/internal/provider/provider.go:85.67,86.28 1 1
github.com/teamdsb/tmo/services/ai/internal/provider/provider.go:86.28,88.3 1 0
github.com/teamdsb/tmo/services/ai/internal/provider/provider.go:90.2,92.20 3 1
github.com/teamdsb/tmo/services/ai/internal/provider/provider.go:92.20,94.3 1 1
github.com/teamdsb/tmo/services/ai/internal/provider/provider.go:95.2,95.20 1 1
github.com/teamdsb/tmo/services/ai/internal/provider/provider.go:95.20,97.3 1 1
github.com/teamdsb/tmo/services/ai/internal/provider/provider.go:98.2,98.33 1 1
github.com/teamdsb/tmo/services/ai/internal/config/config.go:39.20,41.26 2 2
github.com/teamdsb/tmo/services/ai/internal/config/config.go:41.26,43.3 1 1
github.com/teamdsb/tmo/services/ai/internal/config/config.go:45.2,46.25 2 2
github.com/teamdsb/tmo/services/ai/internal/config/config.go:46.25,48.3 1 1
github.com/teamdsb/tmo/services/ai/internal/config/config.go:50.2,63.3 1 2
github.com/teamdsb/tmo/services/ai/internal/knowledge/knowledge.go:77.103,78.26 1 2
github.com/teamdsb/tmo/services/ai/internal/knowledge/knowledge.go:78.26,80.3 1 2
github.com/teamdsb/tmo/services/ai/internal/knowledge/knowledge.go:82.2,83.69 2 2
github.com/teamdsb/tmo/services/ai/internal/knowledge/knowledge.go:83.69,85.3 1 0
github.com/teamdsb/tmo/services/ai/internal/knowledge/knowledge.go:87.2,92.8 1 2
github.com/teamdsb/tmo/services/ai/internal/knowledge/knowledge.go:95.43,96.12 1 0
github.com/teamdsb/tmo/services/ai/internal/knowledge/knowledge.go:96.12,97.59 1 0
github.com/teamdsb/tmo/services/ai/internal/knowledge/knowledge.go:97.59,99.4 1 0
github.com/teamdsb/tmo/services/ai/internal/knowledge/knowledge.go:101.3,104.7 3 0
github.com/teamdsb/tmo/services/ai/internal/knowledge/knowledge.go:104.7,105.11 1 0
github.com/teamdsb/tmo/services/ai/internal/knowledge/knowledge.go:106.22,107.11 1 0
github.com/teamdsb/tmo/services/ai/internal/knowledge/knowledge.go:108.20,109.61 1 0
github.com/teamdsb/tmo/services/ai/internal/knowledge/knowledge.go:109.61,111.6 1 0
github.com/teamdsb/tmo/services/ai/internal/knowledge/knowledge.go:117.51,121.26 3 1
github.com/teamdsb/tmo/services/ai/internal/knowledge/knowledge.go:121.26,123.17 2 1
github.com/teamdsb/tmo/services/ai/internal/knowledge/knowledge.go:123.17,125.4 1 0
github.com/teamdsb/tmo/services/ai/internal/knowledge/knowledge.go:127.3,127.39 1 1
github.com/teamdsb/tmo/services/ai/internal/knowledge/knowledge.go:127.39,129.18 2 1
github.com/teamdsb/tmo/services/ai/internal/knowledge/knowledge.go:129.18,131.5 1 0
github.com/teamdsb/tmo/services/ai/internal/knowledge/knowledge.go:132.4,132.51 1 1
github.com/teamdsb/tmo/services/ai/internal/knowledge/knowledge.go:135.3,135.62 1 1
github.com/teamdsb/tmo/services/ai/internal/knowledge/knowledge.go:135.62,136.9 1 1
github.com/teamdsb/tmo/services/ai/internal/knowledge/knowledge.go:140.2,143.12 4 1
github.com/teamdsb/tmo/services/ai/internal/knowledge/knowledge.go:146.61,147.16 1 2
github.com/teamdsb/tmo/services/ai/internal/knowledge/knowledge.go:147.16,149.3 1 0
github.com/teamdsb/tmo/services/ai/internal/knowledge/knowledge.go:151.2,164.3 9 2
github.com/teamdsb/tmo/services/ai/internal/knowledge/knowledge.go:167.72,174.39 2 1
github.com/teamdsb/tmo/services/ai/internal/knowledge/knowledge.go:174.39,176.3 1 1
github.com/teamdsb/tmo/services/ai/internal/knowledge/knowledge.go:178.2,180.34 3 1
github.com/teamdsb/tmo/services/ai/internal/knowledge/knowledge.go:180.34,186.22 2 1
github.com/teamdsb/tmo/services/ai/internal/knowledge/knowledge.go:186.22,189.4 2 1
github.com/teamdsb/tmo/services/ai/internal/knowledge/knowledge.go:190.3,190.25 1 1
github.com/teamdsb/tmo/services/ai/internal/knowledge/knowledge.go:190.25,193.4 2 0
github.com/teamdsb/tmo/services/ai/internal/knowledge/knowledge.go:194.3,194.22 1 1
github.com/teamdsb/tmo/services/ai/internal/knowledge/knowledge.go:194.22,197.4 2 1
github.com/teamdsb/tmo/services/ai/internal/knowledge/knowledge.go:198.3,198.42 1 1
github.com/teamdsb/tmo/services/ai/internal/knowledge/knowledge.go:198.42,201.4 2 3
github.com/teamdsb/tmo/services/ai/internal/knowledge/knowledge.go:202.3,203.37 2 1
github.com/teamdsb/tmo/services/ai/internal/knowledge/knowledge.go:206.2,207.12 2 1
github.com/teamdsb/tmo/services/ai/internal/knowledge/knowledge.go:210.88,213.27 3 2
github.com/teamdsb/tmo/services/ai/internal/knowledge/knowledge.go:213.27,215.3 1 0
github.com/teamdsb/tmo/services/ai/internal/knowledge/knowledge.go:217.2,218.35 2 2
github.com/teamdsb/tmo/services/ai/internal/knowledge/knowledge.go:218.35,220.54 2 1
github.com/teamdsb/tmo/services/ai/internal/knowledge/knowledge.go:220.54,222.4 1 0
github.com/teamdsb/tmo/services/ai/internal/knowledge/knowledge.go:223.3,223.37 1 1
github.com/teamdsb/tmo/services/ai/internal/knowledge/knowledge.go:223.37,224.19 1 13
github.com/teamdsb/tmo/services/ai/internal/knowledge/knowledge.go:224.19,225.13 1 0
github.com/teamdsb/tmo/services/ai/internal/knowledge/knowledge.go:227.4,227.51 1 13
github.com/teamdsb/tmo/services/ai/internal/knowledge/knowledge.go:227.51,229.5 1 5
github.com/teamdsb/tmo/services/ai/internal/knowledge/knowledge.go:230.4,230.56 1 13
github.com/teamdsb/tmo/services/ai/internal/knowledge/knowledge.go:230.56,232.5 1 4
github.com/teamdsb/tmo/services/ai/internal/knowledge/knowledge.go:234.3,234.17 1 1
github.com/teamdsb/tmo/services/ai/internal/knowledge/knowledge.go:234.17,235.12 1 0
github.com/teamdsb/tmo/services/ai/internal/knowledge/knowledge.go:237.3,237.75 1 1
github.com/teamdsb/tmo/services/ai/internal/knowledge/knowledge.go:240.2,240.42 1 2
github.com/teamdsb/tmo/services/ai/internal/knowledge/knowledge.go:240.42,241.43 1 0
github.com/teamdsb/tmo/services/ai/internal/knowledge/knowledge.go:241.43,243.4 1 0
github.com/teamdsb/tmo/services/ai/internal/knowledge/knowledge.go:244.3,244.45 1 0
github.com/teamdsb/tmo/services/ai/internal/knowledge/knowledge.go:247.2,247.26 1 2
github.com/teamdsb/tmo/services/ai/internal/knowledge/knowledge.go:247.26,249.3 1 0
github.com/teamdsb/tmo/services/ai/internal/knowledge/knowledge.go:250.2,250.16 1 2
github.com/teamdsb/tmo/services/ai/internal/knowledge/knowledge.go:253.84,258.37 4 2
github.com/teamdsb/tmo/services/ai/internal/knowledge/knowledge.go:258.37,260.45 2 10
github.com/teamdsb/tmo/services/ai/internal/knowledge/knowledge.go:260.45,262.31 2 54
github.com/teamdsb/tmo/services/ai/internal/knowledge/knowledge.go:262.31,263.13 1 0
github.com/teamdsb/tmo/services/ai/internal/knowledge/knowledge.go:265.4,265.54 1 54
github.com/teamdsb/tmo/services/ai/internal/knowledge/knowledge.go:265.54,267.5 1 2
github.com/teamdsb/tmo/services/ai/internal/knowledge/knowledge.go:268.4,268.38 1 54
github.com/teamdsb/tmo/services/ai/internal/knowledge/knowledge.go:268.38,269.51 1 729
github.com/teamdsb/tmo/services/ai/internal/knowledge/knowledge.go:269.51,271.6 1 12
github.com/teamdsb/tmo/services/ai/internal/knowledge/knowledge.go:274.3,274.17 1 10
github.com/teamdsb/tmo/services/ai/internal/knowledge/knowledge.go:274.17,275.12 1 8
github.com/teamdsb/tmo/services/ai/internal/knowledge/knowledge.go:277.3,277.77 1 2
github.com/teamdsb/tmo/services/ai/internal/knowledge/knowledge.go:280.2,280.42 1 2
github.com/teamdsb/tmo/services/ai/internal/knowledge/knowledge.go:280.42,281.43 1 0
github.com/teamdsb/tmo/services/ai/internal/knowledge/knowledge.go:281.43,283.4 1 0
github.com/teamdsb/tmo/services/ai/internal/knowledge/knowledge.go:284.3,284.45 1 0
github.com/teamdsb/tmo/services/ai/internal/knowledge/knowledge.go:287.2,287.26 1 2
github.com/teamdsb/tmo/services/ai/internal/knowledge/knowledge.go:287.26,289.3 1 0
github.com/teamdsb/tmo/services/ai/internal/knowledge/knowledge.go:290.2,290.16 1 2
github.com/teamdsb/tmo/services/ai/internal/knowledge/knowledge.go:293.37,299.26 5 72
github.com/teamdsb/tmo/services/ai/internal/knowledge/knowledge.go:299.26,300.10 1 458
github.com/teamdsb/tmo/services/ai/internal/knowledge/knowledge.go:301.27,302.18 1 29
github.com/teamdsb/tmo/services/ai/internal/knowledge/knowledge.go:302.18,305.5 2 28
github.com/teamdsb/tmo/services/ai/internal/knowledge/knowledge.go:306.80,308.21 2 408
github.com/teamdsb/tmo/services/ai/internal/knowledge/knowledge.go:309.11,310.18 1 21
github.com/teamdsb/tmo/services/ai/internal/knowledge/knowledge.go:310.18,313.5 2 21
github.com/teamdsb/tmo/services/ai/internal/knowledge/knowledge.go:317.2,317.44 1 72
github.com/teamdsb/tmo/services/ai/internal/knowledge/knowledge.go:320.43,325.36 4 4
github.com/teamdsb/tmo/services/ai/internal/knowledge/knowledge.go:325.36,327.18 2 54
github.com/teamdsb/tmo/services/ai/internal/knowledge/knowledge.go:327.18,329.4 1 0
github.com/teamdsb/tmo/services/ai/internal/knowledge/knowledge.go:330.3,330.39 1 54
github.com/teamdsb/tmo/services/ai/internal/knowledge/knowledge.go:330.39,332.4 1 0
github.com/teamdsb/tmo/services/ai/internal/knowledge/knowledge.go:333.3,334.33 2 54
github.com/teamdsb/tmo/services/ai/internal/knowledge/knowledge.go:337.2,337.29 1 4
github.com/teamdsb/tmo/services/ai/internal/knowledge/knowledge.go:337.29,339.61 2 10
github.com/teamdsb/tmo/services/ai/internal/knowledge/knowledge.go:339.61,341.38 2 8
github.com/teamdsb/tmo/services/ai/internal/knowledge/knowledge.go:341.38,343.5 1 44
github.com/teamdsb/tmo/services/ai/internal/knowledge/knowledge.go:347.2,347.15 1 4
github.com/teamdsb/tmo/services/ai/internal/knowledge/knowledge.go:350.37,351.26 1 10
github.com/teamdsb/tmo/services/ai/internal/knowledge/knowledge.go:351.26,352.33 1 16
github.com/teamdsb/tmo/services/ai/internal/knowledge/knowledge.go:352.33,354.4 1 8
github.com/teamdsb/tmo/services/ai/internal/knowledge/knowledge.go:356.2,356.14 1 2
github.com/teamdsb/tmo/services/ai/cmd/ai/main.go:25.13,31.63 3 0
github.com/teamdsb/tmo/services/ai/cmd/ai/main.go:31.63,34.3 2 0
github.com/teamdsb/tmo/services/ai/cmd/ai/main.go:37.43,38.30 1 0
github.com/teamdsb/tmo/services/ai/cmd/ai/main.go:39.15,40.25 1 0
github.com/teamdsb/tmo/services/ai/cmd/ai/main.go:41.25,42.24 1 0
github.com/teamdsb/tmo/services/ai/cmd/ai/main.go:43.15,44.25 1 0
github.com/teamdsb/tmo/services/ai/cmd/ai/main.go:45.10,46.24 1 0
github.com/teamdsb/tmo/services/ai/cmd/ai/main.go:50.77,57.16 4 0
github.com/teamdsb/tmo/services/ai/cmd/ai/main.go:57.16,59.3 1 0
github.com/teamdsb/tmo/services/ai/cmd/ai/main.go:60.2,60.15 1 0
github.com/teamdsb/tmo/services/ai/cmd/ai/main.go:60.15,63.51 3 0
github.com/teamdsb/tmo/services/ai/cmd/ai/main.go:63.51,65.4 1 0
github.com/teamdsb/tmo/services/ai/cmd/ai/main.go:68.2,71.16 4 0
github.com/teamdsb/tmo/services/ai/cmd/ai/main.go:71.16,73.3 1 0
github.com/teamdsb/tmo/services/ai/cmd/ai/main.go:74.2,81.16 3 0
github.com/teamdsb/tmo/services/ai/cmd/ai/main.go:81.16,83.3 1 0
github.com/teamdsb/tmo/services/ai/cmd/ai/main.go:85.2,99.12 6 0
github.com/teamdsb/tmo/services/ai/cmd/ai/main.go:99.12,101.3 1 0
github.com/teamdsb/tmo/services/ai/cmd/ai/main.go:103.2,103.9 1 0
github.com/teamdsb/tmo/services/ai/cmd/ai/main.go:104.22,105.58 1 0
github.com/teamdsb/tmo/services/ai/cmd/ai/main.go:105.58,107.4 1 0
github.com/teamdsb/tmo/services/ai/cmd/ai/main.go:108.3,108.13 1 0
github.com/teamdsb/tmo/services/ai/cmd/ai/main.go:109.20,110.42 1 0
github.com/teamdsb/tmo/services/ai/cmd/ai/main.go:113.2,115.53 3 0
github.com/teamdsb/tmo/services/ai/cmd/ai/main.go:115.53,117.3 1 0
github.com/teamdsb/tmo/services/ai/cmd/ai/main.go:119.2,119.73 1 0
github.com/teamdsb/tmo/services/ai/cmd/ai/main.go:119.73,121.3 1 0
github.com/teamdsb/tmo/services/ai/cmd/ai/main.go:123.2,123.12 1 0
github.com/teamdsb/tmo/services/ai/internal/http/server.go:15.115,27.2 5 0
github.com/teamdsb/tmo/services/ai/internal/http/server.go:29.63,31.2 1 0
github.com/teamdsb/tmo/services/ai/internal/http/oapi/api.gen.go:66.80,70.52 2 0
github.com/teamdsb/tmo/services/ai/internal/http/oapi/api.gen.go:70.52,72.20 2 0
github.com/teamdsb/tmo/services/ai/internal/http/oapi/api.gen.go:72.20,74.4 1 0
github.com/teamdsb/tmo/services/ai/internal/http/oapi/api.gen.go:77.2,77.44 1 0
github.com/teamdsb/tmo/services/ai/internal/http/oapi/api.gen.go:88.63,90.2 1 0
github.com/teamdsb/tmo/services/ai/internal/http/oapi/api.gen.go:93.100,95.25 2 0
github.com/teamdsb/tmo/services/ai/internal/http/oapi/api.gen.go:95.25,96.66 1 0
github.com/teamdsb/tmo/services/ai/internal/http/oapi/api.gen.go:96.66,98.4 1 0
github.com/teamdsb/tmo/services/ai/internal/http/oapi/api.gen.go:101.2,107.97 2 0
github.com/teamdsb/tmo/services/ai/internal/commerce/client.go:27.39,28.14 1 1
github.com/teamdsb/tmo/services/ai/internal/commerce/client.go:28.14,30.3 1 0
github.com/teamdsb/tmo/services/ai/internal/commerce/client.go:31.2,31.18 1 1
github.com/teamdsb/tmo/services/ai/internal/commerce/client.go:31.18,33.3 1 1
github.com/teamdsb/tmo/services/ai/internal/commerce/client.go:34.2,34.72 1 0
github.com/teamdsb/tmo/services/ai/internal/commerce/client.go:110.63,111.18 1 6
github.com/teamdsb/tmo/services/ai/internal/commerce/client.go:111.18,113.3 1 0
github.com/teamdsb/tmo/services/ai/internal/commerce/client.go:114.2,119.3 1 6
github.com/teamdsb/tmo/services/ai/internal/commerce/client.go:122.142,126.2 3 1
github.com/teamdsb/tmo/services/ai/internal/commerce/client.go:128.148,133.6 4 1
github.com/teamdsb/tmo/services/ai/internal/commerce/client.go:133.6,139.136 5 2
github.com/teamdsb/tmo/services/ai/internal/commerce/client.go:139.136,141.4 1 0
github.com/teamdsb/tmo/services/ai/internal/commerce/client.go:143.3,144.61 2 2
github.com/teamdsb/tmo/services/ai/internal/commerce/client.go:144.61,146.4 1 1
github.com/teamdsb/tmo/services/ai/internal/commerce/client.go:147.3,147.9 1 1
github.com/teamdsb/tmo/services/ai/internal/commerce/client.go:151.102,158.2 6 3
github.com/teamdsb/tmo/services/ai/internal/commerce/client.go:160.100,164.2 3 1
github.com/teamdsb/tmo/services/ai/internal/commerce/client.go:166.134,167.21 1 7
github.com/teamdsb/tmo/services/ai/internal/commerce/client.go:167.21,169.3 1 1
github.com/teamdsb/tmo/services/ai/internal/commerce/client.go:171.2,172.20 2 6
github.com/teamdsb/tmo/services/ai/internal/commerce/client.go:172.20,174.3 1 4
github.com/teamdsb/tmo/services/ai/internal/commerce/client.go:176.2,177.16 2 6
github.com/teamdsb/tmo/services/ai/internal/commerce/client.go:177.16,179.3 1 0
github.com/teamdsb/tmo/services/ai/internal/commerce/client.go:180.2,181.22 2 6
github.com/teamdsb/tmo/services/ai/internal/commerce/client.go:181.22,183.3 1 3
github.com/teamdsb/tmo/services/ai/internal/commerce/client.go:184.2,184.21 1 6
github.com/teamdsb/tmo/services/ai/internal/commerce/client.go:184.21,186.3 1 3
github.com/teamdsb/tmo/services/ai/internal/commerce/client.go:188.2,189.16 2 6
github.com/teamdsb/tmo/services/ai/internal/commerce/client.go:189.16,191.3 1 0
github.com/teamdsb/tmo/services/ai/internal/commerce/client.go:192.2,194.53 2 6
github.com/teamdsb/tmo/services/ai/internal/commerce/client.go:194.53,202.3 3 1
github.com/teamdsb/tmo/services/ai/internal/commerce/client.go:204.2,204.50 1 5
github.com/teamdsb/tmo/services/ai/internal/http/handler/handler.go:45.63,46.91 1 7
github.com/teamdsb/tmo/services/ai/internal/http/handler/handler.go:46.91,48.3 1 1
github.com/teamdsb/tmo/services/ai/internal/http/handler/handler.go:50.2,51.51 2 6
github.com/teamdsb/tmo/services/ai/internal/http/handler/handler.go:51.51,54.3 2 0
github.com/teamdsb/tmo/services/ai/internal/http/handler/handler.go:56.2,57.26 2 6
github.com/teamdsb/tmo/services/ai/internal/http/handler/handler.go:57.26,60.3 2 0
github.com/teamdsb/tmo/services/ai/internal/http/handler/handler.go:62.2,66.16 4 6
github.com/teamdsb/tmo/services/ai/internal/http/handler/handler.go:66.16,69.3 2 2
github.com/teamdsb/tmo/services/ai/internal/http/handler/handler.go:71.2,72.16 2 4
github.com/teamdsb/tmo/services/ai/internal/http/handler/handler.go:72.16,75.3 2 0
github.com/teamdsb/tmo/services/ai/internal/http/handler/handler.go:77.2,78.16 2 4
github.com/teamdsb/tmo/services/ai/internal/http/handler/handler.go:78.16,81.3 2 1
github.com/teamdsb/tmo/services/ai/internal/http/handler/handler.go:83.2,91.16 4 3
github.com/teamdsb/tmo/services/ai/internal/http/handler/handler.go:91.16,95.3 3 1
github.com/teamdsb/tmo/services/ai/internal/http/handler/handler.go:96.2,96.27 1 2
github.com/teamdsb/tmo/services/ai/internal/http/handler/handler.go:96.27,99.3 2 0
github.com/teamdsb/tmo/services/ai/internal/http/handler/handler.go:101.2,105.4 1 2
github.com/teamdsb/tmo/services/ai/internal/http/handler/handler.go:108.90,109.19 1 7
github.com/teamdsb/tmo/services/ai/internal/http/handler/handler.go:109.19,111.3 1 0
github.com/teamdsb/tmo/services/ai/internal/http/handler/handler.go:112.2,112.40 1 7
github.com/teamdsb/tmo/services/ai/internal/http/handler/handler.go:115.89,117.33 2 2
github.com/teamdsb/tmo/services/ai/internal/http/handler/handler.go:117.33,118.32 1 2
github.com/teamdsb/tmo/services/ai/internal/http/handler/handler.go:119.28,121.10 2 1
github.com/teamdsb/tmo/services/ai/internal/http/handler/handler.go:122.32,124.10 2 0
github.com/teamdsb/tmo/services/ai/internal/http/handler/handler.go:125.29,127.10 2 0
github.com/teamdsb/tmo/services/ai/internal/http/handler/handler.go:128.11,130.10 2 1
github.com/teamdsb/tmo/services/ai/internal/http/handler/handler.go:134.2,135.97 2 0
github.com/teamdsb/tmo/services/ai/internal/http/handler/handler.go:138.80,143.2 1 4
github.com/teamdsb/tmo/services/ai/internal/http/handler/handler.go:145.55,146.35 1 1
github.com/teamdsb/tmo/services/ai/internal/http/handler/handler.go:146.35,148.3 1 1
github.com/teamdsb/tmo/services/ai/internal/http/handler/handler.go:149.2,149.39 1 0
github.com/teamdsb/tmo/services/ai/internal/http/handler/handler.go:152.133,153.28 1 4
github.com/teamdsb/tmo/services/ai/internal/http/handler/handler.go:153.28,155.3 1 2
github.com/teamdsb/tmo/services/ai/internal/http/handler/handler.go:157.2,158.37 2 2
github.com/teamdsb/tmo/services/ai/internal/http/handler/handler.go:158.37,159.27 1 2
github.com/teamdsb/tmo/services/ai/internal/http/handler/handler.go:159.27,161.4 1 1
github.com/teamdsb/tmo/services/ai/internal/http/handler/handler.go:164.2,164.63 1 1
github.com/teamdsb/tmo/services/ai/internal/http/handler/handler.go:167.103,169.35 2 3
github.com/teamdsb/tmo/services/ai/internal/http/handler/handler.go:169.35,170.67 1 2
github.com/teamdsb/tmo/services/ai/internal/http/handler/handler.go:170.67,172.4 1 2
github.com/teamdsb/tmo/services/ai/internal/http/handler/handler.go:174.2,174.33 1 3
github.com/teamdsb/tmo/services/commerce/cmd/catalog-image-audit/main.go:42.13,43.30 1 0
github.com/teamdsb/tmo/services/commerce/cmd/catalog-image-audit/main.go:43.30,46.3 2 0
github.com/teamdsb/tmo/services/commerce/cmd/catalog-image-audit/main.go:49.18,51.15 2 0
github.com/teamdsb/tmo/services/commerce/cmd/catalog-image-audit/main.go:51.15,53.3 1 0
github.com/teamdsb/tmo/services/commerce/cmd/catalog-image-audit/main.go:55.2,56.83 2 0
github.com/teamdsb/tmo/services/commerce/cmd/catalog-image-audit/main.go:56.83,57.71 1 0
github.com/teamdsb/tmo/services/commerce/cmd/catalog-image-audit/main.go:57.71,59.4 1 0
github.com/teamdsb/tmo/services/commerce/cmd/catalog-image-audit/main.go:62.2,66.16 4 0
github.com/teamdsb/tmo/services/commerce/cmd/catalog-image-audit/main.go:66.16,68.3 1 0
github.com/teamdsb/tmo/services/commerce/cmd/catalog-image-audit/main.go:69.2,71.39 2 0
github.com/teamdsb/tmo/services/commerce/cmd/catalog-image-audit/main.go:71.39,73.3 1 0
github.com/teamdsb/tmo/services/commerce/cmd/catalog-image-audit/main.go:75.2,80.16 2 0
github.com/teamdsb/tmo/services/commerce/cmd/catalog-image-audit/main.go:80.16,82.3 1 0
github.com/teamdsb/tmo/services/commerce/cmd/catalog-image-audit/main.go:83.2,86.26 3 0
github.com/teamdsb/tmo/services/commerce/cmd/catalog-image-audit/main.go:86.26,88.3 1 0
github.com/teamdsb/tmo/services/commerce/cmd/catalog-image-audit/main.go:90.2,94.18 2 0
github.com/teamdsb/tmo/services/commerce/cmd/catalog-image-audit/main.go:94.18,96.77 2 0
github.com/teamdsb/tmo/services/commerce/cmd/catalog-image-audit/main.go:96.77,98.4 1 0
github.com/teamdsb/tmo/services/commerce/cmd/catalog-image-audit/main.go:100.3,103.21 3 0
github.com/teamdsb/tmo/services/commerce/cmd/catalog-image-audit/main.go:103.21,105.12 2 0
github.com/teamdsb/tmo/services/commerce/cmd/catalog-image-audit/main.go:108.3,108.28 1 0
github.com/teamdsb/tmo/services/commerce/cmd/catalog-image-audit/main.go:108.28,110.4 1 0
github.com/teamdsb/tmo/services/commerce/cmd/catalog-image-audit/main.go:113.2,113.35 1 0
github.com/teamdsb/tmo/services/commerce/cmd/catalog-image-audit/main.go:113.35,115.3 1 0
github.com/teamdsb/tmo/services/commerce/cmd/catalog-image-audit/main.go:117.2,118.12 2 0
github.com/teamdsb/tmo/services/commerce/cmd/catalog-image-audit/main.go:121.72,123.26 2 0
github.com/teamdsb/tmo/services/commerce/cmd/catalog-image-audit/main.go:123.26,125.18 2 0
github.com/teamdsb/tmo/services/commerce/cmd/catalog-image-audit/main.go:125.18,127.4 1 0
github.com/teamdsb/tmo/services/commerce/cmd/catalog-image-audit/main.go:129.2,129.31 1 0
github.com/teamdsb/tmo/services/commerce/cmd/catalog-image-audit/main.go:129.31,131.20 2 0
github.com/teamdsb/tmo/services/commerce/cmd/catalog-image-audit/main.go:131.20,132.12 1 0
github.com/teamdsb/tmo/services/commerce/cmd/catalog-image-audit/main.go:134.3,134.31 1 0
github.com/teamdsb/tmo/services/commerce/cmd/catalog-image-audit/main.go:136.2,136.13 1 0
github.com/teamdsb/tmo/services/commerce/cmd/catalog-image-audit/main.go:139.77,140.18 1 0
github.com/teamdsb/tmo/services/commerce/cmd/catalog-image-audit/main.go:140.18,142.3 1 0
github.com/teamdsb/tmo/services/commerce/cmd/catalog-image-audit/main.go:144.2,145.17 2 0
github.com/teamdsb/tmo/services/commerce/cmd/catalog-image-audit/main.go:145.17,147.3 1 0
github.com/teamdsb/tmo/services/commerce/cmd/catalog-image-audit/main.go:149.2,150.48 2 0
github.com/teamdsb/tmo/services/commerce/cmd/catalog-image-audit/main.go:150.48,152.3 1 0
github.com/teamdsb/tmo/services/commerce/cmd/catalog-image-audit/main.go:154.2,154.46 1 0
github.com/teamdsb/tmo/services/commerce/cmd/catalog-image-audit/main.go:154.46,157.3 2 0
github.com/teamdsb/tmo/services/commerce/cmd/catalog-image-audit/main.go:158.2,158.70 1 0
github.com/teamdsb/tmo/services/commerce/cmd/catalog-image-audit/main.go:158.70,160.3 1 0
github.com/teamdsb/tmo/services/commerce/cmd/catalog-image-audit/main.go:162.2,163.16 2 0
github.com/teamdsb/tmo/services/commerce/cmd/catalog-image-audit/main.go:163.16,166.3 2 0
github.com/teamdsb/tmo/services/commerce/cmd/catalog-image-audit/main.go:167.2,167.21 1 0
github.com/teamdsb/tmo/services/commerce/cmd/catalog-image-audit/main.go:167.21,170.3 2 0
github.com/teamdsb/tmo/services/commerce/cmd/catalog-image-audit/main.go:172.2,173.43 2 0
github.com/teamdsb/tmo/services/commerce/cmd/catalog-image-audit/main.go:173.43,176.3 2 0
github.com/teamdsb/tmo/services/commerce/cmd/catalog-image-audit/main.go:178.2,179.16 2 0
github.com/teamdsb/tmo/services/commerce/cmd/catalog-image-audit/main.go:179.16,182.3 2 0
github.com/teamdsb/tmo/services/commerce/cmd/catalog-image-audit/main.go:184.2,185.28 2 0
github.com/teamdsb/tmo/services/commerce/cmd/catalog-image-audit/main.go:188.38,205.46 16 0
github.com/teamdsb/tmo/services/commerce/cmd/catalog-image-audit/main.go:205.46,210.3 1 0
github.com/teamdsb/tmo/services/commerce/cmd/catalog-image-audit/main.go:212.2,212.42 1 0
github.com/teamdsb/tmo/services/commerce/cmd/catalog-image-audit/main.go:212.42,213.43 1 0
github.com/teamdsb/tmo/services/commerce/cmd/catalog-image-audit/main.go:213.43,215.4 1 0
github.com/teamdsb/tmo/services/commerce/cmd/catalog-image-audit/main.go:216.3,216.45 1 0
github.com/teamdsb/tmo/services/commerce/cmd/catalog-image-audit/main.go:219.2,219.23 1 0
github.com/teamdsb/tmo/services/commerce/cmd/catalog-image-audit/main.go:219.23,222.3 2 0
github.com/teamdsb/tmo/services/commerce/cmd/catalog-image-audit/main.go:224.2,224.31 1 0
github.com/teamdsb/tmo/services/commerce/cmd/catalog-image-audit/main.go:224.31,226.3 1 0
github.com/teamdsb/tmo/services/commerce/cmd/catalog-image-migrate/main.go:80.13,81.30 1 0
github.com/teamdsb/tmo/services/commerce/cmd/catalog-image-migrate/main.go:81.30,84.3 2 0
github.com/teamdsb/tmo/services/commerce/cmd/catalog-image-migrate/main.go:87.18,89.16 2 0
github.com/teamdsb/tmo/services/commerce/cmd/catalog-image-migrate/main.go:89.16,91.3 1 0
github.com/teamdsb/tmo/services/commerce/cmd/catalog-image-migrate/main.go:93.2,97.16 4 0
github.com/teamdsb/tmo/services/commerce/cmd/catalog-image-migrate/main.go:97.16,99.3 1 0
github.com/teamdsb/tmo/services/commerce/cmd/catalog-image-migrate/main.go:100.2,102.39 2 0
github.com/teamdsb/tmo/services/commerce/cmd/catalog-image-migrate/main.go:102.39,104.3 1 0
github.com/teamdsb/tmo/services/commerce/cmd/catalog-image-migrate/main.go:106.2,107.16 2 0
github.com/teamdsb/tmo/services/commerce/cmd/catalog-image-migrate/main.go:107.16,109.3 1 0
github.com/teamdsb/tmo/services/commerce/cmd/catalog-image-migrate/main.go:110.2,110.24 1 0
github.com/teamdsb/tmo/services/commerce/cmd/catalog-image-migrate/main.go:110.24,113.3 2 0
github.com/teamdsb/tmo/services/commerce/cmd/catalog-image-migrate/main.go:115.2,127.17 3 0
github.com/teamdsb/tmo/services/commerce/cmd/catalog-image-migrate/main.go:127.17,129.17 2 0
github.com/teamdsb/tmo/services/commerce/cmd/catalog-image-migrate/main.go:129.17,131.4 1 0
github.com/teamdsb/tmo/services/commerce/cmd/catalog-image-migrate/main.go:132.3,132.16 1 0
github.com/teamdsb/tmo/services/commerce/cmd/catalog-image-migrate/main.go:132.16,134.4 1 0
github.com/teamdsb/tmo/services/commerce/cmd/catalog-image-migrate/main.go:137.2,138.16 2 0
github.com/teamdsb/tmo/services/commerce/cmd/catalog-image-migrate/main.go:138.16,140.3 1 0
github.com/teamdsb/tmo/services/commerce/cmd/catalog-image-migrate/main.go:142.2,143.35 2 0
github.com/teamdsb/tmo/services/commerce/cmd/catalog-image-migrate/main.go:143.35,147.34 4 0
github.com/teamdsb/tmo/services/commerce/cmd/catalog-image-migrate/main.go:147.34,148.25 1 0
github.com/teamdsb/tmo/services/commerce/cmd/catalog-image-migrate/main.go:149.19,150.25 1 0
github.com/teamdsb/tmo/services/commerce/cmd/catalog-image-migrate/main.go:151.18,152.23 1 0
github.com/teamdsb/tmo/services/commerce/cmd/catalog-image-migrate/main.go:153.12,154.24 1 0
github.com/teamdsb/tmo/services/commerce/cmd/catalog-image-migrate/main.go:157.4,157.38 1 0
github.com/teamdsb/tmo/services/commerce/cmd/catalog-image-migrate/main.go:157.38,158.73 1 0
github.com/teamdsb/tmo/services/commerce/cmd/catalog-image-migrate/main.go:158.73,160.6 1 0
github.com/teamdsb/tmo/services/commerce/cmd/catalog-image-migrate/main.go:164.3,164.29 1 0
github.com/teamdsb/tmo/services/commerce/cmd/catalog-image-migrate/main.go:164.29,165.12 1 0
github.com/teamdsb/tmo/services/commerce/cmd/catalog-image-migrate/main.go:168.3,168.89 1 0
github.com/teamdsb/tmo/services/commerce/cmd/catalog-image-migrate/main.go:168.89,170.4 1 0
github.com/teamdsb/tmo/services/commerce/cmd/catalog-image-migrate/main.go:171.3,171.26 1 0
github.com/teamdsb/tmo/services/commerce/cmd/catalog-image-migrate/main.go:174.2,174.17 1 0
github.com/teamdsb/tmo/services/commerce/cmd/catalog-image-migrate/main.go:174.17,175.40 1 0
github.com/teamdsb/tmo/services/commerce/cmd/catalog-image-migrate/main.go:175.40,177.4 1 0
github.com/teamdsb/tmo/services/commerce/cmd/catalog-image-migrate/main.go:180.2,188.22 9 0
github.com/teamdsb/tmo/services/commerce/cmd/catalog-image-migrate/main.go:188.22,190.3 1 0
github.com/teamdsb/tmo/services/commerce/cmd/catalog-image-migrate/main.go:191.2,193.12 3 0
github.com/teamdsb/tmo/services/commerce/cmd/catalog-image-migrate/main.go:196.42,209.23 2 0
github.com/teamdsb/tmo/services/commerce/cmd/catalog-image-migrate/main.go:209.23,211.3 1 0
github.com/teamdsb/tmo/services/commerce/cmd/catalog-image-migrate/main.go:212.2,212.22 1 0
github.com/teamdsb/tmo/services/commerce/cmd/catalog-image-migrate/main.go:212.22,214.3 1 0
github.com/teamdsb/tmo/services/commerce/cmd/catalog-image-migrate/main.go:215.2,215.26 1 0
github.com/teamdsb/tmo/services/commerce/cmd/catalog-image-migrate/main.go:215.26,217.3 1 0
github.com/teamdsb/tmo/services/commerce/cmd/catalog-image-migrate/main.go:218.2,218.44 1 0
github.com/teamdsb/tmo/services/commerce/cmd/catalog-image-migrate/main.go:218.44,220.3 1 0
github.com/teamdsb/tmo/services/commerce/cmd/catalog-image-migrate/main.go:221.2,221.48 1 0
github.com/teamdsb/tmo/services/commerce/cmd/catalog-image-migrate/main.go:221.48,223.3 1 0
github.com/teamdsb/tmo/services/commerce/cmd/catalog-image-migrate/main.go:224.2,224.66 1 0
github.com/teamdsb/tmo/services/commerce/cmd/catalog-image-migrate/main.go:224.66,226.3 1 0
github.com/teamdsb/tmo/services/commerce/cmd/catalog-image-migrate/main.go:227.2,227.17 1 0
github.com/teamdsb/tmo/services/commerce/cmd/catalog-image-migrate/main.go:230.93,239.15 4 0
github.com/teamdsb/tmo/services/commerce/cmd/catalog-image-migrate/main.go:239.15,241.3 1 0
github.com/teamdsb/tmo/services/commerce/cmd/catalog-image-migrate/main.go:241.8,243.3 1 0
github.com/teamdsb/tmo/services/commerce/cmd/catalog-image-migrate/main.go:244.2,244.16 1 0
github.com/teamdsb/tmo/services/commerce/cmd/catalog-image-migrate/main.go:244.16,246.3 1 0
github.com/teamdsb/tmo/services/commerce/cmd/catalog-image-migrate/main.go:247.2,250.18 3 0
github.com/teamdsb/tmo/services/commerce/cmd/catalog-image-migrate/main.go:250.18,252.77 2 0
github.com/teamdsb/tmo/services/commerce/cmd/catalog-image-migrate/main.go:252.77,254.4 1 0
github.com/teamdsb/tmo/services/commerce/cmd/catalog-image-migrate/main.go:255.3,255.31 1 0
github.com/teamdsb/tmo/services/commerce/cmd/catalog-image-migrate/main.go:257.2,257.35 1 0
github.com/teamdsb/tmo/services/commerce/cmd/catalog-image-migrate/main.go:257.35,259.3 1 0
github.com/teamdsb/tmo/services/commerce/cmd/catalog-image-migrate/main.go:260.2,260.20 1 0
github.com/teamdsb/tmo/services/commerce/cmd/catalog-image-migrate/main.go:263.80,265.122 2 0
github.com/teamdsb/tmo/services/commerce/cmd/catalog-image-migrate/main.go:265.122,267.3 1 0
github.com/teamdsb/tmo/services/commerce/cmd/catalog-image-migrate/main.go:268.2,268.20 1 0
github.com/teamdsb/tmo/services/commerce/cmd/catalog-image-migrate/main.go:271.104,272.15 1 0
github.com/teamdsb/tmo/services/commerce/cmd/catalog-image-migrate/main.go:272.15,274.3 1 0
github.com/teamdsb/tmo/services/commerce/cmd/catalog-image-migrate/main.go:275.2,291.110 1 0
github.com/teamdsb/tmo/services/commerce/cmd/catalog-image-migrate/main.go:291.110,293.3 1 0
github.com/teamdsb/tmo/services/commerce/cmd/catalog-image-migrate/main.go:294.2,294.12 1 0
github.com/teamdsb/tmo/services/commerce/cmd/catalog-image-migrate/main.go:297.125,298.15 1 0
github.com/teamdsb/tmo/services/commerce/cmd/catalog-image-migrate/main.go:298.15,300.3 1 0
github.com/teamdsb/tmo/services/commerce/cmd/catalog-image-migrate/main.go:301.2,307.50 1 0
github.com/teamdsb/tmo/services/commerce/cmd/catalog-image-migrate/main.go:307.50,309.3 1 0
github.com/teamdsb/tmo/services/commerce/cmd/catalog-image-migrate/main.go:310.2,310.12 1 0
github.com/teamdsb/tmo/services/commerce/cmd/catalog-image-migrate/main.go:313.119,318.26 4 0
github.com/teamdsb/tmo/services/commerce/cmd/catalog-image-migrate/main.go:318.26,321.99 3 0
github.com/teamdsb/tmo/services/commerce/cmd/catalog-image-migrate/main.go:321.99,324.4 2 0
github.com/teamdsb/tmo/services/commerce/cmd/catalog-image-migrate/main.go:327.2,329.24 3 0
github.com/teamdsb/tmo/services/commerce/cmd/catalog-image-migrate/main.go:329.24,332.94 3 0
github.com/teamdsb/tmo/services/commerce/cmd/catalog-image-migrate/main.go:332.94,335.4 2 0
github.com/teamdsb/tmo/services/commerce/cmd/catalog-image-migrate/main.go:338.2,338.48 1 0
github.com/teamdsb/tmo/services/commerce/cmd/catalog-image-migrate/main.go:341.81,346.30 2 0
github.com/teamdsb/tmo/services/commerce/cmd/catalog-image-migrate/main.go:346.30,349.3 2 0
github.com/teamdsb/tmo/services/commerce/cmd/catalog-image-migrate/main.go:351.2,352.16 2 0
github.com/teamdsb/tmo/services/commerce/cmd/catalog-image-migrate/main.go:352.16,356.3 3 0
github.com/teamdsb/tmo/services/commerce/cmd/catalog-image-migrate/main.go:357.2,357.21 1 0
github.com/teamdsb/tmo/services/commerce/cmd/catalog-image-migrate/main.go:357.21,360.3 2 0
github.com/teamdsb/tmo/services/commerce/cmd/catalog-image-migrate/main.go:362.2,363.43 2 0
github.com/teamdsb/tmo/services/commerce/cmd/catalog-image-migrate/main.go:363.43,366.3 2 0
github.com/teamdsb/tmo/services/commerce/cmd/catalog-image-migrate/main.go:368.2,368.32 1 0
github.com/teamdsb/tmo/services/commerce/cmd/catalog-image-migrate/main.go:368.32,372.3 3 0
github.com/teamdsb/tmo/services/commerce/cmd/catalog-image-migrate/main.go:374.2,375.45 2 0
github.com/teamdsb/tmo/services/commerce/cmd/catalog-image-migrate/main.go:375.45,378.3 2 0
github.com/teamdsb/tmo/services/commerce/cmd/catalog-image-migrate/main.go:380.2,381.16 2 0
github.com/teamdsb/tmo/services/commerce/cmd/catalog-image-migrate/main.go:381.16,385.3 3 0
github.com/teamdsb/tmo/services/commerce/cmd/catalog-image-migrate/main.go:386.2,390.16 4 0
github.com/teamdsb/tmo/services/commerce/cmd/catalog-image-migrate/main.go:390.16,394.3 3 0
github.com/teamdsb/tmo/services/commerce/cmd/catalog-image-migrate/main.go:395.2,397.94 2 0
github.com/teamdsb/tmo/services/commerce/cmd/catalog-image-migrate/main.go:397.94,401.3 3 0
github.com/teamdsb/tmo/services/commerce/cmd/catalog-image-migrate/main.go:403.2,404.16 2 0
github.com/teamdsb/tmo/services/commerce/cmd/catalog-image-migrate/main.go:404.16,408.3 3 0
github.com/teamdsb/tmo/services/commerce/cmd/catalog-image-migrate/main.go:409.2,409.38 1 0
github.com/teamdsb/tmo/services/commerce/cmd/catalog-image-migrate/main.go:409.38,413.3 3 0
github.com/teamdsb/tmo/services/commerce/cmd/catalog-image-migrate/main.go:415.2,421.15 6 0
github.com/teamdsb/tmo/services/commerce/cmd/catalog-image-migrate/main.go:421.15,422.67 1 0
github.com/teamdsb/tmo/services/commerce/cmd/catalog-image-migrate/main.go:422.67,426.4 3 0
github.com/teamdsb/tmo/services/commerce/cmd/catalog-image-migrate/main.go:427.3,427.63 1 0
github.com/teamdsb/tmo/services/commerce/cmd/catalog-image-migrate/main.go:427.63,431.4 3 0
github.com/teamdsb/tmo/services/commerce/cmd/catalog-image-migrate/main.go:434.2,438.15 5 0
github.com/teamdsb/tmo/services/commerce/cmd/catalog-image-migrate/main.go:441.59,442.19 1 0
github.com/teamdsb/tmo/services/commerce/cmd/catalog-image-migrate/main.go:442.19,444.3 1 0
github.com/teamdsb/tmo/services/commerce/cmd/catalog-image-migrate/main.go:445.2,446.16 2 0
github.com/teamdsb/tmo/services/commerce/cmd/catalog-image-migrate/main.go:446.16,448.3 1 0
github.com/teamdsb/tmo/services/commerce/cmd/catalog-image-migrate/main.go:449.2,449.60 1 0
github.com/teamdsb/tmo/services/commerce/cmd/catalog-image-migrate/main.go:449.60,451.3 1 0
github.com/teamdsb/tmo/services/commerce/cmd/catalog-image-migrate/main.go:452.2,452.56 1 0
github.com/teamdsb/tmo/services/commerce/cmd/catalog-image-migrate/main.go:452.56,454.3 1 0
github.com/teamdsb/tmo/services/commerce/cmd/catalog-image-migrate/main.go:455.2,456.22 2 0
github.com/teamdsb/tmo/services/commerce/cmd/catalog-image-migrate/main.go:456.22,458.3 1 0
github.com/teamdsb/tmo/services/commerce/cmd/catalog-image-migrate/main.go:459.2,460.82 2 0
github.com/teamdsb/tmo/services/commerce/cmd/catalog-image-migrate/main.go:463.54,464.23 1 0
github.com/teamdsb/tmo/services/commerce/cmd/catalog-image-migrate/main.go:464.23,467.22 3 0
github.com/teamdsb/tmo/services/commerce/cmd/catalog-image-migrate/main.go:467.22,468.82 1 0
github.com/teamdsb/tmo/services/commerce/cmd/catalog-image-migrate/main.go:468.82,471.5 2 0
github.com/teamdsb/tmo/services/commerce/cmd/catalog-image-migrate/main.go:475.2,476.13 2 0
github.com/teamdsb/tmo/services/commerce/cmd/catalog-image-migrate/main.go:477.65,478.13 1 0
github.com/teamdsb/tmo/services/commerce/cmd/catalog-image-migrate/main.go:479.10,480.16 1 0
github.com/teamdsb/tmo/services/commerce/cmd/catalog-image-migrate/main.go:484.46,488.29 4 0
github.com/teamdsb/tmo/services/commerce/cmd/catalog-image-migrate/main.go:488.29,490.17 2 0
github.com/teamdsb/tmo/services/commerce/cmd/catalog-image-migrate/main.go:490.17,491.12 1 0
github.com/teamdsb/tmo/services/commerce/cmd/catalog-image-migrate/main.go:493.3,493.38 1 0
github.com/teamdsb/tmo/services/commerce/cmd/catalog-image-migrate/main.go:493.38,494.12 1 0
github.com/teamdsb/tmo/services/commerce/cmd/catalog-image-migrate/main.go:496.3,497.30 2 0
github.com/teamdsb/tmo/services/commerce/cmd/catalog-image-migrate/main.go:499.2,500.14 2 0
github.com/teamdsb/tmo/services/commerce/cmd/catalog-image-migrate/main.go:503.58,505.22 2 0
github.com/teamdsb/tmo/services/commerce/cmd/catalog-image-migrate/main.go:505.22,507.3 1 0
github.com/teamdsb/tmo/services/commerce/cmd/catalog-image-migrate/main.go:508.2,508.25 1 0
github.com/teamdsb/tmo/services/commerce/cmd/catalog-image-migrate/main.go:508.25,510.3 1 0
github.com/teamdsb/tmo/services/commerce/cmd/catalog-image-migrate/main.go:511.2,511.36 1 0
github.com/teamdsb/tmo/services/commerce/cmd/catalog-image-migrate/main.go:511.36,512.28 1 0
github.com/teamdsb/tmo/services/commerce/cmd/catalog-image-migrate/main.go:512.28,514.4 1 0
github.com/teamdsb/tmo/services/commerce/cmd/catalog-image-migrate/main.go:515.3,515.49 1 0
github.com/teamdsb/tmo/services/commerce/cmd/catalog-image-migrate/main.go:515.49,517.4 1 0
github.com/teamdsb/tmo/services/commerce/cmd/catalog-image-migrate/main.go:519.2,519.14 1 0
github.com/teamdsb/tmo/services/commerce/cmd/catalog-image-migrate/main.go:522.50,524.17 2 0
github.com/teamdsb/tmo/services/commerce/cmd/catalog-image-migrate/main.go:524.17,526.3 1 0
github.com/teamdsb/tmo/services/commerce/cmd/catalog-image-migrate/main.go:527.2,527.14 1 0
github.com/teamdsb/tmo/services/commerce/cmd/catalog-image-migrate/main.go:530.73,532.15 2 0
github.com/teamdsb/tmo/services/commerce/cmd/catalog-image-migrate/main.go:532.15,534.3 1 0
github.com/teamdsb/tmo/services/commerce/cmd/catalog-image-migrate/main.go:535.2,536.31 2 0
github.com/teamdsb/tmo/services/commerce/cmd/catalog-image-migrate/main.go:536.31,538.3 1 0
github.com/teamdsb/tmo/services/commerce/cmd/catalog-image-migrate/main.go:539.2,539.15 1 0
github.com/teamdsb/tmo/services/commerce/cmd/catalog-image-migrate/main.go:542.48,544.15 2 0
github.com/teamdsb/tmo/services/commerce/cmd/catalog-image-migrate/main.go:544.15,546.3 1 0
github.com/teamdsb/tmo/services/commerce/cmd/catalog-image-migrate/main.go:547.2,548.58 2 0
github.com/teamdsb/tmo/services/commerce/cmd/catalog-image-migrate/main.go:548.58,550.3 1 0
github.com/teamdsb/tmo/services/commerce/cmd/catalog-image-migrate/main.go:551.2,551.15 1 0
github.com/teamdsb/tmo/services/commerce/cmd/catalog-image-migrate/main.go:554.54,556.15 2 0
github.com/teamdsb/tmo/services/commerce/cmd/catalog-image-migrate/main.go:556.15,558.3 1 0
github.com/teamdsb/tmo/services/commerce/cmd/catalog-image-migrate/main.go:559.2,560.58 2 0
github.com/teamdsb/tmo/services/commerce/cmd/catalog-image-migrate/main.go:560.58,562.3 1 0
github.com/teamdsb/tmo/services/commerce/cmd/catalog-image-migrate/main.go:563.2,563.15 1 0
github.com/teamdsb/tmo/services/commerce/cmd/catalog-image-migrate/main.go:566.51,568.15 2 0
github.com/teamdsb/tmo/services/commerce/cmd/catalog-image-migrate/main.go:568.15,570.3 1 0
github.com/teamdsb/tmo/services/commerce/cmd/catalog-image-migrate/main.go:571.2,571.13 1 0
github.com/teamdsb/tmo/services/commerce/cmd/catalog-image-migrate/main.go:572.32,573.14 1 0
github.com/teamdsb/tmo/services/commerce/cmd/catalog-image-migrate/main.go:574.33,575.15 1 0
github.com/teamdsb/tmo/services/commerce/cmd/catalog-image-migrate/main.go:576.10,577.18 1 0
github.com/teamdsb/tmo/services/commerce/cmd/catalog-image-migrate/main.go:581.44,582.18 1 0
github.com/teamdsb/tmo/services/commerce/cmd/catalog-image-migrate/main.go:582.18,584.3 1 0
github.com/teamdsb/tmo/services/commerce/cmd/catalog-image-migrate/main.go:585.2,586.16 2 0
github.com/teamdsb/tmo/services/commerce/cmd/catalog-image-migrate/main.go:589.35,592.2 2 0
github.com/teamdsb/tmo/services/commerce/cmd/commerce-seed/main.go:18.13,19.30 1 0
github.com/teamdsb/tmo/services/commerce/cmd/commerce-seed/main.go:19.30,22.3 2 0
github.com/teamdsb/tmo/services/commerce/cmd/commerce-seed/main.go:25.18,27.15 2 0
github.com/teamdsb/tmo/services/commerce/cmd/commerce-seed/main.go:27.15,29.3 1 0
github.com/teamdsb/tmo/services/commerce/cmd/commerce-seed/main.go:31.2,35.16 4 0
github.com/teamdsb/tmo/services/commerce/cmd/commerce-seed/main.go:35.16,37.3 1 0
github.com/teamdsb/tmo/services/commerce/cmd/commerce-seed/main.go:38.2,40.39 2 0
github.com/teamdsb/tmo/services/commerce/cmd/commerce-seed/main.go:40.39,42.3 1 0
github.com/teamdsb/tmo/services/commerce/cmd/commerce-seed/main.go:44.2,45.16 2 0
github.com/teamdsb/tmo/services/commerce/cmd/commerce-seed/main.go:45.16,47.3 1 0
github.com/teamdsb/tmo/services/commerce/cmd/commerce-seed/main.go:48.2,48.15 1 0
github.com/teamdsb/tmo/services/commerce/cmd/commerce-seed/main.go:48.15,50.3 1 0
github.com/teamdsb/tmo/services/commerce/cmd/commerce-seed/main.go:52.2,61.43 8 0
github.com/teamdsb/tmo/services/commerce/cmd/commerce-seed/main.go:61.43,62.59 1 0
github.com/teamdsb/tmo/services/commerce/cmd/commerce-seed/main.go:62.59,64.4 1 0
github.com/teamdsb/tmo/services/commerce/cmd/commerce-seed/main.go:65.3,65.18 1 0
github.com/teamdsb/tmo/services/commerce/cmd/commerce-seed/main.go:68.2,68.40 1 0
github.com/teamdsb/tmo/services/commerce/cmd/commerce-seed/main.go:68.40,69.57 1 0
github.com/teamdsb/tmo/services/commerce/cmd/commerce-seed/main.go:69.57,71.4 1 0
github.com/teamdsb/tmo/services/commerce/cmd/commerce-seed/main.go:72.3,74.36 2 0
github.com/teamdsb/tmo/services/commerce/cmd/commerce-seed/main.go:74.36,76.18 2 0
github.com/teamdsb/tmo/services/commerce/cmd/commerce-seed/main.go:76.18,78.5 1 0
github.com/teamdsb/tmo/services/commerce/cmd/commerce-seed/main.go:79.4,81.40 2 0
github.com/teamdsb/tmo/services/commerce/cmd/commerce-seed/main.go:81.40,82.104 1 0
github.com/teamdsb/tmo/services/commerce/cmd/commerce-seed/main.go:82.104,84.6 1 0
github.com/teamdsb/tmo/services/commerce/cmd/commerce-seed/main.go:85.5,85.21 1 0
github.com/teamdsb/tmo/services/commerce/cmd/commerce-seed/main.go:90.2,90.41 1 0
github.com/teamdsb/tmo/services/commerce/cmd/commerce-seed/main.go:90.41,91.62 1 0
github.com/teamdsb/tmo/services/commerce/cmd/commerce-seed/main.go:91.62,93.4 1 0
github.com/teamdsb/tmo/services/commerce/cmd/commerce-seed/main.go:94.3,96.44 2 0
github.com/teamdsb/tmo/services/commerce/cmd/commerce-seed/main.go:96.44,97.77 1 0
github.com/teamdsb/tmo/services/commerce/cmd/commerce-seed/main.go:97.77,99.5 1 0
github.com/teamdsb/tmo/services/commerce/cmd/commerce-seed/main.go:100.4,100.25 1 0
github.com/teamdsb/tmo/services/commerce/cmd/commerce-seed/main.go:104.2,104.39 1 0
github.com/teamdsb/tmo/services/commerce/cmd/commerce-seed/main.go:104.39,106.3 1 0
github.com/teamdsb/tmo/services/commerce/cmd/commerce-seed/main.go:108.2,117.12 2 0
github.com/teamdsb/tmo/services/commerce/cmd/commerce-seed/main.go:182.78,191.62 1 0
github.com/teamdsb/tmo/services/commerce/cmd/commerce-seed/main.go:191.62,193.3 1 0
github.com/teamdsb/tmo/services/commerce/cmd/commerce-seed/main.go:194.2,194.12 1 0
github.com/teamdsb/tmo/services/commerce/cmd/commerce-seed/main.go:197.76,228.16 1 0
github.com/teamdsb/tmo/services/commerce/cmd/commerce-seed/main.go:228.16,230.3 1 0
github.com/teamdsb/tmo/services/commerce/cmd/commerce-seed/main.go:231.2,231.12 1 0
github.com/teamdsb/tmo/services/commerce/cmd/commerce-seed/main.go:234.102,265.16 1 0
github.com/teamdsb/tmo/services/commerce/cmd/commerce-seed/main.go:265.16,267.3 1 0
github.com/teamdsb/tmo/services/commerce/cmd/commerce-seed/main.go:269.2,270.24 2 0
github.com/teamdsb/tmo/services/commerce/cmd/commerce-seed/main.go:270.24,271.106 1 0
github.com/teamdsb/tmo/services/commerce/cmd/commerce-seed/main.go:271.106,273.4 1 0
github.com/teamdsb/tmo/services/commerce/cmd/commerce-seed/main.go:274.3,274.17 1 0
github.com/teamdsb/tmo/services/commerce/cmd/commerce-seed/main.go:277.2,277.116 1 0
github.com/teamdsb/tmo/services/commerce/cmd/commerce-seed/main.go:277.116,279.3 1 0
github.com/teamdsb/tmo/services/commerce/cmd/commerce-seed/main.go:280.2,280.16 1 0
github.com/teamdsb/tmo/services/commerce/cmd/commerce-seed/main.go:283.126,293.16 3 0
github.com/teamdsb/tmo/services/commerce/cmd/commerce-seed/main.go:293.16,299.48 1 0
github.com/teamdsb/tmo/services/commerce/cmd/commerce-seed/main.go:299.48,301.4 1 0
github.com/teamdsb/tmo/services/commerce/cmd/commerce-seed/main.go:302.3,302.13 1 0
github.com/teamdsb/tmo/services/commerce/cmd/commerce-seed/main.go:304.2,304.36 1 0
github.com/teamdsb/tmo/services/commerce/cmd/commerce-seed/main.go:304.36,306.3 1 0
github.com/teamdsb/tmo/services/commerce/cmd/commerce-seed/main.go:308.2,311.53 1 0
github.com/teamdsb/tmo/services/commerce/cmd/commerce-seed/main.go:311.53,313.3 1 0
github.com/teamdsb/tmo/services/commerce/cmd/commerce-seed/main.go:314.2,314.12 1 0
github.com/teamdsb/tmo/services/commerce/cmd/commerce-seed/main.go:317.86,341.168 1 0
github.com/teamdsb/tmo/services/commerce/cmd/commerce-seed/main.go:341.168,343.3 1 0
github.com/teamdsb/tmo/services/commerce/cmd/commerce-seed/main.go:344.2,344.12 1 0
github.com/teamdsb/tmo/services/commerce/cmd/commerce-seed/main.go:347.111,362.86 1 0
github.com/teamdsb/tmo/services/commerce/cmd/commerce-seed/main.go:362.86,364.3 1 0
github.com/teamdsb/tmo/services/commerce/cmd/commerce-seed/main.go:365.2,365.12 1 0
github.com/teamdsb/tmo/services/commerce/cmd/commerce-seed/main.go:368.37,579.2 11 0
github.com/teamdsb/tmo/services/commerce/cmd/commerce-seed/main.go:589.11,601.2 2 0
github.com/teamdsb/tmo/services/commerce/cmd/commerce-seed/main.go:603.48,609.2 1 0
github.com/teamdsb/tmo/services/commerce/cmd/commerce-seed/main.go:611.36,612.15 1 0
github.com/teamdsb/tmo/services/commerce/cmd/commerce-seed/main.go:612.15,614.3 1 0
github.com/teamdsb/tmo/services/commerce/cmd/commerce-seed/main.go:615.2,615.14 1 0
github.com/teamdsb/tmo/services/commerce/cmd/commerce-seed/main.go:618.31,620.2 1 0
github.com/teamdsb/tmo/services/commerce/cmd/commerce-migrate/main.go:18.13,19.30 1 0
github.com/teamdsb/tmo/services/commerce/cmd/commerce-migrate/main.go:19.30,22.3 2 0
github.com/teamdsb/tmo/services/commerce/cmd/commerce-migrate/main.go:25.18,27.15 2 0
github.com/teamdsb/tmo/services/commerce/cmd/commerce-migrate/main.go:27.15,29.3 1 0
github.com/teamdsb/tmo/services/commerce/cmd/commerce-migrate/main.go:31.2,32.16 2 0
github.com/teamdsb/tmo/services/commerce/cmd/commerce-migrate/main.go:32.16,34.3 1 0
github.com/teamdsb/tmo/services/commerce/cmd/commerce-migrate/main.go:36.2,40.16 4 0
github.com/teamdsb/tmo/services/commerce/cmd/commerce-migrate/main.go:40.16,42.3 1 0
github.com/teamdsb/tmo/services/commerce/cmd/commerce-migrate/main.go:43.2,45.39 2 0
github.com/teamdsb/tmo/services/commerce/cmd/commerce-migrate/main.go:45.39,47.3 1 0
github.com/teamdsb/tmo/services/commerce/cmd/commerce-migrate/main.go:49.2,49.69 1 0
github.com/teamdsb/tmo/services/commerce/cmd/commerce-migrate/main.go:49.69,51.3 1 0
github.com/teamdsb/tmo/services/commerce/cmd/commerce-migrate/main.go:53.2,54.12 2 0
github.com/teamdsb/tmo/services/commerce/cmd/commerce-migrate/main.go:57.45,58.64 1 0
github.com/teamdsb/tmo/services/commerce/cmd/commerce-migrate/main.go:58.64,60.3 1 0
github.com/teamdsb/tmo/services/commerce/cmd/commerce-migrate/main.go:62.2,63.16 2 0
github.com/teamdsb/tmo/services/commerce/cmd/commerce-migrate/main.go:63.16,65.3 1 0
github.com/teamdsb/tmo/services/commerce/cmd/commerce-migrate/main.go:67.2,73.33 2 0
github.com/teamdsb/tmo/services/commerce/cmd/commerce-migrate/main.go:73.33,74.18 1 0
github.com/teamdsb/tmo/services/commerce/cmd/commerce-migrate/main.go:74.18,76.4 1 0
github.com/teamdsb/tmo/services/commerce/cmd/commerce-migrate/main.go:79.2,79.86 1 0
github.com/teamdsb/tmo/services/commerce/cmd/commerce-migrate/main.go:82.30,84.16 2 0
github.com/teamdsb/tmo/services/commerce/cmd/commerce-migrate/main.go:84.16,86.3 1 0
github.com/teamdsb/tmo/services/commerce/cmd/commerce-migrate/main.go:87.2,87.32 1 0
github.com/teamdsb/tmo/services/commerce/cmd/commerce-migrate/main.go:87.32,88.20 1 0
github.com/teamdsb/tmo/services/commerce/cmd/commerce-migrate/main.go:88.20,89.12 1 0
github.com/teamdsb/tmo/services/commerce/cmd/commerce-migrate/main.go:91.3,91.46 1 0
github.com/teamdsb/tmo/services/commerce/cmd/commerce-migrate/main.go:91.46,93.4 1 0
github.com/teamdsb/tmo/services/commerce/cmd/commerce-migrate/main.go:95.2,95.14 1 0
github.com/teamdsb/tmo/services/commerce/cmd/commerce/main.go:26.13,32.63 3 0
github.com/teamdsb/tmo/services/commerce/cmd/commerce/main.go:32.63,35.3 2 0
github.com/teamdsb/tmo/services/commerce/cmd/commerce/main.go:38.43,39.30 1 7
github.com/teamdsb/tmo/services/commerce/cmd/commerce/main.go:40.15,41.25 1 2
github.com/teamdsb/tmo/services/commerce/cmd/commerce/main.go:42.25,43.24 1 2
github.com/teamdsb/tmo/services/commerce/cmd/commerce/main.go:44.15,45.25 1 1
github.com/teamdsb/tmo/services/commerce/cmd/commerce/main.go:46.10,47.24 1 2
github.com/teamdsb/tmo/services/commerce/cmd/commerce/main.go:51.77,58.16 4 0
github.com/teamdsb/tmo/services/commerce/cmd/commerce/main.go:58.16,60.3 1 0
github.com/teamdsb/tmo/services/commerce/cmd/commerce/main.go:61.2,61.15 1 0
github.com/teamdsb/tmo/services/commerce/cmd/commerce/main.go:61.15,64.51 3 0
github.com/teamdsb/tmo/services/commerce/cmd/commerce/main.go:64.51,66.4 1 0
github.com/teamdsb/tmo/services/commerce/cmd/commerce/main.go:69.2,70.16 2 0
github.com/teamdsb/tmo/services/commerce/cmd/commerce/main.go:70.16,72.3 1 0
github.com/teamdsb/tmo/services/commerce/cmd/commerce/main.go:73.2,107.90 9 0
github.com/teamdsb/tmo/services/commerce/cmd/commerce/main.go:107.90,109.3 1 0
github.com/teamdsb/tmo/services/commerce/cmd/commerce/main.go:110.2,115.12 4 0
github.com/teamdsb/tmo/services/commerce/cmd/commerce/main.go:115.12,117.3 1 0
github.com/teamdsb/tmo/services/commerce/cmd/commerce/main.go:119.2,119.9 1 0
github.com/teamdsb/tmo/services/commerce/cmd/commerce/main.go:120.22,121.58 1 0
github.com/teamdsb/tmo/services/commerce/cmd/commerce/main.go:121.58,123.4 1 0
github.com/teamdsb/tmo/services/commerce/cmd/commerce/main.go:124.3,124.13 1 0
github.com/teamdsb/tmo/services/commerce/cmd/commerce/main.go:125.20,126.42 1 0
github.com/teamdsb/tmo/services/commerce/cmd/commerce/main.go:129.2,131.53 3 0
github.com/teamdsb/tmo/services/commerce/cmd/commerce/main.go:131.53,133.3 1 0
github.com/teamdsb/tmo/services/commerce/cmd/commerce/main.go:135.2,135.73 1 0
github.com/teamdsb/tmo/services/commerce/cmd/commerce/main.go:135.73,137.3 1 0
github.com/teamdsb/tmo/services/commerce/cmd/commerce/main.go:139.2,139.12 1 0
github.com/teamdsb/tmo/services/commerce/internal/excel/helpers.go:12.53,14.16 2 0
github.com/teamdsb/tmo/services/commerce/internal/excel/helpers.go:14.16,16.3 1 0
github.com/teamdsb/tmo/services/commerce/internal/excel/helpers.go:17.2,17.15 1 0
github.com/teamdsb/tmo/services/commerce/internal/excel/helpers.go:17.15,19.3 1 0
github.com/teamdsb/tmo/services/commerce/internal/excel/helpers.go:21.2,22.17 2 0
github.com/teamdsb/tmo/services/commerce/internal/excel/helpers.go:22.17,24.3 1 0
github.com/teamdsb/tmo/services/commerce/internal/excel/helpers.go:25.2,26.16 2 0
github.com/teamdsb/tmo/services/commerce/internal/excel/helpers.go:26.16,28.3 1 0
github.com/teamdsb/tmo/services/commerce/internal/excel/helpers.go:29.2,29.20 1 0
github.com/teamdsb/tmo/services/commerce/internal/excel/helpers.go:29.20,31.3 1 0
github.com/teamdsb/tmo/services/commerce/internal/excel/helpers.go:32.2,32.18 1 0
github.com/teamdsb/tmo/services/commerce/internal/excel/helpers.go:35.46,37.39 2 4
github.com/teamdsb/tmo/services/commerce/internal/excel/helpers.go:37.39,38.48 1 47
github.com/teamdsb/tmo/services/commerce/internal/excel/helpers.go:38.48,40.4 1 38
github.com/teamdsb/tmo/services/commerce/internal/excel/helpers.go:41.3,41.12 1 9
github.com/teamdsb/tmo/services/commerce/internal/excel/helpers.go:45.54,47.33 2 0
github.com/teamdsb/tmo/services/commerce/internal/excel/helpers.go:47.33,49.16 2 0
github.com/teamdsb/tmo/services/commerce/internal/excel/helpers.go:49.16,50.12 1 0
github.com/teamdsb/tmo/services/commerce/internal/excel/helpers.go:52.3,52.17 1 0
github.com/teamdsb/tmo/services/commerce/internal/excel/helpers.go:54.2,54.14 1 0
github.com/teamdsb/tmo/services/commerce/internal/excel/helpers.go:57.71,59.9 2 0
github.com/teamdsb/tmo/services/commerce/internal/excel/helpers.go:59.9,61.3 1 0
github.com/teamdsb/tmo/services/commerce/internal/excel/helpers.go:62.2,62.21 1 0
github.com/teamdsb/tmo/services/commerce/internal/excel/helpers.go:62.21,64.3 1 0
github.com/teamdsb/tmo/services/commerce/internal/excel/helpers.go:65.2,65.36 1 0
github.com/teamdsb/tmo/services/commerce/internal/excel/templates.go:16.40,32.2 1 0
github.com/teamdsb/tmo/services/commerce/internal/excel/templates.go:34.44,46.2 1 0
github.com/teamdsb/tmo/services/commerce/internal/excel/templates.go:48.43,71.2 1 0
github.com/teamdsb/tmo/services/commerce/internal/excel/templates.go:73.50,94.2 1 0
github.com/teamdsb/tmo/services/commerce/internal/excel/templates.go:96.50,98.38 2 0
github.com/teamdsb/tmo/services/commerce/internal/excel/templates.go:98.38,100.3 1 0
github.com/teamdsb/tmo/services/commerce/internal/excel/templates.go:101.2,101.16 1 0
github.com/teamdsb/tmo/services/commerce/internal/excel/templates.go:104.93,107.36 3 0
github.com/teamdsb/tmo/services/commerce/internal/excel/templates.go:107.36,109.38 2 0
github.com/teamdsb/tmo/services/commerce/internal/excel/templates.go:109.38,111.4 1 0
github.com/teamdsb/tmo/services/commerce/internal/excel/templates.go:114.2,115.41 2 0
github.com/teamdsb/tmo/services/commerce/internal/excel/templates.go:115.41,117.29 2 0
github.com/teamdsb/tmo/services/commerce/internal/excel/templates.go:117.29,118.51 1 0
github.com/teamdsb/tmo/services/commerce/internal/excel/templates.go:118.51,120.10 2 0
github.com/teamdsb/tmo/services/commerce/internal/excel/templates.go:123.3,123.13 1 0
github.com/teamdsb/tmo/services/commerce/internal/excel/templates.go:123.13,125.4 1 0
github.com/teamdsb/tmo/services/commerce/internal/excel/templates.go:127.2,127.28 1 0
github.com/teamdsb/tmo/services/commerce/internal/excel/templates.go:130.53,132.38 2 0
github.com/teamdsb/tmo/services/commerce/internal/excel/templates.go:132.38,134.3 1 0
github.com/teamdsb/tmo/services/commerce/internal/excel/templates.go:135.2,135.16 1 0
github.com/teamdsb/tmo/services/commerce/internal/excel/templates.go:138.74,140.27 2 0
github.com/teamdsb/tmo/services/commerce/internal/excel/templates.go:140.27,143.19 3 0
github.com/teamdsb/tmo/services/commerce/internal/excel/templates.go:143.19,145.4 1 0
github.com/teamdsb/tmo/services/commerce/internal/excel/templates.go:146.3,146.34 1 0
github.com/teamdsb/tmo/services/commerce/internal/excel/templates.go:148.2,148.15 1 0
github.com/teamdsb/tmo/services/commerce/internal/http/server.go:15.115,40.2 18 2
github.com/teamdsb/tmo/services/commerce/internal/http/server.go:42.63,44.2 1 1
github.com/teamdsb/tmo/services/commerce/internal/config/config.go:31.20,43.2 1 2
github.com/teamdsb/tmo/services/commerce/internal/db/addresses.sql.go:22.90,25.2 2 0
github.com/teamdsb/tmo/services/commerce/internal/db/addresses.sql.go:33.92,38.2 4 0
github.com/teamdsb/tmo/services/commerce/internal/db/addresses.sql.go:65.108,85.2 4 0
github.com/teamdsb/tmo/services/commerce/internal/db/addresses.sql.go:99.108,113.2 4 0
github.com/teamdsb/tmo/services/commerce/internal/db/addresses.sql.go:123.100,137.2 4 0
github.com/teamdsb/tmo/services/commerce/internal/db/addresses.sql.go:151.102,165.2 4 0
github.com/teamdsb/tmo/services/commerce/internal/db/addresses.sql.go:174.99,176.16 2 0
github.com/teamdsb/tmo/services/commerce/internal/db/addresses.sql.go:176.16,178.3 1 0
github.com/teamdsb/tmo/services/commerce/internal/db/addresses.sql.go:179.2,181.18 3 0
github.com/teamdsb/tmo/services/commerce/internal/db/addresses.sql.go:181.18,192.17 2 0
github.com/teamdsb/tmo/services/commerce/internal/db/addresses.sql.go:192.17,194.4 1 0
github.com/teamdsb/tmo/services/commerce/internal/db/addresses.sql.go:195.3,195.27 1 0
github.com/teamdsb/tmo/services/commerce/internal/db/addresses.sql.go:197.2,197.35 1 0
github.com/teamdsb/tmo/services/commerce/internal/db/addresses.sql.go:197.35,199.3 1 0
github.com/teamdsb/tmo/services/commerce/internal/db/addresses.sql.go:200.2,200.19 1 0
github.com/teamdsb/tmo/services/commerce/internal/db/addresses.sql.go:218.116,232.2 4 0
github.com/teamdsb/tmo/services/commerce/internal/db/addresses.sql.go:255.108,276.2 4 0
github.com/teamdsb/tmo/services/commerce/internal/db/after_sales.sql.go:21.99,26.2 4 0
github.com/teamdsb/tmo/services/commerce/internal/db/after_sales.sql.go:44.112,54.2 4 0
github.com/teamdsb/tmo/services/commerce/internal/db/after_sales.sql.go:78.126,95.2 4 0
github.com/teamdsb/tmo/services/commerce/internal/db/after_sales.sql.go:131.123,157.2 4 0
github.com/teamdsb/tmo/services/commerce/internal/db/after_sales.sql.go:165.100,182.2 4 0
github.com/teamdsb/tmo/services/commerce/internal/db/after_sales.sql.go:198.126,200.16 2 0
github.com/teamdsb/tmo/services/commerce/internal/db/after_sales.sql.go:200.16,202.3 1 0
github.com/teamdsb/tmo/services/commerce/internal/db/after_sales.sql.go:203.2,205.18 3 0
github.com/teamdsb/tmo/services/commerce/internal/db/after_sales.sql.go:205.18,214.17 2 0
github.com/teamdsb/tmo/services/commerce/internal/db/after_sales.sql.go:214.17,216.4 1 0
github.com/teamdsb/tmo/services/commerce/internal/db/after_sales.sql.go:217.3,217.27 1 0
github.com/teamdsb/tmo/services/commerce/internal/db/after_sales.sql.go:219.2,219.35 1 0
github.com/teamdsb/tmo/services/commerce/internal/db/after_sales.sql.go:219.35,221.3 1 0
github.com/teamdsb/tmo/services/commerce/internal/db/after_sales.sql.go:222.2,222.19 1 0
github.com/teamdsb/tmo/services/commerce/internal/db/after_sales.sql.go:245.123,254.16 2 0
github.com/teamdsb/tmo/services/commerce/internal/db/after_sales.sql.go:254.16,256.3 1 0
github.com/teamdsb/tmo/services/commerce/internal/db/after_sales.sql.go:257.2,259.18 3 0
github.com/teamdsb/tmo/services/commerce/internal/db/after_sales.sql.go:259.18,273.17 2 0
github.com/teamdsb/tmo/services/commerce/internal/db/after_sales.sql.go:273.17,275.4 1 0
github.com/teamdsb/tmo/services/commerce/internal/db/after_sales.sql.go:276.3,276.27 1 0
github.com/teamdsb/tmo/services/commerce/internal/db/after_sales.sql.go:278.2,278.35 1 0
github.com/teamdsb/tmo/services/commerce/internal/db/after_sales.sql.go:278.35,280.3 1 0
github.com/teamdsb/tmo/services/commerce/internal/db/after_sales.sql.go:281.2,281.19 1 0
github.com/teamdsb/tmo/services/commerce/internal/db/after_sales.sql.go:303.123,325.2 4 0
github.com/teamdsb/tmo/services/commerce/internal/db/cart.sql.go:24.87,27.2 2 0
github.com/teamdsb/tmo/services/commerce/internal/db/cart.sql.go:40.105,43.2 2 0
github.com/teamdsb/tmo/services/commerce/internal/db/cart.sql.go:52.97,54.16 2 0
github.com/teamdsb/tmo/services/commerce/internal/db/cart.sql.go:54.16,56.3 1 0
github.com/teamdsb/tmo/services/commerce/internal/db/cart.sql.go:57.2,59.18 3 0
github.com/teamdsb/tmo/services/commerce/internal/db/cart.sql.go:59.18,68.17 2 0
github.com/teamdsb/tmo/services/commerce/internal/db/cart.sql.go:68.17,70.4 1 0
github.com/teamdsb/tmo/services/commerce/internal/db/cart.sql.go:71.3,71.27 1 0
github.com/teamdsb/tmo/services/commerce/internal/db/cart.sql.go:73.2,73.35 1 0
github.com/teamdsb/tmo/services/commerce/internal/db/cart.sql.go:73.35,75.3 1 0
github.com/teamdsb/tmo/services/commerce/internal/db/cart.sql.go:76.2,76.19 1 0
github.com/teamdsb/tmo/services/commerce/internal/db/cart.sql.go:92.105,104.2 4 0
github.com/teamdsb/tmo/services/commerce/internal/db/cart.sql.go:127.99,139.2 4 0
github.com/teamdsb/tmo/services/commerce/internal/db/cart_import.sql.go:40.114,60.2 4 0
github.com/teamdsb/tmo/services/commerce/internal/db/cart_import.sql.go:105.114,137.2 4 0
github.com/teamdsb/tmo/services/commerce/internal/db/cart_import.sql.go:145.94,159.2 4 0
github.com/teamdsb/tmo/services/commerce/internal/db/cart_import.sql.go:168.101,170.16 2 0
github.com/teamdsb/tmo/services/commerce/internal/db/cart_import.sql.go:170.16,172.3 1 0
github.com/teamdsb/tmo/services/commerce/internal/db/cart_import.sql.go:173.2,175.18 3 0
github.com/teamdsb/tmo/services/commerce/internal/db/cart_import.sql.go:175.18,192.17 2 0
github.com/teamdsb/tmo/services/commerce/internal/db/cart_import.sql.go:192.17,194.4 1 0
github.com/teamdsb/tmo/services/commerce/internal/db/cart_import.sql.go:195.3,195.27 1 0
github.com/teamdsb/tmo/services/commerce/internal/db/cart_import.sql.go:197.2,197.35 1 0
github.com/teamdsb/tmo/services/commerce/internal/db/cart_import.sql.go:197.35,199.3 1 0
github.com/teamdsb/tmo/services/commerce/internal/db/cart_import.sql.go:200.2,200.19 1 0
github.com/teamdsb/tmo/services/commerce/internal/db/cart_import.sql.go:221.109,230.2 2 0
github.com/teamdsb/tmo/services/commerce/internal/db/cart_import.sql.go:247.115,255.2 2 0
github.com/teamdsb/tmo/services/commerce/internal/db/catalog.sql.go:27.94,32.2 4 0
github.com/teamdsb/tmo/services/commerce/internal/db/catalog.sql.go:65.103,89.2 4 0
github.com/teamdsb/tmo/services/commerce/internal/db/catalog.sql.go:96.83,98.16 2 0
github.com/teamdsb/tmo/services/commerce/internal/db/catalog.sql.go:98.16,100.3 1 0
github.com/teamdsb/tmo/services/commerce/internal/db/catalog.sql.go:101.2,101.35 1 0
github.com/teamdsb/tmo/services/commerce/internal/db/catalog.sql.go:110.89,126.2 4 0
github.com/teamdsb/tmo/services/commerce/internal/db/catalog.sql.go:144.103,151.16 2 0
github.com/teamdsb/tmo/services/commerce/internal/db/catalog.sql.go:151.16,153.3 1 0
github.com/teamdsb/tmo/services/commerce/internal/db/catalog.sql.go:154.2,156.18 3 0
github.com/teamdsb/tmo/services/commerce/internal/db/catalog.sql.go:156.18,169.17 2 0
github.com/teamdsb/tmo/services/commerce/internal/db/catalog.sql.go:169.17,171.4 1 0
github.com/teamdsb/tmo/services/commerce/internal/db/catalog.sql.go:172.3,172.27 1 0
github.com/teamdsb/tmo/services/commerce/internal/db/catalog.sql.go:174.2,174.35 1 0
github.com/teamdsb/tmo/services/commerce/internal/db/catalog.sql.go:174.35,176.3 1 0
github.com/teamdsb/tmo/services/commerce/internal/db/catalog.sql.go:177.2,177.19 1 0
github.com/teamdsb/tmo/services/commerce/internal/db/catalog.sql.go:205.103,230.2 4 0
github.com/teamdsb/tmo/services/commerce/internal/db/catalog_categories.sql.go:34.106,46.2 4 0
github.com/teamdsb/tmo/services/commerce/internal/db/catalog_categories.sql.go:53.84,55.16 2 0
github.com/teamdsb/tmo/services/commerce/internal/db/catalog_categories.sql.go:55.16,57.3 1 0
github.com/teamdsb/tmo/services/commerce/internal/db/catalog_categories.sql.go:58.2,58.35 1 0
github.com/teamdsb/tmo/services/commerce/internal/db/catalog_categories.sql.go:67.91,79.2 4 0
github.com/teamdsb/tmo/services/commerce/internal/db/catalog_categories.sql.go:87.82,89.16 2 0
github.com/teamdsb/tmo/services/commerce/internal/db/catalog_categories.sql.go:89.16,91.3 1 0
github.com/teamdsb/tmo/services/commerce/internal/db/catalog_categories.sql.go:92.2,94.18 3 0
github.com/teamdsb/tmo/services/commerce/internal/db/catalog_categories.sql.go:94.18,103.17 2 0
github.com/teamdsb/tmo/services/commerce/internal/db/catalog_categories.sql.go:103.17,105.4 1 0
github.com/teamdsb/tmo/services/commerce/internal/db/catalog_categories.sql.go:106.3,106.27 1 0
github.com/teamdsb/tmo/services/commerce/internal/db/catalog_categories.sql.go:108.2,108.35 1 0
github.com/teamdsb/tmo/services/commerce/internal/db/catalog_categories.sql.go:108.35,110.3 1 0
github.com/teamdsb/tmo/services/commerce/internal/db/catalog_categories.sql.go:111.2,111.19 1 0
github.com/teamdsb/tmo/services/commerce/internal/db/catalog_categories.sql.go:135.106,153.2 4 0
github.com/teamdsb/tmo/services/commerce/internal/db/catalog_price_tiers.sql.go:36.109,54.2 4 0
github.com/teamdsb/tmo/services/commerce/internal/db/catalog_price_tiers.sql.go:61.94,63.16 2 0
github.com/teamdsb/tmo/services/commerce/internal/db/catalog_price_tiers.sql.go:63.16,65.3 1 0
github.com/teamdsb/tmo/services/commerce/internal/db/catalog_price_tiers.sql.go:66.2,66.35 1 0
github.com/teamdsb/tmo/services/commerce/internal/db/catalog_price_tiers.sql.go:76.105,78.16 2 0
github.com/teamdsb/tmo/services/commerce/internal/db/catalog_price_tiers.sql.go:78.16,80.3 1 0
github.com/teamdsb/tmo/services/commerce/internal/db/catalog_price_tiers.sql.go:81.2,83.18 3 0
github.com/teamdsb/tmo/services/commerce/internal/db/catalog_price_tiers.sql.go:83.18,93.17 2 0
github.com/teamdsb/tmo/services/commerce/internal/db/catalog_price_tiers.sql.go:93.17,95.4 1 0
github.com/teamdsb/tmo/services/commerce/internal/db/catalog_price_tiers.sql.go:96.3,96.27 1 0
github.com/teamdsb/tmo/services/commerce/internal/db/catalog_price_tiers.sql.go:98.2,98.35 1 0
github.com/teamdsb/tmo/services/commerce/internal/db/catalog_price_tiers.sql.go:98.35,100.3 1 0
github.com/teamdsb/tmo/services/commerce/internal/db/catalog_price_tiers.sql.go:101.2,101.19 1 0
github.com/teamdsb/tmo/services/commerce/internal/db/catalog_price_tiers.sql.go:111.111,113.16 2 0
github.com/teamdsb/tmo/services/commerce/internal/db/catalog_price_tiers.sql.go:113.16,115.3 1 0
github.com/teamdsb/tmo/services/commerce/internal/db/catalog_price_tiers.sql.go:116.2,118.18 3 0
github.com/teamdsb/tmo/services/commerce/internal/db/catalog_price_tiers.sql.go:118.18,128.17 2 0
github.com/teamdsb/tmo/services/commerce/internal/db/catalog_price_tiers.sql.go:128.17,130.4 1 0
github.com/teamdsb/tmo/services/commerce/internal/db/catalog_price_tiers.sql.go:131.3,131.27 1 0
github.com/teamdsb/tmo/services/commerce/internal/db/catalog_price_tiers.sql.go:133.2,133.35 1 0
github.com/teamdsb/tmo/services/commerce/internal/db/catalog_price_tiers.sql.go:133.35,135.3 1 0
github.com/teamdsb/tmo/services/commerce/internal/db/catalog_price_tiers.sql.go:136.2,136.19 1 0
github.com/teamdsb/tmo/services/commerce/internal/db/catalog_skus.sql.go:46.91,70.2 4 0
github.com/teamdsb/tmo/services/commerce/internal/db/catalog_skus.sql.go:78.98,80.16 2 0
github.com/teamdsb/tmo/services/commerce/internal/db/catalog_skus.sql.go:80.16,82.3 1 0
github.com/teamdsb/tmo/services/commerce/internal/db/catalog_skus.sql.go:83.2,85.18 3 0
github.com/teamdsb/tmo/services/commerce/internal/db/catalog_skus.sql.go:85.18,98.17 2 0
github.com/teamdsb/tmo/services/commerce/internal/db/catalog_skus.sql.go:98.17,100.4 1 0
github.com/teamdsb/tmo/services/commerce/internal/db/catalog_skus.sql.go:101.3,101.27 1 0
github.com/teamdsb/tmo/services/commerce/internal/db/catalog_skus.sql.go:103.2,103.35 1 0
github.com/teamdsb/tmo/services/commerce/internal/db/catalog_skus.sql.go:103.35,105.3 1 0
github.com/teamdsb/tmo/services/commerce/internal/db/catalog_skus.sql.go:106.2,106.19 1 0
github.com/teamdsb/tmo/services/commerce/internal/db/catalog_skus.sql.go:115.90,117.16 2 0
github.com/teamdsb/tmo/services/commerce/internal/db/catalog_skus.sql.go:117.16,119.3 1 0
github.com/teamdsb/tmo/services/commerce/internal/db/catalog_skus.sql.go:120.2,122.18 3 0
github.com/teamdsb/tmo/services/commerce/internal/db/catalog_skus.sql.go:122.18,135.17 2 0
github.com/teamdsb/tmo/services/commerce/internal/db/catalog_skus.sql.go:135.17,137.4 1 0
github.com/teamdsb/tmo/services/commerce/internal/db/catalog_skus.sql.go:138.3,138.27 1 0
github.com/teamdsb/tmo/services/commerce/internal/db/catalog_skus.sql.go:140.2,140.35 1 0
github.com/teamdsb/tmo/services/commerce/internal/db/catalog_skus.sql.go:140.35,142.3 1 0
github.com/teamdsb/tmo/services/commerce/internal/db/catalog_skus.sql.go:143.2,143.19 1 0
github.com/teamdsb/tmo/services/commerce/internal/db/catalog_skus.sql.go:158.117,160.16 2 0
github.com/teamdsb/tmo/services/commerce/internal/db/catalog_skus.sql.go:160.16,162.3 1 0
github.com/teamdsb/tmo/services/commerce/internal/db/catalog_skus.sql.go:163.2,165.18 3 0
github.com/teamdsb/tmo/services/commerce/internal/db/catalog_skus.sql.go:165.18,178.17 2 0
github.com/teamdsb/tmo/services/commerce/internal/db/catalog_skus.sql.go:178.17,180.4 1 0
github.com/teamdsb/tmo/services/commerce/internal/db/catalog_skus.sql.go:181.3,181.27 1 0
github.com/teamdsb/tmo/services/commerce/internal/db/catalog_skus.sql.go:183.2,183.35 1 0
github.com/teamdsb/tmo/services/commerce/internal/db/catalog_skus.sql.go:183.35,185.3 1 0
github.com/teamdsb/tmo/services/commerce/internal/db/catalog_skus.sql.go:186.2,186.19 1 0
github.com/teamdsb/tmo/services/commerce/internal/db/catalog_skus.sql.go:196.101,198.16 2 0
github.com/teamdsb/tmo/services/commerce/internal/db/catalog_skus.sql.go:198.16,200.3 1 0
github.com/teamdsb/tmo/services/commerce/internal/db/catalog_skus.sql.go:201.2,203.18 3 0
github.com/teamdsb/tmo/services/commerce/internal/db/catalog_skus.sql.go:203.18,216.17 2 0
github.com/teamdsb/tmo/services/commerce/internal/db/catalog_skus.sql.go:216.17,218.4 1 0
github.com/teamdsb/tmo/services/commerce/internal/db/catalog_skus.sql.go:219.3,219.27 1 0
github.com/teamdsb/tmo/services/commerce/internal/db/catalog_skus.sql.go:221.2,221.35 1 0
github.com/teamdsb/tmo/services/commerce/internal/db/catalog_skus.sql.go:221.35,223.3 1 0
github.com/teamdsb/tmo/services/commerce/internal/db/catalog_skus.sql.go:224.2,224.19 1 0
github.com/teamdsb/tmo/services/commerce/internal/db/catalog_skus.sql.go:233.97,235.16 2 0
github.com/teamdsb/tmo/services/commerce/internal/db/catalog_skus.sql.go:235.16,237.3 1 0
github.com/teamdsb/tmo/services/commerce/internal/db/catalog_skus.sql.go:238.2,240.18 3 0
github.com/teamdsb/tmo/services/commerce/internal/db/catalog_skus.sql.go:240.18,253.17 2 0
github.com/teamdsb/tmo/services/commerce/internal/db/catalog_skus.sql.go:253.17,255.4 1 0
github.com/teamdsb/tmo/services/commerce/internal/db/catalog_skus.sql.go:256.3,256.27 1 0
github.com/teamdsb/tmo/services/commerce/internal/db/catalog_skus.sql.go:258.2,258.35 1 0
github.com/teamdsb/tmo/services/commerce/internal/db/catalog_skus.sql.go:258.35,260.3 1 0
github.com/teamdsb/tmo/services/commerce/internal/db/catalog_skus.sql.go:261.2,261.19 1 0
github.com/teamdsb/tmo/services/commerce/internal/db/catalog_skus.sql.go:287.91,311.2 4 0
github.com/teamdsb/tmo/services/commerce/internal/db/conn.go:11.70,13.2 1 0
github.com/teamdsb/tmo/services/commerce/internal/db/conn.go:15.59,17.2 1 0
github.com/teamdsb/tmo/services/commerce/internal/db/db.go:20.28,22.2 1 0
github.com/teamdsb/tmo/services/commerce/internal/db/db.go:28.46,32.2 1 0
github.com/teamdsb/tmo/services/commerce/internal/db/import_jobs.sql.go:43.102,65.2 4 0
github.com/teamdsb/tmo/services/commerce/internal/db/import_jobs.sql.go:86.106,107.2 4 0
github.com/teamdsb/tmo/services/commerce/internal/db/import_jobs.sql.go:115.86,130.2 4 0
github.com/teamdsb/tmo/services/commerce/internal/db/import_jobs.sql.go:147.114,162.2 4 0
github.com/teamdsb/tmo/services/commerce/internal/db/inquiries.sql.go:21.97,26.2 4 0
github.com/teamdsb/tmo/services/commerce/internal/db/inquiries.sql.go:42.106,47.2 4 0
github.com/teamdsb/tmo/services/commerce/internal/db/inquiries.sql.go:71.117,88.2 4 0
github.com/teamdsb/tmo/services/commerce/internal/db/inquiries.sql.go:124.111,150.2 4 0
github.com/teamdsb/tmo/services/commerce/internal/db/inquiries.sql.go:158.92,175.2 4 0
github.com/teamdsb/tmo/services/commerce/internal/db/inquiries.sql.go:191.117,193.16 2 0
github.com/teamdsb/tmo/services/commerce/internal/db/inquiries.sql.go:193.16,195.3 1 0
github.com/teamdsb/tmo/services/commerce/internal/db/inquiries.sql.go:196.2,198.18 3 0
github.com/teamdsb/tmo/services/commerce/internal/db/inquiries.sql.go:198.18,207.17 2 0
github.com/teamdsb/tmo/services/commerce/internal/db/inquiries.sql.go:207.17,209.4 1 0
github.com/teamdsb/tmo/services/commerce/internal/db/inquiries.sql.go:210.3,210.27 1 0
github.com/teamdsb/tmo/services/commerce/internal/db/inquiries.sql.go:212.2,212.35 1 0
github.com/teamdsb/tmo/services/commerce/internal/db/inquiries.sql.go:212.35,214.3 1 0
github.com/teamdsb/tmo/services/commerce/internal/db/inquiries.sql.go:215.2,215.19 1 0
github.com/teamdsb/tmo/services/commerce/internal/db/inquiries.sql.go:236.113,244.16 2 0
github.com/teamdsb/tmo/services/commerce/internal/db/inquiries.sql.go:244.16,246.3 1 0
github.com/teamdsb/tmo/services/commerce/internal/db/inquiries.sql.go:247.2,249.18 3 0
github.com/teamdsb/tmo/services/commerce/internal/db/inquiries.sql.go:249.18,263.17 2 0
github.com/teamdsb/tmo/services/commerce/internal/db/inquiries.sql.go:263.17,265.4 1 0
github.com/teamdsb/tmo/services/commerce/internal/db/inquiries.sql.go:266.3,266.27 1 0
github.com/teamdsb/tmo/services/commerce/internal/db/inquiries.sql.go:268.2,268.35 1 0
github.com/teamdsb/tmo/services/commerce/internal/db/inquiries.sql.go:268.35,270.3 1 0
github.com/teamdsb/tmo/services/commerce/internal/db/inquiries.sql.go:271.2,271.19 1 0
github.com/teamdsb/tmo/services/commerce/internal/db/inquiries.sql.go:299.111,323.2 4 0
github.com/teamdsb/tmo/services/commerce/internal/db/migrations.go:14.91,17.16 3 0
github.com/teamdsb/tmo/services/commerce/internal/db/migrations.go:17.16,19.3 1 0
github.com/teamdsb/tmo/services/commerce/internal/db/migrations.go:20.2,20.21 1 0
github.com/teamdsb/tmo/services/commerce/internal/db/migrations.go:20.21,22.3 1 0
github.com/teamdsb/tmo/services/commerce/internal/db/migrations.go:24.2,25.29 2 0
github.com/teamdsb/tmo/services/commerce/internal/db/migrations.go:25.29,28.17 2 0
github.com/teamdsb/tmo/services/commerce/internal/db/migrations.go:28.17,30.4 1 0
github.com/teamdsb/tmo/services/commerce/internal/db/migrations.go:32.3,34.40 3 0
github.com/teamdsb/tmo/services/commerce/internal/db/migrations.go:34.40,35.55 1 0
github.com/teamdsb/tmo/services/commerce/internal/db/migrations.go:35.55,37.5 1 0
github.com/teamdsb/tmo/services/commerce/internal/db/migrations.go:41.2,41.12 1 0
github.com/teamdsb/tmo/services/commerce/internal/db/migrations.go:44.44,48.29 4 0
github.com/teamdsb/tmo/services/commerce/internal/db/migrations.go:48.29,50.49 2 0
github.com/teamdsb/tmo/services/commerce/internal/db/migrations.go:50.49,52.12 2 0
github.com/teamdsb/tmo/services/commerce/internal/db/migrations.go:54.3,54.51 1 0
github.com/teamdsb/tmo/services/commerce/internal/db/migrations.go:54.51,55.9 1 0
github.com/teamdsb/tmo/services/commerce/internal/db/migrations.go:57.3,57.12 1 0
github.com/teamdsb/tmo/services/commerce/internal/db/migrations.go:57.12,58.12 1 0
github.com/teamdsb/tmo/services/commerce/internal/db/migrations.go:60.3,60.46 1 0
github.com/teamdsb/tmo/services/commerce/internal/db/migrations.go:60.46,61.12 1 0
github.com/teamdsb/tmo/services/commerce/internal/db/migrations.go:63.3,64.28 2 0
github.com/teamdsb/tmo/services/commerce/internal/db/migrations.go:66.2,66.25 1 0
github.com/teamdsb/tmo/services/commerce/internal/db/migrations.go:69.46,81.34 10 0
github.com/teamdsb/tmo/services/commerce/internal/db/migrations.go:81.34,84.20 2 0
github.com/teamdsb/tmo/services/commerce/internal/db/migrations.go:84.20,86.18 2 0
github.com/teamdsb/tmo/services/commerce/internal/db/migrations.go:86.18,88.5 1 0
github.com/teamdsb/tmo/services/commerce/internal/db/migrations.go:89.4,89.12 1 0
github.com/teamdsb/tmo/services/commerce/internal/db/migrations.go:92.3,92.21 1 0
github.com/teamdsb/tmo/services/commerce/internal/db/migrations.go:92.21,94.58 2 0
github.com/teamdsb/tmo/services/commerce/internal/db/migrations.go:94.58,98.5 3 0
[...]
github.com/teamdsb/tmo/services/payment/internal/http/handler/payments.go:472.10,473.57 1 0
github.com/teamdsb/tmo/services/payment/internal/http/handler/payments.go:477.85,478.36 1 3
github.com/teamdsb/tmo/services/payment/internal/http/handler/payments.go:479.36,481.18 2 2
github.com/teamdsb/tmo/services/payment/internal/http/handler/payments.go:482.36,484.18 2 1
github.com/teamdsb/tmo/services/payment/internal/http/handler/payments.go:485.10,486.17 1 0
github.com/teamdsb/tmo/services/payment/internal/http/handler/payments.go:490.154,491.17 1 2
github.com/teamdsb/tmo/services/payment/internal/http/handler/payments.go:492.28,509.47 6 1
github.com/teamdsb/tmo/services/payment/internal/http/handler/payments.go:510.28,524.46 5 1
github.com/teamdsb/tmo/services/payment/internal/http/handler/payments.go:525.10,526.63 1 0
github.com/teamdsb/tmo/services/payment/internal/http/handler/payments.go:530.54,532.35 2 2
github.com/teamdsb/tmo/services/payment/internal/http/handler/payments.go:532.35,534.3 1 3
github.com/teamdsb/tmo/services/payment/internal/http/handler/payments.go:535.2,535.14 1 2
github.com/teamdsb/tmo/services/payment/internal/http/handler/payments.go:538.61,539.46 1 3
github.com/teamdsb/tmo/services/payment/internal/http/handler/payments.go:539.46,541.3 1 0
github.com/teamdsb/tmo/services/payment/internal/http/handler/payments.go:542.2,542.57 1 3
github.com/teamdsb/tmo/services/payment/internal/http/handler/payments.go:543.48,544.14 1 3
github.com/teamdsb/tmo/services/payment/internal/http/handler/payments.go:545.10,546.15 1 0
github.com/teamdsb/tmo/services/payment/internal/http/handler/payments.go:550.74,552.14 2 1
github.com/teamdsb/tmo/services/payment/internal/http/handler/payments.go:553.55,554.14 1 1
github.com/teamdsb/tmo/services/payment/internal/http/handler/payments.go:556.2,556.32 1 0
github.com/teamdsb/tmo/services/payment/internal/http/handler/payments.go:556.32,558.3 1 0
github.com/teamdsb/tmo/services/payment/internal/http/handler/payments.go:559.2,559.51 1 0
github.com/teamdsb/tmo/services/payment/internal/http/handler/payments.go:562.50,563.23 1 9
github.com/teamdsb/tmo/services/payment/internal/http/handler/payments.go:563.23,565.3 1 2
github.com/teamdsb/tmo/services/payment/internal/http/handler/payments.go:566.2,566.47 1 7
github.com/teamdsb/tmo/services/payment/internal/http/handler/payments.go:569.53,570.18 1 5
github.com/teamdsb/tmo/services/payment/internal/http/handler/payments.go:570.18,572.3 1 4
github.com/teamdsb/tmo/services/payment/internal/http/handler/payments.go:573.2,574.19 2 1
github.com/teamdsb/tmo/services/payment/internal/http/handler/payments.go:574.19,576.3 1 0
github.com/teamdsb/tmo/services/payment/internal/http/handler/payments.go:577.2,577.17 1 1
github.com/teamdsb/tmo/services/payment/internal/http/handler/payments.go:580.94,582.18 2 1
github.com/teamdsb/tmo/services/payment/internal/http/handler/payments.go:582.18,584.3 1 0
github.com/teamdsb/tmo/services/payment/internal/http/handler/payments.go:585.2,585.16 1 1
github.com/teamdsb/tmo/services/payment/internal/http/handler/payments.go:586.17,587.29 1 1
github.com/teamdsb/tmo/services/payment/internal/http/handler/payments.go:588.16,589.31 1 0
github.com/teamdsb/tmo/services/payment/internal/http/handler/payments.go:590.19,591.34 1 0
github.com/teamdsb/tmo/services/payment/internal/http/handler/payments.go:594.2,595.21 2 1
github.com/teamdsb/tmo/services/payment/internal/http/handler/payments.go:595.21,597.3 1 0
github.com/teamdsb/tmo/services/payment/internal/http/handler/payments.go:599.2,600.145 2 1
github.com/teamdsb/tmo/services/payment/internal/http/handler/payments.go:600.145,603.3 2 1
github.com/teamdsb/tmo/services/payment/internal/http/handler/payments.go:605.2,610.8 1 1
github.com/teamdsb/tmo/services/payment/internal/http/handler/payments.go:613.65,614.40 1 1
github.com/teamdsb/tmo/services/payment/internal/http/handler/payments.go:614.40,616.3 1 1
github.com/teamdsb/tmo/services/payment/internal/http/handler/payments.go:617.2,617.64 1 0
github.com/teamdsb/tmo/services/payment/internal/http/handler/payments.go:620.72,621.27 1 4
github.com/teamdsb/tmo/services/payment/internal/http/handler/payments.go:621.27,623.10 2 4
github.com/teamdsb/tmo/services/payment/internal/http/handler/payments.go:623.10,624.12 1 0
github.com/teamdsb/tmo/services/payment/internal/http/handler/payments.go:626.3,626.37 1 4
github.com/teamdsb/tmo/services/payment/internal/http/handler/payments.go:626.37,628.4 1 4
github.com/teamdsb/tmo/services/payment/internal/http/handler/payments.go:630.2,630.11 1 0
github.com/teamdsb/tmo/services/payment/internal/http/handler/payments.go:633.109,634.20 1 6
github.com/teamdsb/tmo/services/payment/internal/http/handler/payments.go:634.20,636.3 1 0
github.com/teamdsb/tmo/services/payment/internal/http/handler/payments.go:637.2,643.12 2 6
github.com/teamdsb/tmo/services/payment/internal/http/handler/payments.go:652.42,654.2 1 0
github.com/teamdsb/tmo/services/payment/internal/http/handler/payments.go:656.41,658.2 1 1
github.com/teamdsb/tmo/services/payment/internal/http/handler/payments.go:660.40,662.2 1 0
github.com/teamdsb/tmo/services/payment/internal/http/handler/payments.go:664.40,666.2 1 0
github.com/teamdsb/tmo/services/payment/internal/http/handler/payments.go:668.42,670.2 1 0
github.com/teamdsb/tmo/services/payment/internal/http/handler/payments.go:672.40,674.2 1 0
github.com/teamdsb/tmo/services/payment/internal/http/handler/payments.go:676.64,678.30 2 1
github.com/teamdsb/tmo/services/payment/internal/http/handler/payments.go:678.30,684.3 2 1
github.com/teamdsb/tmo/services/payment/internal/http/handler/payments.go:686.2,690.4 2 0
github.com/teamdsb/tmo/packages/go-shared/config/config.go:9.42,11.24 2 0
github.com/teamdsb/tmo/packages/go-shared/config/config.go:11.24,13.3 1 0
github.com/teamdsb/tmo/packages/go-shared/config/config.go:14.2,14.14 1 0
github.com/teamdsb/tmo/packages/go-shared/config/config.go:17.40,19.24 2 0
github.com/teamdsb/tmo/packages/go-shared/config/config.go:19.24,21.3 1 0
github.com/teamdsb/tmo/packages/go-shared/config/config.go:22.2,23.16 2 0
github.com/teamdsb/tmo/packages/go-shared/config/config.go:23.16,25.3 1 0
github.com/teamdsb/tmo/packages/go-shared/config/config.go:26.2,26.15 1 0
github.com/teamdsb/tmo/packages/go-shared/config/config.go:29.43,31.24 2 0
github.com/teamdsb/tmo/packages/go-shared/config/config.go:31.24,33.3 1 0
github.com/teamdsb/tmo/packages/go-shared/config/config.go:34.2,35.16 2 0
github.com/teamdsb/tmo/packages/go-shared/config/config.go:35.16,37.3 1 0
github.com/teamdsb/tmo/packages/go-shared/config/config.go:38.2,38.15 1 0
github.com/teamdsb/tmo/packages/go-shared/config/config.go:41.65,43.24 2 0
github.com/teamdsb/tmo/packages/go-shared/config/config.go:43.24,45.3 1 0
github.com/teamdsb/tmo/packages/go-shared/config/config.go:46.2,47.16 2 0
github.com/teamdsb/tmo/packages/go-shared/config/config.go:47.16,49.3 1 0
github.com/teamdsb/tmo/packages/go-shared/config/config.go:50.2,50.15 1 0
github.com/teamdsb/tmo/packages/go-shared/db/errors.go:12.40,14.28 2 0
github.com/teamdsb/tmo/packages/go-shared/db/errors.go:14.28,16.3 1 0
github.com/teamdsb/tmo/packages/go-shared/db/errors.go:17.2,17.14 1 0
github.com/teamdsb/tmo/packages/go-shared/db/pool.go:18.70,20.16 2 0
github.com/teamdsb/tmo/packages/go-shared/db/pool.go:20.16,22.3 1 0
github.com/teamdsb/tmo/packages/go-shared/db/pool.go:23.2,29.16 6 0
github.com/teamdsb/tmo/packages/go-shared/db/pool.go:29.16,31.3 1 0
github.com/teamdsb/tmo/packages/go-shared/db/pool.go:32.2,32.39 1 0
github.com/teamdsb/tmo/packages/go-shared/db/pool.go:32.39,35.3 2 0
github.com/teamdsb/tmo/packages/go-shared/db/pool.go:36.2,36.18 1 0
github.com/teamdsb/tmo/packages/go-shared/db/pool.go:39.59,40.17 1 0
github.com/teamdsb/tmo/packages/go-shared/db/pool.go:40.17,42.3 1 0
github.com/teamdsb/tmo/packages/go-shared/db/pool.go:43.2,43.23 1 0
github.com/teamdsb/tmo/packages/go-shared/db/tx.go:11.83,12.17 1 0
github.com/teamdsb/tmo/packages/go-shared/db/tx.go:12.17,14.3 1 0
github.com/teamdsb/tmo/packages/go-shared/db/tx.go:16.2,17.16 2 0
github.com/teamdsb/tmo/packages/go-shared/db/tx.go:17.16,19.3 1 0
github.com/teamdsb/tmo/packages/go-shared/db/tx.go:21.2,22.15 2 0
github.com/teamdsb/tmo/packages/go-shared/db/tx.go:22.15,23.16 1 0
github.com/teamdsb/tmo/packages/go-shared/db/tx.go:23.16,25.4 1 0
github.com/teamdsb/tmo/packages/go-shared/db/tx.go:26.3,26.23 1 0
github.com/teamdsb/tmo/packages/go-shared/db/tx.go:29.2,29.31 1 0
github.com/teamdsb/tmo/packages/go-shared/db/tx.go:29.31,31.3 1 0
github.com/teamdsb/tmo/packages/go-shared/db/tx.go:33.2,33.39 1 0
github.com/teamdsb/tmo/packages/go-shared/db/tx.go:33.39,35.3 1 0
github.com/teamdsb/tmo/packages/go-shared/db/tx.go:36.2,37.12 2 0
github.com/teamdsb/tmo/packages/go-shared/errors/errors.go:20.54,21.25 1 0
github.com/teamdsb/tmo/packages/go-shared/errors/errors.go:21.25,23.3 1 0
github.com/teamdsb/tmo/packages/go-shared/errors/errors.go:24.2,24.25 1 0
github.com/teamdsb/tmo/packages/go-shared/errors/errors.go:24.25,26.15 2 0
github.com/teamdsb/tmo/packages/go-shared/errors/errors.go:26.15,28.4 1 0
github.com/teamdsb/tmo/packages/go-shared/errors/errors.go:30.2,30.36 1 0
github.com/teamdsb/tmo/packages/go-shared/errors/errors.go:33.50,34.14 1 0
github.com/teamdsb/tmo/packages/go-shared/errors/errors.go:34.14,36.3 1 0
github.com/teamdsb/tmo/packages/go-shared/errors/errors.go:37.2,37.42 1 0
github.com/teamdsb/tmo/packages/go-shared/errors/errors.go:37.42,38.42 1 0
github.com/teamdsb/tmo/packages/go-shared/errors/errors.go:38.42,40.4 1 0
github.com/teamdsb/tmo/packages/go-shared/errors/errors.go:42.2,42.74 1 0
github.com/teamdsb/tmo/packages/go-shared/errors/errors.go:42.74,44.3 1 0
github.com/teamdsb/tmo/packages/go-shared/errors/errors.go:45.2,45.37 1 0
github.com/teamdsb/tmo/packages/go-shared/money/money.go:8.33,10.2 1 0
github.com/teamdsb/tmo/packages/go-shared/money/money.go:12.28,14.2 1 0
github.com/teamdsb/tmo/packages/go-shared/httpx/middleware.go:20.34,21.30 1 0
github.com/teamdsb/tmo/packages/go-shared/httpx/middleware.go:21.30,23.22 2 0
github.com/teamdsb/tmo/packages/go-shared/httpx/middleware.go:23.22,25.4 1 0
github.com/teamdsb/tmo/packages/go-shared/httpx/middleware.go:26.3,28.11 3 0
github.com/teamdsb/tmo/packages/go-shared/httpx/middleware.go:32.50,33.42 1 0
github.com/teamdsb/tmo/packages/go-shared/httpx/middleware.go:33.42,34.42 1 0
github.com/teamdsb/tmo/packages/go-shared/httpx/middleware.go:34.42,36.4 1 0
github.com/teamdsb/tmo/packages/go-shared/httpx/middleware.go:38.2,38.74 1 0
github.com/teamdsb/tmo/packages/go-shared/httpx/middleware.go:38.74,40.3 1 0
github.com/teamdsb/tmo/packages/go-shared/httpx/middleware.go:41.2,41.37 1 0
github.com/teamdsb/tmo/packages/go-shared/httpx/middleware.go:44.53,45.30 1 0
github.com/teamdsb/tmo/packages/go-shared/httpx/middleware.go:45.30,49.20 3 0
github.com/teamdsb/tmo/packages/go-shared/httpx/middleware.go:49.20,51.4 1 0
github.com/teamdsb/tmo/packages/go-shared/httpx/middleware.go:53.3,54.17 2 0
github.com/teamdsb/tmo/packages/go-shared/httpx/middleware.go:54.17,56.4 1 0
github.com/teamdsb/tmo/packages/go-shared/httpx/middleware.go:58.3,66.4 1 0
github.com/teamdsb/tmo/packages/go-shared/httpx/middleware.go:70.52,71.72 1 0
github.com/teamdsb/tmo/packages/go-shared/httpx/middleware.go:71.72,72.20 1 0
github.com/teamdsb/tmo/packages/go-shared/httpx/middleware.go:72.20,77.4 1 0
github.com/teamdsb/tmo/packages/go-shared/httpx/middleware.go:78.3,81.5 1 0
github.com/teamdsb/tmo/packages/go-shared/httpx/middleware.go:85.31,86.30 1 0
github.com/teamdsb/tmo/packages/go-shared/httpx/middleware.go:86.30,88.3 1 0
github.com/teamdsb/tmo/packages/go-shared/httpx/middleware.go:91.63,92.30 1 0
github.com/teamdsb/tmo/packages/go-shared/httpx/middleware.go:92.30,93.19 1 0
github.com/teamdsb/tmo/packages/go-shared/httpx/middleware.go:93.19,96.4 2 0
github.com/teamdsb/tmo/packages/go-shared/httpx/middleware.go:98.3,101.41 3 0
github.com/teamdsb/tmo/packages/go-shared/httpx/middleware.go:101.41,107.4 2 0
github.com/teamdsb/tmo/packages/go-shared/httpx/middleware.go:109.3,109.32 1 0
github.com/teamdsb/tmo/packages/go-shared/httpx/router.go:18.51,19.38 1 0
github.com/teamdsb/tmo/packages/go-shared/httpx/router.go:19.38,21.3 1 0
github.com/teamdsb/tmo/packages/go-shared/httpx/router.go:24.48,25.38 1 0
github.com/teamdsb/tmo/packages/go-shared/httpx/router.go:25.38,27.3 1 0
github.com/teamdsb/tmo/packages/go-shared/httpx/router.go:30.56,31.38 1 0
github.com/teamdsb/tmo/packages/go-shared/httpx/router.go:31.38,33.3 1 0
github.com/teamdsb/tmo/packages/go-shared/httpx/router.go:36.50,38.27 2 0
github.com/teamdsb/tmo/packages/go-shared/httpx/router.go:38.27,40.3 1 0
github.com/teamdsb/tmo/packages/go-shared/httpx/router.go:42.2,43.37 2 0
github.com/teamdsb/tmo/packages/go-shared/httpx/router.go:43.37,44.99 1 0
github.com/teamdsb/tmo/packages/go-shared/httpx/router.go:44.99,46.4 1 0
github.com/teamdsb/tmo/packages/go-shared/httpx/router.go:49.2,50.35 2 0
github.com/teamdsb/tmo/packages/go-shared/httpx/router.go:50.35,52.3 1 0
github.com/teamdsb/tmo/packages/go-shared/httpx/router.go:53.2,53.27 1 0
github.com/teamdsb/tmo/packages/go-shared/httpx/router.go:53.27,55.3 1 0
github.com/teamdsb/tmo/packages/go-shared/httpx/router.go:56.2,58.15 2 0
github.com/teamdsb/tmo/packages/go-shared/httpx/server.go:8.63,17.2 1 0
github.com/teamdsb/tmo/packages/go-shared/observability/otel.go:28.103,30.16 2 0
github.com/teamdsb/tmo/packages/go-shared/observability/otel.go:30.16,32.3 1 0
github.com/teamdsb/tmo/packages/go-shared/observability/otel.go:33.2,33.21 1 0
github.com/teamdsb/tmo/packages/go-shared/observability/otel.go:33.21,38.38 2 0
github.com/teamdsb/tmo/packages/go-shared/observability/otel.go:38.38,38.52 1 0
github.com/teamdsb/tmo/packages/go-shared/observability/otel.go:41.2,42.27 2 0
github.com/teamdsb/tmo/packages/go-shared/observability/otel.go:42.27,44.3 1 0
github.com/teamdsb/tmo/packages/go-shared/observability/otel.go:45.2,45.27 1 0
github.com/teamdsb/tmo/packages/go-shared/observability/otel.go:45.27,47.3 1 0
github.com/teamdsb/tmo/packages/go-shared/observability/otel.go:49.2,50.16 2 0
github.com/teamdsb/tmo/packages/go-shared/observability/otel.go:50.16,52.3 1 0
github.com/teamdsb/tmo/packages/go-shared/observability/otel.go:54.2,65.19 4 0
github.com/teamdsb/tmo/packages/go-shared/observability/otel.go:65.19,67.3 1 0
github.com/teamdsb/tmo/packages/go-shared/observability/otel.go:69.2,69.31 1 0
github.com/teamdsb/tmo/packages/go-shared/observability/otel.go:72.85,73.66 1 0
github.com/teamdsb/tmo/packages/go-shared/observability/otel.go:73.66,75.3 1 0
github.com/teamdsb/tmo/packages/go-shared/observability/otel.go:76.2,76.28 1 0
github.com/teamdsb/tmo/packages/go-shared/observability/otel.go:76.28,78.3 1 0
github.com/teamdsb/tmo/packages/go-shared/observability/otel.go:79.2,79.126 1 0
github.com/teamdsb/tmo/packages/go-shared/observability/otel.go:79.126,81.3 1 0
github.com/teamdsb/tmo/packages/go-shared/observability/otel.go:83.2,87.20 2 0
github.com/teamdsb/tmo/packages/go-shared/observability/otel.go:87.20,89.3 1 0
github.com/teamdsb/tmo/packages/go-shared/observability/otel.go:90.2,109.24 6 0
github.com/teamdsb/tmo/packages/go-shared/observability/otel.go:109.24,111.3 1 0
github.com/teamdsb/tmo/packages/go-shared/observability/otel.go:112.2,112.38 1 0
github.com/teamdsb/tmo/packages/go-shared/observability/otel.go:112.38,114.3 1 0
github.com/teamdsb/tmo/packages/go-shared/observability/otel.go:116.2,116.18 1 0
github.com/teamdsb/tmo/packages/go-shared/observability/otel.go:117.14,119.21 2 0
github.com/teamdsb/tmo/packages/go-shared/observability/otel.go:119.21,121.4 1 0
github.com/teamdsb/tmo/packages/go-shared/observability/otel.go:122.3,122.15 1 0
github.com/teamdsb/tmo/packages/go-shared/observability/otel.go:122.15,124.4 1 0
github.com/teamdsb/tmo/packages/go-shared/observability/otel.go:125.3,125.23 1 0
github.com/teamdsb/tmo/packages/go-shared/observability/otel.go:125.23,127.4 1 0
github.com/teamdsb/tmo/packages/go-shared/observability/otel.go:128.3,128.44 1 0
github.com/teamdsb/tmo/packages/go-shared/observability/otel.go:129.71,131.21 2 0
github.com/teamdsb/tmo/packages/go-shared/observability/otel.go:131.21,133.4 1 0
github.com/teamdsb/tmo/packages/go-shared/observability/otel.go:134.3,134.25 1 0
github.com/teamdsb/tmo/packages/go-shared/observability/otel.go:134.25,136.4 1 0
github.com/teamdsb/tmo/packages/go-shared/observability/otel.go:137.3,137.15 1 0
github.com/teamdsb/tmo/packages/go-shared/observability/otel.go:137.15,139.4 1 0
github.com/teamdsb/tmo/packages/go-shared/observability/otel.go:140.3,140.23 1 0
github.com/teamdsb/tmo/packages/go-shared/observability/otel.go:140.23,142.4 1 0
github.com/teamdsb/tmo/packages/go-shared/observability/otel.go:143.3,143.44 1 0
github.com/teamdsb/tmo/packages/go-shared/observability/otel.go:144.10,145.67 1 0
github.com/teamdsb/tmo/packages/go-shared/observability/otel.go:149.40,150.28 1 0
github.com/teamdsb/tmo/packages/go-shared/observability/otel.go:150.28,152.3 1 0
github.com/teamdsb/tmo/packages/go-shared/observability/otel.go:153.2,153.109 1 0
github.com/teamdsb/tmo/packages/go-shared/observability/otel.go:153.109,155.3 1 0
github.com/teamdsb/tmo/packages/go-shared/observability/otel.go:156.2,156.45 1 0
github.com/teamdsb/tmo/packages/go-shared/observability/otel.go:156.45,158.3 1 0
github.com/teamdsb/tmo/packages/go-shared/observability/otel.go:159.2,159.109 1 0
github.com/teamdsb/tmo/packages/go-shared/observability/otel.go:159.109,161.3 1 0
github.com/teamdsb/tmo/packages/go-shared/observability/otel.go:162.2,162.14 1 0
github.com/teamdsb/tmo/packages/go-shared/observability/otel.go:165.49,166.15 1 0
github.com/teamdsb/tmo/packages/go-shared/observability/otel.go:166.15,168.3 1 0
github.com/teamdsb/tmo/packages/go-shared/observability/otel.go:170.2,172.29 3 0
github.com/teamdsb/tmo/packages/go-shared/observability/otel.go:172.29,174.17 2 0
github.com/teamdsb/tmo/packages/go-shared/observability/otel.go:174.17,175.12 1 0
github.com/teamdsb/tmo/packages/go-shared/observability/otel.go:177.3,178.22 2 0
github.com/teamdsb/tmo/packages/go-shared/observability/otel.go:178.22,179.12 1 0
github.com/teamdsb/tmo/packages/go-shared/observability/otel.go:181.3,183.16 3 0
github.com/teamdsb/tmo/packages/go-shared/observability/otel.go:183.16,184.12 1 0
github.com/teamdsb/tmo/packages/go-shared/observability/otel.go:186.3,186.22 1 0
github.com/teamdsb/tmo/packages/go-shared/observability/otel.go:188.2,188.22 1 0
github.com/teamdsb/tmo/packages/go-shared/observability/otel.go:188.22,190.3 1 0
github.com/teamdsb/tmo/packages/go-shared/observability/otel.go:191.2,191.15 1 0
github.com/teamdsb/tmo/packages/go-shared/observability/otel.go:194.48,195.27 1 0
github.com/teamdsb/tmo/packages/go-shared/observability/otel.go:195.27,197.16 2 0
github.com/teamdsb/tmo/packages/go-shared/observability/otel.go:197.16,198.12 1 0
github.com/teamdsb/tmo/packages/go-shared/observability/otel.go:200.3,201.17 2 0
github.com/teamdsb/tmo/packages/go-shared/observability/otel.go:201.17,202.12 1 0
github.com/teamdsb/tmo/packages/go-shared/observability/otel.go:204.3,204.21 1 0
github.com/teamdsb/tmo/packages/go-shared/observability/otel.go:206.2,206.21 1 0
github.com/teamdsb/tmo/packages/go-shared/observability/otel.go:209.59,210.48 1 0
github.com/teamdsb/tmo/packages/go-shared/observability/otel.go:210.48,212.3 1 0
github.com/teamdsb/tmo/packages/go-shared/observability/otel.go:214.2,215.37 2 0
github.com/teamdsb/tmo/packages/go-shared/observability/otel.go:215.37,217.3 1 0
github.com/teamdsb/tmo/packages/go-shared/observability/otel.go:219.2,223.33 4 0
github.com/teamdsb/tmo/packages/go-shared/observability/otel.go:226.45,227.31 1 0
github.com/teamdsb/tmo/packages/go-shared/observability/otel.go:227.31,228.37 1 0
github.com/teamdsb/tmo/packages/go-shared/observability/otel.go:228.37,230.4 1 0
github.com/teamdsb/tmo/packages/go-shared/observability/otel.go:232.2,232.11 1 0
