mode: atomic
github.com/teamdsb/tmo/services/commerce/cmd/catalog-image-audit/main.go:42.13,43.30 1 0
github.com/teamdsb/tmo/services/commerce/cmd/catalog-image-audit/main.go:43.30,46.3 2 0
github.com/teamdsb/tmo/services/commerce/cmd/catalog-image-audit/main.go:49.18,51.15 2 0
github.com/teamdsb/tmo/services/commerce/cmd/catalog-image-audit/main.go:51.15,53.3 1 0
github.com/teamdsb/tmo/services/commerce/cmd/catalog-image-audit/main.go:55.2,56.83 2 0
github.com/teamdsb/tmo/services/commerce/cmd/catalog-image-audit/main.go:56.83,57.71 1 0
github.com/teamdsb/tmo/services/commerce/cmd/catalog-image-audit/main.go:57.71,59.4 1 0
github.com/teamdsb/tmo/services/commerce/cmd/catalog-image-audit/main.go:62.2,66.16 4 0
github.com/teamdsb/tmo/services/commerce/cmd/catalog-image-audit/main.go:66.16,68.3 1 0
github.com/teamdsb/tmo/services/commerce/cmd/catalog-image-audit/main.go:69.2,71.39 2 0
github.com/teamdsb/tmo/services/commerce/cmd/catalog-image-audit/main.go:71.39,73.3 1 0
github.com/teamdsb/tmo/services/commerce/cmd/catalog-image-audit/main.go:75.2,80.16 2 0
github.com/teamdsb/tmo/services/commerce/cmd/catalog-image-audit/main.go:80.16,82.3 1 0
github.com/teamdsb/tmo/services/commerce/cmd/catalog-image-audit/main.go:83.2,86.26 3 0
github.com/teamdsb/tmo/services/commerce/cmd/catalog-image-audit/main.go:86.26,88.3 1 0
github.com/teamdsb/tmo/services/commerce/cmd/catalog-image-audit/main.go:90.2,94.18 2 0
github.com/teamdsb/tmo/services/commerce/cmd/catalog-image-audit/main.go:94.18,96.77 2 0
github.com/teamdsb/tmo/services/commerce/cmd/catalog-image-audit/main.go:96.77,98.4 1 0
github.com/teamdsb/tmo/services/commerce/cmd/catalog-image-audit/main.go:100.3,103.21 3 0
github.com/teamdsb/tmo/services/commerce/cmd/catalog-image-audit/main.go:103.21,105.12 2 0
github.com/teamdsb/tmo/services/commerce/cmd/catalog-image-audit/main.go:108.3,108.28 1 0
github.com/teamdsb/tmo/services/commerce/cmd/catalog-image-audit/main.go:108.28,110.4 1 0
github.com/teamdsb/tmo/services/commerce/cmd/catalog-image-audit/main.go:113.2,113.35 1 0
github.com/teamdsb/tmo/services/commerce/cmd/catalog-image-audit/main.go:113.35,115.3 1 0
github.com/teamdsb/tmo/services/commerce/cmd/catalog-image-audit/main.go:117.2,118.12 2 0
github.com/teamdsb/tmo/services/commerce/cmd/catalog-image-audit/main.go:121.72,123.26 2 0
github.com/teamdsb/tmo/services/commerce/cmd/catalog-image-audit/main.go:123.26,125.18 2 0
github.com/teamdsb/tmo/services/commerce/cmd/catalog-image-audit/main.go:125.18,127.4 1 0
github.com/teamdsb/tmo/services/commerce/cmd/catalog-image-audit/main.go:129.2,129.31 1 0
github.com/teamdsb/tmo/services/commerce/cmd/catalog-image-audit/main.go:129.31,131.20 2 0
github.com/teamdsb/tmo/services/commerce/cmd/catalog-image-audit/main.go:131.20,132.12 1 0
github.com/teamdsb/tmo/services/commerce/cmd/catalog-image-audit/main.go:134.3,134.31 1 0
github.com/teamdsb/tmo/services/commerce/cmd/catalog-image-audit/main.go:136.2,136.13 1 0
github.com/teamdsb/tmo/services/commerce/cmd/catalog-image-audit/main.go:139.77,140.18 1 0
github.com/teamdsb/tmo/services/commerce/cmd/catalog-image-audit/main.go:140.18,142.3 1 0
github.com/teamdsb/tmo/services/commerce/cmd/catalog-image-audit/main.go:144.2,145.17 2 0
github.com/teamdsb/tmo/services/commerce/cmd/catalog-image-audit/main.go:145.17,147.3 1 0
github.com/teamdsb/tmo/services/commerce/cmd/catalog-image-audit/main.go:149.2,150.48 2 0
github.com/teamdsb/tmo/services/commerce/cmd/catalog-image-audit/main.go:150.48,152.3 1 0
github.com/teamdsb/tmo/services/commerce/cmd/catalog-image-audit/main.go:154.2,154.46 1 0
github.com/teamdsb/tmo/services/commerce/cmd/catalog-image-audit/main.go:154.46,157.3 2 0
github.com/teamdsb/tmo/services/commerce/cmd/catalog-image-audit/main.go:158.2,158.70 1 0
github.com/teamdsb/tmo/services/commerce/cmd/catalog-image-audit/main.go:158.70,160.3 1 0
github.com/teamdsb/tmo/services/commerce/cmd/catalog-image-audit/main.go:162.2,163.16 2 0
github.com/teamdsb/tmo/services/commerce/cmd/catalog-image-audit/main.go:163.16,166.3 2 0
github.com/teamdsb/tmo/services/commerce/cmd/catalog-image-audit/main.go:167.2,167.21 1 0
github.com/teamdsb/tmo/services/commerce/cmd/catalog-image-audit/main.go:167.21,170.3 2 0
github.com/teamdsb/tmo/services/commerce/cmd/catalog-image-audit/main.go:172.2,173.43 2 0
github.com/teamdsb/tmo/services/commerce/cmd/catalog-image-audit/main.go:173.43,176.3 2 0
github.com/teamdsb/tmo/services/commerce/cmd/catalog-image-audit/main.go:178.2,179.16 2 0
github.com/teamdsb/tmo/services/commerce/cmd/catalog-image-audit/main.go:179.16,182.3 2 0
github.com/teamdsb/tmo/services/commerce/cmd/catalog-image-audit/main.go:184.2,185.28 2 0
github.com/teamdsb/tmo/services/commerce/cmd/catalog-image-audit/main.go:188.38,205.46 16 0
github.com/teamdsb/tmo/services/commerce/cmd/catalog-image-audit/main.go:205.46,210.3 1 0
github.com/teamdsb/tmo/services/commerce/cmd/catalog-image-audit/main.go:212.2,212.42 1 0
github.com/teamdsb/tmo/services/commerce/cmd/catalog-image-audit/main.go:212.42,213.43 1 0
github.com/teamdsb/tmo/services/commerce/cmd/catalog-image-audit/main.go:213.43,215.4 1 0
github.com/teamdsb/tmo/services/commerce/cmd/catalog-image-audit/main.go:216.3,216.45 1 0
github.com/teamdsb/tmo/services/commerce/cmd/catalog-image-audit/main.go:219.2,219.23 1 0
github.com/teamdsb/tmo/services/commerce/cmd/catalog-image-audit/main.go:219.23,222.3 2 0
github.com/teamdsb/tmo/services/commerce/cmd/catalog-image-audit/main.go:224.2,224.31 1 0
github.com/teamdsb/tmo/services/commerce/cmd/catalog-image-audit/main.go:224.31,226.3 1 0
github.com/teamdsb/tmo/services/commerce/cmd/catalog-image-migrate/main.go:80.13,81.30 1 0
github.com/teamdsb/tmo/services/commerce/cmd/catalog-image-migrate/main.go:81.30,84.3 2 0
github.com/teamdsb/tmo/services/commerce/cmd/catalog-image-migrate/main.go:87.18,89.16 2 0
github.com/teamdsb/tmo/services/commerce/cmd/catalog-image-migrate/main.go:89.16,91.3 1 0
github.com/teamdsb/tmo/services/commerce/cmd/catalog-image-migrate/main.go:93.2,97.16 4 0
github.com/teamdsb/tmo/services/commerce/cmd/catalog-image-migrate/main.go:97.16,99.3 1 0
github.com/teamdsb/tmo/services/commerce/cmd/catalog-image-migrate/main.go:100.2,102.39 2 0
github.com/teamdsb/tmo/services/commerce/cmd/catalog-image-migrate/main.go:102.39,104.3 1 0
github.com/teamdsb/tmo/services/commerce/cmd/catalog-image-migrate/main.go:106.2,107.16 2 0
github.com/teamdsb/tmo/services/commerce/cmd/catalog-image-migrate/main.go:107.16,109.3 1 0
github.com/teamdsb/tmo/services/commerce/cmd/catalog-image-migrate/main.go:110.2,110.24 1 0
github.com/teamdsb/tmo/services/commerce/cmd/catalog-image-migrate/main.go:110.24,113.3 2 0
github.com/teamdsb/tmo/services/commerce/cmd/catalog-image-migrate/main.go:115.2,127.17 3 0
github.com/teamdsb/tmo/services/commerce/cmd/catalog-image-migrate/main.go:127.17,129.17 2 0
github.com/teamdsb/tmo/services/commerce/cmd/catalog-image-migrate/main.go:129.17,131.4 1 0
github.com/teamdsb/tmo/services/commerce/cmd/catalog-image-migrate/main.go:132.3,132.16 1 0
github.com/teamdsb/tmo/services/commerce/cmd/catalog-image-migrate/main.go:132.16,134.4 1 0
github.com/teamdsb/tmo/services/commerce/cmd/catalog-image-migrate/main.go:137.2,138.16 2 0
github.com/teamdsb/tmo/services/commerce/cmd/catalog-image-migrate/main.go:138.16,140.3 1 0
github.com/teamdsb/tmo/services/commerce/cmd/catalog-image-migrate/main.go:142.2,143.35 2 0
github.com/teamdsb/tmo/services/commerce/cmd/catalog-image-migrate/main.go:143.35,147.34 4 0
github.com/teamdsb/tmo/services/commerce/cmd/catalog-image-migrate/main.go:147.34,148.25 1 0
github.com/teamdsb/tmo/services/commerce/cmd/catalog-image-migrate/main.go:149.19,150.25 1 0
github.com/teamdsb/tmo/services/commerce/cmd/catalog-image-migrate/main.go:151.18,152.23 1 0
github.com/teamdsb/tmo/services/commerce/cmd/catalog-image-migrate/main.go:153.12,154.24 1 0
github.com/teamdsb/tmo/services/commerce/cmd/catalog-image-migrate/main.go:157.4,157.38 1 0
github.com/teamdsb/tmo/services/commerce/cmd/catalog-image-migrate/main.go:157.38,158.73 1 0
github.com/teamdsb/tmo/services/commerce/cmd/catalog-image-migrate/main.go:158.73,160.6 1 0
github.com/teamdsb/tmo/services/commerce/cmd/catalog-image-migrate/main.go:164.3,164.29 1 0
github.com/teamdsb/tmo/services/commerce/cmd/catalog-image-migrate/main.go:164.29,165.12 1 0
github.com/teamdsb/tmo/services/commerce/cmd/catalog-image-migrate/main.go:168.3,168.89 1 0
github.com/teamdsb/tmo/services/commerce/cmd/catalog-image-migrate/main.go:168.89,170.4 1 0
github.com/teamdsb/tmo/services/commerce/cmd/catalog-image-migrate/main.go:171.3,171.26 1 0
github.com/teamdsb/tmo/services/commerce/cmd/catalog-image-migrate/main.go:174.2,174.17 1 0
github.com/teamdsb/tmo/services/commerce/cmd/catalog-image-migrate/main.go:174.17,175.40 1 0
github.com/teamdsb/tmo/services/commerce/cmd/catalog-image-migrate/main.go:175.40,177.4 1 0
github.com/teamdsb/tmo/services/commerce/cmd/catalog-image-migrate/main.go:180.2,188.22 9 0
github.com/teamdsb/tmo/services/commerce/cmd/catalog-image-migrate/main.go:188.22,190.3 1 0
github.com/teamdsb/tmo/services/commerce/cmd/catalog-image-migrate/main.go:191.2,193.12 3 0
github.com/teamdsb/tmo/services/commerce/cmd/catalog-image-migrate/main.go:196.42,209.23 2 0
github.com/teamdsb/tmo/services/commerce/cmd/catalog-image-migrate/main.go:209.23,211.3 1 0
github.com/teamdsb/tmo/services/commerce/cmd/catalog-image-migrate/main.go:212.2,212.22 1 0
github.com/teamdsb/tmo/services/commerce/cmd/catalog-image-migrate/main.go:212.22,214.3 1 0
github.com/teamdsb/tmo/services/commerce/cmd/catalog-image-migrate/main.go:215.2,215.26 1 0
github.com/teamdsb/tmo/services/commerce/cmd/catalog-image-migrate/main.go:215.26,217.3 1 0
github.com/teamdsb/tmo/services/commerce/cmd/catalog-image-migrate/main.go:218.2,218.44 1 0
github.com/teamdsb/tmo/services/commerce/cmd/catalog-image-migrate/main.go:218.44,220.3 1 0
github.com/teamdsb/tmo/services/commerce/cmd/catalog-image-migrate/main.go:221.2,221.48 1 0
github.com/teamdsb/tmo/services/commerce/cmd/catalog-image-migrate/main.go:221.48,223.3 1 0
github.com/teamdsb/tmo/services/commerce/cmd/catalog-image-migrate/main.go:224.2,224.66 1 0
github.com/teamdsb/tmo/services/commerce/cmd/catalog-image-migrate/main.go:224.66,226.3 1 0
github.com/teamdsb/tmo/services/commerce/cmd/catalog-image-migrate/main.go:227.2,227.17 1 0
github.com/teamdsb/tmo/services/commerce/cmd/catalog-image-migrate/main.go:230.93,239.15 4 0
github.com/teamdsb/tmo/services/commerce/cmd/catalog-image-migrate/main.go:239.15,241.3 1 0
github.com/teamdsb/tmo/services/commerce/cmd/catalog-image-migrate/main.go:241.8,243.3 1 0
github.com/teamdsb/tmo/services/commerce/cmd/catalog-image-migrate/main.go:244.2,244.16 1 0
github.com/teamdsb/tmo/services/commerce/cmd/catalog-image-migrate/main.go:244.16,246.3 1 0
github.com/teamdsb/tmo/services/commerce/cmd/catalog-image-migrate/main.go:247.2,250.18 3 0
github.com/teamdsb/tmo/services/commerce/cmd/catalog-image-migrate/main.go:250.18,252.77 2 0
github.com/teamdsb/tmo/services/commerce/cmd/catalog-image-migrate/main.go:252.77,254.4 1 0
github.com/teamdsb/tmo/services/commerce/cmd/catalog-image-migrate/main.go:255.3,255.31 1 0
github.com/teamdsb/tmo/services/commerce/cmd/catalog-image-migrate/main.go:257.2,257.35 1 0
github.com/teamdsb/tmo/services/commerce/cmd/catalog-image-migrate/main.go:257.35,259.3 1 0
github.com/teamdsb/tmo/services/commerce/cmd/catalog-image-migrate/main.go:260.2,260.20 1 0
github.com/teamdsb/tmo/services/commerce/cmd/catalog-image-migrate/main.go:263.80,265.122 2 0
github.com/teamdsb/tmo/services/commerce/cmd/catalog-image-migrate/main.go:265.122,267.3 1 0
github.com/teamdsb/tmo/services/commerce/cmd/catalog-image-migrate/main.go:268.2,268.20 1 0
github.com/teamdsb/tmo/services/commerce/cmd/catalog-image-migrate/main.go:271.104,272.15 1 0
github.com/teamdsb/tmo/services/commerce/cmd/catalog-image-migrate/main.go:272.15,274.3 1 0
github.com/teamdsb/tmo/services/commerce/cmd/catalog-image-migrate/main.go:275.2,291.110 1 0
github.com/teamdsb/tmo/services/commerce/cmd/catalog-image-migrate/main.go:291.110,293.3 1 0
github.com/teamdsb/tmo/services/commerce/cmd/catalog-image-migrate/main.go:294.2,294.12 1 0
github.com/teamdsb/tmo/services/commerce/cmd/catalog-image-migrate/main.go:297.125,298.15 1 0
github.com/teamdsb/tmo/services/commerce/cmd/catalog-image-migrate/main.go:298.15,300.3 1 0
github.com/teamdsb/tmo/services/commerce/cmd/catalog-image-migrate/main.go:301.2,307.50 1 0
github.com/teamdsb/tmo/services/commerce/cmd/catalog-image-migrate/main.go:307.50,309.3 1 0
github.com/teamdsb/tmo/services/commerce/cmd/catalog-image-migrate/main.go:310.2,310.12 1 0
github.com/teamdsb/tmo/services/commerce/cmd/catalog-image-migrate/main.go:313.119,318.26 4 0
github.com/teamdsb/tmo/services/commerce/cmd/catalog-image-migrate/main.go:318.26,321.99 3 0
github.com/teamdsb/tmo/services/commerce/cmd/catalog-image-migrate/main.go:321.99,324.4 2 0
github.com/teamdsb/tmo/services/commerce/cmd/catalog-image-migrate/main.go:327.2,329.24 3 0
github.com/teamdsb/tmo/services/commerce/cmd/catalog-image-migrate/main.go:329.24,332.94 3 0
github.com/teamdsb/tmo/services/commerce/cmd/catalog-image-migrate/main.go:332.94,335.4 2 0
github.com/teamdsb/tmo/services/commerce/cmd/catalog-image-migrate/main.go:338.2,338.48 1 0
github.com/teamdsb/tmo/services/commerce/cmd/catalog-image-migrate/main.go:341.81,346.30 2 0
github.com/teamdsb/tmo/services/commerce/cmd/catalog-image-migrate/main.go:346.30,349.3 2 0
github.com/teamdsb/tmo/services/commerce/cmd/catalog-image-migrate/main.go:351.2,352.16 2 0
github.com/teamdsb/tmo/services/commerce/cmd/catalog-image-migrate/main.go:352.16,356.3 3 0
github.com/teamdsb/tmo/services/commerce/cmd/catalog-image-migrate/main.go:357.2,357.21 1 0
github.com/teamdsb/tmo/services/commerce/cmd/catalog-image-migrate/main.go:357.21,360.3 2 0
github.com/teamdsb/tmo/services/commerce/cmd/catalog-image-migrate/main.go:362.2,363.43 2 0
github.com/teamdsb/tmo/services/commerce/cmd/catalog-image-migrate/main.go:363.43,366.3 2 0
github.com/teamdsb/tmo/services/commerce/cmd/catalog-image-migrate/main.go:368.2,368.32 1 0
github.com/teamdsb/tmo/services/commerce/cmd/catalog-image-migrate/main.go:368.32,372.3 3 0
github.com/teamdsb/tmo/services/commerce/cmd/catalog-image-migrate/main.go:374.2,375.45 2 0
github.com/teamdsb/tmo/services/commerce/cmd/catalog-image-migrate/main.go:375.45,378.3 2 0
github.com/teamdsb/tmo/services/commerce/cmd/catalog-image-migrate/main.go:380.2,381.16 2 0
github.com/teamdsb/tmo/services/commerce/cmd/catalog-image-migrate/main.go:381.16,385.3 3 0
github.com/teamdsb/tmo/services/commerce/cmd/catalog-image-migrate/main.go:386.2,390.16 4 0
github.com/teamdsb/tmo/services/commerce/cmd/catalog-image-migrate/main.go:390.16,394.3 3 0
github.com/teamdsb/tmo/services/commerce/cmd/catalog-image-migrate/main.go:395.2,397.94 2 0
github.com/teamdsb/tmo/services/commerce/cmd/catalog-image-migrate/main.go:397.94,401.3 3 0
github.com/teamdsb/tmo/services/commerce/cmd/catalog-image-migrate/main.go:403.2,404.16 2 0
github.com/teamdsb/tmo/services/commerce/cmd/catalog-image-migrate/main.go:404.16,408.3 3 0
github.com/teamdsb/tmo/services/commerce/cmd/catalog-image-migrate/main.go:409.2,409.38 1 0
github.com/teamdsb/tmo/services/commerce/cmd/catalog-image-migrate/main.go:409.38,413.3 3 0
github.com/teamdsb/tmo/services/commerce/cmd/catalog-image-migrate/main.go:415.2,421.15 6 0
github.com/teamdsb/tmo/services/commerce/cmd/catalog-image-migrate/main.go:421.15,422.67 1 0
github.com/teamdsb/tmo/services/commerce/cmd/catalog-image-migrate/main.go:422.67,426.4 3 0
github.com/teamdsb/tmo/services/commerce/cmd/catalog-image-migrate/main.go:427.3,427.63 1 0
github.com/teamdsb/tmo/services/commerce/cmd/catalog-image-migrate/main.go:427.63,431.4 3 0
github.com/teamdsb/tmo/services/commerce/cmd/catalog-image-migrate/main.go:434.2,438.15 5 0
github.com/teamdsb/tmo/services/commerce/cmd/catalog-image-migrate/main.go:441.59,442.19 1 0
github.com/teamdsb/tmo/services/commerce/cmd/catalog-image-migrate/main.go:442.19,444.3 1 0
github.com/teamdsb/tmo/services/commerce/cmd/catalog-image-migrate/main.go:445.2,446.16 2 0
github.com/teamdsb/tmo/services/commerce/cmd/catalog-image-migrate/main.go:446.16,448.3 1 0
github.com/teamdsb/tmo/services/commerce/cmd/catalog-image-migrate/main.go:449.2,449.60 1 0
github.com/teamdsb/tmo/services/commerce/cmd/catalog-image-migrate/main.go:449.60,451.3 1 0
github.com/teamdsb/tmo/services/commerce/cmd/catalog-image-migrate/main.go:452.2,452.56 1 0
github.com/teamdsb/tmo/services/commerce/cmd/catalog-image-migrate/main.go:452.56,454.3 1 0
github.com/teamdsb/tmo/services/commerce/cmd/catalog-image-migrate/main.go:455.2,456.22 2 0
github.com/teamdsb/tmo/services/commerce/cmd/catalog-image-migrate/main.go:456.22,458.3 1 0
github.com/teamdsb/tmo/services/commerce/cmd/catalog-image-migrate/main.go:459.2,460.82 2 0
github.com/teamdsb/tmo/services/commerce/cmd/catalog-image-migrate/main.go:463.54,464.23 1 0
github.com/teamdsb/tmo/services/commerce/cmd/catalog-image-migrate/main.go:464.23,467.22 3 0
github.com/teamdsb/tmo/services/commerce/cmd/catalog-image-migrate/main.go:467.22,468.82 1 0
github.com/teamdsb/tmo/services/commerce/cmd/catalog-image-migrate/main.go:468.82,471.5 2 0
github.com/teamdsb/tmo/services/commerce/cmd/catalog-image-migrate/main.go:475.2,476.13 2 0
github.com/teamdsb/tmo/services/commerce/cmd/catalog-image-migrate/main.go:477.65,478.13 1 0
github.com/teamdsb/tmo/services/commerce/cmd/catalog-image-migrate/main.go:479.10,480.16 1 0
github.com/teamdsb/tmo/services/commerce/cmd/catalog-image-migrate/main.go:484.46,488.29 4 0
github.com/teamdsb/tmo/services/commerce/cmd/catalog-image-migrate/main.go:488.29,490.17 2 0
github.com/teamdsb/tmo/services/commerce/cmd/catalog-image-migrate/main.go:490.17,491.12 1 0
github.com/teamdsb/tmo/services/commerce/cmd/catalog-image-migrate/main.go:493.3,493.38 1 0
github.com/teamdsb/tmo/services/commerce/cmd/catalog-image-migrate/main.go:493.38,494.12 1 0
github.com/teamdsb/tmo/services/commerce/cmd/catalog-image-migrate/main.go:496.3,497.30 2 0
github.com/teamdsb/tmo/services/commerce/cmd/catalog-image-migrate/main.go:499.2,500.14 2 0
github.com/teamdsb/tmo/services/commerce/cmd/catalog-image-migrate/main.go:503.58,505.22 2 0
github.com/teamdsb/tmo/services/commerce/cmd/catalog-image-migrate/main.go:505.22,507.3 1 0
github.com/teamdsb/tmo/services/commerce/cmd/catalog-image-migrate/main.go:508.2,508.25 1 0
github.com/teamdsb/tmo/services/commerce/cmd/catalog-image-migrate/main.go:508.25,510.3 1 0
github.com/teamdsb/tmo/services/commerce/cmd/catalog-image-migrate/main.go:511.2,511.36 1 0
github.com/teamdsb/tmo/services/commerce/cmd/catalog-image-migrate/main.go:511.36,512.28 1 0
github.com/teamdsb/tmo/services/commerce/cmd/catalog-image-migrate/main.go:512.28,514.4 1 0
github.com/teamdsb/tmo/services/commerce/cmd/catalog-image-migrate/main.go:515.3,515.49 1 0
github.com/teamdsb/tmo/services/commerce/cmd/catalog-image-migrate/main.go:515.49,517.4 1 0
github.com/teamdsb/tmo/services/commerce/cmd/catalog-image-migrate/main.go:519.2,519.14 1 0
github.com/teamdsb/tmo/services/commerce/cmd/catalog-image-migrate/main.go:522.50,524.17 2 0
github.com/teamdsb/tmo/services/commerce/cmd/catalog-image-migrate/main.go:524.17,526.3 1 0
github.com/teamdsb/tmo/services/commerce/cmd/catalog-image-migrate/main.go:527.2,527.14 1 0
github.com/teamdsb/tmo/services/commerce/cmd/catalog-image-migrate/main.go:530.73,532.15 2 0
github.com/teamdsb/tmo/services/commerce/cmd/catalog-image-migrate/main.go:532.15,534.3 1 0
github.com/teamdsb/tmo/services/commerce/cmd/catalog-image-migrate/main.go:535.2,536.31 2 0
github.com/teamdsb/tmo/services/commerce/cmd/catalog-image-migrate/main.go:536.31,538.3 1 0
github.com/teamdsb/tmo/services/commerce/cmd/catalog-image-migrate/main.go:539.2,539.15 1 0
github.com/teamdsb/tmo/services/commerce/cmd/catalog-image-migrate/main.go:542.48,544.15 2 0
github.com/teamdsb/tmo/services/commerce/cmd/catalog-image-migrate/main.go:544.15,546.3 1 0
github.com/teamdsb/tmo/services/commerce/cmd/catalog-image-migrate/main.go:547.2,548.58 2 0
github.com/teamdsb/tmo/services/commerce/cmd/catalog-image-migrate/main.go:548.58,550.3 1 0
github.com/teamdsb/tmo/services/commerce/cmd/catalog-image-migrate/main.go:551.2,551.15 1 0
github.com/teamdsb/tmo/services/commerce/cmd/catalog-image-migrate/main.go:554.54,556.15 2 0
github.com/teamdsb/tmo/services/commerce/cmd/catalog-image-migrate/main.go:556.15,558.3 1 0
github.com/teamdsb/tmo/services/commerce/cmd/catalog-image-migrate/main.go:559.2,560.58 2 0
github.com/teamdsb/tmo/services/commerce/cmd/catalog-image-migrate/main.go:560.58,562.3 1 0
github.com/teamdsb/tmo/services/commerce/cmd/catalog-image-migrate/main.go:563.2,563.15 1 0
github.com/teamdsb/tmo/services/commerce/cmd/catalog-image-migrate/main.go:566.51,568.15 2 0
github.com/teamdsb/tmo/services/commerce/cmd/catalog-image-migrate/main.go:568.15,570.3 1 0
github.com/teamdsb/tmo/services/commerce/cmd/catalog-image-migrate/main.go:571.2,571.13 1 0
github.com/teamdsb/tmo/services/commerce/cmd/catalog-image-migrate/main.go:572.32,573.14 1 0
github.com/teamdsb/tmo/services/commerce/cmd/catalog-image-migrate/main.go:574.33,575.15 1 0
github.com/teamdsb/tmo/services/commerce/cmd/catalog-image-migrate/main.go:576.10,577.18 1 0
github.com/teamdsb/tmo/services/commerce/cmd/catalog-image-migrate/main.go:581.44,582.18 1 0
github.com/teamdsb/tmo/services/commerce/cmd/catalog-image-migrate/main.go:582.18,584.3 1 0
github.com/teamdsb/tmo/services/commerce/cmd/catalog-image-migrate/main.go:585.2,586.16 2 0
github.com/teamdsb/tmo/services/commerce/cmd/catalog-image-migrate/main.go:589.35,592.2 2 0
github.com/teamdsb/tmo/services/commerce/cmd/commerce-seed/main.go:18.13,19.30 1 0
github.com/teamdsb/tmo/services/commerce/cmd/commerce-seed/main.go:19.30,22.3 2 0
github.com/teamdsb/tmo/services/commerce/cmd/commerce-seed/main.go:25.18,27.15 2 0
github.com/teamdsb/tmo/services/commerce/cmd/commerce-seed/main.go:27.15,29.3 1 0
github.com/teamdsb/tmo/services/commerce/cmd/commerce-seed/main.go:31.2,35.16 4 0
github.com/teamdsb/tmo/services/commerce/cmd/commerce-seed/main.go:35.16,37.3 1 0
github.com/teamdsb/tmo/services/commerce/cmd/commerce-seed/main.go:38.2,40.39 2 0
github.com/teamdsb/tmo/services/commerce/cmd/commerce-seed/main.go:40.39,42.3 1 0
github.com/teamdsb/tmo/services/commerce/cmd/commerce-seed/main.go:44.2,45.16 2 0
github.com/teamdsb/tmo/services/commerce/cmd/commerce-seed/main.go:45.16,47.3 1 0
github.com/teamdsb/tmo/services/commerce/cmd/commerce-seed/main.go:48.2,48.15 1 0
github.com/teamdsb/tmo/services/commerce/cmd/commerce-seed/main.go:48.15,50.3 1 0
github.com/teamdsb/tmo/services/commerce/cmd/commerce-seed/main.go:52.2,61.43 8 0
github.com/teamdsb/tmo/services/commerce/cmd/commerce-seed/main.go:61.43,62.59 1 0
github.com/teamdsb/tmo/services/commerce/cmd/commerce-seed/main.go:62.59,64.4 1 0
github.com/teamdsb/tmo/services/commerce/cmd/commerce-seed/main.go:65.3,65.18 1 0
github.com/teamdsb/tmo/services/commerce/cmd/commerce-seed/main.go:68.2,68.40 1 0
github.com/teamdsb/tmo/services/commerce/cmd/commerce-seed/main.go:68.40,69.57 1 0
github.com/teamdsb/tmo/services/commerce/cmd/commerce-seed/main.go:69.57,71.4 1 0
github.com/teamdsb/tmo/services/commerce/cmd/commerce-seed/main.go:72.3,74.36 2 0
github.com/teamdsb/tmo/services/commerce/cmd/commerce-seed/main.go:74.36,76.18 2 0
github.com/teamdsb/tmo/services/commerce/cmd/commerce-seed/main.go:76.18,78.5 1 0
github.com/teamdsb/tmo/services/commerce/cmd/commerce-seed/main.go:79.4,81.40 2 0
github.com/teamdsb/tmo/services/commerce/cmd/commerce-seed/main.go:81.40,82.104 1 0
github.com/teamdsb/tmo/services/commerce/cmd/commerce-seed/main.go:82.104,84.6 1 0
github.com/teamdsb/tmo/services/commerce/cmd/commerce-seed/main.go:85.5,85.21 1 0
github.com/teamdsb/tmo/services/commerce/cmd/commerce-seed/main.go:90.2,90.41 1 0
github.com/teamdsb/tmo/services/commerce/cmd/commerce-seed/main.go:90.41,91.62 1 0
github.com/teamdsb/tmo/services/commerce/cmd/commerce-seed/main.go:91.62,93.4 1 0
github.com/teamdsb/tmo/services/commerce/cmd/commerce-seed/main.go:94.3,96.44 2 0
github.com/teamdsb/tmo/services/commerce/cmd/commerce-seed/main.go:96.44,97.77 1 0
github.com/teamdsb/tmo/services/commerce/cmd/commerce-seed/main.go:97.77,99.5 1 0
github.com/teamdsb/tmo/services/commerce/cmd/commerce-seed/main.go:100.4,100.25 1 0
github.com/teamdsb/tmo/services/commerce/cmd/commerce-seed/main.go:104.2,104.39 1 0
github.com/teamdsb/tmo/services/commerce/cmd/commerce-seed/main.go:104.39,106.3 1 0
github.com/teamdsb/tmo/services/commerce/cmd/commerce-seed/main.go:108.2,117.12 2 0
github.com/teamdsb/tmo/services/commerce/cmd/commerce-seed/main.go:182.78,191.62 1 0
github.com/teamdsb/tmo/services/commerce/cmd/commerce-seed/main.go:191.62,193.3 1 0
github.com/teamdsb/tmo/services/commerce/cmd/commerce-seed/main.go:194.2,194.12 1 0
github.com/teamdsb/tmo/services/commerce/cmd/commerce-seed/main.go:197.76,228.16 1 0
github.com/teamdsb/tmo/services/commerce/cmd/commerce-seed/main.go:228.16,230.3 1 0
github.com/teamdsb/tmo/services/commerce/cmd/commerce-seed/main.go:231.2,231.12 1 0
github.com/teamdsb/tmo/services/commerce/cmd/commerce-seed/main.go:234.102,265.16 1 0
github.com/teamdsb/tmo/services/commerce/cmd/commerce-seed/main.go:265.16,267.3 1 0
github.com/teamdsb/tmo/services/commerce/cmd/commerce-seed/main.go:269.2,270.24 2 0
github.com/teamdsb/tmo/services/commerce/cmd/commerce-seed/main.go:270.24,271.106 1 0
github.com/teamdsb/tmo/services/commerce/cmd/commerce-seed/main.go:271.106,273.4 1 0
github.com/teamdsb/tmo/services/commerce/cmd/commerce-seed/main.go:274.3,274.17 1 0
github.com/teamdsb/tmo/services/commerce/cmd/commerce-seed/main.go:277.2,277.116 1 0
github.com/teamdsb/tmo/services/commerce/cmd/commerce-seed/main.go:277.116,279.3 1 0
github.com/teamdsb/tmo/services/commerce/cmd/commerce-seed/main.go:280.2,280.16 1 0
github.com/teamdsb/tmo/services/commerce/cmd/commerce-seed/main.go:283.126,293.16 3 0
github.com/teamdsb/tmo/services/commerce/cmd/commerce-seed/main.go:293.16,299.48 1 0
github.com/teamdsb/tmo/services/commerce/cmd/commerce-seed/main.go:299.48,301.4 1 0
github.com/teamdsb/tmo/services/commerce/cmd/commerce-seed/main.go:302.3,302.13 1 0
github.com/teamdsb/tmo/services/commerce/cmd/commerce-seed/main.go:304.2,304.36 1 0
github.com/teamdsb/tmo/services/commerce/cmd/commerce-seed/main.go:304.36,306.3 1 0
github.com/teamdsb/tmo/services/commerce/cmd/commerce-seed/main.go:308.2,311.53 1 0
github.com/teamdsb/tmo/services/commerce/cmd/commerce-seed/main.go:311.53,313.3 1 0
github.com/teamdsb/tmo/services/commerce/cmd/commerce-seed/main.go:314.2,314.12 1 0
github.com/teamdsb/tmo/services/commerce/cmd/commerce-seed/main.go:317.86,341.168 1 0
github.com/teamdsb/tmo/services/commerce/cmd/commerce-seed/main.go:341.168,343.3 1 0
github.com/teamdsb/tmo/services/commerce/cmd/commerce-seed/main.go:344.2,344.12 1 0
github.com/teamdsb/tmo/services/commerce/cmd/commerce-seed/main.go:347.111,362.86 1 0
github.com/teamdsb/tmo/services/commerce/cmd/commerce-seed/main.go:362.86,364.3 1 0
github.com/teamdsb/tmo/services/commerce/cmd/commerce-seed/main.go:365.2,365.12 1 0
github.com/teamdsb/tmo/services/commerce/cmd/commerce-seed/main.go:368.37,579.2 11 0
github.com/teamdsb/tmo/services/commerce/cmd/commerce-seed/main.go:589.11,601.2 2 0
github.com/teamdsb/tmo/services/commerce/cmd/commerce-seed/main.go:603.48,609.2 1 0
github.com/teamdsb/tmo/services/commerce/cmd/commerce-seed/main.go:611.36,612.15 1 0
github.com/teamdsb/tmo/services/commerce/cmd/commerce-seed/main.go:612.15,614.3 1 0
github.com/teamdsb/tmo/services/commerce/cmd/commerce-seed/main.go:615.2,615.14 1 0
github.com/teamdsb/tmo/services/commerce/cmd/commerce-seed/main.go:618.31,620.2 1 0
github.com/teamdsb/tmo/services/commerce/cmd/commerce-migrate/main.go:18.13,19.30 1 0
github.com/teamdsb/tmo/services/commerce/cmd/commerce-migrate/main.go:19.30,22.3 2 0
github.com/teamdsb/tmo/services/commerce/cmd/commerce-migrate/main.go:25.18,27.15 2 0
github.com/teamdsb/tmo/services/commerce/cmd/commerce-migrate/main.go:27.15,29.3 1 0
github.com/teamdsb/tmo/services/commerce/cmd/commerce-migrate/main.go:31.2,32.16 2 0
github.com/teamdsb/tmo/services/commerce/cmd/commerce-migrate/main.go:32.16,34.3 1 0
github.com/teamdsb/tmo/services/commerce/cmd/commerce-migrate/main.go:36.2,40.16 4 0
github.com/teamdsb/tmo/services/commerce/cmd/commerce-migrate/main.go:40.16,42.3 1 0
github.com/teamdsb/tmo/services/commerce/cmd/commerce-migrate/main.go:43.2,45.39 2 0
github.com/teamdsb/tmo/services/commerce/cmd/commerce-migrate/main.go:45.39,47.3 1 0
github.com/teamdsb/tmo/services/commerce/cmd/commerce-migrate/main.go:49.2,49.69 1 0
github.com/teamdsb/tmo/services/commerce/cmd/commerce-migrate/main.go:49.69,51.3 1 0
github.com/teamdsb/tmo/services/commerce/cmd/commerce-migrate/main.go:53.2,54.12 2 0
github.com/teamdsb/tmo/services/commerce/cmd/commerce-migrate/main.go:57.45,58.64 1 0
github.com/teamdsb/tmo/services/commerce/cmd/commerce-migrate/main.go:58.64,60.3 1 0
github.com/teamdsb/tmo/services/commerce/cmd/commerce-migrate/main.go:62.2,63.16 2 0
github.com/teamdsb/tmo/services/commerce/cmd/commerce-migrate/main.go:63.16,65.3 1 0
github.com/teamdsb/tmo/services/commerce/cmd/commerce-migrate/main.go:67.2,73.33 2 0
github.com/teamdsb/tmo/services/commerce/cmd/commerce-migrate/main.go:73.33,74.18 1 0
github.com/teamdsb/tmo/services/commerce/cmd/commerce-migrate/main.go:74.18,76.4 1 0
github.com/teamdsb/tmo/services/commerce/cmd/commerce-migrate/main.go:79.2,79.86 1 0
github.com/teamdsb/tmo/services/commerce/cmd/commerce-migrate/main.go:82.30,84.16 2 0
github.com/teamdsb/tmo/services/commerce/cmd/commerce-migrate/main.go:84.16,86.3 1 0
github.com/teamdsb/tmo/services/commerce/cmd/commerce-migrate/main.go:87.2,87.32 1 0
github.com/teamdsb/tmo/services/commerce/cmd/commerce-migrate/main.go:87.32,88.20 1 0
github.com/teamdsb/tmo/services/commerce/cmd/commerce-migrate/main.go:88.20,89.12 1 0
github.com/teamdsb/tmo/services/commerce/cmd/commerce-migrate/main.go:91.3,91.46 1 0
github.com/teamdsb/tmo/services/commerce/cmd/commerce-migrate/main.go:91.46,93.4 1 0
github.com/teamdsb/tmo/services/commerce/cmd/commerce-migrate/main.go:95.2,95.14 1 0
github.com/teamdsb/tmo/services/commerce/cmd/commerce/main.go:26.13,32.63 3 0
github.com/teamdsb/tmo/services/commerce/cmd/commerce/main.go:32.63,35.3 2 0
github.com/teamdsb/tmo/services/commerce/cmd/commerce/main.go:38.43,39.30 1 7
github.com/teamdsb/tmo/services/commerce/cmd/commerce/main.go:40.15,41.25 1 2
github.com/teamdsb/tmo/services/commerce/cmd/commerce/main.go:42.25,43.24 1 2
github.com/teamdsb/tmo/services/commerce/cmd/commerce/main.go:44.15,45.25 1 1
github.com/teamdsb/tmo/services/commerce/cmd/commerce/main.go:46.10,47.24 1 2
github.com/teamdsb/tmo/services/commerce/cmd/commerce/main.go:51.77,58.16 4 0
github.com/teamdsb/tmo/services/commerce/cmd/commerce/main.go:58.16,60.3 1 0
github.com/teamdsb/tmo/services/commerce/cmd/commerce/main.go:61.2,61.15 1 0
github.com/teamdsb/tmo/services/commerce/cmd/commerce/main.go:61.15,64.51 3 0
github.com/teamdsb/tmo/services/commerce/cmd/commerce/main.go:64.51,66.4 1 0
github.com/teamdsb/tmo/services/commerce/cmd/commerce/main.go:69.2,70.16 2 0
github.com/teamdsb/tmo/services/commerce/cmd/commerce/main.go:70.16,72.3 1 0
github.com/teamdsb/tmo/services/commerce/cmd/commerce/main.go:73.2,107.90 9 0
github.com/teamdsb/tmo/services/commerce/cmd/commerce/main.go:107.90,109.3 1 0
github.com/teamdsb/tmo/services/commerce/cmd/commerce/main.go:110.2,115.12 4 0
github.com/teamdsb/tmo/services/commerce/cmd/commerce/main.go:115.12,117.3 1 0
github.com/teamdsb/tmo/services/commerce/cmd/commerce/main.go:119.2,119.9 1 0
github.com/teamdsb/tmo/services/commerce/cmd/commerce/main.go:120.22,121.58 1 0
github.com/teamdsb/tmo/services/commerce/cmd/commerce/main.go:121.58,123.4 1 0
github.com/teamdsb/tmo/services/commerce/cmd/commerce/main.go:124.3,124.13 1 0
github.com/teamdsb/tmo/services/commerce/cmd/commerce/main.go:125.20,126.42 1 0
github.com/teamdsb/tmo/services/commerce/cmd/commerce/main.go:129.2,131.53 3 0
github.com/teamdsb/tmo/services/commerce/cmd/commerce/main.go:131.53,133.3 1 0
github.com/teamdsb/tmo/services/commerce/cmd/commerce/main.go:135.2,135.73 1 0
github.com/teamdsb/tmo/services/commerce/cmd/commerce/main.go:135.73,137.3 1 0
github.com/teamdsb/tmo/services/commerce/cmd/commerce/main.go:139.2,139.12 1 0
github.com/teamdsb/tmo/services/commerce/internal/excel/helpers.go:12.53,14.16 2 0
github.com/teamdsb/tmo/services/commerce/internal/excel/helpers.go:14.16,16.3 1 0
github.com/teamdsb/tmo/services/commerce/internal/excel/helpers.go:17.2,17.15 1 0
github.com/teamdsb/tmo/services/commerce/internal/excel/helpers.go:17.15,19.3 1 0
github.com/teamdsb/tmo/services/commerce/internal/excel/helpers.go:21.2,22.17 2 0
github.com/teamdsb/tmo/services/commerce/internal/excel/helpers.go:22.17,24.3 1 0
github.com/teamdsb/tmo/services/commerce/internal/excel/helpers.go:25.2,26.16 2 0
github.com/teamdsb/tmo/services/commerce/internal/excel/helpers.go:26.16,28.3 1 0
github.com/teamdsb/tmo/services/commerce/internal/excel/helpers.go:29.2,29.20 1 0
github.com/teamdsb/tmo/services/commerce/internal/excel/helpers.go:29.20,31.3 1 0
github.com/teamdsb/tmo/services/commerce/internal/excel/helpers.go:32.2,32.18 1 0
github.com/teamdsb/tmo/services/commerce/internal/excel/helpers.go:35.46,37.39 2 4
github.com/teamdsb/tmo/services/commerce/internal/excel/helpers.go:37.39,38.48 1 47
github.com/teamdsb/tmo/services/commerce/internal/excel/helpers.go:38.48,40.4 1 38
github.com/teamdsb/tmo/services/commerce/internal/excel/helpers.go:41.3,41.12 1 9
github.com/teamdsb/tmo/services/commerce/internal/excel/helpers.go:45.54,47.33 2 0
github.com/teamdsb/tmo/services/commerce/internal/excel/helpers.go:47.33,49.16 2 0
github.com/teamdsb/tmo/services/commerce/internal/excel/helpers.go:49.16,50.12 1 0
github.com/teamdsb/tmo/services/commerce/internal/excel/helpers.go:52.3,52.17 1 0
github.com/teamdsb/tmo/services/commerce/internal/excel/helpers.go:54.2,54.14 1 0
github.com/teamdsb/tmo/services/commerce/internal/excel/helpers.go:57.71,59.9 2 0
github.com/teamdsb/tmo/services/commerce/internal/excel/helpers.go:59.9,61.3 1 0
github.com/teamdsb/tmo/services/commerce/internal/excel/helpers.go:62.2,62.21 1 0
github.com/teamdsb/tmo/services/commerce/internal/excel/helpers.go:62.21,64.3 1 0
github.com/teamdsb/tmo/services/commerce/internal/excel/helpers.go:65.2,65.36 1 0
github.com/teamdsb/tmo/services/commerce/internal/excel/templates.go:16.40,32.2 1 0
github.com/teamdsb/tmo/services/commerce/internal/excel/templates.go:34.44,46.2 1 0
github.com/teamdsb/tmo/services/commerce/internal/excel/templates.go:48.43,71.2 1 0
github.com/teamdsb/tmo/services/commerce/internal/excel/templates.go:73.50,94.2 1 0
github.com/teamdsb/tmo/services/commerce/internal/excel/templates.go:96.50,98.38 2 0
github.com/teamdsb/tmo/services/commerce/internal/excel/templates.go:98.38,100.3 1 0
github.com/teamdsb/tmo/services/commerce/internal/excel/templates.go:101.2,101.16 1 0
github.com/teamdsb/tmo/services/commerce/internal/excel/templates.go:104.93,107.36 3 0
github.com/teamdsb/tmo/services/commerce/internal/excel/templates.go:107.36,109.38 2 0
github.com/teamdsb/tmo/services/commerce/internal/excel/templates.go:109.38,111.4 1 0
github.com/teamdsb/tmo/services/commerce/internal/excel/templates.go:114.2,115.41 2 0
github.com/teamdsb/tmo/services/commerce/internal/excel/templates.go:115.41,117.29 2 0
github.com/teamdsb/tmo/services/commerce/internal/excel/templates.go:117.29,118.51 1 0
github.com/teamdsb/tmo/services/commerce/internal/excel/templates.go:118.51,120.10 2 0
github.com/teamdsb/tmo/services/commerce/internal/excel/templates.go:123.3,123.13 1 0
github.com/teamdsb/tmo/services/commerce/internal/excel/templates.go:123.13,125.4 1 0
github.com/teamdsb/tmo/services/commerce/internal/excel/templates.go:127.2,127.28 1 0
github.com/teamdsb/tmo/services/commerce/internal/excel/templates.go:130.53,132.38 2 0
github.com/teamdsb/tmo/services/commerce/internal/excel/templates.go:132.38,134.3 1 0
github.com/teamdsb/tmo/services/commerce/internal/excel/templates.go:135.2,135.16 1 0
github.com/teamdsb/tmo/services/commerce/internal/excel/templates.go:138.74,140.27 2 0
github.com/teamdsb/tmo/services/commerce/internal/excel/templates.go:140.27,143.19 3 0
github.com/teamdsb/tmo/services/commerce/internal/excel/templates.go:143.19,145.4 1 0
github.com/teamdsb/tmo/services/commerce/internal/excel/templates.go:146.3,146.34 1 0
github.com/teamdsb/tmo/services/commerce/internal/excel/templates.go:148.2,148.15 1 0
github.com/teamdsb/tmo/services/commerce/internal/http/server.go:15.115,40.2 18 2
github.com/teamdsb/tmo/services/commerce/internal/http/server.go:42.63,44.2 1 1
github.com/teamdsb/tmo/services/commerce/internal/config/config.go:31.20,43.2 1 2
github.com/teamdsb/tmo/services/commerce/internal/db/addresses.sql.go:22.90,25.2 2 0
github.com/teamdsb/tmo/services/commerce/internal/db/addresses.sql.go:33.92,38.2 4 0
github.com/teamdsb/tmo/services/commerce/internal/db/addresses.sql.go:65.108,85.2 4 0
github.com/teamdsb/tmo/services/commerce/internal/db/addresses.sql.go:99.108,113.2 4 0
github.com/teamdsb/tmo/services/commerce/internal/db/addresses.sql.go:123.100,137.2 4 0
github.com/teamdsb/tmo/services/commerce/internal/db/addresses.sql.go:151.102,165.2 4 0
github.com/teamdsb/tmo/services/commerce/internal/db/addresses.sql.go:174.99,176.16 2 0
github.com/teamdsb/tmo/services/commerce/internal/db/addresses.sql.go:176.16,178.3 1 0
github.com/teamdsb/tmo/services/commerce/internal/db/addresses.sql.go:179.2,181.18 3 0
github.com/teamdsb/tmo/services/commerce/internal/db/addresses.sql.go:181.18,192.17 2 0
github.com/teamdsb/tmo/services/commerce/internal/db/addresses.sql.go:192.17,194.4 1 0
github.com/teamdsb/tmo/services/commerce/internal/db/addresses.sql.go:195.3,195.27 1 0
github.com/teamdsb/tmo/services/commerce/internal/db/addresses.sql.go:197.2,197.35 1 0
github.com/teamdsb/tmo/services/commerce/internal/db/addresses.sql.go:197.35,199.3 1 0
github.com/teamdsb/tmo/services/commerce/internal/db/addresses.sql.go:200.2,200.19 1 0
github.com/teamdsb/tmo/services/commerce/internal/db/addresses.sql.go:218.116,232.2 4 0
github.com/teamdsb/tmo/services/commerce/internal/db/addresses.sql.go:255.108,276.2 4 0
github.com/teamdsb/tmo/services/commerce/internal/db/after_sales.sql.go:21.99,26.2 4 0
github.com/teamdsb/tmo/services/commerce/internal/db/after_sales.sql.go:44.112,54.2 4 0
github.com/teamdsb/tmo/services/commerce/internal/db/after_sales.sql.go:78.126,95.2 4 0
github.com/teamdsb/tmo/services/commerce/internal/db/after_sales.sql.go:131.123,157.2 4 0
github.com/teamdsb/tmo/services/commerce/internal/db/after_sales.sql.go:165.100,182.2 4 0
github.com/teamdsb/tmo/services/commerce/internal/db/after_sales.sql.go:198.126,200.16 2 0
github.com/teamdsb/tmo/services/commerce/internal/db/after_sales.sql.go:200.16,202.3 1 0
github.com/teamdsb/tmo/services/commerce/internal/db/after_sales.sql.go:203.2,205.18 3 0
github.com/teamdsb/tmo/services/commerce/internal/db/after_sales.sql.go:205.18,214.17 2 0
github.com/teamdsb/tmo/services/commerce/internal/db/after_sales.sql.go:214.17,216.4 1 0
github.com/teamdsb/tmo/services/commerce/internal/db/after_sales.sql.go:217.3,217.27 1 0
github.com/teamdsb/tmo/services/commerce/internal/db/after_sales.sql.go:219.2,219.35 1 0
github.com/teamdsb/tmo/services/commerce/internal/db/after_sales.sql.go:219.35,221.3 1 0
github.com/teamdsb/tmo/services/commerce/internal/db/after_sales.sql.go:222.2,222.19 1 0
github.com/teamdsb/tmo/services/commerce/internal/db/after_sales.sql.go:245.123,254.16 2 0
github.com/teamdsb/tmo/services/commerce/internal/db/after_sales.sql.go:254.16,256.3 1 0
github.com/teamdsb/tmo/services/commerce/internal/db/after_sales.sql.go:257.2,259.18 3 0
github.com/teamdsb/tmo/services/commerce/internal/db/after_sales.sql.go:259.18,273.17 2 0
github.com/teamdsb/tmo/services/commerce/internal/db/after_sales.sql.go:273.17,275.4 1 0
github.com/teamdsb/tmo/services/commerce/internal/db/after_sales.sql.go:276.3,276.27 1 0
github.com/teamdsb/tmo/services/commerce/internal/db/after_sales.sql.go:278.2,278.35 1 0
github.com/teamdsb/tmo/services/commerce/internal/db/after_sales.sql.go:278.35,280.3 1 0
github.com/teamdsb/tmo/services/commerce/internal/db/after_sales.sql.go:281.2,281.19 1 0
github.com/teamdsb/tmo/services/commerce/internal/db/after_sales.sql.go:303.123,325.2 4 0
github.com/teamdsb/tmo/services/commerce/internal/db/cart.sql.go:24.87,27.2 2 0
github.com/teamdsb/tmo/services/commerce/internal/db/cart.sql.go:40.105,43.2 2 0
github.com/teamdsb/tmo/services/commerce/internal/db/cart.sql.go:52.97,54.16 2 0
github.com/teamdsb/tmo/services/commerce/internal/db/cart.sql.go:54.16,56.3 1 0
github.com/teamdsb/tmo/services/commerce/internal/db/cart.sql.go:57.2,59.18 3 0
github.com/teamdsb/tmo/services/commerce/internal/db/cart.sql.go:59.18,68.17 2 0
github.com/teamdsb/tmo/services/commerce/internal/db/cart.sql.go:68.17,70.4 1 0
github.com/teamdsb/tmo/services/commerce/internal/db/cart.sql.go:71.3,71.27 1 0
github.com/teamdsb/tmo/services/commerce/internal/db/cart.sql.go:73.2,73.35 1 0
github.com/teamdsb/tmo/services/commerce/internal/db/cart.sql.go:73.35,75.3 1 0
github.com/teamdsb/tmo/services/commerce/internal/db/cart.sql.go:76.2,76.19 1 0
github.com/teamdsb/tmo/services/commerce/internal/db/cart.sql.go:92.105,104.2 4 0
github.com/teamdsb/tmo/services/commerce/internal/db/cart.sql.go:127.99,139.2 4 0
github.com/teamdsb/tmo/services/commerce/internal/db/cart_import.sql.go:40.114,60.2 4 0
github.com/teamdsb/tmo/services/commerce/internal/db/cart_import.sql.go:105.114,137.2 4 0
github.com/teamdsb/tmo/services/commerce/internal/db/cart_import.sql.go:145.94,159.2 4 0
github.com/teamdsb/tmo/services/commerce/internal/db/cart_import.sql.go:168.101,170.16 2 0
github.com/teamdsb/tmo/services/commerce/internal/db/cart_import.sql.go:170.16,172.3 1 0
github.com/teamdsb/tmo/services/commerce/internal/db/cart_import.sql.go:173.2,175.18 3 0
github.com/teamdsb/tmo/services/commerce/internal/db/cart_import.sql.go:175.18,192.17 2 0
github.com/teamdsb/tmo/services/commerce/internal/db/cart_import.sql.go:192.17,194.4 1 0
github.com/teamdsb/tmo/services/commerce/internal/db/cart_import.sql.go:195.3,195.27 1 0
github.com/teamdsb/tmo/services/commerce/internal/db/cart_import.sql.go:197.2,197.35 1 0
github.com/teamdsb/tmo/services/commerce/internal/db/cart_import.sql.go:197.35,199.3 1 0
github.com/teamdsb/tmo/services/commerce/internal/db/cart_import.sql.go:200.2,200.19 1 0
github.com/teamdsb/tmo/services/commerce/internal/db/cart_import.sql.go:221.109,230.2 2 0
github.com/teamdsb/tmo/services/commerce/internal/db/cart_import.sql.go:247.115,255.2 2 0
github.com/teamdsb/tmo/services/commerce/internal/db/catalog.sql.go:27.94,32.2 4 0
github.com/teamdsb/tmo/services/commerce/internal/db/catalog.sql.go:65.103,89.2 4 0
github.com/teamdsb/tmo/services/commerce/internal/db/catalog.sql.go:96.83,98.16 2 0
github.com/teamdsb/tmo/services/commerce/internal/db/catalog.sql.go:98.16,100.3 1 0
github.com/teamdsb/tmo/services/commerce/internal/db/catalog.sql.go:101.2,101.35 1 0
github.com/teamdsb/tmo/services/commerce/internal/db/catalog.sql.go:110.89,126.2 4 0
github.com/teamdsb/tmo/services/commerce/internal/db/catalog.sql.go:144.103,151.16 2 0
github.com/teamdsb/tmo/services/commerce/internal/db/catalog.sql.go:151.16,153.3 1 0
github.com/teamdsb/tmo/services/commerce/internal/db/catalog.sql.go:154.2,156.18 3 0
github.com/teamdsb/tmo/services/commerce/internal/db/catalog.sql.go:156.18,169.17 2 0
github.com/teamdsb/tmo/services/commerce/internal/db/catalog.sql.go:169.17,171.4 1 0
github.com/teamdsb/tmo/services/commerce/internal/db/catalog.sql.go:172.3,172.27 1 0
github.com/teamdsb/tmo/services/commerce/internal/db/catalog.sql.go:174.2,174.35 1 0
github.com/teamdsb/tmo/services/commerce/internal/db/catalog.sql.go:174.35,176.3 1 0
github.com/teamdsb/tmo/services/commerce/internal/db/catalog.sql.go:177.2,177.19 1 0
github.com/teamdsb/tmo/services/commerce/internal/db/catalog.sql.go:205.103,230.2 4 0
github.com/teamdsb/tmo/services/commerce/internal/db/catalog_categories.sql.go:34.106,46.2 4 0
github.com/teamdsb/tmo/services/commerce/internal/db/catalog_categories.sql.go:53.84,55.16 2 0
github.com/teamdsb/tmo/services/commerce/internal/db/catalog_categories.sql.go:55.16,57.3 1 0
github.com/teamdsb/tmo/services/commerce/internal/db/catalog_categories.sql.go:58.2,58.35 1 0
github.com/teamdsb/tmo/services/commerce/internal/db/catalog_categories.sql.go:67.91,79.2 4 0
github.com/teamdsb/tmo/services/commerce/internal/db/catalog_categories.sql.go:87.82,89.16 2 0
github.com/teamdsb/tmo/services/commerce/internal/db/catalog_categories.sql.go:89.16,91.3 1 0
github.com/teamdsb/tmo/services/commerce/internal/db/catalog_categories.sql.go:92.2,94.18 3 0
github.com/teamdsb/tmo/services/commerce/internal/db/catalog_categories.sql.go:94.18,103.17 2 0
github.com/teamdsb/tmo/services/commerce/internal/db/catalog_categories.sql.go:103.17,105.4 1 0
github.com/teamdsb/tmo/services/commerce/internal/db/catalog_categories.sql.go:106.3,106.27 1 0
github.com/teamdsb/tmo/services/commerce/internal/db/catalog_categories.sql.go:108.2,108.35 1 0
github.com/teamdsb/tmo/services/commerce/internal/db/catalog_categories.sql.go:108.35,110.3 1 0
github.com/teamdsb/tmo/services/commerce/internal/db/catalog_categories.sql.go:111.2,111.19 1 0
github.com/teamdsb/tmo/services/commerce/internal/db/catalog_categories.sql.go:135.106,153.2 4 0
github.com/teamdsb/tmo/services/commerce/internal/db/catalog_price_tiers.sql.go:36.109,54.2 4 0
github.com/teamdsb/tmo/services/commerce/internal/db/catalog_price_tiers.sql.go:61.94,63.16 2 0
github.com/teamdsb/tmo/services/commerce/internal/db/catalog_price_tiers.sql.go:63.16,65.3 1 0
github.com/teamdsb/tmo/services/commerce/internal/db/catalog_price_tiers.sql.go:66.2,66.35 1 0
github.com/teamdsb/tmo/services/commerce/internal/db/catalog_price_tiers.sql.go:76.105,78.16 2 0
github.com/teamdsb/tmo/services/commerce/internal/db/catalog_price_tiers.sql.go:78.16,80.3 1 0
github.com/teamdsb/tmo/services/commerce/internal/db/catalog_price_tiers.sql.go:81.2,83.18 3 0
github.com/teamdsb/tmo/services/commerce/internal/db/catalog_price_tiers.sql.go:83.18,93.17 2 0
github.com/teamdsb/tmo/services/commerce/internal/db/catalog_price_tiers.sql.go:93.17,95.4 1 0
github.com/teamdsb/tmo/services/commerce/internal/db/catalog_price_tiers.sql.go:96.3,96.27 1 0
github.com/teamdsb/tmo/services/commerce/internal/db/catalog_price_tiers.sql.go:98.2,98.35 1 0
github.com/teamdsb/tmo/services/commerce/internal/db/catalog_price_tiers.sql.go:98.35,100.3 1 0
github.com/teamdsb/tmo/services/commerce/internal/db/catalog_price_tiers.sql.go:101.2,101.19 1 0
github.com/teamdsb/tmo/services/commerce/internal/db/catalog_price_tiers.sql.go:111.111,113.16 2 0
github.com/teamdsb/tmo/services/commerce/internal/db/catalog_price_tiers.sql.go:113.16,115.3 1 0
github.com/teamdsb/tmo/services/commerce/internal/db/catalog_price_tiers.sql.go:116.2,118.18 3 0
github.com/teamdsb/tmo/services/commerce/internal/db/catalog_price_tiers.sql.go:118.18,128.17 2 0
github.com/teamdsb/tmo/services/commerce/internal/db/catalog_price_tiers.sql.go:128.17,130.4 1 0
github.com/teamdsb/tmo/services/commerce/internal/db/catalog_price_tiers.sql.go:131.3,131.27 1 0
github.com/teamdsb/tmo/services/commerce/internal/db/catalog_price_tiers.sql.go:133.2,133.35 1 0
github.com/teamdsb/tmo/services/commerce/internal/db/catalog_price_tiers.sql.go:133.35,135.3 1 0
github.com/teamdsb/tmo/services/commerce/internal/db/catalog_price_tiers.sql.go:136.2,136.19 1 0
github.com/teamdsb/tmo/services/commerce/internal/db/catalog_skus.sql.go:46.91,70.2 4 0
github.com/teamdsb/tmo/services/commerce/internal/db/catalog_skus.sql.go:78.98,80.16 2 0
github.com/teamdsb/tmo/services/commerce/internal/db/catalog_skus.sql.go:80.16,82.3 1 0
github.com/teamdsb/tmo/services/commerce/internal/db/catalog_skus.sql.go:83.2,85.18 3 0
github.com/teamdsb/tmo/services/commerce/internal/db/catalog_skus.sql.go:85.18,98.17 2 0
github.com/teamdsb/tmo/services/commerce/internal/db/catalog_skus.sql.go:98.17,100.4 1 0
github.com/teamdsb/tmo/services/commerce/internal/db/catalog_skus.sql.go:101.3,101.27 1 0
github.com/teamdsb/tmo/services/commerce/internal/db/catalog_skus.sql.go:103.2,103.35 1 0
github.com/teamdsb/tmo/services/commerce/internal/db/catalog_skus.sql.go:103.35,105.3 1 0
github.com/teamdsb/tmo/services/commerce/internal/db/catalog_skus.sql.go:106.2,106.19 1 0
github.com/teamdsb/tmo/services/commerce/internal/db/catalog_skus.sql.go:115.90,117.16 2 0
github.com/teamdsb/tmo/services/commerce/internal/db/catalog_skus.sql.go:117.16,119.3 1 0
github.com/teamdsb/tmo/services/commerce/internal/db/catalog_skus.sql.go:120.2,122.18 3 0
github.com/teamdsb/tmo/services/commerce/internal/db/catalog_skus.sql.go:122.18,135.17 2 0
github.com/teamdsb/tmo/services/commerce/internal/db/catalog_skus.sql.go:135.17,137.4 1 0
github.com/teamdsb/tmo/services/commerce/internal/db/catalog_skus.sql.go:138.3,138.27 1 0
github.com/teamdsb/tmo/services/commerce/internal/db/catalog_skus.sql.go:140.2,140.35 1 0
github.com/teamdsb/tmo/services/commerce/internal/db/catalog_skus.sql.go:140.35,142.3 1 0
github.com/teamdsb/tmo/services/commerce/internal/db/catalog_skus.sql.go:143.2,143.19 1 0
github.com/teamdsb/tmo/services/commerce/internal/db/catalog_skus.sql.go:158.117,160.16 2 0
github.com/teamdsb/tmo/services/commerce/internal/db/catalog_skus.sql.go:160.16,162.3 1 0
github.com/teamdsb/tmo/services/commerce/internal/db/catalog_skus.sql.go:163.2,165.18 3 0
github.com/teamdsb/tmo/services/commerce/internal/db/catalog_skus.sql.go:165.18,178.17 2 0
github.com/teamdsb/tmo/services/commerce/internal/db/catalog_skus.sql.go:178.17,180.4 1 0
github.com/teamdsb/tmo/services/commerce/internal/db/catalog_skus.sql.go:181.3,181.27 1 0
github.com/teamdsb/tmo/services/commerce/internal/db/catalog_skus.sql.go:183.2,183.35 1 0
github.com/teamdsb/tmo/services/commerce/internal/db/catalog_skus.sql.go:183.35,185.3 1 0
github.com/teamdsb/tmo/services/commerce/internal/db/catalog_skus.sql.go:186.2,186.19 1 0
github.com/teamdsb/tmo/services/commerce/internal/db/catalog_skus.sql.go:196.101,198.16 2 0
github.com/teamdsb/tmo/services/commerce/internal/db/catalog_skus.sql.go:198.16,200.3 1 0
github.com/teamdsb/tmo/services/commerce/internal/db/catalog_skus.sql.go:201.2,203.18 3 0
github.com/teamdsb/tmo/services/commerce/internal/db/catalog_skus.sql.go:203.18,216.17 2 0
github.com/teamdsb/tmo/services/commerce/internal/db/catalog_skus.sql.go:216.17,218.4 1 0
github.com/teamdsb/tmo/services/commerce/internal/db/catalog_skus.sql.go:219.3,219.27 1 0
github.com/teamdsb/tmo/services/commerce/internal/db/catalog_skus.sql.go:221.2,221.35 1 0
github.com/teamdsb/tmo/services/commerce/internal/db/catalog_skus.sql.go:221.35,223.3 1 0
github.com/teamdsb/tmo/services/commerce/internal/db/catalog_skus.sql.go:224.2,224.19 1 0
github.com/teamdsb/tmo/services/commerce/internal/db/catalog_skus.sql.go:233.97,235.16 2 0
github.com/teamdsb/tmo/services/commerce/internal/db/catalog_skus.sql.go:235.16,237.3 1 0
github.com/teamdsb/tmo/services/commerce/internal/db/catalog_skus.sql.go:238.2,240.18 3 0
github.com/teamdsb/tmo/services/commerce/internal/db/catalog_skus.sql.go:240.18,253.17 2 0
github.com/teamdsb/tmo/services/commerce/internal/db/catalog_skus.sql.go:253.17,255.4 1 0
github.com/teamdsb/tmo/services/commerce/internal/db/catalog_skus.sql.go:256.3,256.27 1 0
github.com/teamdsb/tmo/services/commerce/internal/db/catalog_skus.sql.go:258.2,258.35 1 0
github.com/teamdsb/tmo/services/commerce/internal/db/catalog_skus.sql.go:258.35,260.3 1 0
github.com/teamdsb/tmo/services/commerce/internal/db/catalog_skus.sql.go:261.2,261.19 1 0
github.com/teamdsb/tmo/services/commerce/internal/db/catalog_skus.sql.go:287.91,311.2 4 0
github.com/teamdsb/tmo/services/commerce/internal/db/conn.go:11.70,13.2 1 0
github.com/teamdsb/tmo/services/commerce/internal/db/conn.go:15.59,17.2 1 0
github.com/teamdsb/tmo/services/commerce/internal/db/db.go:20.28,22.2 1 0
github.com/teamdsb/tmo/services/commerce/internal/db/db.go:28.46,32.2 1 0
github.com/teamdsb/tmo/services/commerce/internal/db/import_jobs.sql.go:43.102,65.2 4 0
github.com/teamdsb/tmo/services/commerce/internal/db/import_jobs.sql.go:86.106,107.2 4 0
github.com/teamdsb/tmo/services/commerce/internal/db/import_jobs.sql.go:115.86,130.2 4 0
github.com/teamdsb/tmo/services/commerce/internal/db/import_jobs.sql.go:147.114,162.2 4 0
github.com/teamdsb/tmo/services/commerce/internal/db/inquiries.sql.go:21.97,26.2 4 0
github.com/teamdsb/tmo/services/commerce/internal/db/inquiries.sql.go:42.106,47.2 4 0
github.com/teamdsb/tmo/services/commerce/internal/db/inquiries.sql.go:71.117,88.2 4 0
github.com/teamdsb/tmo/services/commerce/internal/db/inquiries.sql.go:124.111,150.2 4 0
github.com/teamdsb/tmo/services/commerce/internal/db/inquiries.sql.go:158.92,175.2 4 0
github.com/teamdsb/tmo/services/commerce/internal/db/inquiries.sql.go:191.117,193.16 2 0
github.com/teamdsb/tmo/services/commerce/internal/db/inquiries.sql.go:193.16,195.3 1 0
github.com/teamdsb/tmo/services/commerce/internal/db/inquiries.sql.go:196.2,198.18 3 0
github.com/teamdsb/tmo/services/commerce/internal/db/inquiries.sql.go:198.18,207.17 2 0
github.com/teamdsb/tmo/services/commerce/internal/db/inquiries.sql.go:207.17,209.4 1 0
github.com/teamdsb/tmo/services/commerce/internal/db/inquiries.sql.go:210.3,210.27 1 0
github.com/teamdsb/tmo/services/commerce/internal/db/inquiries.sql.go:212.2,212.35 1 0
github.com/teamdsb/tmo/services/commerce/internal/db/inquiries.sql.go:212.35,214.3 1 0
github.com/teamdsb/tmo/services/commerce/internal/db/inquiries.sql.go:215.2,215.19 1 0
github.com/teamdsb/tmo/services/commerce/internal/db/inquiries.sql.go:236.113,244.16 2 0
github.com/teamdsb/tmo/services/commerce/internal/db/inquiries.sql.go:244.16,246.3 1 0
github.com/teamdsb/tmo/services/commerce/internal/db/inquiries.sql.go:247.2,249.18 3 0
github.com/teamdsb/tmo/services/commerce/internal/db/inquiries.sql.go:249.18,263.17 2 0
github.com/teamdsb/tmo/services/commerce/internal/db/inquiries.sql.go:263.17,265.4 1 0
github.com/teamdsb/tmo/services/commerce/internal/db/inquiries.sql.go:266.3,266.27 1 0
github.com/teamdsb/tmo/services/commerce/internal/db/inquiries.sql.go:268.2,268.35 1 0
github.com/teamdsb/tmo/services/commerce/internal/db/inquiries.sql.go:268.35,270.3 1 0
github.com/teamdsb/tmo/services/commerce/internal/db/inquiries.sql.go:271.2,271.19 1 0
github.com/teamdsb/tmo/services/commerce/internal/db/inquiries.sql.go:299.111,323.2 4 0
github.com/teamdsb/tmo/services/commerce/internal/db/migrations.go:14.91,17.16 3 0
github.com/teamdsb/tmo/services/commerce/internal/db/migrations.go:17.16,19.3 1 0
github.com/teamdsb/tmo/services/commerce/internal/db/migrations.go:20.2,20.21 1 0
github.com/teamdsb/tmo/services/commerce/internal/db/migrations.go:20.21,22.3 1 0
github.com/teamdsb/tmo/services/commerce/internal/db/migrations.go:24.2,25.29 2 0
github.com/teamdsb/tmo/services/commerce/internal/db/migrations.go:25.29,28.17 2 0
github.com/teamdsb/tmo/services/commerce/internal/db/migrations.go:28.17,30.4 1 0
github.com/teamdsb/tmo/services/commerce/internal/db/migrations.go:32.3,34.40 3 0
github.com/teamdsb/tmo/services/commerce/internal/db/migrations.go:34.40,35.55 1 0
github.com/teamdsb/tmo/services/commerce/internal/db/migrations.go:35.55,37.5 1 0
github.com/teamdsb/tmo/services/commerce/internal/db/migrations.go:41.2,41.12 1 0
github.com/teamdsb/tmo/services/commerce/internal/db/migrations.go:44.44,48.29 4 0
github.com/teamdsb/tmo/services/commerce/internal/db/migrations.go:48.29,50.49 2 0
github.com/teamdsb/tmo/services/commerce/internal/db/migrations.go:50.49,52.12 2 0
github.com/teamdsb/tmo/services/commerce/internal/db/migrations.go:54.3,54.51 1 0
github.com/teamdsb/tmo/services/commerce/internal/db/migrations.go:54.51,55.9 1 0
github.com/teamdsb/tmo/services/commerce/internal/db/migrations.go:57.3,57.12 1 0
github.com/teamdsb/tmo/services/commerce/internal/db/migrations.go:57.12,58.12 1 0
github.com/teamdsb/tmo/services/commerce/internal/db/migrations.go:60.3,60.46 1 0
github.com/teamdsb/tmo/services/commerce/internal/db/migrations.go:60.46,61.12 1 0
github.com/teamdsb/tmo/services/commerce/internal/db/migrations.go:63.3,64.28 2 0
github.com/teamdsb/tmo/services/commerce/internal/db/migrations.go:66.2,66.25 1 0
github.com/teamdsb/tmo/services/commerce/internal/db/migrations.go:69.46,81.34 10 0
github.com/teamdsb/tmo/services/commerce/internal/db/migrations.go:81.34,84.20 2 0
github.com/teamdsb/tmo/services/commerce/internal/db/migrations.go:84.20,86.18 2 0
github.com/teamdsb/tmo/services/commerce/internal/db/migrations.go:86.18,88.5 1 0
github.com/teamdsb/tmo/services/commerce/internal/db/migrations.go:89.4,89.12 1 0
github.com/teamdsb/tmo/services/commerce/internal/db/migrations.go:92.3,92.21 1 0
github.com/teamdsb/tmo/services/commerce/internal/db/migrations.go:92.21,94.58 2 0
github.com/teamdsb/tmo/services/commerce/internal/db/migrations.go:94.58,98.5 3 0
github.com/teamdsb/tmo/services/commerce/internal/db/migrations.go:99.4,99.12 1 0
github.com/teamdsb/tmo/services/commerce/internal/db/migrations.go:102.3,102.15 1 0
github.com/teamdsb/tmo/services/commerce/internal/db/migrations.go:102.15,103.54 1 0
github.com/teamdsb/tmo/services/commerce/internal/db/migrations.go:103.54,104.47 1 0
github.com/teamdsb/tmo/services/commerce/internal/db/migrations.go:104.47,106.6 1 0
github.com/teamdsb/tmo/services/commerce/internal/db/migrations.go:107.5,110.13 4 0
github.com/teamdsb/tmo/services/commerce/internal/db/migrations.go:112.4,113.12 2 0
github.com/teamdsb/tmo/services/commerce/internal/db/migrations.go:116.3,116.15 1 0
github.com/teamdsb/tmo/services/commerce/internal/db/migrations.go:116.15,118.18 2 0
github.com/teamdsb/tmo/services/commerce/internal/db/migrations.go:118.18,119.47 1 0
github.com/teamdsb/tmo/services/commerce/internal/db/migrations.go:119.47,122.14 3 0
github.com/teamdsb/tmo/services/commerce/internal/db/migrations.go:124.5,124.21 1 0
github.com/teamdsb/tmo/services/commerce/internal/db/migrations.go:126.4,126.12 1 0
github.com/teamdsb/tmo/services/commerce/internal/db/migrations.go:129.3,129.15 1 0
github.com/teamdsb/tmo/services/commerce/internal/db/migrations.go:129.15,131.17 2 0
github.com/teamdsb/tmo/services/commerce/internal/db/migrations.go:131.17,132.46 1 0
github.com/teamdsb/tmo/services/commerce/internal/db/migrations.go:132.46,135.14 3 0
github.com/teamdsb/tmo/services/commerce/internal/db/migrations.go:137.5,137.21 1 0
github.com/teamdsb/tmo/services/commerce/internal/db/migrations.go:139.4,139.12 1 0
github.com/teamdsb/tmo/services/commerce/internal/db/migrations.go:142.3,142.57 1 0
github.com/teamdsb/tmo/services/commerce/internal/db/migrations.go:142.57,147.12 5 0
github.com/teamdsb/tmo/services/commerce/internal/db/migrations.go:149.3,149.57 1 0
github.com/teamdsb/tmo/services/commerce/internal/db/migrations.go:149.57,154.12 5 0
github.com/teamdsb/tmo/services/commerce/internal/db/migrations.go:156.3,156.17 1 0
github.com/teamdsb/tmo/services/commerce/internal/db/migrations.go:156.17,159.12 3 0
github.com/teamdsb/tmo/services/commerce/internal/db/migrations.go:161.3,161.16 1 0
github.com/teamdsb/tmo/services/commerce/internal/db/migrations.go:161.16,164.12 3 0
github.com/teamdsb/tmo/services/commerce/internal/db/migrations.go:166.3,166.16 1 0
github.com/teamdsb/tmo/services/commerce/internal/db/migrations.go:166.16,167.47 1 0
github.com/teamdsb/tmo/services/commerce/internal/db/migrations.go:167.47,172.13 5 0
github.com/teamdsb/tmo/services/commerce/internal/db/migrations.go:176.3,176.16 1 0
github.com/teamdsb/tmo/services/commerce/internal/db/migrations.go:176.16,178.23 2 0
github.com/teamdsb/tmo/services/commerce/internal/db/migrations.go:178.23,180.5 1 0
github.com/teamdsb/tmo/services/commerce/internal/db/migrations.go:181.4,182.12 2 0
github.com/teamdsb/tmo/services/commerce/internal/db/migrations.go:185.3,185.24 1 0
github.com/teamdsb/tmo/services/commerce/internal/db/migrations.go:188.2,189.16 2 0
github.com/teamdsb/tmo/services/commerce/internal/db/migrations.go:189.16,191.3 1 0
github.com/teamdsb/tmo/services/commerce/internal/db/migrations.go:193.2,193.19 1 0
github.com/teamdsb/tmo/services/commerce/internal/db/migrations.go:196.61,197.25 1 0
github.com/teamdsb/tmo/services/commerce/internal/db/migrations.go:197.25,199.3 1 0
github.com/teamdsb/tmo/services/commerce/internal/db/migrations.go:200.2,200.42 1 0
github.com/teamdsb/tmo/services/commerce/internal/db/migrations.go:200.42,201.22 1 0
github.com/teamdsb/tmo/services/commerce/internal/db/migrations.go:201.22,204.4 2 0
github.com/teamdsb/tmo/services/commerce/internal/db/migrations.go:205.3,205.139 1 0
github.com/teamdsb/tmo/services/commerce/internal/db/migrations.go:205.139,207.4 1 0
github.com/teamdsb/tmo/services/commerce/internal/db/migrations.go:209.2,209.18 1 0
github.com/teamdsb/tmo/services/commerce/internal/db/migrations.go:212.61,213.15 1 0
github.com/teamdsb/tmo/services/commerce/internal/db/migrations.go:213.15,215.3 1 0
github.com/teamdsb/tmo/services/commerce/internal/db/migrations.go:216.2,217.38 2 0
github.com/teamdsb/tmo/services/commerce/internal/db/migrations.go:217.38,219.3 1 0
github.com/teamdsb/tmo/services/commerce/internal/db/migrations.go:220.2,220.26 1 0
github.com/teamdsb/tmo/services/commerce/internal/db/migrations.go:220.26,221.36 1 0
github.com/teamdsb/tmo/services/commerce/internal/db/migrations.go:221.36,223.4 1 0
github.com/teamdsb/tmo/services/commerce/internal/db/migrations.go:225.2,225.13 1 0
github.com/teamdsb/tmo/services/commerce/internal/db/migrations.go:228.35,229.61 1 0
github.com/teamdsb/tmo/services/commerce/internal/db/migrations.go:229.61,231.3 1 0
github.com/teamdsb/tmo/services/commerce/internal/db/migrations.go:232.2,232.19 1 0
github.com/teamdsb/tmo/services/commerce/internal/db/migrations.go:232.19,234.3 1 0
github.com/teamdsb/tmo/services/commerce/internal/db/migrations.go:235.2,235.34 1 0
github.com/teamdsb/tmo/services/commerce/internal/db/migrations.go:235.34,237.97 2 0
github.com/teamdsb/tmo/services/commerce/internal/db/migrations.go:237.97,239.4 1 0
github.com/teamdsb/tmo/services/commerce/internal/db/migrations.go:241.2,241.13 1 0
github.com/teamdsb/tmo/services/commerce/internal/db/orders.sql.go:30.90,35.2 4 0
github.com/teamdsb/tmo/services/commerce/internal/db/orders.sql.go:68.90,95.2 4 0
github.com/teamdsb/tmo/services/commerce/internal/db/orders.sql.go:119.102,137.2 4 0
github.com/teamdsb/tmo/services/commerce/internal/db/orders.sql.go:145.78,164.2 4 0
github.com/teamdsb/tmo/services/commerce/internal/db/orders.sql.go:177.116,196.2 4 0
github.com/teamdsb/tmo/services/commerce/internal/db/orders.sql.go:205.95,207.16 2 0
github.com/teamdsb/tmo/services/commerce/internal/db/orders.sql.go:207.16,209.3 1 0
github.com/teamdsb/tmo/services/commerce/internal/db/orders.sql.go:210.2,212.18 3 0
github.com/teamdsb/tmo/services/commerce/internal/db/orders.sql.go:212.18,222.17 2 0
github.com/teamdsb/tmo/services/commerce/internal/db/orders.sql.go:222.17,224.4 1 0
github.com/teamdsb/tmo/services/commerce/internal/db/orders.sql.go:225.3,225.27 1 0
github.com/teamdsb/tmo/services/commerce/internal/db/orders.sql.go:227.2,227.35 1 0
github.com/teamdsb/tmo/services/commerce/internal/db/orders.sql.go:227.35,229.3 1 0
github.com/teamdsb/tmo/services/commerce/internal/db/orders.sql.go:230.2,230.19 1 0
github.com/teamdsb/tmo/services/commerce/internal/db/orders.sql.go:252.128,254.16 2 0
github.com/teamdsb/tmo/services/commerce/internal/db/orders.sql.go:254.16,256.3 1 0
github.com/teamdsb/tmo/services/commerce/internal/db/orders.sql.go:257.2,259.18 3 0
github.com/teamdsb/tmo/services/commerce/internal/db/orders.sql.go:259.18,261.61 2 0
github.com/teamdsb/tmo/services/commerce/internal/db/orders.sql.go:261.61,263.4 1 0
github.com/teamdsb/tmo/services/commerce/internal/db/orders.sql.go:264.3,264.27 1 0
github.com/teamdsb/tmo/services/commerce/internal/db/orders.sql.go:266.2,266.35 1 0
github.com/teamdsb/tmo/services/commerce/internal/db/orders.sql.go:266.35,268.3 1 0
github.com/teamdsb/tmo/services/commerce/internal/db/orders.sql.go:269.2,269.19 1 0
github.com/teamdsb/tmo/services/commerce/internal/db/orders.sql.go:290.90,298.16 2 0
github.com/teamdsb/tmo/services/commerce/internal/db/orders.sql.go:298.16,300.3 1 0
github.com/teamdsb/tmo/services/commerce/internal/db/orders.sql.go:301.2,303.18 3 0
github.com/teamdsb/tmo/services/commerce/internal/db/orders.sql.go:303.18,319.17 2 0
github.com/teamdsb/tmo/services/commerce/internal/db/orders.sql.go:319.17,321.4 1 0
github.com/teamdsb/tmo/services/commerce/internal/db/orders.sql.go:322.3,322.27 1 0
github.com/teamdsb/tmo/services/commerce/internal/db/orders.sql.go:324.2,324.35 1 0
github.com/teamdsb/tmo/services/commerce/internal/db/orders.sql.go:324.35,326.3 1 0
github.com/teamdsb/tmo/services/commerce/internal/db/orders.sql.go:327.2,327.19 1 0
github.com/teamdsb/tmo/services/commerce/internal/db/orders.sql.go:351.118,377.2 4 0
github.com/teamdsb/tmo/services/commerce/internal/db/product_import_jobs.sql.go:83.118,109.2 4 0
github.com/teamdsb/tmo/services/commerce/internal/db/product_import_jobs.sql.go:139.123,163.2 4 0
github.com/teamdsb/tmo/services/commerce/internal/db/product_import_jobs.sql.go:205.123,235.2 4 0
github.com/teamdsb/tmo/services/commerce/internal/db/product_import_jobs.sql.go:243.103,260.2 4 0
github.com/teamdsb/tmo/services/commerce/internal/db/product_import_jobs.sql.go:269.112,271.16 2 0
github.com/teamdsb/tmo/services/commerce/internal/db/product_import_jobs.sql.go:271.16,273.3 1 0
github.com/teamdsb/tmo/services/commerce/internal/db/product_import_jobs.sql.go:274.2,276.18 3 0
github.com/teamdsb/tmo/services/commerce/internal/db/product_import_jobs.sql.go:276.18,292.17 2 0
github.com/teamdsb/tmo/services/commerce/internal/db/product_import_jobs.sql.go:292.17,294.4 1 0
github.com/teamdsb/tmo/services/commerce/internal/db/product_import_jobs.sql.go:295.3,295.27 1 0
github.com/teamdsb/tmo/services/commerce/internal/db/product_import_jobs.sql.go:297.2,297.35 1 0
github.com/teamdsb/tmo/services/commerce/internal/db/product_import_jobs.sql.go:297.35,299.3 1 0
github.com/teamdsb/tmo/services/commerce/internal/db/product_import_jobs.sql.go:300.2,300.19 1 0
github.com/teamdsb/tmo/services/commerce/internal/db/product_import_jobs.sql.go:312.85,314.16 2 0
github.com/teamdsb/tmo/services/commerce/internal/db/product_import_jobs.sql.go:314.16,316.3 1 0
github.com/teamdsb/tmo/services/commerce/internal/db/product_import_jobs.sql.go:317.2,317.35 1 0
github.com/teamdsb/tmo/services/commerce/internal/db/product_import_jobs.sql.go:337.135,359.2 4 0
github.com/teamdsb/tmo/services/commerce/internal/db/product_import_jobs.sql.go:380.135,405.2 4 0
github.com/teamdsb/tmo/services/commerce/internal/db/product_request_export_jobs.sql.go:72.132,93.2 4 0
github.com/teamdsb/tmo/services/commerce/internal/db/product_request_export_jobs.sql.go:114.144,126.2 4 0
github.com/teamdsb/tmo/services/commerce/internal/db/product_request_export_jobs.sql.go:134.117,146.2 4 0
github.com/teamdsb/tmo/services/commerce/internal/db/product_request_export_jobs.sql.go:157.92,159.16 2 0
github.com/teamdsb/tmo/services/commerce/internal/db/product_request_export_jobs.sql.go:159.16,161.3 1 0
github.com/teamdsb/tmo/services/commerce/internal/db/product_request_export_jobs.sql.go:162.2,162.35 1 0
github.com/teamdsb/tmo/services/commerce/internal/db/product_request_export_jobs.sql.go:178.152,190.2 4 0
github.com/teamdsb/tmo/services/commerce/internal/db/product_requests.sql.go:31.108,41.2 4 0
github.com/teamdsb/tmo/services/commerce/internal/db/product_requests.sql.go:100.117,132.2 4 0
github.com/teamdsb/tmo/services/commerce/internal/db/product_requests.sql.go:161.135,163.16 2 0
github.com/teamdsb/tmo/services/commerce/internal/db/product_requests.sql.go:163.16,165.3 1 0
github.com/teamdsb/tmo/services/commerce/internal/db/product_requests.sql.go:166.2,168.18 3 0
github.com/teamdsb/tmo/services/commerce/internal/db/product_requests.sql.go:168.18,185.17 2 0
github.com/teamdsb/tmo/services/commerce/internal/db/product_requests.sql.go:185.17,187.4 1 0
github.com/teamdsb/tmo/services/commerce/internal/db/product_requests.sql.go:188.3,188.27 1 0
github.com/teamdsb/tmo/services/commerce/internal/db/product_requests.sql.go:190.2,190.35 1 0
github.com/teamdsb/tmo/services/commerce/internal/db/product_requests.sql.go:190.35,192.3 1 0
github.com/teamdsb/tmo/services/commerce/internal/db/product_requests.sql.go:193.2,193.19 1 0
github.com/teamdsb/tmo/services/commerce/internal/db/product_requests.sql.go:230.117,239.16 2 0
github.com/teamdsb/tmo/services/commerce/internal/db/product_requests.sql.go:239.16,241.3 1 0
github.com/teamdsb/tmo/services/commerce/internal/db/product_requests.sql.go:242.2,244.18 3 0
github.com/teamdsb/tmo/services/commerce/internal/db/product_requests.sql.go:244.18,261.17 2 0
github.com/teamdsb/tmo/services/commerce/internal/db/product_requests.sql.go:261.17,263.4 1 0
github.com/teamdsb/tmo/services/commerce/internal/db/product_requests.sql.go:264.3,264.27 1 0
github.com/teamdsb/tmo/services/commerce/internal/db/product_requests.sql.go:266.2,266.35 1 0
github.com/teamdsb/tmo/services/commerce/internal/db/product_requests.sql.go:266.35,268.3 1 0
github.com/teamdsb/tmo/services/commerce/internal/db/product_requests.sql.go:269.2,269.19 1 0
github.com/teamdsb/tmo/services/commerce/internal/db/tracking.sql.go:22.114,24.16 2 0
github.com/teamdsb/tmo/services/commerce/internal/db/tracking.sql.go:24.16,26.3 1 0
github.com/teamdsb/tmo/services/commerce/internal/db/tracking.sql.go:27.2,29.18 3 0
github.com/teamdsb/tmo/services/commerce/internal/db/tracking.sql.go:29.18,39.17 2 0
github.com/teamdsb/tmo/services/commerce/internal/db/tracking.sql.go:39.17,41.4 1 0
github.com/teamdsb/tmo/services/commerce/internal/db/tracking.sql.go:42.3,42.27 1 0
github.com/teamdsb/tmo/services/commerce/internal/db/tracking.sql.go:44.2,44.35 1 0
github.com/teamdsb/tmo/services/commerce/internal/db/tracking.sql.go:44.35,46.3 1 0
github.com/teamdsb/tmo/services/commerce/internal/db/tracking.sql.go:47.2,47.19 1 0
github.com/teamdsb/tmo/services/commerce/internal/db/tracking.sql.go:76.128,94.2 4 0
github.com/teamdsb/tmo/services/commerce/internal/db/wishlist.sql.go:30.95,33.2 2 0
github.com/teamdsb/tmo/services/commerce/internal/db/wishlist.sql.go:45.95,48.2 2 0
github.com/teamdsb/tmo/services/commerce/internal/db/wishlist.sql.go:57.105,59.16 2 0
github.com/teamdsb/tmo/services/commerce/internal/db/wishlist.sql.go:59.16,61.3 1 0
github.com/teamdsb/tmo/services/commerce/internal/db/wishlist.sql.go:62.2,64.18 3 0
github.com/teamdsb/tmo/services/commerce/internal/db/wishlist.sql.go:64.18,71.17 2 0
github.com/teamdsb/tmo/services/commerce/internal/db/wishlist.sql.go:71.17,73.4 1 0
github.com/teamdsb/tmo/services/commerce/internal/db/wishlist.sql.go:74.3,74.27 1 0
github.com/teamdsb/tmo/services/commerce/internal/db/wishlist.sql.go:76.2,76.35 1 0
github.com/teamdsb/tmo/services/commerce/internal/db/wishlist.sql.go:76.35,78.3 1 0
github.com/teamdsb/tmo/services/commerce/internal/db/wishlist.sql.go:79.2,79.19 1 0
github.com/teamdsb/tmo/services/commerce/internal/http/middleware/auth.go:27.75,33.2 1 6
github.com/teamdsb/tmo/services/commerce/internal/http/middleware/auth.go:35.68,37.9 2 4
github.com/teamdsb/tmo/services/commerce/internal/http/middleware/auth.go:37.9,39.3 1 2
github.com/teamdsb/tmo/services/commerce/internal/http/middleware/auth.go:40.2,40.21 1 2
github.com/teamdsb/tmo/services/commerce/internal/http/middleware/auth.go:43.85,45.9 2 2
github.com/teamdsb/tmo/services/commerce/internal/http/middleware/auth.go:45.9,47.3 1 0
github.com/teamdsb/tmo/services/commerce/internal/http/middleware/auth.go:48.2,48.21 1 2
github.com/teamdsb/tmo/services/commerce/internal/http/middleware/auth.go:48.21,50.3 1 0
github.com/teamdsb/tmo/services/commerce/internal/http/middleware/auth.go:51.2,52.32 2 2
github.com/teamdsb/tmo/services/commerce/internal/http/middleware/auth.go:52.32,53.39 1 2
github.com/teamdsb/tmo/services/commerce/internal/http/middleware/auth.go:53.39,55.4 1 1
github.com/teamdsb/tmo/services/commerce/internal/http/middleware/auth.go:57.2,58.24 2 1
github.com/teamdsb/tmo/services/commerce/internal/http/middleware/auth.go:61.68,62.16 1 6
github.com/teamdsb/tmo/services/commerce/internal/http/middleware/auth.go:62.16,64.3 1 1
github.com/teamdsb/tmo/services/commerce/internal/http/middleware/auth.go:65.2,66.15 2 5
github.com/teamdsb/tmo/services/commerce/internal/http/middleware/auth.go:66.15,69.3 2 1
github.com/teamdsb/tmo/services/commerce/internal/http/middleware/auth.go:70.2,71.63 2 4
github.com/teamdsb/tmo/services/commerce/internal/http/middleware/auth.go:71.63,74.3 2 0
github.com/teamdsb/tmo/services/commerce/internal/http/middleware/auth.go:76.2,76.80 1 4
github.com/teamdsb/tmo/services/commerce/internal/http/middleware/auth.go:76.80,77.58 1 4
github.com/teamdsb/tmo/services/commerce/internal/http/middleware/auth.go:77.58,79.4 1 0
github.com/teamdsb/tmo/services/commerce/internal/http/middleware/auth.go:80.3,80.23 1 4
github.com/teamdsb/tmo/services/commerce/internal/http/middleware/auth.go:82.2,82.32 1 4
github.com/teamdsb/tmo/services/commerce/internal/http/middleware/auth.go:82.32,85.3 2 0
github.com/teamdsb/tmo/services/commerce/internal/http/middleware/auth.go:86.2,87.9 2 4
github.com/teamdsb/tmo/services/commerce/internal/http/middleware/auth.go:87.9,90.3 2 0
github.com/teamdsb/tmo/services/commerce/internal/http/middleware/auth.go:91.2,91.20 1 4
github.com/teamdsb/tmo/services/commerce/internal/http/middleware/auth.go:91.20,93.32 2 4
github.com/teamdsb/tmo/services/commerce/internal/http/middleware/auth.go:93.32,96.4 2 0
github.com/teamdsb/tmo/services/commerce/internal/http/middleware/auth.go:98.2,99.22 2 4
github.com/teamdsb/tmo/services/commerce/internal/http/middleware/auth.go:99.22,102.3 2 0
github.com/teamdsb/tmo/services/commerce/internal/http/middleware/auth.go:103.2,104.16 2 4
github.com/teamdsb/tmo/services/commerce/internal/http/middleware/auth.go:104.16,107.3 2 0
github.com/teamdsb/tmo/services/commerce/internal/http/middleware/auth.go:108.2,110.82 3 4
github.com/teamdsb/tmo/services/commerce/internal/http/middleware/auth.go:110.82,112.17 2 2
github.com/teamdsb/tmo/services/commerce/internal/http/middleware/auth.go:112.17,115.4 2 1
github.com/teamdsb/tmo/services/commerce/internal/http/middleware/auth.go:116.3,116.28 1 1
github.com/teamdsb/tmo/services/commerce/internal/http/middleware/auth.go:118.2,118.85 1 3
github.com/teamdsb/tmo/services/commerce/internal/http/middleware/auth.go:121.67,126.2 1 3
github.com/teamdsb/tmo/services/commerce/internal/http/handler/addresses.go:18.48,20.9 2 0
github.com/teamdsb/tmo/services/commerce/internal/http/handler/addresses.go:20.9,22.3 1 0
github.com/teamdsb/tmo/services/commerce/internal/http/handler/addresses.go:24.2,25.16 2 0
github.com/teamdsb/tmo/services/commerce/internal/http/handler/addresses.go:25.16,29.3 3 0
github.com/teamdsb/tmo/services/commerce/internal/http/handler/addresses.go:31.2,32.36 2 0
github.com/teamdsb/tmo/services/commerce/internal/http/handler/addresses.go:32.36,34.3 1 0
github.com/teamdsb/tmo/services/commerce/internal/http/handler/addresses.go:36.2,38.4 1 0
github.com/teamdsb/tmo/services/commerce/internal/http/handler/addresses.go:41.49,43.9 2 0
github.com/teamdsb/tmo/services/commerce/internal/http/handler/addresses.go:43.9,45.3 1 0
github.com/teamdsb/tmo/services/commerce/internal/http/handler/addresses.go:47.2,48.51 2 0
github.com/teamdsb/tmo/services/commerce/internal/http/handler/addresses.go:48.51,51.3 2 0
github.com/teamdsb/tmo/services/commerce/internal/http/handler/addresses.go:53.2,56.63 4 0
github.com/teamdsb/tmo/services/commerce/internal/http/handler/addresses.go:56.63,59.3 2 0
github.com/teamdsb/tmo/services/commerce/internal/http/handler/addresses.go:61.2,62.47 2 0
github.com/teamdsb/tmo/services/commerce/internal/http/handler/addresses.go:62.47,64.17 2 0
github.com/teamdsb/tmo/services/commerce/internal/http/handler/addresses.go:64.17,66.4 1 0
github.com/teamdsb/tmo/services/commerce/internal/http/handler/addresses.go:68.3,69.23 2 0
github.com/teamdsb/tmo/services/commerce/internal/http/handler/addresses.go:69.23,70.90 1 0
github.com/teamdsb/tmo/services/commerce/internal/http/handler/addresses.go:70.90,72.5 1 0
github.com/teamdsb/tmo/services/commerce/internal/http/handler/addresses.go:75.3,82.13 2 0
github.com/teamdsb/tmo/services/commerce/internal/http/handler/addresses.go:84.2,84.16 1 0
github.com/teamdsb/tmo/services/commerce/internal/http/handler/addresses.go:84.16,88.3 3 0
github.com/teamdsb/tmo/services/commerce/internal/http/handler/addresses.go:90.2,90.59 1 0
github.com/teamdsb/tmo/services/commerce/internal/http/handler/addresses.go:93.89,95.9 2 0
github.com/teamdsb/tmo/services/commerce/internal/http/handler/addresses.go:95.9,97.3 1 0
github.com/teamdsb/tmo/services/commerce/internal/http/handler/addresses.go:99.2,100.51 2 0
github.com/teamdsb/tmo/services/commerce/internal/http/handler/addresses.go:100.51,103.3 2 0
github.com/teamdsb/tmo/services/commerce/internal/http/handler/addresses.go:105.2,109.21 5 0
github.com/teamdsb/tmo/services/commerce/internal/http/handler/addresses.go:109.21,112.3 2 0
github.com/teamdsb/tmo/services/commerce/internal/http/handler/addresses.go:114.2,115.33 2 0
github.com/teamdsb/tmo/services/commerce/internal/http/handler/addresses.go:115.33,117.20 2 0
github.com/teamdsb/tmo/services/commerce/internal/http/handler/addresses.go:117.20,120.4 2 0
github.com/teamdsb/tmo/services/commerce/internal/http/handler/addresses.go:121.3,121.26 1 0
github.com/teamdsb/tmo/services/commerce/internal/http/handler/addresses.go:124.2,125.34 2 0
github.com/teamdsb/tmo/services/commerce/internal/http/handler/addresses.go:125.34,127.20 2 0
github.com/teamdsb/tmo/services/commerce/internal/http/handler/addresses.go:127.20,130.4 2 0
github.com/teamdsb/tmo/services/commerce/internal/http/handler/addresses.go:131.3,131.27 1 0
github.com/teamdsb/tmo/services/commerce/internal/http/handler/addresses.go:134.2,135.27 2 0
github.com/teamdsb/tmo/services/commerce/internal/http/handler/addresses.go:135.27,137.20 2 0
github.com/teamdsb/tmo/services/commerce/internal/http/handler/addresses.go:137.20,140.4 2 0
github.com/teamdsb/tmo/services/commerce/internal/http/handler/addresses.go:141.3,141.20 1 0
github.com/teamdsb/tmo/services/commerce/internal/http/handler/addresses.go:144.2,145.47 2 0
github.com/teamdsb/tmo/services/commerce/internal/http/handler/addresses.go:145.47,150.17 2 0
github.com/teamdsb/tmo/services/commerce/internal/http/handler/addresses.go:150.17,152.4 1 0
github.com/teamdsb/tmo/services/commerce/internal/http/handler/addresses.go:154.3,155.53 2 0
github.com/teamdsb/tmo/services/commerce/internal/http/handler/addresses.go:155.53,156.90 1 0
github.com/teamdsb/tmo/services/commerce/internal/http/handler/addresses.go:156.90,158.5 1 0
github.com/teamdsb/tmo/services/commerce/internal/http/handler/addresses.go:159.4,160.26 2 0
github.com/teamdsb/tmo/services/commerce/internal/http/handler/addresses.go:161.9,161.83 1 0
github.com/teamdsb/tmo/services/commerce/internal/http/handler/addresses.go:161.83,164.4 2 0
github.com/teamdsb/tmo/services/commerce/internal/http/handler/addresses.go:166.3,174.13 2 0
github.com/teamdsb/tmo/services/commerce/internal/http/handler/addresses.go:176.2,176.16 1 0
github.com/teamdsb/tmo/services/commerce/internal/http/handler/addresses.go:176.16,177.36 1 0
github.com/teamdsb/tmo/services/commerce/internal/http/handler/addresses.go:177.36,180.4 2 0
github.com/teamdsb/tmo/services/commerce/internal/http/handler/addresses.go:181.3,183.9 3 0
github.com/teamdsb/tmo/services/commerce/internal/http/handler/addresses.go:186.2,186.54 1 0
[...]
github.com/teamdsb/tmo/services/commerce/internal/modules/productimport/service.go:730.2,732.35 3 0
github.com/teamdsb/tmo/services/commerce/internal/modules/productimport/service.go:732.35,733.30 1 0
github.com/teamdsb/tmo/services/commerce/internal/modules/productimport/service.go:733.30,734.12 1 0
github.com/teamdsb/tmo/services/commerce/internal/modules/productimport/service.go:736.3,739.49 4 0
github.com/teamdsb/tmo/services/commerce/internal/modules/productimport/service.go:739.49,741.4 1 0
github.com/teamdsb/tmo/services/commerce/internal/modules/productimport/service.go:743.2,743.22 1 0
github.com/teamdsb/tmo/services/commerce/internal/modules/productimport/service.go:746.102,748.32 2 0
github.com/teamdsb/tmo/services/commerce/internal/modules/productimport/service.go:748.32,750.17 2 0
github.com/teamdsb/tmo/services/commerce/internal/modules/productimport/service.go:750.17,752.4 1 0
github.com/teamdsb/tmo/services/commerce/internal/modules/productimport/service.go:753.3,753.18 1 0
github.com/teamdsb/tmo/services/commerce/internal/modules/productimport/service.go:753.18,754.12 1 0
github.com/teamdsb/tmo/services/commerce/internal/modules/productimport/service.go:756.3,756.46 1 0
github.com/teamdsb/tmo/services/commerce/internal/modules/productimport/service.go:756.46,758.4 1 0
github.com/teamdsb/tmo/services/commerce/internal/modules/productimport/service.go:761.2,762.39 2 0
github.com/teamdsb/tmo/services/commerce/internal/modules/productimport/service.go:762.39,764.17 2 0
github.com/teamdsb/tmo/services/commerce/internal/modules/productimport/service.go:764.17,766.4 1 0
github.com/teamdsb/tmo/services/commerce/internal/modules/productimport/service.go:767.3,767.18 1 0
github.com/teamdsb/tmo/services/commerce/internal/modules/productimport/service.go:767.18,769.47 2 0
github.com/teamdsb/tmo/services/commerce/internal/modules/productimport/service.go:769.47,771.5 1 0
github.com/teamdsb/tmo/services/commerce/internal/modules/productimport/service.go:774.2,774.48 1 0
github.com/teamdsb/tmo/services/commerce/internal/modules/productimport/service.go:774.48,776.3 1 0
github.com/teamdsb/tmo/services/commerce/internal/modules/productimport/service.go:777.2,777.38 1 0
github.com/teamdsb/tmo/services/commerce/internal/modules/productimport/service.go:780.61,782.19 2 0
github.com/teamdsb/tmo/services/commerce/internal/modules/productimport/service.go:782.19,784.3 1 0
github.com/teamdsb/tmo/services/commerce/internal/modules/productimport/service.go:785.2,785.27 1 0
github.com/teamdsb/tmo/services/commerce/internal/modules/productimport/service.go:785.27,787.3 1 0
github.com/teamdsb/tmo/services/commerce/internal/modules/productimport/service.go:788.2,788.26 1 0
github.com/teamdsb/tmo/services/commerce/internal/modules/productimport/service.go:788.26,790.17 2 0
github.com/teamdsb/tmo/services/commerce/internal/modules/productimport/service.go:790.17,792.22 2 0
github.com/teamdsb/tmo/services/commerce/internal/modules/productimport/service.go:792.22,794.5 1 0
github.com/teamdsb/tmo/services/commerce/internal/modules/productimport/service.go:797.2,797.20 1 0
github.com/teamdsb/tmo/services/commerce/internal/modules/productimport/service.go:797.20,799.3 1 0
github.com/teamdsb/tmo/services/commerce/internal/modules/productimport/service.go:801.2,802.36 2 0
github.com/teamdsb/tmo/services/commerce/internal/modules/productimport/service.go:802.36,804.3 1 0
github.com/teamdsb/tmo/services/commerce/internal/modules/productimport/service.go:805.2,806.9 2 0
github.com/teamdsb/tmo/services/commerce/internal/modules/productimport/service.go:806.9,809.10 3 0
github.com/teamdsb/tmo/services/commerce/internal/modules/productimport/service.go:809.10,811.4 1 0
github.com/teamdsb/tmo/services/commerce/internal/modules/productimport/service.go:812.3,812.13 1 0
github.com/teamdsb/tmo/services/commerce/internal/modules/productimport/service.go:815.2,816.16 2 0
github.com/teamdsb/tmo/services/commerce/internal/modules/productimport/service.go:816.16,818.3 1 0
github.com/teamdsb/tmo/services/commerce/internal/modules/productimport/service.go:819.2,819.15 1 0
github.com/teamdsb/tmo/services/commerce/internal/modules/productimport/service.go:819.15,821.3 1 0
github.com/teamdsb/tmo/services/commerce/internal/modules/productimport/service.go:823.2,826.68 4 0
github.com/teamdsb/tmo/services/commerce/internal/modules/productimport/service.go:826.68,828.3 1 0
github.com/teamdsb/tmo/services/commerce/internal/modules/productimport/service.go:829.2,829.60 1 0
github.com/teamdsb/tmo/services/commerce/internal/modules/productimport/service.go:829.60,831.3 1 0
github.com/teamdsb/tmo/services/commerce/internal/modules/productimport/service.go:832.2,834.23 3 0
github.com/teamdsb/tmo/services/commerce/internal/modules/productimport/service.go:837.33,838.36 1 0
github.com/teamdsb/tmo/services/commerce/internal/modules/productimport/service.go:838.36,840.3 1 0
github.com/teamdsb/tmo/services/commerce/internal/modules/productimport/service.go:841.2,841.25 1 0
github.com/teamdsb/tmo/services/commerce/internal/modules/productimport/service.go:844.52,845.33 1 3
github.com/teamdsb/tmo/services/commerce/internal/modules/productimport/service.go:845.33,847.3 1 3
github.com/teamdsb/tmo/services/commerce/internal/modules/productimport/service.go:848.2,848.33 1 0
github.com/teamdsb/tmo/services/commerce/internal/modules/productimport/service.go:848.33,850.3 1 0
github.com/teamdsb/tmo/services/commerce/internal/modules/productimport/service.go:851.2,851.24 1 0
github.com/teamdsb/tmo/services/commerce/internal/modules/productimport/service.go:854.34,855.27 1 0
github.com/teamdsb/tmo/services/commerce/internal/modules/productimport/service.go:855.27,857.3 1 0
github.com/teamdsb/tmo/services/commerce/internal/modules/productimport/service.go:858.2,858.27 1 0
github.com/teamdsb/tmo/services/commerce/internal/modules/productimport/service.go:858.27,860.3 1 0
github.com/teamdsb/tmo/services/commerce/internal/modules/productimport/service.go:861.2,861.21 1 0
github.com/teamdsb/tmo/services/commerce/internal/modules/productimport/service.go:864.46,865.19 1 0
github.com/teamdsb/tmo/services/commerce/internal/modules/productimport/service.go:865.19,867.3 1 0
github.com/teamdsb/tmo/services/commerce/internal/modules/productimport/service.go:868.2,868.15 1 0
github.com/teamdsb/tmo/services/commerce/internal/modules/productimport/service.go:871.94,885.2 1 0
github.com/teamdsb/tmo/services/commerce/internal/modules/productimport/service.go:887.34,888.18 1 0
github.com/teamdsb/tmo/services/commerce/internal/modules/productimport/service.go:888.18,890.3 1 0
github.com/teamdsb/tmo/services/commerce/internal/modules/productimport/service.go:891.2,891.14 1 0
github.com/teamdsb/tmo/services/commerce/internal/modules/productimport/service.go:894.60,896.16 2 0
github.com/teamdsb/tmo/services/commerce/internal/modules/productimport/service.go:896.16,898.3 1 0
github.com/teamdsb/tmo/services/commerce/internal/modules/productimport/service.go:899.2,899.15 1 0
github.com/teamdsb/tmo/services/commerce/internal/modules/productimport/service.go:899.15,901.3 1 0
github.com/teamdsb/tmo/services/commerce/internal/modules/productimport/service.go:902.2,902.49 1 0
github.com/teamdsb/tmo/services/commerce/internal/modules/productimport/service.go:902.49,904.3 1 0
github.com/teamdsb/tmo/services/commerce/internal/modules/productimport/service.go:905.2,905.21 1 0
github.com/teamdsb/tmo/services/commerce/internal/modules/productimport/service.go:908.52,910.72 2 0
github.com/teamdsb/tmo/services/commerce/internal/modules/productimport/service.go:910.72,912.3 1 0
github.com/teamdsb/tmo/services/commerce/internal/modules/productimport/service.go:913.2,916.17 4 0
github.com/teamdsb/tmo/services/commerce/internal/modules/productimport/service.go:916.17,918.3 1 0
github.com/teamdsb/tmo/services/commerce/internal/modules/productimport/service.go:919.2,919.14 1 0
github.com/teamdsb/tmo/services/commerce/internal/modules/productimport/service.go:922.45,928.2 5 0
github.com/teamdsb/tmo/services/commerce/internal/modules/productimport/worker.go:23.45,24.33 1 2
github.com/teamdsb/tmo/services/commerce/internal/modules/productimport/worker.go:24.33,26.3 1 0
github.com/teamdsb/tmo/services/commerce/internal/modules/productimport/worker.go:28.2,29.23 2 2
github.com/teamdsb/tmo/services/commerce/internal/modules/productimport/worker.go:29.23,31.3 1 0
github.com/teamdsb/tmo/services/commerce/internal/modules/productimport/worker.go:33.2,33.56 1 2
github.com/teamdsb/tmo/services/commerce/internal/modules/productimport/worker.go:33.56,35.3 1 0
github.com/teamdsb/tmo/services/commerce/internal/modules/productimport/worker.go:37.2,37.12 1 2
github.com/teamdsb/tmo/services/commerce/internal/modules/productimport/worker.go:37.12,41.7 3 2
github.com/teamdsb/tmo/services/commerce/internal/modules/productimport/worker.go:41.7,42.24 1 4
github.com/teamdsb/tmo/services/commerce/internal/modules/productimport/worker.go:42.24,44.5 1 0
github.com/teamdsb/tmo/services/commerce/internal/modules/productimport/worker.go:45.4,46.55 2 4
github.com/teamdsb/tmo/services/commerce/internal/modules/productimport/worker.go:46.55,48.5 1 1
github.com/teamdsb/tmo/services/commerce/internal/modules/productimport/worker.go:49.4,49.17 1 4
github.com/teamdsb/tmo/services/commerce/internal/modules/productimport/worker.go:49.17,50.13 1 0
github.com/teamdsb/tmo/services/commerce/internal/modules/productimport/worker.go:53.4,53.11 1 4
github.com/teamdsb/tmo/services/commerce/internal/modules/productimport/worker.go:54.22,55.11 1 2
github.com/teamdsb/tmo/services/commerce/internal/modules/productimport/worker.go:56.20,56.20 0 2
github.com/teamdsb/tmo/services/commerce/internal/modules/productimport/worker.go:62.54,63.33 1 1
github.com/teamdsb/tmo/services/commerce/internal/modules/productimport/worker.go:63.33,65.3 1 1
github.com/teamdsb/tmo/services/commerce/internal/modules/productimport/worker.go:66.2,66.39 1 0
github.com/teamdsb/tmo/services/commerce/internal/modules/productrequestexport/service.go:37.94,43.2 1 1
github.com/teamdsb/tmo/services/commerce/internal/modules/productrequestexport/service.go:45.90,46.29 1 0
github.com/teamdsb/tmo/services/commerce/internal/modules/productrequestexport/service.go:46.29,48.3 1 0
github.com/teamdsb/tmo/services/commerce/internal/modules/productrequestexport/service.go:50.2,51.16 2 0
github.com/teamdsb/tmo/services/commerce/internal/modules/productrequestexport/service.go:51.16,53.3 1 0
github.com/teamdsb/tmo/services/commerce/internal/modules/productrequestexport/service.go:54.2,54.15 1 0
github.com/teamdsb/tmo/services/commerce/internal/modules/productrequestexport/service.go:54.15,56.3 1 0
github.com/teamdsb/tmo/services/commerce/internal/modules/productrequestexport/service.go:58.2,67.16 3 0
github.com/teamdsb/tmo/services/commerce/internal/modules/productrequestexport/service.go:67.16,69.3 1 0
github.com/teamdsb/tmo/services/commerce/internal/modules/productrequestexport/service.go:71.2,75.17 1 0
github.com/teamdsb/tmo/services/commerce/internal/modules/productrequestexport/service.go:75.17,77.3 1 0
github.com/teamdsb/tmo/services/commerce/internal/modules/productrequestexport/service.go:79.2,79.39 1 0
github.com/teamdsb/tmo/services/commerce/internal/modules/productrequestexport/service.go:79.39,81.3 1 0
github.com/teamdsb/tmo/services/commerce/internal/modules/productrequestexport/service.go:83.2,83.17 1 0
github.com/teamdsb/tmo/services/commerce/internal/modules/productrequestexport/service.go:86.64,87.29 1 0
github.com/teamdsb/tmo/services/commerce/internal/modules/productrequestexport/service.go:87.29,89.3 1 0
github.com/teamdsb/tmo/services/commerce/internal/modules/productrequestexport/service.go:90.2,91.12 2 0
github.com/teamdsb/tmo/services/commerce/internal/modules/productrequestexport/service.go:94.62,95.29 1 0
github.com/teamdsb/tmo/services/commerce/internal/modules/productrequestexport/service.go:95.29,97.3 1 0
github.com/teamdsb/tmo/services/commerce/internal/modules/productrequestexport/service.go:99.2,100.16 2 0
github.com/teamdsb/tmo/services/commerce/internal/modules/productrequestexport/service.go:100.16,101.36 1 0
github.com/teamdsb/tmo/services/commerce/internal/modules/productrequestexport/service.go:101.36,103.4 1 0
github.com/teamdsb/tmo/services/commerce/internal/modules/productrequestexport/service.go:104.3,104.80 1 0
github.com/teamdsb/tmo/services/commerce/internal/modules/productrequestexport/service.go:107.2,107.79 1 0
github.com/teamdsb/tmo/services/commerce/internal/modules/productrequestexport/service.go:107.79,109.3 1 0
github.com/teamdsb/tmo/services/commerce/internal/modules/productrequestexport/service.go:110.2,110.18 1 0
github.com/teamdsb/tmo/services/commerce/internal/modules/productrequestexport/service.go:113.89,114.101 1 0
github.com/teamdsb/tmo/services/commerce/internal/modules/productrequestexport/service.go:114.101,116.3 1 0
github.com/teamdsb/tmo/services/commerce/internal/modules/productrequestexport/service.go:118.2,122.17 1 0
github.com/teamdsb/tmo/services/commerce/internal/modules/productrequestexport/service.go:122.17,124.3 1 0
github.com/teamdsb/tmo/services/commerce/internal/modules/productrequestexport/service.go:126.2,130.16 2 0
github.com/teamdsb/tmo/services/commerce/internal/modules/productrequestexport/service.go:130.16,132.3 1 0
github.com/teamdsb/tmo/services/commerce/internal/modules/productrequestexport/service.go:134.2,137.17 1 0
github.com/teamdsb/tmo/services/commerce/internal/modules/productrequestexport/service.go:137.17,139.3 1 0
github.com/teamdsb/tmo/services/commerce/internal/modules/productrequestexport/service.go:141.2,145.17 1 0
github.com/teamdsb/tmo/services/commerce/internal/modules/productrequestexport/service.go:145.17,147.3 1 0
github.com/teamdsb/tmo/services/commerce/internal/modules/productrequestexport/service.go:149.2,150.16 2 0
github.com/teamdsb/tmo/services/commerce/internal/modules/productrequestexport/service.go:150.16,152.3 1 0
github.com/teamdsb/tmo/services/commerce/internal/modules/productrequestexport/service.go:154.2,161.12 2 0
github.com/teamdsb/tmo/services/commerce/internal/modules/productrequestexport/service.go:164.86,173.16 3 0
github.com/teamdsb/tmo/services/commerce/internal/modules/productrequestexport/service.go:173.16,175.3 1 0
github.com/teamdsb/tmo/services/commerce/internal/modules/productrequestexport/service.go:176.2,176.12 1 0
github.com/teamdsb/tmo/services/commerce/internal/modules/productrequestexport/service.go:179.96,183.65 4 1
github.com/teamdsb/tmo/services/commerce/internal/modules/productrequestexport/service.go:183.65,185.3 1 0
github.com/teamdsb/tmo/services/commerce/internal/modules/productrequestexport/service.go:186.2,188.63 2 1
github.com/teamdsb/tmo/services/commerce/internal/modules/productrequestexport/service.go:188.63,190.17 2 14
github.com/teamdsb/tmo/services/commerce/internal/modules/productrequestexport/service.go:190.17,192.4 1 0
github.com/teamdsb/tmo/services/commerce/internal/modules/productrequestexport/service.go:193.3,193.64 1 14
github.com/teamdsb/tmo/services/commerce/internal/modules/productrequestexport/service.go:193.64,195.4 1 0
github.com/teamdsb/tmo/services/commerce/internal/modules/productrequestexport/service.go:198.2,198.42 1 1
github.com/teamdsb/tmo/services/commerce/internal/modules/productrequestexport/service.go:198.42,200.42 2 0
github.com/teamdsb/tmo/services/commerce/internal/modules/productrequestexport/service.go:200.42,202.18 2 0
github.com/teamdsb/tmo/services/commerce/internal/modules/productrequestexport/service.go:202.18,204.5 1 0
github.com/teamdsb/tmo/services/commerce/internal/modules/productrequestexport/service.go:205.4,205.64 1 0
github.com/teamdsb/tmo/services/commerce/internal/modules/productrequestexport/service.go:205.64,207.5 1 0
github.com/teamdsb/tmo/services/commerce/internal/modules/productrequestexport/service.go:211.2,213.68 3 1
github.com/teamdsb/tmo/services/commerce/internal/modules/productrequestexport/service.go:213.68,215.3 1 0
github.com/teamdsb/tmo/services/commerce/internal/modules/productrequestexport/service.go:216.2,216.47 1 1
github.com/teamdsb/tmo/services/commerce/internal/modules/productrequestexport/service.go:216.47,218.3 1 0
github.com/teamdsb/tmo/services/commerce/internal/modules/productrequestexport/service.go:219.2,219.120 1 1
github.com/teamdsb/tmo/services/commerce/internal/modules/productrequestexport/service.go:222.58,239.2 1 2
github.com/teamdsb/tmo/services/commerce/internal/modules/productrequestexport/service.go:241.43,242.18 1 12
github.com/teamdsb/tmo/services/commerce/internal/modules/productrequestexport/service.go:242.18,244.3 1 6
github.com/teamdsb/tmo/services/commerce/internal/modules/productrequestexport/service.go:245.2,245.15 1 6
github.com/teamdsb/tmo/services/commerce/internal/modules/productrequestexport/service.go:248.43,249.18 1 4
github.com/teamdsb/tmo/services/commerce/internal/modules/productrequestexport/service.go:249.18,251.3 1 2
github.com/teamdsb/tmo/services/commerce/internal/modules/productrequestexport/service.go:252.2,252.40 1 2
github.com/teamdsb/tmo/services/commerce/internal/modules/productrequestexport/service.go:255.50,256.18 1 4
github.com/teamdsb/tmo/services/commerce/internal/modules/productrequestexport/service.go:256.18,258.3 1 2
github.com/teamdsb/tmo/services/commerce/internal/modules/productrequestexport/service.go:259.2,259.46 1 2
github.com/teamdsb/tmo/services/commerce/internal/modules/productrequestexport/service.go:262.57,263.18 1 1
github.com/teamdsb/tmo/services/commerce/internal/modules/productrequestexport/service.go:263.18,265.3 1 0
github.com/teamdsb/tmo/services/commerce/internal/modules/productrequestexport/service.go:266.2,266.59 1 1
github.com/teamdsb/tmo/services/commerce/internal/modules/productrequestexport/service.go:269.115,278.2 1 0
github.com/teamdsb/tmo/services/commerce/internal/modules/productrequestexport/worker.go:23.45,24.33 1 2
github.com/teamdsb/tmo/services/commerce/internal/modules/productrequestexport/worker.go:24.33,26.3 1 0
github.com/teamdsb/tmo/services/commerce/internal/modules/productrequestexport/worker.go:28.2,29.23 2 2
github.com/teamdsb/tmo/services/commerce/internal/modules/productrequestexport/worker.go:29.23,31.3 1 0
github.com/teamdsb/tmo/services/commerce/internal/modules/productrequestexport/worker.go:33.2,33.56 1 2
github.com/teamdsb/tmo/services/commerce/internal/modules/productrequestexport/worker.go:33.56,35.3 1 0
github.com/teamdsb/tmo/services/commerce/internal/modules/productrequestexport/worker.go:37.2,37.12 1 2
github.com/teamdsb/tmo/services/commerce/internal/modules/productrequestexport/worker.go:37.12,41.7 3 2
github.com/teamdsb/tmo/services/commerce/internal/modules/productrequestexport/worker.go:41.7,42.24 1 4
github.com/teamdsb/tmo/services/commerce/internal/modules/productrequestexport/worker.go:42.24,44.5 1 0
github.com/teamdsb/tmo/services/commerce/internal/modules/productrequestexport/worker.go:45.4,46.55 2 4
github.com/teamdsb/tmo/services/commerce/internal/modules/productrequestexport/worker.go:46.55,48.5 1 1
github.com/teamdsb/tmo/services/commerce/internal/modules/productrequestexport/worker.go:49.4,49.17 1 4
github.com/teamdsb/tmo/services/commerce/internal/modules/productrequestexport/worker.go:49.17,50.13 1 0
github.com/teamdsb/tmo/services/commerce/internal/modules/productrequestexport/worker.go:53.4,53.11 1 4
github.com/teamdsb/tmo/services/commerce/internal/modules/productrequestexport/worker.go:54.22,55.11 1 2
github.com/teamdsb/tmo/services/commerce/internal/modules/productrequestexport/worker.go:56.20,56.20 0 2
github.com/teamdsb/tmo/services/commerce/internal/modules/productrequestexport/worker.go:62.54,63.33 1 1
github.com/teamdsb/tmo/services/commerce/internal/modules/productrequestexport/worker.go:63.33,65.3 1 1
github.com/teamdsb/tmo/services/commerce/internal/modules/productrequestexport/worker.go:66.2,66.39 1 0
