mode: atomic
github.com/teamdsb/tmo/services/identity/internal/http/server.go:15.115,41.2 19 0
github.com/teamdsb/tmo/services/identity/internal/http/server.go:43.63,45.2 1 0
github.com/teamdsb/tmo/services/identity/cmd/identity/main.go:24.13,30.63 3 0
github.com/teamdsb/tmo/services/identity/cmd/identity/main.go:30.63,33.3 2 0
github.com/teamdsb/tmo/services/identity/cmd/identity/main.go:36.43,37.30 1 0
github.com/teamdsb/tmo/services/identity/cmd/identity/main.go:38.15,39.25 1 0
github.com/teamdsb/tmo/services/identity/cmd/identity/main.go:40.25,41.24 1 0
github.com/teamdsb/tmo/services/identity/cmd/identity/main.go:42.15,43.25 1 0
github.com/teamdsb/tmo/services/identity/cmd/identity/main.go:44.10,45.24 1 0
github.com/teamdsb/tmo/services/identity/cmd/identity/main.go:49.77,56.16 4 0
github.com/teamdsb/tmo/services/identity/cmd/identity/main.go:56.16,58.3 1 0
github.com/teamdsb/tmo/services/identity/cmd/identity/main.go:59.2,59.15 1 0
github.com/teamdsb/tmo/services/identity/cmd/identity/main.go:59.15,62.51 3 0
github.com/teamdsb/tmo/services/identity/cmd/identity/main.go:62.51,64.4 1 0
github.com/teamdsb/tmo/services/identity/cmd/identity/main.go:67.2,68.16 2 0
github.com/teamdsb/tmo/services/identity/cmd/identity/main.go:68.16,70.3 1 0
github.com/teamdsb/tmo/services/identity/cmd/identity/main.go:71.2,105.90 6 0
github.com/teamdsb/tmo/services/identity/cmd/identity/main.go:105.90,107.3 1 0
github.com/teamdsb/tmo/services/identity/cmd/identity/main.go:108.2,113.12 4 0
github.com/teamdsb/tmo/services/identity/cmd/identity/main.go:113.12,115.3 1 0
github.com/teamdsb/tmo/services/identity/cmd/identity/main.go:117.2,117.9 1 0
github.com/teamdsb/tmo/services/identity/cmd/identity/main.go:118.22,119.58 1 0
github.com/teamdsb/tmo/services/identity/cmd/identity/main.go:119.58,121.4 1 0
github.com/teamdsb/tmo/services/identity/cmd/identity/main.go:122.3,122.13 1 0
github.com/teamdsb/tmo/services/identity/cmd/identity/main.go:123.20,124.42 1 0
github.com/teamdsb/tmo/services/identity/cmd/identity/main.go:127.2,129.53 3 0
github.com/teamdsb/tmo/services/identity/cmd/identity/main.go:129.53,131.3 1 0
github.com/teamdsb/tmo/services/identity/cmd/identity/main.go:133.2,133.73 1 0
github.com/teamdsb/tmo/services/identity/cmd/identity/main.go:133.73,135.3 1 0
github.com/teamdsb/tmo/services/identity/cmd/identity/main.go:137.2,137.12 1 0
github.com/teamdsb/tmo/services/identity/cmd/identity-seed/main.go:30.13,31.30 1 0
github.com/teamdsb/tmo/services/identity/cmd/identity-seed/main.go:31.30,34.3 2 0
github.com/teamdsb/tmo/services/identity/cmd/identity-seed/main.go:37.18,39.15 2 0
github.com/teamdsb/tmo/services/identity/cmd/identity-seed/main.go:39.15,41.3 1 0
github.com/teamdsb/tmo/services/identity/cmd/identity-seed/main.go:43.2,47.16 4 0
github.com/teamdsb/tmo/services/identity/cmd/identity-seed/main.go:47.16,49.3 1 0
github.com/teamdsb/tmo/services/identity/cmd/identity-seed/main.go:50.2,52.39 2 0
github.com/teamdsb/tmo/services/identity/cmd/identity-seed/main.go:52.39,54.3 1 0
github.com/teamdsb/tmo/services/identity/cmd/identity-seed/main.go:56.2,56.65 1 0
github.com/teamdsb/tmo/services/identity/cmd/identity-seed/main.go:56.65,68.16 1 0
github.com/teamdsb/tmo/services/identity/cmd/identity-seed/main.go:68.16,70.4 1 0
github.com/teamdsb/tmo/services/identity/cmd/identity-seed/main.go:73.2,86.17 8 0
github.com/teamdsb/tmo/services/identity/cmd/identity-seed/main.go:86.17,88.3 1 0
github.com/teamdsb/tmo/services/identity/cmd/identity-seed/main.go:89.2,94.17 1 0
github.com/teamdsb/tmo/services/identity/cmd/identity-seed/main.go:94.17,96.3 1 0
github.com/teamdsb/tmo/services/identity/cmd/identity-seed/main.go:97.2,102.17 1 0
github.com/teamdsb/tmo/services/identity/cmd/identity-seed/main.go:102.17,104.3 1 0
github.com/teamdsb/tmo/services/identity/cmd/identity-seed/main.go:105.2,110.17 1 0
github.com/teamdsb/tmo/services/identity/cmd/identity-seed/main.go:110.17,112.3 1 0
github.com/teamdsb/tmo/services/identity/cmd/identity-seed/main.go:113.2,118.17 1 0
github.com/teamdsb/tmo/services/identity/cmd/identity-seed/main.go:118.17,120.3 1 0
github.com/teamdsb/tmo/services/identity/cmd/identity-seed/main.go:121.2,127.17 1 0
github.com/teamdsb/tmo/services/identity/cmd/identity-seed/main.go:127.17,129.3 1 0
github.com/teamdsb/tmo/services/identity/cmd/identity-seed/main.go:130.2,136.17 1 0
github.com/teamdsb/tmo/services/identity/cmd/identity-seed/main.go:136.17,138.3 1 0
github.com/teamdsb/tmo/services/identity/cmd/identity-seed/main.go:140.2,149.41 2 0
github.com/teamdsb/tmo/services/identity/cmd/identity-seed/main.go:149.41,150.90 1 0
github.com/teamdsb/tmo/services/identity/cmd/identity-seed/main.go:150.90,152.4 1 0
github.com/teamdsb/tmo/services/identity/cmd/identity-seed/main.go:155.2,159.17 1 0
github.com/teamdsb/tmo/services/identity/cmd/identity-seed/main.go:159.17,161.3 1 0
github.com/teamdsb/tmo/services/identity/cmd/identity-seed/main.go:162.2,166.17 1 0
github.com/teamdsb/tmo/services/identity/cmd/identity-seed/main.go:166.17,168.3 1 0
github.com/teamdsb/tmo/services/identity/cmd/identity-seed/main.go:169.2,173.17 1 0
github.com/teamdsb/tmo/services/identity/cmd/identity-seed/main.go:173.17,175.3 1 0
github.com/teamdsb/tmo/services/identity/cmd/identity-seed/main.go:177.2,181.17 1 0
github.com/teamdsb/tmo/services/identity/cmd/identity-seed/main.go:181.17,183.3 1 0
github.com/teamdsb/tmo/services/identity/cmd/identity-seed/main.go:184.2,188.17 1 0
github.com/teamdsb/tmo/services/identity/cmd/identity-seed/main.go:188.17,190.3 1 0
github.com/teamdsb/tmo/services/identity/cmd/identity-seed/main.go:192.2,193.16 2 0
github.com/teamdsb/tmo/services/identity/cmd/identity-seed/main.go:193.16,195.3 1 0
github.com/teamdsb/tmo/services/identity/cmd/identity-seed/main.go:196.2,196.101 1 0
github.com/teamdsb/tmo/services/identity/cmd/identity-seed/main.go:196.101,198.3 1 0
github.com/teamdsb/tmo/services/identity/cmd/identity-seed/main.go:199.2,200.16 2 0
github.com/teamdsb/tmo/services/identity/cmd/identity-seed/main.go:200.16,202.3 1 0
github.com/teamdsb/tmo/services/identity/cmd/identity-seed/main.go:203.2,203.98 1 0
github.com/teamdsb/tmo/services/identity/cmd/identity-seed/main.go:203.98,205.3 1 0
github.com/teamdsb/tmo/services/identity/cmd/identity-seed/main.go:206.2,207.16 2 0
github.com/teamdsb/tmo/services/identity/cmd/identity-seed/main.go:207.16,209.3 1 0
github.com/teamdsb/tmo/services/identity/cmd/identity-seed/main.go:210.2,210.107 1 0
github.com/teamdsb/tmo/services/identity/cmd/identity-seed/main.go:210.107,212.3 1 0
github.com/teamdsb/tmo/services/identity/cmd/identity-seed/main.go:213.2,214.16 2 0
github.com/teamdsb/tmo/services/identity/cmd/identity-seed/main.go:214.16,216.3 1 0
github.com/teamdsb/tmo/services/identity/cmd/identity-seed/main.go:217.2,217.92 1 0
github.com/teamdsb/tmo/services/identity/cmd/identity-seed/main.go:217.92,219.3 1 0
github.com/teamdsb/tmo/services/identity/cmd/identity-seed/main.go:220.2,221.16 2 0
github.com/teamdsb/tmo/services/identity/cmd/identity-seed/main.go:221.16,223.3 1 0
github.com/teamdsb/tmo/services/identity/cmd/identity-seed/main.go:224.2,224.101 1 0
github.com/teamdsb/tmo/services/identity/cmd/identity-seed/main.go:224.101,226.3 1 0
github.com/teamdsb/tmo/services/identity/cmd/identity-seed/main.go:228.2,237.12 10 0
github.com/teamdsb/tmo/services/identity/cmd/identity-seed/main.go:248.79,258.93 1 0
github.com/teamdsb/tmo/services/identity/cmd/identity-seed/main.go:258.93,260.3 1 0
github.com/teamdsb/tmo/services/identity/cmd/identity-seed/main.go:261.2,261.12 1 0
github.com/teamdsb/tmo/services/identity/cmd/identity-seed/main.go:269.104,270.21 1 0
github.com/teamdsb/tmo/services/identity/cmd/identity-seed/main.go:270.21,272.3 1 0
github.com/teamdsb/tmo/services/identity/cmd/identity-seed/main.go:274.2,278.31 1 0
github.com/teamdsb/tmo/services/identity/cmd/identity-seed/main.go:278.31,280.3 1 0
github.com/teamdsb/tmo/services/identity/cmd/identity-seed/main.go:282.2,282.29 1 0
github.com/teamdsb/tmo/services/identity/cmd/identity-seed/main.go:282.29,287.30 1 0
github.com/teamdsb/tmo/services/identity/cmd/identity-seed/main.go:287.30,289.4 1 0
github.com/teamdsb/tmo/services/identity/cmd/identity-seed/main.go:291.2,291.12 1 0
github.com/teamdsb/tmo/services/identity/cmd/identity-seed/main.go:300.91,308.89 2 0
github.com/teamdsb/tmo/services/identity/cmd/identity-seed/main.go:308.89,310.3 1 0
github.com/teamdsb/tmo/services/identity/cmd/identity-seed/main.go:311.2,311.12 1 0
github.com/teamdsb/tmo/services/identity/cmd/identity-seed/main.go:314.117,318.34 1 0
github.com/teamdsb/tmo/services/identity/cmd/identity-seed/main.go:318.34,320.3 1 0
github.com/teamdsb/tmo/services/identity/cmd/identity-seed/main.go:322.2,325.48 1 0
github.com/teamdsb/tmo/services/identity/cmd/identity-seed/main.go:325.48,327.3 1 0
github.com/teamdsb/tmo/services/identity/cmd/identity-seed/main.go:328.2,328.12 1 0
github.com/teamdsb/tmo/services/identity/cmd/identity-seed/main.go:337.109,346.51 1 0
github.com/teamdsb/tmo/services/identity/cmd/identity-seed/main.go:346.51,348.3 1 0
github.com/teamdsb/tmo/services/identity/cmd/identity-seed/main.go:349.2,349.12 1 0
github.com/teamdsb/tmo/services/identity/cmd/identity-seed/main.go:352.31,354.2 1 0
github.com/teamdsb/tmo/services/identity/internal/auth/jwt.go:34.78,40.2 1 0
github.com/teamdsb/tmo/services/identity/internal/auth/jwt.go:42.150,52.20 4 0
github.com/teamdsb/tmo/services/identity/internal/auth/jwt.go:52.20,54.3 1 0
github.com/teamdsb/tmo/services/identity/internal/auth/jwt.go:55.2,55.20 1 0
github.com/teamdsb/tmo/services/identity/internal/auth/jwt.go:55.20,57.3 1 0
github.com/teamdsb/tmo/services/identity/internal/auth/jwt.go:58.2,58.20 1 0
github.com/teamdsb/tmo/services/identity/internal/auth/jwt.go:58.20,60.3 1 0
github.com/teamdsb/tmo/services/identity/internal/auth/jwt.go:61.2,61.62 1 0
github.com/teamdsb/tmo/services/identity/internal/auth/jwt.go:61.62,63.3 1 0
github.com/teamdsb/tmo/services/identity/internal/auth/jwt.go:65.2,67.16 3 0
github.com/teamdsb/tmo/services/identity/internal/auth/jwt.go:67.16,69.3 1 0
github.com/teamdsb/tmo/services/identity/internal/auth/jwt.go:70.2,70.31 1 0
github.com/teamdsb/tmo/services/identity/internal/auth/jwt.go:73.71,75.15 2 0
github.com/teamdsb/tmo/services/identity/internal/auth/jwt.go:75.15,77.3 1 0
github.com/teamdsb/tmo/services/identity/internal/auth/jwt.go:78.2,79.63 2 0
github.com/teamdsb/tmo/services/identity/internal/auth/jwt.go:79.63,81.3 1 0
github.com/teamdsb/tmo/services/identity/internal/auth/jwt.go:82.2,82.26 1 0
github.com/teamdsb/tmo/services/identity/internal/auth/jwt.go:85.58,86.75 1 0
github.com/teamdsb/tmo/services/identity/internal/auth/jwt.go:86.75,87.58 1 0
github.com/teamdsb/tmo/services/identity/internal/auth/jwt.go:87.58,89.4 1 0
github.com/teamdsb/tmo/services/identity/internal/auth/jwt.go:90.3,90.23 1 0
github.com/teamdsb/tmo/services/identity/internal/auth/jwt.go:92.2,92.32 1 0
github.com/teamdsb/tmo/services/identity/internal/auth/jwt.go:92.32,94.3 1 0
github.com/teamdsb/tmo/services/identity/internal/auth/jwt.go:96.2,97.9 2 0
github.com/teamdsb/tmo/services/identity/internal/auth/jwt.go:97.9,99.3 1 0
github.com/teamdsb/tmo/services/identity/internal/auth/jwt.go:101.2,101.20 1 0
github.com/teamdsb/tmo/services/identity/internal/auth/jwt.go:101.20,103.32 2 0
github.com/teamdsb/tmo/services/identity/internal/auth/jwt.go:103.32,105.4 1 0
github.com/teamdsb/tmo/services/identity/internal/auth/jwt.go:108.2,109.22 2 0
github.com/teamdsb/tmo/services/identity/internal/auth/jwt.go:109.22,111.3 1 0
github.com/teamdsb/tmo/services/identity/internal/auth/jwt.go:112.2,113.16 2 0
github.com/teamdsb/tmo/services/identity/internal/auth/jwt.go:113.16,115.3 1 0
github.com/teamdsb/tmo/services/identity/internal/auth/jwt.go:117.2,123.44 3 0
github.com/teamdsb/tmo/services/identity/internal/auth/jwt.go:123.44,124.35 1 0
github.com/teamdsb/tmo/services/identity/internal/auth/jwt.go:125.22,127.32 2 0
github.com/teamdsb/tmo/services/identity/internal/auth/jwt.go:127.32,128.44 1 0
github.com/teamdsb/tmo/services/identity/internal/auth/jwt.go:128.44,130.6 1 0
github.com/teamdsb/tmo/services/identity/internal/auth/jwt.go:132.4,132.24 1 0
github.com/teamdsb/tmo/services/identity/internal/auth/jwt.go:133.17,134.24 1 0
github.com/teamdsb/tmo/services/identity/internal/auth/jwt.go:138.2,138.56 1 0
github.com/teamdsb/tmo/services/identity/internal/auth/jwt.go:138.56,140.3 1 0
github.com/teamdsb/tmo/services/identity/internal/auth/jwt.go:142.2,142.82 1 0
github.com/teamdsb/tmo/services/identity/internal/auth/jwt.go:142.82,144.17 2 0
github.com/teamdsb/tmo/services/identity/internal/auth/jwt.go:144.17,146.4 1 0
github.com/teamdsb/tmo/services/identity/internal/auth/jwt.go:147.3,147.37 1 0
github.com/teamdsb/tmo/services/identity/internal/auth/jwt.go:150.2,150.50 1 0
github.com/teamdsb/tmo/services/identity/internal/auth/jwt.go:150.50,152.3 1 0
github.com/teamdsb/tmo/services/identity/internal/auth/jwt.go:154.2,154.20 1 0
github.com/teamdsb/tmo/services/identity/internal/db/conn.go:11.70,13.2 1 0
github.com/teamdsb/tmo/services/identity/internal/db/conn.go:15.59,17.2 1 0
github.com/teamdsb/tmo/services/identity/internal/db/db.go:20.28,22.2 1 0
github.com/teamdsb/tmo/services/identity/internal/db/db.go:28.46,32.2 1 0
github.com/teamdsb/tmo/services/identity/internal/db/identity.sql.go:27.103,30.2 2 0
github.com/teamdsb/tmo/services/identity/internal/db/identity.sql.go:45.93,48.2 2 0
github.com/teamdsb/tmo/services/identity/internal/db/identity.sql.go:61.81,64.2 2 0
github.com/teamdsb/tmo/services/identity/internal/db/identity.sql.go:78.103,99.2 4 0
github.com/teamdsb/tmo/services/identity/internal/db/identity.sql.go:115.93,136.2 4 0
github.com/teamdsb/tmo/services/identity/internal/db/identity.sql.go:156.89,161.2 4 0
github.com/teamdsb/tmo/services/identity/internal/db/identity.sql.go:191.106,201.2 4 0
github.com/teamdsb/tmo/services/identity/internal/db/identity.sql.go:228.98,233.2 4 0
github.com/teamdsb/tmo/services/identity/internal/db/identity.sql.go:249.96,254.2 4 0
github.com/teamdsb/tmo/services/identity/internal/db/identity.sql.go:275.96,280.2 4 0
github.com/teamdsb/tmo/services/identity/internal/db/identity.sql.go:289.100,294.2 4 0
github.com/teamdsb/tmo/services/identity/internal/db/identity.sql.go:309.130,314.2 4 0
github.com/teamdsb/tmo/services/identity/internal/db/identity.sql.go:333.83,338.2 4 0
github.com/teamdsb/tmo/services/identity/internal/db/identity.sql.go:358.99,384.2 4 0
github.com/teamdsb/tmo/services/identity/internal/db/identity.sql.go:400.108,419.2 4 0
github.com/teamdsb/tmo/services/identity/internal/db/identity.sql.go:434.93,443.2 2 0
github.com/teamdsb/tmo/services/identity/internal/db/identity.sql.go:459.126,478.2 4 0
github.com/teamdsb/tmo/services/identity/internal/db/identity.sql.go:494.87,521.2 4 0
github.com/teamdsb/tmo/services/identity/internal/db/identity.sql.go:537.111,556.2 4 0
github.com/teamdsb/tmo/services/identity/internal/db/identity.sql.go:562.85,565.2 2 0
github.com/teamdsb/tmo/services/identity/internal/db/identity.sql.go:571.80,574.2 2 0
github.com/teamdsb/tmo/services/identity/internal/db/identity.sql.go:587.91,608.2 4 0
github.com/teamdsb/tmo/services/identity/internal/db/identity.sql.go:615.84,636.2 4 0
github.com/teamdsb/tmo/services/identity/internal/db/identity.sql.go:653.118,665.2 4 0
github.com/teamdsb/tmo/services/identity/internal/db/identity.sql.go:674.94,687.2 4 0
github.com/teamdsb/tmo/services/identity/internal/db/identity.sql.go:701.84,706.2 4 0
github.com/teamdsb/tmo/services/identity/internal/db/identity.sql.go:720.114,733.2 4 0
github.com/teamdsb/tmo/services/identity/internal/db/identity.sql.go:739.87,744.2 4 0
github.com/teamdsb/tmo/services/identity/internal/db/identity.sql.go:750.75,760.2 4 0
github.com/teamdsb/tmo/services/identity/internal/db/identity.sql.go:766.90,779.2 4 0
github.com/teamdsb/tmo/services/identity/internal/db/identity.sql.go:787.102,800.2 4 0
github.com/teamdsb/tmo/services/identity/internal/db/identity.sql.go:806.80,827.2 4 0
github.com/teamdsb/tmo/services/identity/internal/db/identity.sql.go:841.101,862.2 4 0
github.com/teamdsb/tmo/services/identity/internal/db/identity.sql.go:870.84,891.2 4 0
github.com/teamdsb/tmo/services/identity/internal/db/identity.sql.go:904.105,917.2 4 0
github.com/teamdsb/tmo/services/identity/internal/db/identity.sql.go:928.121,933.2 4 0
github.com/teamdsb/tmo/services/identity/internal/db/identity.sql.go:957.109,959.16 2 0
github.com/teamdsb/tmo/services/identity/internal/db/identity.sql.go:959.16,961.3 1 0
github.com/teamdsb/tmo/services/identity/internal/db/identity.sql.go:962.2,964.18 3 0
github.com/teamdsb/tmo/services/identity/internal/db/identity.sql.go:964.18,982.17 2 0
github.com/teamdsb/tmo/services/identity/internal/db/identity.sql.go:982.17,984.4 1 0
github.com/teamdsb/tmo/services/identity/internal/db/identity.sql.go:985.3,985.27 1 0
github.com/teamdsb/tmo/services/identity/internal/db/identity.sql.go:987.2,987.35 1 0
github.com/teamdsb/tmo/services/identity/internal/db/identity.sql.go:987.35,989.3 1 0
github.com/teamdsb/tmo/services/identity/internal/db/identity.sql.go:990.2,990.19 1 0
github.com/teamdsb/tmo/services/identity/internal/db/identity.sql.go:1025.105,1034.16 2 0
github.com/teamdsb/tmo/services/identity/internal/db/identity.sql.go:1034.16,1036.3 1 0
github.com/teamdsb/tmo/services/identity/internal/db/identity.sql.go:1037.2,1039.18 3 0
github.com/teamdsb/tmo/services/identity/internal/db/identity.sql.go:1039.18,1057.17 2 0
github.com/teamdsb/tmo/services/identity/internal/db/identity.sql.go:1057.17,1059.4 1 0
github.com/teamdsb/tmo/services/identity/internal/db/identity.sql.go:1060.3,1060.27 1 0
github.com/teamdsb/tmo/services/identity/internal/db/identity.sql.go:1062.2,1062.35 1 0
github.com/teamdsb/tmo/services/identity/internal/db/identity.sql.go:1062.35,1064.3 1 0
github.com/teamdsb/tmo/services/identity/internal/db/identity.sql.go:1065.2,1065.19 1 0
github.com/teamdsb/tmo/services/identity/internal/db/identity.sql.go:1093.97,1101.16 2 0
github.com/teamdsb/tmo/services/identity/internal/db/identity.sql.go:1101.16,1103.3 1 0
github.com/teamdsb/tmo/services/identity/internal/db/identity.sql.go:1104.2,1106.18 3 0
github.com/teamdsb/tmo/services/identity/internal/db/identity.sql.go:1106.18,1123.17 2 0
github.com/teamdsb/tmo/services/identity/internal/db/identity.sql.go:1123.17,1125.4 1 0
github.com/teamdsb/tmo/services/identity/internal/db/identity.sql.go:1126.3,1126.27 1 0
github.com/teamdsb/tmo/services/identity/internal/db/identity.sql.go:1128.2,1128.35 1 0
github.com/teamdsb/tmo/services/identity/internal/db/identity.sql.go:1128.35,1130.3 1 0
github.com/teamdsb/tmo/services/identity/internal/db/identity.sql.go:1131.2,1131.19 1 0
github.com/teamdsb/tmo/services/identity/internal/db/identity.sql.go:1151.99,1159.16 2 0
github.com/teamdsb/tmo/services/identity/internal/db/identity.sql.go:1159.16,1161.3 1 0
github.com/teamdsb/tmo/services/identity/internal/db/identity.sql.go:1162.2,1164.18 3 0
github.com/teamdsb/tmo/services/identity/internal/db/identity.sql.go:1164.18,1177.17 2 0
github.com/teamdsb/tmo/services/identity/internal/db/identity.sql.go:1177.17,1179.4 1 0
github.com/teamdsb/tmo/services/identity/internal/db/identity.sql.go:1180.3,1180.27 1 0
github.com/teamdsb/tmo/services/identity/internal/db/identity.sql.go:1182.2,1182.35 1 0
github.com/teamdsb/tmo/services/identity/internal/db/identity.sql.go:1182.35,1184.3 1 0
github.com/teamdsb/tmo/services/identity/internal/db/identity.sql.go:1185.2,1185.19 1 0
github.com/teamdsb/tmo/services/identity/internal/db/identity.sql.go:1195.102,1197.16 2 0
github.com/teamdsb/tmo/services/identity/internal/db/identity.sql.go:1197.16,1199.3 1 0
github.com/teamdsb/tmo/services/identity/internal/db/identity.sql.go:1200.2,1202.18 3 0
github.com/teamdsb/tmo/services/identity/internal/db/identity.sql.go:1202.18,1212.17 2 0
github.com/teamdsb/tmo/services/identity/internal/db/identity.sql.go:1212.17,1214.4 1 0
github.com/teamdsb/tmo/services/identity/internal/db/identity.sql.go:1215.3,1215.27 1 0
github.com/teamdsb/tmo/services/identity/internal/db/identity.sql.go:1217.2,1217.35 1 0
github.com/teamdsb/tmo/services/identity/internal/db/identity.sql.go:1217.35,1219.3 1 0
github.com/teamdsb/tmo/services/identity/internal/db/identity.sql.go:1220.2,1220.19 1 0
github.com/teamdsb/tmo/services/identity/internal/db/identity.sql.go:1246.139,1248.16 2 0
github.com/teamdsb/tmo/services/identity/internal/db/identity.sql.go:1248.16,1250.3 1 0
github.com/teamdsb/tmo/services/identity/internal/db/identity.sql.go:1251.2,1253.18 3 0
github.com/teamdsb/tmo/services/identity/internal/db/identity.sql.go:1253.18,1262.17 2 0
github.com/teamdsb/tmo/services/identity/internal/db/identity.sql.go:1262.17,1264.4 1 0
github.com/teamdsb/tmo/services/identity/internal/db/identity.sql.go:1265.3,1265.27 1 0
github.com/teamdsb/tmo/services/identity/internal/db/identity.sql.go:1267.2,1267.35 1 0
github.com/teamdsb/tmo/services/identity/internal/db/identity.sql.go:1267.35,1269.3 1 0
github.com/teamdsb/tmo/services/identity/internal/db/identity.sql.go:1270.2,1270.19 1 0
github.com/teamdsb/tmo/services/identity/internal/db/identity.sql.go:1279.105,1281.16 2 0
github.com/teamdsb/tmo/services/identity/internal/db/identity.sql.go:1281.16,1283.3 1 0
github.com/teamdsb/tmo/services/identity/internal/db/identity.sql.go:1284.2,1286.18 3 0
github.com/teamdsb/tmo/services/identity/internal/db/identity.sql.go:1286.18,1296.17 2 0
github.com/teamdsb/tmo/services/identity/internal/db/identity.sql.go:1296.17,1298.4 1 0
github.com/teamdsb/tmo/services/identity/internal/db/identity.sql.go:1299.3,1299.27 1 0
github.com/teamdsb/tmo/services/identity/internal/db/identity.sql.go:1301.2,1301.35 1 0
github.com/teamdsb/tmo/services/identity/internal/db/identity.sql.go:1301.35,1303.3 1 0
github.com/teamdsb/tmo/services/identity/internal/db/identity.sql.go:1304.2,1304.19 1 0
github.com/teamdsb/tmo/services/identity/internal/db/identity.sql.go:1329.95,1337.16 2 0
github.com/teamdsb/tmo/services/identity/internal/db/identity.sql.go:1337.16,1339.3 1 0
github.com/teamdsb/tmo/services/identity/internal/db/identity.sql.go:1340.2,1342.18 3 0
github.com/teamdsb/tmo/services/identity/internal/db/identity.sql.go:1342.18,1360.17 2 0
github.com/teamdsb/tmo/services/identity/internal/db/identity.sql.go:1360.17,1362.4 1 0
github.com/teamdsb/tmo/services/identity/internal/db/identity.sql.go:1363.3,1363.27 1 0
github.com/teamdsb/tmo/services/identity/internal/db/identity.sql.go:1365.2,1365.35 1 0
github.com/teamdsb/tmo/services/identity/internal/db/identity.sql.go:1365.35,1367.3 1 0
github.com/teamdsb/tmo/services/identity/internal/db/identity.sql.go:1368.2,1368.19 1 0
github.com/teamdsb/tmo/services/identity/internal/db/identity.sql.go:1398.122,1400.16 2 0
github.com/teamdsb/tmo/services/identity/internal/db/identity.sql.go:1400.16,1402.3 1 0
github.com/teamdsb/tmo/services/identity/internal/db/identity.sql.go:1403.2,1405.18 3 0
github.com/teamdsb/tmo/services/identity/internal/db/identity.sql.go:1405.18,1407.64 2 0
github.com/teamdsb/tmo/services/identity/internal/db/identity.sql.go:1407.64,1409.4 1 0
github.com/teamdsb/tmo/services/identity/internal/db/identity.sql.go:1410.3,1410.27 1 0
github.com/teamdsb/tmo/services/identity/internal/db/identity.sql.go:1412.2,1412.35 1 0
github.com/teamdsb/tmo/services/identity/internal/db/identity.sql.go:1412.35,1414.3 1 0
github.com/teamdsb/tmo/services/identity/internal/db/identity.sql.go:1415.2,1415.19 1 0
github.com/teamdsb/tmo/services/identity/internal/db/identity.sql.go:1422.78,1424.16 2 0
github.com/teamdsb/tmo/services/identity/internal/db/identity.sql.go:1424.16,1426.3 1 0
github.com/teamdsb/tmo/services/identity/internal/db/identity.sql.go:1427.2,1429.18 3 0
github.com/teamdsb/tmo/services/identity/internal/db/identity.sql.go:1429.18,1431.74 2 0
github.com/teamdsb/tmo/services/identity/internal/db/identity.sql.go:1431.74,1433.4 1 0
github.com/teamdsb/tmo/services/identity/internal/db/identity.sql.go:1434.3,1434.27 1 0
github.com/teamdsb/tmo/services/identity/internal/db/identity.sql.go:1436.2,1436.35 1 0
github.com/teamdsb/tmo/services/identity/internal/db/identity.sql.go:1436.35,1438.3 1 0
github.com/teamdsb/tmo/services/identity/internal/db/identity.sql.go:1439.2,1439.19 1 0
github.com/teamdsb/tmo/services/identity/internal/db/identity.sql.go:1451.111,1453.16 2 0
github.com/teamdsb/tmo/services/identity/internal/db/identity.sql.go:1453.16,1455.3 1 0
github.com/teamdsb/tmo/services/identity/internal/db/identity.sql.go:1456.2,1458.18 3 0
github.com/teamdsb/tmo/services/identity/internal/db/identity.sql.go:1458.18,1460.64 2 0
github.com/teamdsb/tmo/services/identity/internal/db/identity.sql.go:1460.64,1462.4 1 0
github.com/teamdsb/tmo/services/identity/internal/db/identity.sql.go:1463.3,1463.27 1 0
github.com/teamdsb/tmo/services/identity/internal/db/identity.sql.go:1465.2,1465.35 1 0
github.com/teamdsb/tmo/services/identity/internal/db/identity.sql.go:1465.35,1467.3 1 0
github.com/teamdsb/tmo/services/identity/internal/db/identity.sql.go:1468.2,1468.19 1 0
github.com/teamdsb/tmo/services/identity/internal/db/identity.sql.go:1475.66,1477.16 2 0
github.com/teamdsb/tmo/services/identity/internal/db/identity.sql.go:1477.16,1479.3 1 0
github.com/teamdsb/tmo/services/identity/internal/db/identity.sql.go:1480.2,1482.18 3 0
github.com/teamdsb/tmo/services/identity/internal/db/identity.sql.go:1482.18,1489.17 2 0
github.com/teamdsb/tmo/services/identity/internal/db/identity.sql.go:1489.17,1491.4 1 0
github.com/teamdsb/tmo/services/identity/internal/db/identity.sql.go:1492.3,1492.27 1 0
github.com/teamdsb/tmo/services/identity/internal/db/identity.sql.go:1494.2,1494.35 1 0
github.com/teamdsb/tmo/services/identity/internal/db/identity.sql.go:1494.35,1496.3 1 0
github.com/teamdsb/tmo/services/identity/internal/db/identity.sql.go:1497.2,1497.19 1 0
github.com/teamdsb/tmo/services/identity/internal/db/identity.sql.go:1524.97,1526.16 2 0
github.com/teamdsb/tmo/services/identity/internal/db/identity.sql.go:1526.16,1528.3 1 0
github.com/teamdsb/tmo/services/identity/internal/db/identity.sql.go:1529.2,1531.18 3 0
github.com/teamdsb/tmo/services/identity/internal/db/identity.sql.go:1531.18,1549.17 2 0
github.com/teamdsb/tmo/services/identity/internal/db/identity.sql.go:1549.17,1551.4 1 0
github.com/teamdsb/tmo/services/identity/internal/db/identity.sql.go:1552.3,1552.27 1 0
github.com/teamdsb/tmo/services/identity/internal/db/identity.sql.go:1554.2,1554.35 1 0
github.com/teamdsb/tmo/services/identity/internal/db/identity.sql.go:1554.35,1556.3 1 0
github.com/teamdsb/tmo/services/identity/internal/db/identity.sql.go:1557.2,1557.19 1 0
github.com/teamdsb/tmo/services/identity/internal/db/identity.sql.go:1564.90,1566.16 2 0
github.com/teamdsb/tmo/services/identity/internal/db/identity.sql.go:1566.16,1568.3 1 0
github.com/teamdsb/tmo/services/identity/internal/db/identity.sql.go:1569.2,1571.18 3 0
github.com/teamdsb/tmo/services/identity/internal/db/identity.sql.go:1571.18,1573.42 2 0
github.com/teamdsb/tmo/services/identity/internal/db/identity.sql.go:1573.42,1575.4 1 0
github.com/teamdsb/tmo/services/identity/internal/db/identity.sql.go:1576.3,1576.30 1 0
github.com/teamdsb/tmo/services/identity/internal/db/identity.sql.go:1578.2,1578.35 1 0
github.com/teamdsb/tmo/services/identity/internal/db/identity.sql.go:1578.35,1580.3 1 0
github.com/teamdsb/tmo/services/identity/internal/db/identity.sql.go:1581.2,1581.19 1 0
github.com/teamdsb/tmo/services/identity/internal/db/identity.sql.go:1590.88,1592.16 2 0
github.com/teamdsb/tmo/services/identity/internal/db/identity.sql.go:1592.16,1594.3 1 0
github.com/teamdsb/tmo/services/identity/internal/db/identity.sql.go:1595.2,1597.18 3 0
github.com/teamdsb/tmo/services/identity/internal/db/identity.sql.go:1597.18,1615.17 2 0
github.com/teamdsb/tmo/services/identity/internal/db/identity.sql.go:1615.17,1617.4 1 0
github.com/teamdsb/tmo/services/identity/internal/db/identity.sql.go:1618.3,1618.27 1 0
github.com/teamdsb/tmo/services/identity/internal/db/identity.sql.go:1620.2,1620.35 1 0
github.com/teamdsb/tmo/services/identity/internal/db/identity.sql.go:1620.35,1622.3 1 0
github.com/teamdsb/tmo/services/identity/internal/db/identity.sql.go:1623.2,1623.19 1 0
github.com/teamdsb/tmo/services/identity/internal/db/identity.sql.go:1632.86,1635.2 2 0
github.com/teamdsb/tmo/services/identity/internal/db/identity.sql.go:1649.91,1669.2 4 0
github.com/teamdsb/tmo/services/identity/internal/db/identity.sql.go:1682.109,1685.2 2 0
github.com/teamdsb/tmo/services/identity/internal/db/identity.sql.go:1700.117,1721.2 4 0
github.com/teamdsb/tmo/services/identity/internal/db/identity.sql.go:1737.121,1739.16 2 0
github.com/teamdsb/tmo/services/identity/internal/db/identity.sql.go:1739.16,1741.3 1 0
github.com/teamdsb/tmo/services/identity/internal/db/identity.sql.go:1742.2,1744.18 3 0
github.com/teamdsb/tmo/services/identity/internal/db/identity.sql.go:1744.18,1762.17 2 0
github.com/teamdsb/tmo/services/identity/internal/db/identity.sql.go:1762.17,1764.4 1 0
github.com/teamdsb/tmo/services/identity/internal/db/identity.sql.go:1765.3,1765.27 1 0
github.com/teamdsb/tmo/services/identity/internal/db/identity.sql.go:1767.2,1767.35 1 0
github.com/teamdsb/tmo/services/identity/internal/db/identity.sql.go:1767.35,1769.3 1 0
github.com/teamdsb/tmo/services/identity/internal/db/identity.sql.go:1770.2,1770.19 1 0
github.com/teamdsb/tmo/services/identity/internal/db/identity.sql.go:1801.150,1819.2 4 0
github.com/teamdsb/tmo/services/identity/internal/db/identity.sql.go:1840.108,1859.2 4 0
github.com/teamdsb/tmo/services/identity/internal/db/identity.sql.go:1883.120,1888.2 4 0
github.com/teamdsb/tmo/services/identity/internal/db/identity.sql.go:1904.93,1907.2 2 0
github.com/teamdsb/tmo/services/identity/internal/db/identity.sql.go:1922.101,1943.2 4 0
github.com/teamdsb/tmo/services/identity/internal/db/identity.sql.go:1962.99,1988.2 4 0
github.com/teamdsb/tmo/services/identity/internal/db/identity.sql.go:2003.105,2008.2 4 0
github.com/teamdsb/tmo/services/identity/internal/db/identity.sql.go:2025.95,2028.2 2 0
github.com/teamdsb/tmo/services/identity/internal/db/migrations.go:14.91,17.16 3 0
github.com/teamdsb/tmo/services/identity/internal/db/migrations.go:17.16,19.3 1 0
github.com/teamdsb/tmo/services/identity/internal/db/migrations.go:20.2,20.21 1 0
github.com/teamdsb/tmo/services/identity/internal/db/migrations.go:20.21,22.3 1 0
github.com/teamdsb/tmo/services/identity/internal/db/migrations.go:24.2,25.29 2 0
github.com/teamdsb/tmo/services/identity/internal/db/migrations.go:25.29,28.17 2 0
github.com/teamdsb/tmo/services/identity/internal/db/migrations.go:28.17,30.4 1 0
github.com/teamdsb/tmo/services/identity/internal/db/migrations.go:32.3,34.40 3 0
github.com/teamdsb/tmo/services/identity/internal/db/migrations.go:34.40,35.55 1 0
github.com/teamdsb/tmo/services/identity/internal/db/migrations.go:35.55,37.5 1 0
github.com/teamdsb/tmo/services/identity/internal/db/migrations.go:41.2,41.12 1 0
github.com/teamdsb/tmo/services/identity/internal/db/migrations.go:44.44,48.29 4 0
github.com/teamdsb/tmo/services/identity/internal/db/migrations.go:48.29,50.49 2 0
github.com/teamdsb/tmo/services/identity/internal/db/migrations.go:50.49,52.12 2 0
github.com/teamdsb/tmo/services/identity/internal/db/migrations.go:54.3,54.51 1 0
github.com/teamdsb/tmo/services/identity/internal/db/migrations.go:54.51,55.9 1 0
github.com/teamdsb/tmo/services/identity/internal/db/migrations.go:57.3,57.12 1 0
github.com/teamdsb/tmo/services/identity/internal/db/migrations.go:57.12,58.12 1 0
github.com/teamdsb/tmo/services/identity/internal/db/migrations.go:60.3,60.46 1 0
github.com/teamdsb/tmo/services/identity/internal/db/migrations.go:60.46,61.12 1 0
github.com/teamdsb/tmo/services/identity/internal/db/migrations.go:63.3,64.28 2 0
github.com/teamdsb/tmo/services/identity/internal/db/migrations.go:66.2,66.25 1 0
github.com/teamdsb/tmo/services/identity/internal/db/migrations.go:69.46,81.34 10 0
github.com/teamdsb/tmo/services/identity/internal/db/migrations.go:81.34,84.20 2 0
github.com/teamdsb/tmo/services/identity/internal/db/migrations.go:84.20,86.18 2 0
github.com/teamdsb/tmo/services/identity/internal/db/migrations.go:86.18,88.5 1 0
github.com/teamdsb/tmo/services/identity/internal/db/migrations.go:89.4,89.12 1 0
github.com/teamdsb/tmo/services/identity/internal/db/migrations.go:92.3,92.21 1 0
github.com/teamdsb/tmo/services/identity/internal/db/migrations.go:92.21,94.58 2 0
github.com/teamdsb/tmo/services/identity/internal/db/migrations.go:94.58,98.5 3 0
github.com/teamdsb/tmo/services/identity/internal/db/migrations.go:99.4,99.12 1 0
github.com/teamdsb/tmo/services/identity/internal/db/migrations.go:102.3,102.15 1 0
github.com/teamdsb/tmo/services/identity/internal/db/migrations.go:102.15,103.54 1 0
github.com/teamdsb/tmo/services/identity/internal/db/migrations.go:103.54,104.47 1 0
github.com/teamdsb/tmo/services/identity/internal/db/migrations.go:104.47,106.6 1 0
github.com/teamdsb/tmo/services/identity/internal/db/migrations.go:107.5,110.13 4 0
github.com/teamdsb/tmo/services/identity/internal/db/migrations.go:112.4,113.12 2 0
github.com/teamdsb/tmo/services/identity/internal/db/migrations.go:116.3,116.15 1 0
github.com/teamdsb/tmo/services/identity/internal/db/migrations.go:116.15,118.18 2 0
github.com/teamdsb/tmo/services/identity/internal/db/migrations.go:118.18,119.47 1 0
github.com/teamdsb/tmo/services/identity/internal/db/migrations.go:119.47,122.14 3 0
github.com/teamdsb/tmo/services/identity/internal/db/migrations.go:124.5,124.21 1 0
github.com/teamdsb/tmo/services/identity/internal/db/migrations.go:126.4,126.12 1 0
github.com/teamdsb/tmo/services/identity/internal/db/migrations.go:129.3,129.15 1 0
github.com/teamdsb/tmo/services/identity/internal/db/migrations.go:129.15,131.17 2 0
github.com/teamdsb/tmo/services/identity/internal/db/migrations.go:131.17,132.46 1 0
github.com/teamdsb/tmo/services/identity/internal/db/migrations.go:132.46,135.14 3 0
github.com/teamdsb/tmo/services/identity/internal/db/migrations.go:137.5,137.21 1 0
github.com/teamdsb/tmo/services/identity/internal/db/migrations.go:139.4,139.12 1 0
github.com/teamdsb/tmo/services/identity/internal/db/migrations.go:142.3,142.57 1 0
github.com/teamdsb/tmo/services/identity/internal/db/migrations.go:142.57,147.12 5 0
github.com/teamdsb/tmo/services/identity/internal/db/migrations.go:149.3,149.57 1 0
github.com/teamdsb/tmo/services/identity/internal/db/migrations.go:149.57,154.12 5 0
github.com/teamdsb/tmo/services/identity/internal/db/migrations.go:156.3,156.17 1 0
github.com/teamdsb/tmo/services/identity/internal/db/migrations.go:156.17,159.12 3 0
github.com/teamdsb/tmo/services/identity/internal/db/migrations.go:161.3,161.16 1 0
github.com/teamdsb/tmo/services/identity/internal/db/migrations.go:161.16,164.12 3 0
github.com/teamdsb/tmo/services/identity/internal/db/migrations.go:166.3,166.16 1 0
github.com/teamdsb/tmo/services/identity/internal/db/migrations.go:166.16,167.47 1 0
github.com/teamdsb/tmo/services/identity/internal/db/migrations.go:167.47,172.13 5 0
github.com/teamdsb/tmo/services/identity/internal/db/migrations.go:176.3,176.16 1 0
github.com/teamdsb/tmo/services/identity/internal/db/migrations.go:176.16,178.23 2 0
github.com/teamdsb/tmo/services/identity/internal/db/migrations.go:178.23,180.5 1 0
github.com/teamdsb/tmo/services/identity/internal/db/migrations.go:181.4,182.12 2 0
github.com/teamdsb/tmo/services/identity/internal/db/migrations.go:185.3,185.24 1 0
github.com/teamdsb/tmo/services/identity/internal/db/migrations.go:188.2,189.16 2 0
github.com/teamdsb/tmo/services/identity/internal/db/migrations.go:189.16,191.3 1 0
github.com/teamdsb/tmo/services/identity/internal/db/migrations.go:193.2,193.19 1 0
github.com/teamdsb/tmo/services/identity/internal/db/migrations.go:196.61,197.25 1 0
github.com/teamdsb/tmo/services/identity/internal/db/migrations.go:197.25,199.3 1 0
github.com/teamdsb/tmo/services/identity/internal/db/migrations.go:200.2,200.42 1 0
github.com/teamdsb/tmo/services/identity/internal/db/migrations.go:200.42,201.22 1 0
github.com/teamdsb/tmo/services/identity/internal/db/migrations.go:201.22,204.4 2 0
github.com/teamdsb/tmo/services/identity/internal/db/migrations.go:205.3,205.139 1 0
github.com/teamdsb/tmo/services/identity/internal/db/migrations.go:205.139,207.4 1 0
github.com/teamdsb/tmo/services/identity/internal/db/migrations.go:209.2,209.18 1 0
github.com/teamdsb/tmo/services/identity/internal/db/migrations.go:212.61,213.15 1 0
github.com/teamdsb/tmo/services/identity/internal/db/migrations.go:213.15,215.3 1 0
github.com/teamdsb/tmo/services/identity/internal/db/migrations.go:216.2,217.38 2 0
github.com/teamdsb/tmo/services/identity/internal/db/migrations.go:217.38,219.3 1 0
github.com/teamdsb/tmo/services/identity/internal/db/migrations.go:220.2,220.26 1 0
github.com/teamdsb/tmo/services/identity/internal/db/migrations.go:220.26,221.36 1 0
github.com/teamdsb/tmo/services/identity/internal/db/migrations.go:221.36,223.4 1 0
github.com/teamdsb/tmo/services/identity/internal/db/migrations.go:225.2,225.13 1 0
github.com/teamdsb/tmo/services/identity/internal/db/migrations.go:228.35,229.61 1 0
github.com/teamdsb/tmo/services/identity/internal/db/migrations.go:229.61,231.3 1 0
github.com/teamdsb/tmo/services/identity/internal/db/migrations.go:232.2,232.19 1 0
github.com/teamdsb/tmo/services/identity/internal/db/migrations.go:232.19,234.3 1 0
github.com/teamdsb/tmo/services/identity/internal/db/migrations.go:235.2,235.34 1 0
github.com/teamdsb/tmo/services/identity/internal/db/migrations.go:235.34,237.97 2 0
github.com/teamdsb/tmo/services/identity/internal/db/migrations.go:237.97,239.4 1 0
github.com/teamdsb/tmo/services/identity/internal/db/migrations.go:241.2,241.13 1 0
github.com/teamdsb/tmo/services/identity/internal/config/config.go:63.20,100.2 1 0
github.com/teamdsb/tmo/services/identity/cmd/identity-migrate/main.go:18.13,19.30 1 0
github.com/teamdsb/tmo/services/identity/cmd/identity-migrate/main.go:19.30,22.3 2 0
github.com/teamdsb/tmo/services/identity/cmd/identity-migrate/main.go:25.18,27.15 2 0
github.com/teamdsb/tmo/services/identity/cmd/identity-migrate/main.go:27.15,29.3 1 0
github.com/teamdsb/tmo/services/identity/cmd/identity-migrate/main.go:31.2,32.16 2 0
github.com/teamdsb/tmo/services/identity/cmd/identity-migrate/main.go:32.16,34.3 1 0
github.com/teamdsb/tmo/services/identity/cmd/identity-migrate/main.go:36.2,40.16 4 0
github.com/teamdsb/tmo/services/identity/cmd/identity-migrate/main.go:40.16,42.3 1 0
github.com/teamdsb/tmo/services/identity/cmd/identity-migrate/main.go:43.2,45.39 2 0
github.com/teamdsb/tmo/services/identity/cmd/identity-migrate/main.go:45.39,47.3 1 0
github.com/teamdsb/tmo/services/identity/cmd/identity-migrate/main.go:49.2,49.69 1 0
github.com/teamdsb/tmo/services/identity/cmd/identity-migrate/main.go:49.69,51.3 1 0
github.com/teamdsb/tmo/services/identity/cmd/identity-migrate/main.go:53.2,54.12 2 0
github.com/teamdsb/tmo/services/identity/cmd/identity-migrate/main.go:57.45,58.64 1 0
github.com/teamdsb/tmo/services/identity/cmd/identity-migrate/main.go:58.64,60.3 1 0
github.com/teamdsb/tmo/services/identity/cmd/identity-migrate/main.go:62.2,63.16 2 0
github.com/teamdsb/tmo/services/identity/cmd/identity-migrate/main.go:63.16,65.3 1 0
github.com/teamdsb/tmo/services/identity/cmd/identity-migrate/main.go:67.2,73.33 2 0
github.com/teamdsb/tmo/services/identity/cmd/identity-migrate/main.go:73.33,74.18 1 0
github.com/teamdsb/tmo/services/identity/cmd/identity-migrate/main.go:74.18,76.4 1 0
github.com/teamdsb/tmo/services/identity/cmd/identity-migrate/main.go:79.2,79.86 1 0
github.com/teamdsb/tmo/services/identity/cmd/identity-migrate/main.go:82.30,84.16 2 0
github.com/teamdsb/tmo/services/identity/cmd/identity-migrate/main.go:84.16,86.3 1 0
github.com/teamdsb/tmo/services/identity/cmd/identity-migrate/main.go:87.2,87.32 1 0
github.com/teamdsb/tmo/services/identity/cmd/identity-migrate/main.go:87.32,88.20 1 0
github.com/teamdsb/tmo/services/identity/cmd/identity-migrate/main.go:88.20,89.12 1 0
github.com/teamdsb/tmo/services/identity/cmd/identity-migrate/main.go:91.3,91.46 1 0
github.com/teamdsb/tmo/services/identity/cmd/identity-migrate/main.go:91.46,93.4 1 0
github.com/teamdsb/tmo/services/identity/cmd/identity-migrate/main.go:95.2,95.14 1 0
github.com/teamdsb/tmo/services/identity/internal/http/oapi/api.gen.go:362.65,374.16 5 0
github.com/teamdsb/tmo/services/identity/internal/http/oapi/api.gen.go:374.16,377.3 2 0
github.com/teamdsb/tmo/services/identity/internal/http/oapi/api.gen.go:381.2,382.16 2 0
github.com/teamdsb/tmo/services/identity/internal/http/oapi/api.gen.go:382.16,385.3 2 0
github.com/teamdsb/tmo/services/identity/internal/http/oapi/api.gen.go:389.2,390.16 2 0
github.com/teamdsb/tmo/services/identity/internal/http/oapi/api.gen.go:390.16,393.3 2 0
github.com/teamdsb/tmo/services/identity/internal/http/oapi/api.gen.go:397.2,398.16 2 0
github.com/teamdsb/tmo/services/identity/internal/http/oapi/api.gen.go:398.16,401.3 2 0
github.com/teamdsb/tmo/services/identity/internal/http/oapi/api.gen.go:405.2,406.16 2 0
github.com/teamdsb/tmo/services/identity/internal/http/oapi/api.gen.go:406.16,409.3 2 0
github.com/teamdsb/tmo/services/identity/internal/http/oapi/api.gen.go:411.2,411.52 1 0
github.com/teamdsb/tmo/services/identity/internal/http/oapi/api.gen.go:411.52,413.20 2 0
github.com/teamdsb/tmo/services/identity/internal/http/oapi/api.gen.go:413.20,415.4 1 0
github.com/teamdsb/tmo/services/identity/internal/http/oapi/api.gen.go:418.2,418.37 1 0
github.com/teamdsb/tmo/services/identity/internal/http/oapi/api.gen.go:422.70,424.52 1 0
github.com/teamdsb/tmo/services/identity/internal/http/oapi/api.gen.go:424.52,426.20 2 0
github.com/teamdsb/tmo/services/identity/internal/http/oapi/api.gen.go:426.20,428.4 1 0
github.com/teamdsb/tmo/services/identity/internal/http/oapi/api.gen.go:431.2,431.34 1 0
github.com/teamdsb/tmo/services/identity/internal/http/oapi/api.gen.go:435.74,437.52 1 0
github.com/teamdsb/tmo/services/identity/internal/http/oapi/api.gen.go:437.52,439.20 2 0
github.com/teamdsb/tmo/services/identity/internal/http/oapi/api.gen.go:439.20,441.4 1 0
github.com/teamdsb/tmo/services/identity/internal/http/oapi/api.gen.go:444.2,444.38 1 0
github.com/teamdsb/tmo/services/identity/internal/http/oapi/api.gen.go:448.65,460.16 5 0
github.com/teamdsb/tmo/services/identity/internal/http/oapi/api.gen.go:460.16,463.3 2 0
github.com/teamdsb/tmo/services/identity/internal/http/oapi/api.gen.go:467.2,468.16 2 0
github.com/teamdsb/tmo/services/identity/internal/http/oapi/api.gen.go:468.16,471.3 2 0
github.com/teamdsb/tmo/services/identity/internal/http/oapi/api.gen.go:475.2,476.16 2 0
github.com/teamdsb/tmo/services/identity/internal/http/oapi/api.gen.go:476.16,479.3 2 0
github.com/teamdsb/tmo/services/identity/internal/http/oapi/api.gen.go:483.2,484.16 2 0
github.com/teamdsb/tmo/services/identity/internal/http/oapi/api.gen.go:484.16,487.3 2 0
github.com/teamdsb/tmo/services/identity/internal/http/oapi/api.gen.go:489.2,489.52 1 0
github.com/teamdsb/tmo/services/identity/internal/http/oapi/api.gen.go:489.52,491.20 2 0
github.com/teamdsb/tmo/services/identity/internal/http/oapi/api.gen.go:491.20,493.4 1 0
github.com/teamdsb/tmo/services/identity/internal/http/oapi/api.gen.go:496.2,496.37 1 0
github.com/teamdsb/tmo/services/identity/internal/http/oapi/api.gen.go:500.75,508.16 4 0
github.com/teamdsb/tmo/services/identity/internal/http/oapi/api.gen.go:508.16,511.3 2 0
github.com/teamdsb/tmo/services/identity/internal/http/oapi/api.gen.go:513.2,515.52 2 0
github.com/teamdsb/tmo/services/identity/internal/http/oapi/api.gen.go:515.52,517.20 2 0
github.com/teamdsb/tmo/services/identity/internal/http/oapi/api.gen.go:517.20,519.4 1 0
github.com/teamdsb/tmo/services/identity/internal/http/oapi/api.gen.go:522.2,522.51 1 0
github.com/teamdsb/tmo/services/identity/internal/http/oapi/api.gen.go:526.58,530.52 2 0
github.com/teamdsb/tmo/services/identity/internal/http/oapi/api.gen.go:530.52,532.20 2 0
github.com/teamdsb/tmo/services/identity/internal/http/oapi/api.gen.go:532.20,534.4 1 0
github.com/teamdsb/tmo/services/identity/internal/http/oapi/api.gen.go:537.2,537.22 1 0
github.com/teamdsb/tmo/services/identity/internal/http/oapi/api.gen.go:541.69,545.52 2 0
github.com/teamdsb/tmo/services/identity/internal/http/oapi/api.gen.go:545.52,547.20 2 0
github.com/teamdsb/tmo/services/identity/internal/http/oapi/api.gen.go:547.20,549.4 1 0
github.com/teamdsb/tmo/services/identity/internal/http/oapi/api.gen.go:552.2,552.33 1 0
github.com/teamdsb/tmo/services/identity/internal/http/oapi/api.gen.go:556.69,568.16 5 0
github.com/teamdsb/tmo/services/identity/internal/http/oapi/api.gen.go:568.16,571.3 2 0
github.com/teamdsb/tmo/services/identity/internal/http/oapi/api.gen.go:573.2,573.52 1 0
github.com/teamdsb/tmo/services/identity/internal/http/oapi/api.gen.go:573.52,575.20 2 0
github.com/teamdsb/tmo/services/identity/internal/http/oapi/api.gen.go:575.20,577.4 1 0
github.com/teamdsb/tmo/services/identity/internal/http/oapi/api.gen.go:580.2,580.41 1 0
github.com/teamdsb/tmo/services/identity/internal/http/oapi/api.gen.go:584.70,588.52 2 0
github.com/teamdsb/tmo/services/identity/internal/http/oapi/api.gen.go:588.52,590.20 2 0
github.com/teamdsb/tmo/services/identity/internal/http/oapi/api.gen.go:590.20,592.4 1 0
github.com/teamdsb/tmo/services/identity/internal/http/oapi/api.gen.go:595.2,595.34 1 0
github.com/teamdsb/tmo/services/identity/internal/http/oapi/api.gen.go:599.71,603.52 2 0
github.com/teamdsb/tmo/services/identity/internal/http/oapi/api.gen.go:603.52,605.20 2 0
github.com/teamdsb/tmo/services/identity/internal/http/oapi/api.gen.go:605.20,607.4 1 0
github.com/teamdsb/tmo/services/identity/internal/http/oapi/api.gen.go:610.2,610.35 1 0
github.com/teamdsb/tmo/services/identity/internal/http/oapi/api.gen.go:614.72,618.52 2 0
github.com/teamdsb/tmo/services/identity/internal/http/oapi/api.gen.go:618.52,620.20 2 0
github.com/teamdsb/tmo/services/identity/internal/http/oapi/api.gen.go:620.20,622.4 1 0
github.com/teamdsb/tmo/services/identity/internal/http/oapi/api.gen.go:625.2,625.36 1 0
github.com/teamdsb/tmo/services/identity/internal/http/oapi/api.gen.go:629.65,633.52 2 0
github.com/teamdsb/tmo/services/identity/internal/http/oapi/api.gen.go:633.52,635.20 2 0
github.com/teamdsb/tmo/services/identity/internal/http/oapi/api.gen.go:635.20,637.4 1 0
github.com/teamdsb/tmo/services/identity/internal/http/oapi/api.gen.go:640.2,640.29 1 0
github.com/teamdsb/tmo/services/identity/internal/http/oapi/api.gen.go:644.80,652.16 4 0
github.com/teamdsb/tmo/services/identity/internal/http/oapi/api.gen.go:652.16,655.3 2 0
github.com/teamdsb/tmo/services/identity/internal/http/oapi/api.gen.go:657.2,659.52 2 0
github.com/teamdsb/tmo/services/identity/internal/http/oapi/api.gen.go:659.52,661.20 2 0
github.com/teamdsb/tmo/services/identity/internal/http/oapi/api.gen.go:661.20,663.4 1 0
github.com/teamdsb/tmo/services/identity/internal/http/oapi/api.gen.go:666.2,666.50 1 0
github.com/teamdsb/tmo/services/identity/internal/http/oapi/api.gen.go:670.61,682.16 5 0
github.com/teamdsb/tmo/services/identity/internal/http/oapi/api.gen.go:682.16,685.3 2 0
github.com/teamdsb/tmo/services/identity/internal/http/oapi/api.gen.go:689.2,690.16 2 0
github.com/teamdsb/tmo/services/identity/internal/http/oapi/api.gen.go:690.16,693.3 2 0
github.com/teamdsb/tmo/services/identity/internal/http/oapi/api.gen.go:697.2,698.16 2 0
github.com/teamdsb/tmo/services/identity/internal/http/oapi/api.gen.go:698.16,701.3 2 0
github.com/teamdsb/tmo/services/identity/internal/http/oapi/api.gen.go:703.2,703.52 1 0
github.com/teamdsb/tmo/services/identity/internal/http/oapi/api.gen.go:703.52,705.20 2 0
github.com/teamdsb/tmo/services/identity/internal/http/oapi/api.gen.go:705.20,707.4 1 0
github.com/teamdsb/tmo/services/identity/internal/http/oapi/api.gen.go:710.2,710.33 1 0
github.com/teamdsb/tmo/services/identity/internal/http/oapi/api.gen.go:714.62,718.52 2 0
github.com/teamdsb/tmo/services/identity/internal/http/oapi/api.gen.go:718.52,720.20 2 0
github.com/teamdsb/tmo/services/identity/internal/http/oapi/api.gen.go:720.20,722.4 1 0
github.com/teamdsb/tmo/services/identity/internal/http/oapi/api.gen.go:725.2,725.26 1 0
github.com/teamdsb/tmo/services/identity/internal/http/oapi/api.gen.go:729.68,737.16 4 0
github.com/teamdsb/tmo/services/identity/internal/http/oapi/api.gen.go:737.16,740.3 2 0
github.com/teamdsb/tmo/services/identity/internal/http/oapi/api.gen.go:742.2,744.52 2 0
github.com/teamdsb/tmo/services/identity/internal/http/oapi/api.gen.go:744.52,746.20 2 0
github.com/teamdsb/tmo/services/identity/internal/http/oapi/api.gen.go:746.20,748.4 1 0
github.com/teamdsb/tmo/services/identity/internal/http/oapi/api.gen.go:751.2,751.41 1 0
github.com/teamdsb/tmo/services/identity/internal/http/oapi/api.gen.go:755.70,763.16 4 0
github.com/teamdsb/tmo/services/identity/internal/http/oapi/api.gen.go:763.16,766.3 2 0
github.com/teamdsb/tmo/services/identity/internal/http/oapi/api.gen.go:768.2,770.52 2 0
github.com/teamdsb/tmo/services/identity/internal/http/oapi/api.gen.go:770.52,772.20 2 0
github.com/teamdsb/tmo/services/identity/internal/http/oapi/api.gen.go:772.20,774.4 1 0
github.com/teamdsb/tmo/services/identity/internal/http/oapi/api.gen.go:777.2,777.43 1 0
github.com/teamdsb/tmo/services/identity/internal/http/oapi/api.gen.go:781.77,789.16 4 0
github.com/teamdsb/tmo/services/identity/internal/http/oapi/api.gen.go:789.16,792.3 2 0
github.com/teamdsb/tmo/services/identity/internal/http/oapi/api.gen.go:794.2,796.52 2 0
github.com/teamdsb/tmo/services/identity/internal/http/oapi/api.gen.go:796.52,798.20 2 0
github.com/teamdsb/tmo/services/identity/internal/http/oapi/api.gen.go:798.20,800.4 1 0
github.com/teamdsb/tmo/services/identity/internal/http/oapi/api.gen.go:803.2,803.50 1 0
github.com/teamdsb/tmo/services/identity/internal/http/oapi/api.gen.go:814.63,816.2 1 0
github.com/teamdsb/tmo/services/identity/internal/http/oapi/api.gen.go:819.100,821.25 2 0
github.com/teamdsb/tmo/services/identity/internal/http/oapi/api.gen.go:821.25,822.66 1 0
github.com/teamdsb/tmo/services/identity/internal/http/oapi/api.gen.go:822.66,824.4 1 0
github.com/teamdsb/tmo/services/identity/internal/http/oapi/api.gen.go:827.2,850.91 19 0
github.com/teamdsb/tmo/services/identity/internal/platform/alipay.go:37.69,38.57 1 2
github.com/teamdsb/tmo/services/identity/internal/platform/alipay.go:38.57,40.3 1 2
github.com/teamdsb/tmo/services/identity/internal/platform/alipay.go:41.2,42.16 2 0
github.com/teamdsb/tmo/services/identity/internal/platform/alipay.go:42.16,44.3 1 0
github.com/teamdsb/tmo/services/identity/internal/platform/alipay.go:45.2,46.31 2 0
github.com/teamdsb/tmo/services/identity/internal/platform/alipay.go:46.31,48.3 1 0
github.com/teamdsb/tmo/services/identity/internal/platform/alipay.go:49.2,50.20 2 0
github.com/teamdsb/tmo/services/identity/internal/platform/alipay.go:50.20,52.3 1 0
github.com/teamdsb/tmo/services/identity/internal/platform/alipay.go:54.2,56.47 3 0
github.com/teamdsb/tmo/services/identity/internal/platform/alipay.go:56.47,58.3 1 0
github.com/teamdsb/tmo/services/identity/internal/platform/alipay.go:60.2,70.3 1 0
github.com/teamdsb/tmo/services/identity/internal/platform/alipay.go:73.89,75.16 2 0
github.com/teamdsb/tmo/services/identity/internal/platform/alipay.go:75.16,77.3 1 0
github.com/teamdsb/tmo/services/identity/internal/platform/alipay.go:78.2,78.57 1 0
github.com/teamdsb/tmo/services/identity/internal/platform/alipay.go:81.92,84.45 2 0
github.com/teamdsb/tmo/services/identity/internal/platform/alipay.go:84.45,86.17 2 0
github.com/teamdsb/tmo/services/identity/internal/platform/alipay.go:86.17,88.4 1 0
github.com/teamdsb/tmo/services/identity/internal/platform/alipay.go:89.3,89.45 1 0
github.com/teamdsb/tmo/services/identity/internal/platform/alipay.go:92.2,92.68 1 0
github.com/teamdsb/tmo/services/identity/internal/platform/alipay.go:92.68,94.17 2 0
github.com/teamdsb/tmo/services/identity/internal/platform/alipay.go:94.17,96.4 1 0
github.com/teamdsb/tmo/services/identity/internal/platform/alipay.go:97.3,97.45 1 0
github.com/teamdsb/tmo/services/identity/internal/platform/alipay.go:100.2,100.28 1 0
github.com/teamdsb/tmo/services/identity/internal/platform/alipay.go:100.28,102.3 1 0
github.com/teamdsb/tmo/services/identity/internal/platform/alipay.go:103.2,103.57 1 0
github.com/teamdsb/tmo/services/identity/internal/platform/alipay.go:106.97,108.16 2 0
github.com/teamdsb/tmo/services/identity/internal/platform/alipay.go:108.16,110.3 1 0
github.com/teamdsb/tmo/services/identity/internal/platform/alipay.go:112.2,116.81 4 0
github.com/teamdsb/tmo/services/identity/internal/platform/alipay.go:116.81,118.3 1 0
github.com/teamdsb/tmo/services/identity/internal/platform/alipay.go:119.2,119.39 1 0
github.com/teamdsb/tmo/services/identity/internal/platform/alipay.go:119.39,121.3 1 0
github.com/teamdsb/tmo/services/identity/internal/platform/alipay.go:123.2,124.17 2 0
github.com/teamdsb/tmo/services/identity/internal/platform/alipay.go:124.17,126.3 1 0
github.com/teamdsb/tmo/services/identity/internal/platform/alipay.go:127.2,127.19 1 0
github.com/teamdsb/tmo/services/identity/internal/platform/alipay.go:130.89,132.16 2 0
github.com/teamdsb/tmo/services/identity/internal/platform/alipay.go:132.16,134.3 1 0
github.com/teamdsb/tmo/services/identity/internal/platform/alipay.go:136.2,136.78 1 0
github.com/teamdsb/tmo/services/identity/internal/platform/alipay.go:136.78,138.3 1 0
github.com/teamdsb/tmo/services/identity/internal/platform/alipay.go:139.2,139.83 1 0
github.com/teamdsb/tmo/services/identity/internal/platform/alipay.go:139.83,141.3 1 0
github.com/teamdsb/tmo/services/identity/internal/platform/alipay.go:143.2,143.24 1 0
github.com/teamdsb/tmo/services/identity/internal/platform/alipay.go:143.24,145.3 1 0
github.com/teamdsb/tmo/services/identity/internal/platform/alipay.go:146.2,146.25 1 0
github.com/teamdsb/tmo/services/identity/internal/platform/alipay.go:146.25,148.3 1 0
github.com/teamdsb/tmo/services/identity/internal/platform/alipay.go:149.2,149.93 1 0
github.com/teamdsb/tmo/services/identity/internal/platform/alipay.go:149.93,151.3 1 0
github.com/teamdsb/tmo/services/identity/internal/platform/alipay.go:153.2,153.76 1 0
github.com/teamdsb/tmo/services/identity/internal/platform/alipay.go:153.76,155.3 1 0
github.com/teamdsb/tmo/services/identity/internal/platform/alipay.go:157.2,158.16 2 0
github.com/teamdsb/tmo/services/identity/internal/platform/alipay.go:158.16,160.3 1 0
github.com/teamdsb/tmo/services/identity/internal/platform/alipay.go:161.2,162.17 2 0
github.com/teamdsb/tmo/services/identity/internal/platform/alipay.go:162.17,164.3 1 0
github.com/teamdsb/tmo/services/identity/internal/platform/alipay.go:165.2,165.19 1 0
github.com/teamdsb/tmo/services/identity/internal/platform/alipay.go:168.107,170.23 2 0
github.com/teamdsb/tmo/services/identity/internal/platform/alipay.go:170.23,172.3 1 0
github.com/teamdsb/tmo/services/identity/internal/platform/alipay.go:174.2,179.84 5 0
github.com/teamdsb/tmo/services/identity/internal/platform/alipay.go:179.84,181.3 1 0
github.com/teamdsb/tmo/services/identity/internal/platform/alipay.go:182.2,182.39 1 0
github.com/teamdsb/tmo/services/identity/internal/platform/alipay.go:182.39,184.3 1 0
github.com/teamdsb/tmo/services/identity/internal/platform/alipay.go:185.2,185.36 1 0
github.com/teamdsb/tmo/services/identity/internal/platform/alipay.go:185.36,187.3 1 0
github.com/teamdsb/tmo/services/identity/internal/platform/alipay.go:188.2,188.41 1 0
github.com/teamdsb/tmo/services/identity/internal/platform/alipay.go:188.41,190.3 1 0
github.com/teamdsb/tmo/services/identity/internal/platform/alipay.go:192.2,195.8 1 0
github.com/teamdsb/tmo/services/identity/internal/platform/alipay.go:198.96,202.36 2 0
github.com/teamdsb/tmo/services/identity/internal/platform/alipay.go:202.36,204.3 1 0
github.com/teamdsb/tmo/services/identity/internal/platform/alipay.go:205.2,206.16 2 0
github.com/teamdsb/tmo/services/identity/internal/platform/alipay.go:206.16,208.3 1 0
github.com/teamdsb/tmo/services/identity/internal/platform/alipay.go:210.2,214.88 4 0
github.com/teamdsb/tmo/services/identity/internal/platform/alipay.go:214.88,216.3 1 0
github.com/teamdsb/tmo/services/identity/internal/platform/alipay.go:217.2,217.39 1 0
github.com/teamdsb/tmo/services/identity/internal/platform/alipay.go:217.39,219.3 1 0
github.com/teamdsb/tmo/services/identity/internal/platform/alipay.go:220.2,220.39 1 0
github.com/teamdsb/tmo/services/identity/internal/platform/alipay.go:220.39,222.3 1 0
github.com/teamdsb/tmo/services/identity/internal/platform/alipay.go:223.2,223.41 1 0
github.com/teamdsb/tmo/services/identity/internal/platform/alipay.go:226.107,227.14 1 0
github.com/teamdsb/tmo/services/identity/internal/platform/alipay.go:227.14,229.3 1 0
github.com/teamdsb/tmo/services/identity/internal/platform/alipay.go:231.2,242.16 11 0
github.com/teamdsb/tmo/services/identity/internal/platform/alipay.go:242.16,244.3 1 0
github.com/teamdsb/tmo/services/identity/internal/platform/alipay.go:245.2,248.16 3 0
github.com/teamdsb/tmo/services/identity/internal/platform/alipay.go:248.16,250.3 1 0
github.com/teamdsb/tmo/services/identity/internal/platform/alipay.go:251.2,254.16 3 0
github.com/teamdsb/tmo/services/identity/internal/platform/alipay.go:254.16,256.3 1 0
github.com/teamdsb/tmo/services/identity/internal/platform/alipay.go:257.2,259.53 2 0
github.com/teamdsb/tmo/services/identity/internal/platform/alipay.go:259.53,261.3 1 0
github.com/teamdsb/tmo/services/identity/internal/platform/alipay.go:263.2,263.63 1 0
github.com/teamdsb/tmo/services/identity/internal/platform/alipay.go:263.63,265.3 1 0
github.com/teamdsb/tmo/services/identity/internal/platform/alipay.go:267.2,267.24 1 0
github.com/teamdsb/tmo/services/identity/internal/platform/alipay.go:267.24,268.64 1 0
github.com/teamdsb/tmo/services/identity/internal/platform/alipay.go:268.64,270.4 1 0
github.com/teamdsb/tmo/services/identity/internal/platform/alipay.go:273.2,273.12 1 0
github.com/teamdsb/tmo/services/identity/internal/platform/alipay.go:276.49,278.26 2 0
github.com/teamdsb/tmo/services/identity/internal/platform/alipay.go:278.26,279.20 1 0
github.com/teamdsb/tmo/services/identity/internal/platform/alipay.go:279.20,280.12 1 0
github.com/teamdsb/tmo/services/identity/internal/platform/alipay.go:282.3,282.27 1 0
github.com/teamdsb/tmo/services/identity/internal/platform/alipay.go:284.2,286.27 3 0
github.com/teamdsb/tmo/services/identity/internal/platform/alipay.go:286.27,287.12 1 0
github.com/teamdsb/tmo/services/identity/internal/platform/alipay.go:287.12,289.4 1 0
github.com/teamdsb/tmo/services/identity/internal/platform/alipay.go:290.3,292.39 3 0
github.com/teamdsb/tmo/services/identity/internal/platform/alipay.go:294.2,294.25 1 0
github.com/teamdsb/tmo/services/identity/internal/platform/alipay.go:297.67,300.16 3 0
github.com/teamdsb/tmo/services/identity/internal/platform/alipay.go:300.16,302.3 1 0
github.com/teamdsb/tmo/services/identity/internal/platform/alipay.go:303.2,303.52 1 0
github.com/teamdsb/tmo/services/identity/internal/platform/alipay.go:306.66,308.18 2 0
github.com/teamdsb/tmo/services/identity/internal/platform/alipay.go:308.18,310.3 1 0
github.com/teamdsb/tmo/services/identity/internal/platform/alipay.go:311.2,312.16 2 0
github.com/teamdsb/tmo/services/identity/internal/platform/alipay.go:312.16,313.46 1 0
github.com/teamdsb/tmo/services/identity/internal/platform/alipay.go:313.46,315.4 1 0
github.com/teamdsb/tmo/services/identity/internal/platform/alipay.go:317.2,318.16 2 0
github.com/teamdsb/tmo/services/identity/internal/platform/alipay.go:318.16,320.3 1 0
github.com/teamdsb/tmo/services/identity/internal/platform/alipay.go:321.2,321.20 1 0
github.com/teamdsb/tmo/services/identity/internal/platform/alipay.go:324.64,326.18 2 0
github.com/teamdsb/tmo/services/identity/internal/platform/alipay.go:326.18,328.3 1 0
github.com/teamdsb/tmo/services/identity/internal/platform/alipay.go:329.2,330.16 2 0
github.com/teamdsb/tmo/services/identity/internal/platform/alipay.go:330.16,331.45 1 0
github.com/teamdsb/tmo/services/identity/internal/platform/alipay.go:331.45,333.4 1 0
github.com/teamdsb/tmo/services/identity/internal/platform/alipay.go:335.2,336.16 2 0
github.com/teamdsb/tmo/services/identity/internal/platform/alipay.go:336.16,338.3 1 0
github.com/teamdsb/tmo/services/identity/internal/platform/alipay.go:339.2,339.20 1 0
github.com/teamdsb/tmo/services/identity/internal/platform/alipay.go:342.46,344.19 2 0
github.com/teamdsb/tmo/services/identity/internal/platform/alipay.go:344.19,346.3 1 0
github.com/teamdsb/tmo/services/identity/internal/platform/alipay.go:347.2,347.39 1 0
github.com/teamdsb/tmo/services/identity/internal/platform/alipay.go:347.39,349.3 1 0
github.com/teamdsb/tmo/services/identity/internal/platform/alipay.go:351.2,352.53 2 0
github.com/teamdsb/tmo/services/identity/internal/platform/alipay.go:352.53,354.3 1 0
github.com/teamdsb/tmo/services/identity/internal/platform/alipay.go:356.2,357.56 2 0
github.com/teamdsb/tmo/services/identity/internal/platform/alipay.go:357.56,359.3 1 0
github.com/teamdsb/tmo/services/identity/internal/platform/alipay.go:361.2,361.77 1 0
github.com/teamdsb/tmo/services/identity/internal/platform/alipay.go:364.43,366.2 1 0
github.com/teamdsb/tmo/services/identity/internal/platform/alipay.go:376.82,384.29 2 0
github.com/teamdsb/tmo/services/identity/internal/platform/alipay.go:384.29,386.3 1 0
github.com/teamdsb/tmo/services/identity/internal/platform/alipay.go:388.2,389.76 2 0
github.com/teamdsb/tmo/services/identity/internal/platform/alipay.go:389.76,390.69 1 0
github.com/teamdsb/tmo/services/identity/internal/platform/alipay.go:390.69,392.27 2 0
github.com/teamdsb/tmo/services/identity/internal/platform/alipay.go:392.27,394.5 1 0
github.com/teamdsb/tmo/services/identity/internal/platform/alipay.go:395.4,395.31 1 0
github.com/teamdsb/tmo/services/identity/internal/platform/alipay.go:395.31,397.5 1 0
github.com/teamdsb/tmo/services/identity/internal/platform/alipay.go:398.4,398.34 1 0
github.com/teamdsb/tmo/services/identity/internal/platform/alipay.go:398.34,400.5 1 0
github.com/teamdsb/tmo/services/identity/internal/platform/alipay.go:401.4,401.30 1 0
github.com/teamdsb/tmo/services/identity/internal/platform/alipay.go:401.30,403.5 1 0
github.com/teamdsb/tmo/services/identity/internal/platform/alipay.go:407.2,407.22 1 0
github.com/teamdsb/tmo/services/identity/internal/platform/alipay.go:410.78,411.24 1 0
github.com/teamdsb/tmo/services/identity/internal/platform/alipay.go:411.24,413.3 1 0
github.com/teamdsb/tmo/services/identity/internal/platform/alipay.go:414.2,414.24 1 0
github.com/teamdsb/tmo/services/identity/internal/platform/alipay.go:414.24,416.3 1 0
github.com/teamdsb/tmo/services/identity/internal/platform/alipay.go:418.2,419.16 2 0
github.com/teamdsb/tmo/services/identity/internal/platform/alipay.go:419.16,421.3 1 0
github.com/teamdsb/tmo/services/identity/internal/platform/alipay.go:423.2,424.16 2 0
github.com/teamdsb/tmo/services/identity/internal/platform/alipay.go:424.16,426.3 1 0
github.com/teamdsb/tmo/services/identity/internal/platform/alipay.go:427.2,427.34 1 0
github.com/teamdsb/tmo/services/identity/internal/platform/alipay.go:427.34,429.3 1 0
github.com/teamdsb/tmo/services/identity/internal/platform/alipay.go:430.2,430.68 1 0
github.com/teamdsb/tmo/services/identity/internal/platform/alipay.go:430.68,432.3 1 0
github.com/teamdsb/tmo/services/identity/internal/platform/alipay.go:434.2,439.16 5 0
github.com/teamdsb/tmo/services/identity/internal/platform/alipay.go:439.16,441.3 1 0
github.com/teamdsb/tmo/services/identity/internal/platform/alipay.go:442.2,442.22 1 0
github.com/teamdsb/tmo/services/identity/internal/platform/alipay.go:445.64,447.19 2 0
github.com/teamdsb/tmo/services/identity/internal/platform/alipay.go:447.19,449.3 1 0
github.com/teamdsb/tmo/services/identity/internal/platform/alipay.go:451.2,451.36 1 0
github.com/teamdsb/tmo/services/identity/internal/platform/alipay.go:451.36,454.17 3 0
github.com/teamdsb/tmo/services/identity/internal/platform/alipay.go:454.17,456.4 1 0
github.com/teamdsb/tmo/services/identity/internal/platform/alipay.go:457.3,458.17 2 0
github.com/teamdsb/tmo/services/identity/internal/platform/alipay.go:458.17,460.4 1 0
github.com/teamdsb/tmo/services/identity/internal/platform/alipay.go:461.3,461.29 1 0
github.com/teamdsb/tmo/services/identity/internal/platform/alipay.go:464.2,464.37 1 0
github.com/teamdsb/tmo/services/identity/internal/platform/alipay.go:464.37,466.67 2 0
github.com/teamdsb/tmo/services/identity/internal/platform/alipay.go:466.67,468.4 1 0
github.com/teamdsb/tmo/services/identity/internal/platform/alipay.go:469.3,471.35 3 0
github.com/teamdsb/tmo/services/identity/internal/platform/alipay.go:471.35,473.18 2 0
github.com/teamdsb/tmo/services/identity/internal/platform/alipay.go:473.18,475.5 1 0
github.com/teamdsb/tmo/services/identity/internal/platform/alipay.go:476.4,477.18 2 0
github.com/teamdsb/tmo/services/identity/internal/platform/alipay.go:477.18,479.5 1 0
github.com/teamdsb/tmo/services/identity/internal/platform/alipay.go:480.4,480.30 1 0
github.com/teamdsb/tmo/services/identity/internal/platform/alipay.go:484.2,485.16 2 0
github.com/teamdsb/tmo/services/identity/internal/platform/alipay.go:485.16,487.3 1 0
github.com/teamdsb/tmo/services/identity/internal/platform/alipay.go:488.2,488.38 1 0
github.com/teamdsb/tmo/services/identity/internal/platform/alipay.go:488.38,490.3 1 0
github.com/teamdsb/tmo/services/identity/internal/platform/alipay.go:491.2,495.22 5 0
github.com/teamdsb/tmo/services/identity/internal/platform/alipay.go:498.53,506.37 3 0
github.com/teamdsb/tmo/services/identity/internal/platform/alipay.go:506.37,508.17 2 0
github.com/teamdsb/tmo/services/identity/internal/platform/alipay.go:508.17,510.4 1 0
github.com/teamdsb/tmo/services/identity/internal/platform/alipay.go:511.3,511.18 1 0
github.com/teamdsb/tmo/services/identity/internal/platform/alipay.go:513.2,513.23 1 0
github.com/teamdsb/tmo/services/identity/internal/platform/alipay.go:516.60,517.46 1 0
github.com/teamdsb/tmo/services/identity/internal/platform/alipay.go:517.46,519.3 1 0
github.com/teamdsb/tmo/services/identity/internal/platform/alipay.go:520.2,521.63 2 0
github.com/teamdsb/tmo/services/identity/internal/platform/alipay.go:521.63,523.3 1 0
github.com/teamdsb/tmo/services/identity/internal/platform/alipay.go:524.2,524.47 1 0
github.com/teamdsb/tmo/services/identity/internal/platform/alipay.go:524.47,525.28 1 0
github.com/teamdsb/tmo/services/identity/internal/platform/alipay.go:525.28,527.4 1 0
github.com/teamdsb/tmo/services/identity/internal/platform/alipay.go:529.2,529.36 1 0
github.com/teamdsb/tmo/services/identity/internal/platform/alipay.go:532.55,534.19 2 0
github.com/teamdsb/tmo/services/identity/internal/platform/alipay.go:534.19,536.3 1 0
github.com/teamdsb/tmo/services/identity/internal/platform/alipay.go:538.2,539.66 2 0
github.com/teamdsb/tmo/services/identity/internal/platform/alipay.go:539.66,541.3 1 0
github.com/teamdsb/tmo/services/identity/internal/platform/alipay.go:542.2,542.41 1 0
github.com/teamdsb/tmo/services/identity/internal/platform/alipay.go:545.58,546.33 1 0
github.com/teamdsb/tmo/services/identity/internal/platform/alipay.go:547.30,548.113 1 0
github.com/teamdsb/tmo/services/identity/internal/platform/alipay.go:548.113,549.78 1 0
github.com/teamdsb/tmo/services/identity/internal/platform/alipay.go:549.78,551.5 1 0
github.com/teamdsb/tmo/services/identity/internal/platform/alipay.go:553.3,553.89 1 0
github.com/teamdsb/tmo/services/identity/internal/platform/alipay.go:553.89,555.11 2 0
github.com/teamdsb/tmo/services/identity/internal/platform/alipay.go:555.11,556.13 1 0
github.com/teamdsb/tmo/services/identity/internal/platform/alipay.go:558.4,558.61 1 0
github.com/teamdsb/tmo/services/identity/internal/platform/alipay.go:558.61,560.5 1 0
github.com/teamdsb/tmo/services/identity/internal/platform/alipay.go:562.21,563.30 1 0
github.com/teamdsb/tmo/services/identity/internal/platform/alipay.go:563.30,564.59 1 0
github.com/teamdsb/tmo/services/identity/internal/platform/alipay.go:564.59,566.5 1 0
github.com/teamdsb/tmo/services/identity/internal/platform/alipay.go:568.14,569.46 1 0
github.com/teamdsb/tmo/services/identity/internal/platform/alipay.go:571.2,571.11 1 0
github.com/teamdsb/tmo/services/identity/internal/platform/alipay.go:574.79,575.27 1 0
github.com/teamdsb/tmo/services/identity/internal/platform/alipay.go:575.27,577.26 2 0
github.com/teamdsb/tmo/services/identity/internal/platform/alipay.go:577.26,578.12 1 0
github.com/teamdsb/tmo/services/identity/internal/platform/alipay.go:580.3,580.31 1 0
github.com/teamdsb/tmo/services/identity/internal/platform/alipay.go:581.15,582.57 1 0
github.com/teamdsb/tmo/services/identity/internal/platform/alipay.go:582.57,584.5 1 0
github.com/teamdsb/tmo/services/identity/internal/platform/alipay.go:585.16,586.55 1 0
github.com/teamdsb/tmo/services/identity/internal/platform/alipay.go:587.20,588.66 1 0
github.com/teamdsb/tmo/services/identity/internal/platform/alipay.go:588.66,590.5 1 0
github.com/teamdsb/tmo/services/identity/internal/platform/alipay.go:593.2,593.11 1 0
github.com/teamdsb/tmo/services/identity/internal/platform/alipay.go:636.70,638.16 2 0
github.com/teamdsb/tmo/services/identity/internal/platform/alipay.go:638.16,640.3 1 0
github.com/teamdsb/tmo/services/identity/internal/platform/alipay.go:641.2,642.54 2 0
github.com/teamdsb/tmo/services/identity/internal/platform/alipay.go:642.54,644.3 1 0
github.com/teamdsb/tmo/services/identity/internal/platform/alipay.go:645.2,646.9 2 0
github.com/teamdsb/tmo/services/identity/internal/platform/alipay.go:646.9,648.3 1 0
github.com/teamdsb/tmo/services/identity/internal/platform/alipay.go:649.2,650.55 2 0
github.com/teamdsb/tmo/services/identity/internal/platform/alipay.go:650.55,652.3 1 0
github.com/teamdsb/tmo/services/identity/internal/platform/alipay.go:654.2,655.27 2 0
github.com/teamdsb/tmo/services/identity/internal/platform/alipay.go:655.27,656.20 1 0
github.com/teamdsb/tmo/services/identity/internal/platform/alipay.go:656.20,657.12 1 0
github.com/teamdsb/tmo/services/identity/internal/platform/alipay.go:659.3,660.8 2 0
github.com/teamdsb/tmo/services/identity/internal/platform/alipay.go:662.2,662.22 1 0
github.com/teamdsb/tmo/services/identity/internal/platform/alipay.go:662.22,664.3 1 0
github.com/teamdsb/tmo/services/identity/internal/platform/alipay.go:666.2,667.50 2 0
github.com/teamdsb/tmo/services/identity/internal/platform/alipay.go:670.81,672.16 2 0
github.com/teamdsb/tmo/services/identity/internal/platform/alipay.go:672.16,674.3 1 0
github.com/teamdsb/tmo/services/identity/internal/platform/alipay.go:675.2,676.81 2 0
github.com/teamdsb/tmo/services/identity/internal/platform/alipay.go:676.81,678.3 1 0
github.com/teamdsb/tmo/services/identity/internal/platform/alipay.go:679.2,679.12 1 0
github.com/teamdsb/tmo/services/identity/internal/platform/qrcode.go:10.55,13.16 3 0
github.com/teamdsb/tmo/services/identity/internal/platform/qrcode.go:13.16,15.3 1 0
github.com/teamdsb/tmo/services/identity/internal/platform/qrcode.go:16.2,16.35 1 0
github.com/teamdsb/tmo/services/identity/internal/platform/qrcode.go:19.42,21.2 1 0
github.com/teamdsb/tmo/services/identity/internal/platform/service.go:68.58,70.14 2 2
github.com/teamdsb/tmo/services/identity/internal/platform/service.go:71.36,71.36 0 2
github.com/teamdsb/tmo/services/identity/internal/platform/service.go:72.10,73.23 1 0
github.com/teamdsb/tmo/services/identity/internal/platform/service.go:76.2,77.19 2 2
github.com/teamdsb/tmo/services/identity/internal/platform/service.go:77.19,79.3 1 2
github.com/teamdsb/tmo/services/identity/internal/platform/service.go:81.2,90.3 1 2
github.com/teamdsb/tmo/services/identity/internal/platform/service.go:93.104,94.35 1 2
github.com/teamdsb/tmo/services/identity/internal/platform/service.go:94.35,96.3 1 0
github.com/teamdsb/tmo/services/identity/internal/platform/service.go:98.2,100.35 2 2
github.com/teamdsb/tmo/services/identity/internal/platform/service.go:101.15,102.76 1 2
github.com/teamdsb/tmo/services/identity/internal/platform/service.go:102.76,104.4 1 1
github.com/teamdsb/tmo/services/identity/internal/platform/service.go:105.3,105.21 1 1
github.com/teamdsb/tmo/services/identity/internal/platform/service.go:105.21,107.4 1 1
github.com/teamdsb/tmo/services/identity/internal/platform/service.go:108.3,108.36 1 0
github.com/teamdsb/tmo/services/identity/internal/platform/service.go:109.16,110.77 1 0
github.com/teamdsb/tmo/services/identity/internal/platform/service.go:110.77,112.4 1 0
github.com/teamdsb/tmo/services/identity/internal/platform/service.go:113.3,113.22 1 0
github.com/teamdsb/tmo/services/identity/internal/platform/service.go:113.22,115.4 1 0
github.com/teamdsb/tmo/services/identity/internal/platform/service.go:116.3,116.37 1 0
github.com/teamdsb/tmo/services/identity/internal/platform/service.go:117.10,118.49 1 0
github.com/teamdsb/tmo/services/identity/internal/platform/service.go:122.40,124.2 1 2
github.com/teamdsb/tmo/services/identity/internal/platform/service.go:126.114,127.42 1 0
github.com/teamdsb/tmo/services/identity/internal/platform/service.go:127.42,129.3 1 0
github.com/teamdsb/tmo/services/identity/internal/platform/service.go:131.2,131.78 1 0
github.com/teamdsb/tmo/services/identity/internal/platform/service.go:131.78,133.17 2 0
github.com/teamdsb/tmo/services/identity/internal/platform/service.go:133.17,135.21 2 0
github.com/teamdsb/tmo/services/identity/internal/platform/service.go:135.21,137.5 1 0
github.com/teamdsb/tmo/services/identity/internal/platform/service.go:138.4,138.37 1 0
github.com/teamdsb/tmo/services/identity/internal/platform/service.go:140.3,140.39 1 0
github.com/teamdsb/tmo/services/identity/internal/platform/service.go:140.39,142.4 1 0
github.com/teamdsb/tmo/services/identity/internal/platform/service.go:143.3,143.17 1 0
github.com/teamdsb/tmo/services/identity/internal/platform/service.go:146.2,146.35 1 0
github.com/teamdsb/tmo/services/identity/internal/platform/service.go:147.15,148.53 1 0
github.com/teamdsb/tmo/services/identity/internal/platform/service.go:148.53,149.49 1 0
github.com/teamdsb/tmo/services/identity/internal/platform/service.go:149.49,151.5 1 0
github.com/teamdsb/tmo/services/identity/internal/platform/service.go:152.4,152.22 1 0
github.com/teamdsb/tmo/services/identity/internal/platform/service.go:152.22,154.5 1 0
github.com/teamdsb/tmo/services/identity/internal/platform/service.go:155.4,155.48 1 0
github.com/teamdsb/tmo/services/identity/internal/platform/service.go:157.16,158.53 1 0
github.com/teamdsb/tmo/services/identity/internal/platform/service.go:158.53,159.50 1 0
github.com/teamdsb/tmo/services/identity/internal/platform/service.go:159.50,161.5 1 0
github.com/teamdsb/tmo/services/identity/internal/platform/service.go:162.4,162.23 1 0
github.com/teamdsb/tmo/services/identity/internal/platform/service.go:162.23,164.5 1 0
github.com/teamdsb/tmo/services/identity/internal/platform/service.go:165.4,165.44 1 0
github.com/teamdsb/tmo/services/identity/internal/platform/service.go:167.10,168.36 1 0
github.com/teamdsb/tmo/services/identity/internal/platform/service.go:172.55,174.2 1 0
github.com/teamdsb/tmo/services/identity/internal/platform/service.go:176.65,178.2 1 0
github.com/teamdsb/tmo/services/identity/internal/platform/service.go:180.110,181.35 1 0
github.com/teamdsb/tmo/services/identity/internal/platform/service.go:182.15,183.48 1 0
github.com/teamdsb/tmo/services/identity/internal/platform/service.go:183.48,185.4 1 0
github.com/teamdsb/tmo/services/identity/internal/platform/service.go:186.3,186.21 1 0
github.com/teamdsb/tmo/services/identity/internal/platform/service.go:186.21,188.4 1 0
github.com/teamdsb/tmo/services/identity/internal/platform/service.go:189.3,190.17 2 0
github.com/teamdsb/tmo/services/identity/internal/platform/service.go:190.17,192.4 1 0
github.com/teamdsb/tmo/services/identity/internal/platform/service.go:193.3,193.38 1 0
github.com/teamdsb/tmo/services/identity/internal/platform/service.go:194.16,195.49 1 0
github.com/teamdsb/tmo/services/identity/internal/platform/service.go:195.49,197.4 1 0
github.com/teamdsb/tmo/services/identity/internal/platform/service.go:198.3,198.22 1 0
github.com/teamdsb/tmo/services/identity/internal/platform/service.go:198.22,200.4 1 0
github.com/teamdsb/tmo/services/identity/internal/platform/service.go:201.3,201.64 1 0
github.com/teamdsb/tmo/services/identity/internal/platform/service.go:202.10,203.36 1 0
github.com/teamdsb/tmo/services/identity/internal/platform/weapp.go:30.67,31.54 1 2
github.com/teamdsb/tmo/services/identity/internal/platform/weapp.go:31.54,33.3 1 2
github.com/teamdsb/tmo/services/identity/internal/platform/weapp.go:34.2,42.3 1 0
github.com/teamdsb/tmo/services/identity/internal/platform/weapp.go:45.88,47.16 2 0
github.com/teamdsb/tmo/services/identity/internal/platform/weapp.go:47.16,49.3 1 0
github.com/teamdsb/tmo/services/identity/internal/platform/weapp.go:50.2,58.16 8 0
github.com/teamdsb/tmo/services/identity/internal/platform/weapp.go:58.16,60.3 1 0
github.com/teamdsb/tmo/services/identity/internal/platform/weapp.go:62.2,63.16 2 0
github.com/teamdsb/tmo/services/identity/internal/platform/weapp.go:63.16,65.3 1 0
github.com/teamdsb/tmo/services/identity/internal/platform/weapp.go:66.2,68.53 2 0
github.com/teamdsb/tmo/services/identity/internal/platform/weapp.go:68.53,70.3 1 0
github.com/teamdsb/tmo/services/identity/internal/platform/weapp.go:72.2,73.68 2 0
github.com/teamdsb/tmo/services/identity/internal/platform/weapp.go:73.68,75.3 1 0
github.com/teamdsb/tmo/services/identity/internal/platform/weapp.go:76.2,76.26 1 0
github.com/teamdsb/tmo/services/identity/internal/platform/weapp.go:76.26,78.3 1 0
github.com/teamdsb/tmo/services/identity/internal/platform/weapp.go:79.2,79.26 1 0
github.com/teamdsb/tmo/services/identity/internal/platform/weapp.go:79.26,81.3 1 0
github.com/teamdsb/tmo/services/identity/internal/platform/weapp.go:83.2,86.8 1 0
github.com/teamdsb/tmo/services/identity/internal/platform/weapp.go:89.106,91.16 2 0
github.com/teamdsb/tmo/services/identity/internal/platform/weapp.go:91.16,93.3 1 0
github.com/teamdsb/tmo/services/identity/internal/platform/weapp.go:95.2,96.16 2 0
github.com/teamdsb/tmo/services/identity/internal/platform/weapp.go:96.16,98.3 1 0
github.com/teamdsb/tmo/services/identity/internal/platform/weapp.go:99.2,106.35 5 0
github.com/teamdsb/tmo/services/identity/internal/platform/weapp.go:106.35,108.3 1 0
github.com/teamdsb/tmo/services/identity/internal/platform/weapp.go:109.2,109.15 1 0
github.com/teamdsb/tmo/services/identity/internal/platform/weapp.go:109.15,111.3 1 0
github.com/teamdsb/tmo/services/identity/internal/platform/weapp.go:112.2,113.16 2 0
github.com/teamdsb/tmo/services/identity/internal/platform/weapp.go:113.16,115.3 1 0
github.com/teamdsb/tmo/services/identity/internal/platform/weapp.go:117.2,118.16 2 0
github.com/teamdsb/tmo/services/identity/internal/platform/weapp.go:118.16,120.3 1 0
github.com/teamdsb/tmo/services/identity/internal/platform/weapp.go:121.2,124.16 3 0
github.com/teamdsb/tmo/services/identity/internal/platform/weapp.go:124.16,126.3 1 0
github.com/teamdsb/tmo/services/identity/internal/platform/weapp.go:127.2,130.16 3 0
github.com/teamdsb/tmo/services/identity/internal/platform/weapp.go:130.16,132.3 1 0
github.com/teamdsb/tmo/services/identity/internal/platform/weapp.go:133.2,133.53 1 0
github.com/teamdsb/tmo/services/identity/internal/platform/weapp.go:133.53,135.3 1 0
github.com/teamdsb/tmo/services/identity/internal/platform/weapp.go:137.2,137.37 1 0
github.com/teamdsb/tmo/services/identity/internal/platform/weapp.go:137.37,139.80 2 0
[...]
github.com/teamdsb/tmo/services/identity/internal/http/handler/me.go:85.57,88.3 2 0
github.com/teamdsb/tmo/services/identity/internal/http/handler/me.go:90.2,93.17 1 0
github.com/teamdsb/tmo/services/identity/internal/http/handler/me.go:93.17,94.105 1 0
github.com/teamdsb/tmo/services/identity/internal/http/handler/me.go:94.105,104.4 4 0
github.com/teamdsb/tmo/services/identity/internal/http/handler/me.go:107.2,111.16 4 0
github.com/teamdsb/tmo/services/identity/internal/http/handler/me.go:111.16,115.3 3 0
github.com/teamdsb/tmo/services/identity/internal/http/handler/me.go:117.2,118.21 2 0
github.com/teamdsb/tmo/services/identity/internal/http/handler/me.go:118.21,120.3 1 0
github.com/teamdsb/tmo/services/identity/internal/http/handler/me.go:121.2,130.17 1 0
github.com/teamdsb/tmo/services/identity/internal/http/handler/me.go:130.17,134.3 3 0
github.com/teamdsb/tmo/services/identity/internal/http/handler/me.go:136.2,143.33 3 0
github.com/teamdsb/tmo/services/identity/internal/http/handler/me.go:146.69,147.19 1 0
github.com/teamdsb/tmo/services/identity/internal/http/handler/me.go:147.19,150.3 2 0
github.com/teamdsb/tmo/services/identity/internal/http/handler/me.go:151.2,152.16 2 0
github.com/teamdsb/tmo/services/identity/internal/http/handler/me.go:152.16,155.3 2 0
github.com/teamdsb/tmo/services/identity/internal/http/handler/me.go:156.2,156.21 1 0
github.com/teamdsb/tmo/services/identity/internal/http/handler/rbac.go:16.52,18.9 2 0
github.com/teamdsb/tmo/services/identity/internal/http/handler/rbac.go:18.9,20.3 1 0
github.com/teamdsb/tmo/services/identity/internal/http/handler/rbac.go:22.2,23.16 2 0
github.com/teamdsb/tmo/services/identity/internal/http/handler/rbac.go:23.16,27.3 3 0
github.com/teamdsb/tmo/services/identity/internal/http/handler/rbac.go:29.2,30.35 2 0
github.com/teamdsb/tmo/services/identity/internal/http/handler/rbac.go:30.35,35.3 1 0
github.com/teamdsb/tmo/services/identity/internal/http/handler/rbac.go:37.2,37.58 1 0
github.com/teamdsb/tmo/services/identity/internal/http/handler/rbac.go:40.48,41.67 1 0
github.com/teamdsb/tmo/services/identity/internal/http/handler/rbac.go:41.67,43.3 1 0
github.com/teamdsb/tmo/services/identity/internal/http/handler/rbac.go:45.2,46.16 2 0
github.com/teamdsb/tmo/services/identity/internal/http/handler/rbac.go:46.16,50.3 3 0
github.com/teamdsb/tmo/services/identity/internal/http/handler/rbac.go:52.2,53.29 2 0
github.com/teamdsb/tmo/services/identity/internal/http/handler/rbac.go:53.29,55.17 2 0
github.com/teamdsb/tmo/services/identity/internal/http/handler/rbac.go:55.17,59.4 3 0
github.com/teamdsb/tmo/services/identity/internal/http/handler/rbac.go:60.3,61.42 2 0
github.com/teamdsb/tmo/services/identity/internal/http/handler/rbac.go:61.42,66.4 1 0
github.com/teamdsb/tmo/services/identity/internal/http/handler/rbac.go:67.3,72.5 1 0
github.com/teamdsb/tmo/services/identity/internal/http/handler/rbac.go:75.2,75.55 1 0
github.com/teamdsb/tmo/services/identity/internal/http/handler/rbac.go:78.54,79.67 1 0
github.com/teamdsb/tmo/services/identity/internal/http/handler/rbac.go:79.67,81.3 1 0
github.com/teamdsb/tmo/services/identity/internal/http/handler/rbac.go:83.2,84.16 2 0
github.com/teamdsb/tmo/services/identity/internal/http/handler/rbac.go:84.16,88.3 3 0
github.com/teamdsb/tmo/services/identity/internal/http/handler/rbac.go:90.2,91.41 2 0
github.com/teamdsb/tmo/services/identity/internal/http/handler/rbac.go:91.41,96.3 1 0
github.com/teamdsb/tmo/services/identity/internal/http/handler/rbac.go:97.2,97.64 1 0
github.com/teamdsb/tmo/services/identity/internal/http/handler/rbac.go:100.55,102.9 2 0
github.com/teamdsb/tmo/services/identity/internal/http/handler/rbac.go:102.9,104.3 1 0
github.com/teamdsb/tmo/services/identity/internal/http/handler/rbac.go:106.2,107.51 2 0
github.com/teamdsb/tmo/services/identity/internal/http/handler/rbac.go:107.51,110.3 2 0
github.com/teamdsb/tmo/services/identity/internal/http/handler/rbac.go:111.2,112.16 2 0
github.com/teamdsb/tmo/services/identity/internal/http/handler/rbac.go:112.16,115.3 2 0
github.com/teamdsb/tmo/services/identity/internal/http/handler/rbac.go:117.2,121.16 2 0
github.com/teamdsb/tmo/services/identity/internal/http/handler/rbac.go:121.16,125.3 3 0
github.com/teamdsb/tmo/services/identity/internal/http/handler/rbac.go:127.2,134.4 2 0
github.com/teamdsb/tmo/services/identity/internal/http/handler/rbac.go:137.76,139.9 2 0
github.com/teamdsb/tmo/services/identity/internal/http/handler/rbac.go:139.9,141.3 1 0
github.com/teamdsb/tmo/services/identity/internal/http/handler/rbac.go:143.2,144.16 2 0
github.com/teamdsb/tmo/services/identity/internal/http/handler/rbac.go:144.16,145.36 1 0
github.com/teamdsb/tmo/services/identity/internal/http/handler/rbac.go:145.36,148.4 2 0
github.com/teamdsb/tmo/services/identity/internal/http/handler/rbac.go:149.3,151.9 3 0
github.com/teamdsb/tmo/services/identity/internal/http/handler/rbac.go:154.2,155.51 2 0
github.com/teamdsb/tmo/services/identity/internal/http/handler/rbac.go:155.51,158.3 2 0
github.com/teamdsb/tmo/services/identity/internal/http/handler/rbac.go:160.2,161.16 2 0
github.com/teamdsb/tmo/services/identity/internal/http/handler/rbac.go:161.16,165.3 3 0
github.com/teamdsb/tmo/services/identity/internal/http/handler/rbac.go:166.2,167.41 2 0
github.com/teamdsb/tmo/services/identity/internal/http/handler/rbac.go:167.41,169.3 1 0
github.com/teamdsb/tmo/services/identity/internal/http/handler/rbac.go:170.2,170.43 1 0
github.com/teamdsb/tmo/services/identity/internal/http/handler/rbac.go:170.43,171.37 1 0
github.com/teamdsb/tmo/services/identity/internal/http/handler/rbac.go:171.37,174.4 2 0
github.com/teamdsb/tmo/services/identity/internal/http/handler/rbac.go:175.3,175.41 1 0
github.com/teamdsb/tmo/services/identity/internal/http/handler/rbac.go:175.41,178.4 2 0
github.com/teamdsb/tmo/services/identity/internal/http/handler/rbac.go:181.2,181.73 1 0
github.com/teamdsb/tmo/services/identity/internal/http/handler/rbac.go:181.73,183.76 2 0
github.com/teamdsb/tmo/services/identity/internal/http/handler/rbac.go:183.76,185.4 1 0
github.com/teamdsb/tmo/services/identity/internal/http/handler/rbac.go:186.3,186.44 1 0
github.com/teamdsb/tmo/services/identity/internal/http/handler/rbac.go:186.44,191.19 1 0
github.com/teamdsb/tmo/services/identity/internal/http/handler/rbac.go:191.19,193.5 1 0
github.com/teamdsb/tmo/services/identity/internal/http/handler/rbac.go:195.3,195.13 1 0
github.com/teamdsb/tmo/services/identity/internal/http/handler/rbac.go:197.2,197.16 1 0
github.com/teamdsb/tmo/services/identity/internal/http/handler/rbac.go:197.16,201.3 3 0
github.com/teamdsb/tmo/services/identity/internal/http/handler/rbac.go:203.2,207.32 2 0
github.com/teamdsb/tmo/services/identity/internal/http/handler/rbac.go:210.53,212.9 2 0
github.com/teamdsb/tmo/services/identity/internal/http/handler/rbac.go:212.9,214.3 1 0
github.com/teamdsb/tmo/services/identity/internal/http/handler/rbac.go:216.2,217.51 2 0
github.com/teamdsb/tmo/services/identity/internal/http/handler/rbac.go:217.51,220.3 2 0
github.com/teamdsb/tmo/services/identity/internal/http/handler/rbac.go:221.2,222.26 2 0
github.com/teamdsb/tmo/services/identity/internal/http/handler/rbac.go:222.26,225.3 2 0
github.com/teamdsb/tmo/services/identity/internal/http/handler/rbac.go:227.2,228.16 2 0
github.com/teamdsb/tmo/services/identity/internal/http/handler/rbac.go:228.16,232.3 3 0
github.com/teamdsb/tmo/services/identity/internal/http/handler/rbac.go:234.2,235.41 2 0
github.com/teamdsb/tmo/services/identity/internal/http/handler/rbac.go:235.41,236.50 1 0
github.com/teamdsb/tmo/services/identity/internal/http/handler/rbac.go:236.50,238.9 2 0
github.com/teamdsb/tmo/services/identity/internal/http/handler/rbac.go:241.2,242.34 2 0
github.com/teamdsb/tmo/services/identity/internal/http/handler/rbac.go:242.34,244.3 1 0
github.com/teamdsb/tmo/services/identity/internal/http/handler/rbac.go:246.2,247.26 2 0
github.com/teamdsb/tmo/services/identity/internal/http/handler/rbac.go:247.26,248.26 1 0
github.com/teamdsb/tmo/services/identity/internal/http/handler/rbac.go:248.26,250.4 1 0
github.com/teamdsb/tmo/services/identity/internal/http/handler/rbac.go:250.9,252.4 1 0
github.com/teamdsb/tmo/services/identity/internal/http/handler/rbac.go:255.2,258.26 2 0
github.com/teamdsb/tmo/services/identity/internal/http/handler/rbac.go:258.26,261.3 2 0
github.com/teamdsb/tmo/services/identity/internal/http/handler/rbac.go:262.2,262.33 1 0
github.com/teamdsb/tmo/services/identity/internal/http/handler/staff.go:23.45,25.9 2 0
github.com/teamdsb/tmo/services/identity/internal/http/handler/staff.go:25.9,27.3 1 0
github.com/teamdsb/tmo/services/identity/internal/http/handler/staff.go:29.2,30.51 2 0
github.com/teamdsb/tmo/services/identity/internal/http/handler/staff.go:30.51,33.3 2 0
github.com/teamdsb/tmo/services/identity/internal/http/handler/staff.go:34.2,35.21 2 0
github.com/teamdsb/tmo/services/identity/internal/http/handler/staff.go:35.21,38.3 2 0
github.com/teamdsb/tmo/services/identity/internal/http/handler/staff.go:39.2,39.29 1 0
github.com/teamdsb/tmo/services/identity/internal/http/handler/staff.go:39.29,40.25 1 0
github.com/teamdsb/tmo/services/identity/internal/http/handler/staff.go:40.25,43.4 2 0
github.com/teamdsb/tmo/services/identity/internal/http/handler/staff.go:46.2,47.74 2 0
github.com/teamdsb/tmo/services/identity/internal/http/handler/staff.go:47.74,57.17 4 0
github.com/teamdsb/tmo/services/identity/internal/http/handler/staff.go:57.17,59.4 1 0
github.com/teamdsb/tmo/services/identity/internal/http/handler/staff.go:60.3,60.30 1 0
github.com/teamdsb/tmo/services/identity/internal/http/handler/staff.go:60.30,64.19 1 0
github.com/teamdsb/tmo/services/identity/internal/http/handler/staff.go:64.19,66.5 1 0
github.com/teamdsb/tmo/services/identity/internal/http/handler/staff.go:68.3,69.13 2 0
github.com/teamdsb/tmo/services/identity/internal/http/handler/staff.go:71.2,71.16 1 0
github.com/teamdsb/tmo/services/identity/internal/http/handler/staff.go:71.16,75.3 3 0
github.com/teamdsb/tmo/services/identity/internal/http/handler/staff.go:77.2,81.60 2 0
github.com/teamdsb/tmo/services/identity/internal/http/handler/staff.go:84.72,85.66 1 0
github.com/teamdsb/tmo/services/identity/internal/http/handler/staff.go:85.66,87.3 1 0
github.com/teamdsb/tmo/services/identity/internal/http/handler/staff.go:89.2,91.44 3 0
github.com/teamdsb/tmo/services/identity/internal/http/handler/staff.go:91.44,93.3 1 0
github.com/teamdsb/tmo/services/identity/internal/http/handler/staff.go:94.2,94.52 1 0
github.com/teamdsb/tmo/services/identity/internal/http/handler/staff.go:94.52,96.3 1 0
github.com/teamdsb/tmo/services/identity/internal/http/handler/staff.go:97.2,97.20 1 0
github.com/teamdsb/tmo/services/identity/internal/http/handler/staff.go:97.20,99.3 1 0
github.com/teamdsb/tmo/services/identity/internal/http/handler/staff.go:100.2,102.21 3 0
github.com/teamdsb/tmo/services/identity/internal/http/handler/staff.go:102.21,104.20 2 0
github.com/teamdsb/tmo/services/identity/internal/http/handler/staff.go:104.20,106.4 1 0
github.com/teamdsb/tmo/services/identity/internal/http/handler/staff.go:109.2,114.16 2 0
github.com/teamdsb/tmo/services/identity/internal/http/handler/staff.go:114.16,118.3 3 0
github.com/teamdsb/tmo/services/identity/internal/http/handler/staff.go:120.2,121.16 2 0
github.com/teamdsb/tmo/services/identity/internal/http/handler/staff.go:121.16,125.3 3 0
github.com/teamdsb/tmo/services/identity/internal/http/handler/staff.go:127.2,128.29 2 0
github.com/teamdsb/tmo/services/identity/internal/http/handler/staff.go:128.29,130.17 2 0
github.com/teamdsb/tmo/services/identity/internal/http/handler/staff.go:130.17,134.4 3 0
github.com/teamdsb/tmo/services/identity/internal/http/handler/staff.go:135.3,135.69 1 0
github.com/teamdsb/tmo/services/identity/internal/http/handler/staff.go:138.2,143.4 1 0
github.com/teamdsb/tmo/services/identity/internal/http/handler/staff.go:146.71,147.66 1 0
github.com/teamdsb/tmo/services/identity/internal/http/handler/staff.go:147.66,149.3 1 0
github.com/teamdsb/tmo/services/identity/internal/http/handler/staff.go:151.2,152.16 2 0
github.com/teamdsb/tmo/services/identity/internal/http/handler/staff.go:152.16,153.36 1 0
github.com/teamdsb/tmo/services/identity/internal/http/handler/staff.go:153.36,156.4 2 0
github.com/teamdsb/tmo/services/identity/internal/http/handler/staff.go:157.3,159.9 3 0
github.com/teamdsb/tmo/services/identity/internal/http/handler/staff.go:161.2,161.47 1 0
github.com/teamdsb/tmo/services/identity/internal/http/handler/staff.go:161.47,164.3 2 0
github.com/teamdsb/tmo/services/identity/internal/http/handler/staff.go:166.2,167.16 2 0
github.com/teamdsb/tmo/services/identity/internal/http/handler/staff.go:167.16,171.3 3 0
github.com/teamdsb/tmo/services/identity/internal/http/handler/staff.go:173.2,173.68 1 0
github.com/teamdsb/tmo/services/identity/internal/http/handler/staff.go:176.73,178.51 2 0
github.com/teamdsb/tmo/services/identity/internal/http/handler/staff.go:178.51,181.3 2 0
github.com/teamdsb/tmo/services/identity/internal/http/handler/staff.go:182.2,182.114 1 0
github.com/teamdsb/tmo/services/identity/internal/http/handler/staff.go:182.114,185.3 2 0
github.com/teamdsb/tmo/services/identity/internal/http/handler/staff.go:187.2,188.56 2 0
github.com/teamdsb/tmo/services/identity/internal/http/handler/staff.go:188.56,190.10 2 0
github.com/teamdsb/tmo/services/identity/internal/http/handler/staff.go:190.10,192.4 1 0
github.com/teamdsb/tmo/services/identity/internal/http/handler/staff.go:193.3,193.22 1 0
github.com/teamdsb/tmo/services/identity/internal/http/handler/staff.go:194.8,196.10 2 0
github.com/teamdsb/tmo/services/identity/internal/http/handler/staff.go:196.10,198.4 1 0
github.com/teamdsb/tmo/services/identity/internal/http/handler/staff.go:199.3,199.22 1 0
github.com/teamdsb/tmo/services/identity/internal/http/handler/staff.go:202.2,203.16 2 0
github.com/teamdsb/tmo/services/identity/internal/http/handler/staff.go:203.16,204.36 1 0
github.com/teamdsb/tmo/services/identity/internal/http/handler/staff.go:204.36,207.4 2 0
github.com/teamdsb/tmo/services/identity/internal/http/handler/staff.go:208.3,210.9 3 0
github.com/teamdsb/tmo/services/identity/internal/http/handler/staff.go:212.2,212.47 1 0
github.com/teamdsb/tmo/services/identity/internal/http/handler/staff.go:212.47,215.3 2 0
github.com/teamdsb/tmo/services/identity/internal/http/handler/staff.go:217.2,218.26 2 0
github.com/teamdsb/tmo/services/identity/internal/http/handler/staff.go:218.26,220.22 2 0
github.com/teamdsb/tmo/services/identity/internal/http/handler/staff.go:220.22,223.4 2 0
github.com/teamdsb/tmo/services/identity/internal/http/handler/staff.go:224.3,224.30 1 0
github.com/teamdsb/tmo/services/identity/internal/http/handler/staff.go:224.30,225.26 1 0
github.com/teamdsb/tmo/services/identity/internal/http/handler/staff.go:225.26,228.5 2 0
github.com/teamdsb/tmo/services/identity/internal/http/handler/staff.go:232.2,235.27 4 0
github.com/teamdsb/tmo/services/identity/internal/http/handler/staff.go:235.27,237.17 2 0
github.com/teamdsb/tmo/services/identity/internal/http/handler/staff.go:238.17,240.24 2 0
github.com/teamdsb/tmo/services/identity/internal/http/handler/staff.go:241.19,243.43 2 0
github.com/teamdsb/tmo/services/identity/internal/http/handler/staff.go:244.11,246.10 2 0
github.com/teamdsb/tmo/services/identity/internal/http/handler/staff.go:250.2,250.73 1 0
github.com/teamdsb/tmo/services/identity/internal/http/handler/staff.go:250.73,252.33 2 0
github.com/teamdsb/tmo/services/identity/internal/http/handler/staff.go:252.33,256.19 1 0
github.com/teamdsb/tmo/services/identity/internal/http/handler/staff.go:256.19,258.5 1 0
github.com/teamdsb/tmo/services/identity/internal/http/handler/staff.go:260.3,260.19 1 0
github.com/teamdsb/tmo/services/identity/internal/http/handler/staff.go:260.19,266.19 1 0
github.com/teamdsb/tmo/services/identity/internal/http/handler/staff.go:266.19,268.5 1 0
github.com/teamdsb/tmo/services/identity/internal/http/handler/staff.go:270.3,270.27 1 0
github.com/teamdsb/tmo/services/identity/internal/http/handler/staff.go:270.27,271.74 1 0
github.com/teamdsb/tmo/services/identity/internal/http/handler/staff.go:271.74,273.5 1 0
github.com/teamdsb/tmo/services/identity/internal/http/handler/staff.go:274.4,274.31 1 0
github.com/teamdsb/tmo/services/identity/internal/http/handler/staff.go:274.31,278.20 1 0
github.com/teamdsb/tmo/services/identity/internal/http/handler/staff.go:278.20,280.6 1 0
github.com/teamdsb/tmo/services/identity/internal/http/handler/staff.go:283.3,283.13 1 0
github.com/teamdsb/tmo/services/identity/internal/http/handler/staff.go:285.2,285.16 1 0
github.com/teamdsb/tmo/services/identity/internal/http/handler/staff.go:285.16,289.3 3 0
github.com/teamdsb/tmo/services/identity/internal/http/handler/staff.go:291.2,292.16 2 0
github.com/teamdsb/tmo/services/identity/internal/http/handler/staff.go:292.16,296.3 3 0
github.com/teamdsb/tmo/services/identity/internal/http/handler/staff.go:297.2,298.16 2 0
github.com/teamdsb/tmo/services/identity/internal/http/handler/staff.go:298.16,302.3 3 0
github.com/teamdsb/tmo/services/identity/internal/http/handler/staff.go:304.2,309.78 2 0
github.com/teamdsb/tmo/services/identity/internal/http/handler/staff.go:312.80,314.9 2 0
github.com/teamdsb/tmo/services/identity/internal/http/handler/staff.go:314.9,316.3 1 0
github.com/teamdsb/tmo/services/identity/internal/http/handler/staff.go:318.2,319.51 2 0
github.com/teamdsb/tmo/services/identity/internal/http/handler/staff.go:319.51,322.3 2 0
github.com/teamdsb/tmo/services/identity/internal/http/handler/staff.go:324.2,325.24 2 0
github.com/teamdsb/tmo/services/identity/internal/http/handler/staff.go:325.24,328.3 2 0
github.com/teamdsb/tmo/services/identity/internal/http/handler/staff.go:329.2,329.57 1 0
github.com/teamdsb/tmo/services/identity/internal/http/handler/staff.go:329.57,332.3 2 0
github.com/teamdsb/tmo/services/identity/internal/http/handler/staff.go:334.2,335.16 2 0
github.com/teamdsb/tmo/services/identity/internal/http/handler/staff.go:335.16,336.36 1 0
github.com/teamdsb/tmo/services/identity/internal/http/handler/staff.go:336.36,339.4 2 0
github.com/teamdsb/tmo/services/identity/internal/http/handler/staff.go:340.3,342.9 3 0
github.com/teamdsb/tmo/services/identity/internal/http/handler/staff.go:344.2,344.47 1 0
github.com/teamdsb/tmo/services/identity/internal/http/handler/staff.go:344.47,347.3 2 0
github.com/teamdsb/tmo/services/identity/internal/http/handler/staff.go:349.2,350.56 2 0
github.com/teamdsb/tmo/services/identity/internal/http/handler/staff.go:350.56,352.3 1 0
github.com/teamdsb/tmo/services/identity/internal/http/handler/staff.go:353.2,366.16 4 0
github.com/teamdsb/tmo/services/identity/internal/http/handler/staff.go:366.16,370.3 3 0
github.com/teamdsb/tmo/services/identity/internal/http/handler/staff.go:372.2,379.28 3 0
github.com/teamdsb/tmo/services/identity/internal/http/handler/staff.go:379.28,382.3 2 0
github.com/teamdsb/tmo/services/identity/internal/http/handler/staff.go:383.2,383.38 1 0
github.com/teamdsb/tmo/services/identity/internal/http/handler/staff.go:386.66,394.29 2 0
github.com/teamdsb/tmo/services/identity/internal/http/handler/staff.go:394.29,396.3 1 0
github.com/teamdsb/tmo/services/identity/internal/http/handler/staff.go:397.2,397.27 1 0
github.com/teamdsb/tmo/services/identity/internal/http/handler/staff.go:397.27,400.3 2 0
github.com/teamdsb/tmo/services/identity/internal/http/handler/staff.go:401.2,401.32 1 0
github.com/teamdsb/tmo/services/identity/internal/http/handler/staff.go:401.32,403.3 1 0
github.com/teamdsb/tmo/services/identity/internal/http/handler/staff.go:404.2,404.17 1 0
github.com/teamdsb/tmo/services/identity/internal/http/handler/staff.go:407.36,408.31 1 0
github.com/teamdsb/tmo/services/identity/internal/http/handler/staff.go:409.32,410.14 1 0
github.com/teamdsb/tmo/services/identity/internal/http/handler/staff.go:411.10,412.15 1 0
