mode: atomic
github.com/teamdsb/tmo/services/payment/cmd/payment/main.go:24.13,30.63 3 0
github.com/teamdsb/tmo/services/payment/cmd/payment/main.go:30.63,33.3 2 0
github.com/teamdsb/tmo/services/payment/cmd/payment/main.go:36.43,37.30 1 0
github.com/teamdsb/tmo/services/payment/cmd/payment/main.go:38.15,39.25 1 0
github.com/teamdsb/tmo/services/payment/cmd/payment/main.go:40.25,41.24 1 0
github.com/teamdsb/tmo/services/payment/cmd/payment/main.go:42.15,43.25 1 0
github.com/teamdsb/tmo/services/payment/cmd/payment/main.go:44.10,45.24 1 0
github.com/teamdsb/tmo/services/payment/cmd/payment/main.go:49.77,56.16 4 0
github.com/teamdsb/tmo/services/payment/cmd/payment/main.go:56.16,58.3 1 0
github.com/teamdsb/tmo/services/payment/cmd/payment/main.go:59.2,59.15 1 0
github.com/teamdsb/tmo/services/payment/cmd/payment/main.go:59.15,62.51 3 0
github.com/teamdsb/tmo/services/payment/cmd/payment/main.go:62.51,64.4 1 0
github.com/teamdsb/tmo/services/payment/cmd/payment/main.go:67.2,68.16 2 0
github.com/teamdsb/tmo/services/payment/cmd/payment/main.go:68.16,70.3 1 0
github.com/teamdsb/tmo/services/payment/cmd/payment/main.go:71.2,74.16 3 0
github.com/teamdsb/tmo/services/payment/cmd/payment/main.go:74.16,76.3 1 0
github.com/teamdsb/tmo/services/payment/cmd/payment/main.go:77.2,77.69 1 0
github.com/teamdsb/tmo/services/payment/cmd/payment/main.go:77.69,79.3 1 0
github.com/teamdsb/tmo/services/payment/cmd/payment/main.go:81.2,97.90 4 0
github.com/teamdsb/tmo/services/payment/cmd/payment/main.go:97.90,99.3 1 0
github.com/teamdsb/tmo/services/payment/cmd/payment/main.go:100.2,105.12 4 0
github.com/teamdsb/tmo/services/payment/cmd/payment/main.go:105.12,107.3 1 0
github.com/teamdsb/tmo/services/payment/cmd/payment/main.go:109.2,109.9 1 0
github.com/teamdsb/tmo/services/payment/cmd/payment/main.go:110.22,111.58 1 0
github.com/teamdsb/tmo/services/payment/cmd/payment/main.go:111.58,113.4 1 0
github.com/teamdsb/tmo/services/payment/cmd/payment/main.go:114.3,114.13 1 0
github.com/teamdsb/tmo/services/payment/cmd/payment/main.go:115.20,116.42 1 0
github.com/teamdsb/tmo/services/payment/cmd/payment/main.go:119.2,121.53 3 0
github.com/teamdsb/tmo/services/payment/cmd/payment/main.go:121.53,123.3 1 0
github.com/teamdsb/tmo/services/payment/cmd/payment/main.go:125.2,125.73 1 0
github.com/teamdsb/tmo/services/payment/cmd/payment/main.go:125.73,127.3 1 0
github.com/teamdsb/tmo/services/payment/cmd/payment/main.go:129.2,129.12 1 0
github.com/teamdsb/tmo/services/payment/cmd/payment/main.go:132.62,134.41 2 0
github.com/teamdsb/tmo/services/payment/cmd/payment/main.go:134.41,136.3 1 0
github.com/teamdsb/tmo/services/payment/cmd/payment/main.go:137.2,138.16 2 0
github.com/teamdsb/tmo/services/payment/cmd/payment/main.go:138.16,140.3 1 0
github.com/teamdsb/tmo/services/payment/cmd/payment/main.go:141.2,146.39 2 0
github.com/teamdsb/tmo/services/payment/cmd/payment/main.go:146.39,147.24 1 0
github.com/teamdsb/tmo/services/payment/cmd/payment/main.go:147.24,149.4 1 0
github.com/teamdsb/tmo/services/payment/cmd/payment/main.go:151.2,151.65 1 0
github.com/teamdsb/tmo/services/payment/cmd/payment/main.go:154.30,156.16 2 0
github.com/teamdsb/tmo/services/payment/cmd/payment/main.go:156.16,158.3 1 0
github.com/teamdsb/tmo/services/payment/cmd/payment/main.go:159.2,159.32 1 0
github.com/teamdsb/tmo/services/payment/cmd/payment/main.go:159.32,160.20 1 0
github.com/teamdsb/tmo/services/payment/cmd/payment/main.go:160.20,161.12 1 0
github.com/teamdsb/tmo/services/payment/cmd/payment/main.go:163.3,163.46 1 0
github.com/teamdsb/tmo/services/payment/cmd/payment/main.go:163.46,165.4 1 0
github.com/teamdsb/tmo/services/payment/cmd/payment/main.go:167.2,167.14 1 0
github.com/teamdsb/tmo/services/payment/internal/config/config.go:45.20,63.2 1 0
github.com/teamdsb/tmo/services/payment/internal/http/server.go:15.115,32.2 10 0
github.com/teamdsb/tmo/services/payment/internal/http/server.go:34.63,36.2 1 0
github.com/teamdsb/tmo/services/payment/internal/db/conn.go:11.70,13.2 1 0
github.com/teamdsb/tmo/services/payment/internal/db/conn.go:15.59,17.2 1 0
github.com/teamdsb/tmo/services/payment/internal/db/db.go:20.28,22.2 1 0
github.com/teamdsb/tmo/services/payment/internal/db/db.go:28.46,32.2 1 0
github.com/teamdsb/tmo/services/payment/internal/db/migrations.go:14.91,17.16 3 0
github.com/teamdsb/tmo/services/payment/internal/db/migrations.go:17.16,19.3 1 0
github.com/teamdsb/tmo/services/payment/internal/db/migrations.go:20.2,20.21 1 0
github.com/teamdsb/tmo/services/payment/internal/db/migrations.go:20.21,22.3 1 0
github.com/teamdsb/tmo/services/payment/internal/db/migrations.go:24.2,25.29 2 0
github.com/teamdsb/tmo/services/payment/internal/db/migrations.go:25.29,27.17 2 0
github.com/teamdsb/tmo/services/payment/internal/db/migrations.go:27.17,29.4 1 0
github.com/teamdsb/tmo/services/payment/internal/db/migrations.go:31.3,33.40 3 0
github.com/teamdsb/tmo/services/payment/internal/db/migrations.go:33.40,34.55 1 0
github.com/teamdsb/tmo/services/payment/internal/db/migrations.go:34.55,36.5 1 0
github.com/teamdsb/tmo/services/payment/internal/db/migrations.go:40.2,40.12 1 0
github.com/teamdsb/tmo/services/payment/internal/db/migrations.go:43.44,47.29 4 0
github.com/teamdsb/tmo/services/payment/internal/db/migrations.go:47.29,49.49 2 0
github.com/teamdsb/tmo/services/payment/internal/db/migrations.go:49.49,51.12 2 0
github.com/teamdsb/tmo/services/payment/internal/db/migrations.go:53.3,53.51 1 0
github.com/teamdsb/tmo/services/payment/internal/db/migrations.go:53.51,54.9 1 0
github.com/teamdsb/tmo/services/payment/internal/db/migrations.go:56.3,56.12 1 0
github.com/teamdsb/tmo/services/payment/internal/db/migrations.go:56.12,57.12 1 0
github.com/teamdsb/tmo/services/payment/internal/db/migrations.go:59.3,59.46 1 0
github.com/teamdsb/tmo/services/payment/internal/db/migrations.go:59.46,60.12 1 0
github.com/teamdsb/tmo/services/payment/internal/db/migrations.go:62.3,63.28 2 0
github.com/teamdsb/tmo/services/payment/internal/db/migrations.go:65.2,65.25 1 0
github.com/teamdsb/tmo/services/payment/internal/db/migrations.go:68.46,80.34 10 0
github.com/teamdsb/tmo/services/payment/internal/db/migrations.go:80.34,83.20 2 0
github.com/teamdsb/tmo/services/payment/internal/db/migrations.go:83.20,85.18 2 0
github.com/teamdsb/tmo/services/payment/internal/db/migrations.go:85.18,87.5 1 0
github.com/teamdsb/tmo/services/payment/internal/db/migrations.go:88.4,88.12 1 0
github.com/teamdsb/tmo/services/payment/internal/db/migrations.go:91.3,91.21 1 0
github.com/teamdsb/tmo/services/payment/internal/db/migrations.go:91.21,93.58 2 0
github.com/teamdsb/tmo/services/payment/internal/db/migrations.go:93.58,97.5 3 0
github.com/teamdsb/tmo/services/payment/internal/db/migrations.go:98.4,98.12 1 0
github.com/teamdsb/tmo/services/payment/internal/db/migrations.go:101.3,101.15 1 0
github.com/teamdsb/tmo/services/payment/internal/db/migrations.go:101.15,102.54 1 0
github.com/teamdsb/tmo/services/payment/internal/db/migrations.go:102.54,103.47 1 0
github.com/teamdsb/tmo/services/payment/internal/db/migrations.go:103.47,105.6 1 0
github.com/teamdsb/tmo/services/payment/internal/db/migrations.go:106.5,109.13 4 0
github.com/teamdsb/tmo/services/payment/internal/db/migrations.go:111.4,112.12 2 0
github.com/teamdsb/tmo/services/payment/internal/db/migrations.go:115.3,115.15 1 0
github.com/teamdsb/tmo/services/payment/internal/db/migrations.go:115.15,117.18 2 0
github.com/teamdsb/tmo/services/payment/internal/db/migrations.go:117.18,118.47 1 0
github.com/teamdsb/tmo/services/payment/internal/db/migrations.go:118.47,121.14 3 0
github.com/teamdsb/tmo/services/payment/internal/db/migrations.go:123.5,123.21 1 0
github.com/teamdsb/tmo/services/payment/internal/db/migrations.go:125.4,125.12 1 0
github.com/teamdsb/tmo/services/payment/internal/db/migrations.go:128.3,128.15 1 0
github.com/teamdsb/tmo/services/payment/internal/db/migrations.go:128.15,130.17 2 0
github.com/teamdsb/tmo/services/payment/internal/db/migrations.go:130.17,131.46 1 0
github.com/teamdsb/tmo/services/payment/internal/db/migrations.go:131.46,134.14 3 0
github.com/teamdsb/tmo/services/payment/internal/db/migrations.go:136.5,136.21 1 0
github.com/teamdsb/tmo/services/payment/internal/db/migrations.go:138.4,138.12 1 0
github.com/teamdsb/tmo/services/payment/internal/db/migrations.go:141.3,141.57 1 0
github.com/teamdsb/tmo/services/payment/internal/db/migrations.go:141.57,146.12 5 0
github.com/teamdsb/tmo/services/payment/internal/db/migrations.go:148.3,148.57 1 0
github.com/teamdsb/tmo/services/payment/internal/db/migrations.go:148.57,153.12 5 0
github.com/teamdsb/tmo/services/payment/internal/db/migrations.go:155.3,155.17 1 0
github.com/teamdsb/tmo/services/payment/internal/db/migrations.go:155.17,158.12 3 0
github.com/teamdsb/tmo/services/payment/internal/db/migrations.go:160.3,160.16 1 0
github.com/teamdsb/tmo/services/payment/internal/db/migrations.go:160.16,163.12 3 0
github.com/teamdsb/tmo/services/payment/internal/db/migrations.go:165.3,165.16 1 0
github.com/teamdsb/tmo/services/payment/internal/db/migrations.go:165.16,166.47 1 0
github.com/teamdsb/tmo/services/payment/internal/db/migrations.go:166.47,171.13 5 0
github.com/teamdsb/tmo/services/payment/internal/db/migrations.go:175.3,175.16 1 0
github.com/teamdsb/tmo/services/payment/internal/db/migrations.go:175.16,177.23 2 0
github.com/teamdsb/tmo/services/payment/internal/db/migrations.go:177.23,179.5 1 0
github.com/teamdsb/tmo/services/payment/internal/db/migrations.go:180.4,181.12 2 0
github.com/teamdsb/tmo/services/payment/internal/db/migrations.go:184.3,184.24 1 0
github.com/teamdsb/tmo/services/payment/internal/db/migrations.go:187.2,188.16 2 0
github.com/teamdsb/tmo/services/payment/internal/db/migrations.go:188.16,190.3 1 0
github.com/teamdsb/tmo/services/payment/internal/db/migrations.go:192.2,192.19 1 0
github.com/teamdsb/tmo/services/payment/internal/db/migrations.go:195.61,196.25 1 0
github.com/teamdsb/tmo/services/payment/internal/db/migrations.go:196.25,198.3 1 0
github.com/teamdsb/tmo/services/payment/internal/db/migrations.go:199.2,199.42 1 0
github.com/teamdsb/tmo/services/payment/internal/db/migrations.go:199.42,200.22 1 0
github.com/teamdsb/tmo/services/payment/internal/db/migrations.go:200.22,203.4 2 0
github.com/teamdsb/tmo/services/payment/internal/db/migrations.go:204.3,204.139 1 0
github.com/teamdsb/tmo/services/payment/internal/db/migrations.go:204.139,206.4 1 0
github.com/teamdsb/tmo/services/payment/internal/db/migrations.go:208.2,208.18 1 0
github.com/teamdsb/tmo/services/payment/internal/db/migrations.go:211.61,212.15 1 0
github.com/teamdsb/tmo/services/payment/internal/db/migrations.go:212.15,214.3 1 0
github.com/teamdsb/tmo/services/payment/internal/db/migrations.go:215.2,216.38 2 0
github.com/teamdsb/tmo/services/payment/internal/db/migrations.go:216.38,218.3 1 0
github.com/teamdsb/tmo/services/payment/internal/db/migrations.go:219.2,219.26 1 0
github.com/teamdsb/tmo/services/payment/internal/db/migrations.go:219.26,220.36 1 0
github.com/teamdsb/tmo/services/payment/internal/db/migrations.go:220.36,222.4 1 0
github.com/teamdsb/tmo/services/payment/internal/db/migrations.go:224.2,224.13 1 0
github.com/teamdsb/tmo/services/payment/internal/db/migrations.go:227.35,228.61 1 0
github.com/teamdsb/tmo/services/payment/internal/db/migrations.go:228.61,230.3 1 0
github.com/teamdsb/tmo/services/payment/internal/db/migrations.go:231.2,231.19 1 0
github.com/teamdsb/tmo/services/payment/internal/db/migrations.go:231.19,233.3 1 0
github.com/teamdsb/tmo/services/payment/internal/db/migrations.go:234.2,234.34 1 0
github.com/teamdsb/tmo/services/payment/internal/db/migrations.go:234.34,236.97 2 0
github.com/teamdsb/tmo/services/payment/internal/db/migrations.go:236.97,238.4 1 0
github.com/teamdsb/tmo/services/payment/internal/db/migrations.go:240.2,240.13 1 0
github.com/teamdsb/tmo/services/payment/internal/db/payments.sql.go:32.110,37.2 4 0
github.com/teamdsb/tmo/services/payment/internal/db/payments.sql.go:56.108,61.2 4 0
github.com/teamdsb/tmo/services/payment/internal/db/payments.sql.go:83.94,88.2 4 0
github.com/teamdsb/tmo/services/payment/internal/db/payments.sql.go:142.96,180.2 4 0
github.com/teamdsb/tmo/services/payment/internal/db/payments.sql.go:204.120,221.2 4 0
github.com/teamdsb/tmo/services/payment/internal/db/payments.sql.go:251.117,274.2 4 0
github.com/teamdsb/tmo/services/payment/internal/db/payments.sql.go:282.82,305.2 4 0
github.com/teamdsb/tmo/services/payment/internal/db/payments.sql.go:321.122,344.2 4 0
github.com/teamdsb/tmo/services/payment/internal/db/payments.sql.go:352.96,368.2 4 0
github.com/teamdsb/tmo/services/payment/internal/db/payments.sql.go:390.120,397.16 2 0
github.com/teamdsb/tmo/services/payment/internal/db/payments.sql.go:397.16,399.3 1 0
github.com/teamdsb/tmo/services/payment/internal/db/payments.sql.go:400.2,402.18 3 0
github.com/teamdsb/tmo/services/payment/internal/db/payments.sql.go:402.18,411.17 2 0
github.com/teamdsb/tmo/services/payment/internal/db/payments.sql.go:411.17,413.4 1 0
github.com/teamdsb/tmo/services/payment/internal/db/payments.sql.go:414.3,414.27 1 0
github.com/teamdsb/tmo/services/payment/internal/db/payments.sql.go:416.2,416.35 1 0
github.com/teamdsb/tmo/services/payment/internal/db/payments.sql.go:416.35,418.3 1 0
github.com/teamdsb/tmo/services/payment/internal/db/payments.sql.go:419.2,419.19 1 0
github.com/teamdsb/tmo/services/payment/internal/db/payments.sql.go:443.117,450.16 2 0
github.com/teamdsb/tmo/services/payment/internal/db/payments.sql.go:450.16,452.3 1 0
github.com/teamdsb/tmo/services/payment/internal/db/payments.sql.go:453.2,455.18 3 0
github.com/teamdsb/tmo/services/payment/internal/db/payments.sql.go:455.18,468.17 2 0
github.com/teamdsb/tmo/services/payment/internal/db/payments.sql.go:468.17,470.4 1 0
github.com/teamdsb/tmo/services/payment/internal/db/payments.sql.go:471.3,471.27 1 0
github.com/teamdsb/tmo/services/payment/internal/db/payments.sql.go:473.2,473.35 1 0
github.com/teamdsb/tmo/services/payment/internal/db/payments.sql.go:473.35,475.3 1 0
github.com/teamdsb/tmo/services/payment/internal/db/payments.sql.go:476.2,476.19 1 0
github.com/teamdsb/tmo/services/payment/internal/db/payments.sql.go:503.96,511.16 2 0
github.com/teamdsb/tmo/services/payment/internal/db/payments.sql.go:511.16,513.3 1 0
github.com/teamdsb/tmo/services/payment/internal/db/payments.sql.go:514.2,516.18 3 0
github.com/teamdsb/tmo/services/payment/internal/db/payments.sql.go:516.18,536.17 2 0
github.com/teamdsb/tmo/services/payment/internal/db/payments.sql.go:536.17,538.4 1 0
github.com/teamdsb/tmo/services/payment/internal/db/payments.sql.go:539.3,539.27 1 0
github.com/teamdsb/tmo/services/payment/internal/db/payments.sql.go:541.2,541.35 1 0
github.com/teamdsb/tmo/services/payment/internal/db/payments.sql.go:541.35,543.3 1 0
github.com/teamdsb/tmo/services/payment/internal/db/payments.sql.go:544.2,544.19 1 0
github.com/teamdsb/tmo/services/payment/internal/db/payments.sql.go:563.117,579.2 4 0
github.com/teamdsb/tmo/services/payment/internal/db/payments.sql.go:608.106,641.2 4 0
github.com/teamdsb/tmo/services/payment/internal/http/middleware/auth.go:26.75,32.2 1 0
github.com/teamdsb/tmo/services/payment/internal/http/middleware/auth.go:34.68,36.9 2 0
github.com/teamdsb/tmo/services/payment/internal/http/middleware/auth.go:36.9,38.3 1 0
github.com/teamdsb/tmo/services/payment/internal/http/middleware/auth.go:39.2,39.21 1 0
github.com/teamdsb/tmo/services/payment/internal/http/middleware/auth.go:42.68,43.16 1 0
github.com/teamdsb/tmo/services/payment/internal/http/middleware/auth.go:43.16,45.3 1 0
github.com/teamdsb/tmo/services/payment/internal/http/middleware/auth.go:46.2,47.15 2 0
github.com/teamdsb/tmo/services/payment/internal/http/middleware/auth.go:47.15,50.3 2 0
github.com/teamdsb/tmo/services/payment/internal/http/middleware/auth.go:51.2,52.63 2 0
github.com/teamdsb/tmo/services/payment/internal/http/middleware/auth.go:52.63,55.3 2 0
github.com/teamdsb/tmo/services/payment/internal/http/middleware/auth.go:57.2,57.80 1 0
github.com/teamdsb/tmo/services/payment/internal/http/middleware/auth.go:57.80,58.58 1 0
github.com/teamdsb/tmo/services/payment/internal/http/middleware/auth.go:58.58,60.4 1 0
github.com/teamdsb/tmo/services/payment/internal/http/middleware/auth.go:61.3,61.23 1 0
github.com/teamdsb/tmo/services/payment/internal/http/middleware/auth.go:63.2,63.32 1 0
github.com/teamdsb/tmo/services/payment/internal/http/middleware/auth.go:63.32,66.3 2 0
github.com/teamdsb/tmo/services/payment/internal/http/middleware/auth.go:67.2,68.9 2 0
github.com/teamdsb/tmo/services/payment/internal/http/middleware/auth.go:68.9,71.3 2 0
github.com/teamdsb/tmo/services/payment/internal/http/middleware/auth.go:72.2,72.20 1 0
github.com/teamdsb/tmo/services/payment/internal/http/middleware/auth.go:72.20,74.32 2 0
github.com/teamdsb/tmo/services/payment/internal/http/middleware/auth.go:74.32,77.4 2 0
github.com/teamdsb/tmo/services/payment/internal/http/middleware/auth.go:79.2,80.22 2 0
github.com/teamdsb/tmo/services/payment/internal/http/middleware/auth.go:80.22,83.3 2 0
github.com/teamdsb/tmo/services/payment/internal/http/middleware/auth.go:84.2,85.16 2 0
github.com/teamdsb/tmo/services/payment/internal/http/middleware/auth.go:85.16,88.3 2 0
github.com/teamdsb/tmo/services/payment/internal/http/middleware/auth.go:89.2,90.49 2 0
github.com/teamdsb/tmo/services/payment/internal/http/middleware/auth.go:93.67,98.2 1 0
github.com/teamdsb/tmo/services/payment/internal/http/oapi/api.gen.go:186.77,198.84 5 0
github.com/teamdsb/tmo/services/payment/internal/http/oapi/api.gen.go:198.84,201.13 3 0
github.com/teamdsb/tmo/services/payment/internal/http/oapi/api.gen.go:201.13,204.4 2 0
github.com/teamdsb/tmo/services/payment/internal/http/oapi/api.gen.go:206.3,207.17 2 0
github.com/teamdsb/tmo/services/payment/internal/http/oapi/api.gen.go:207.17,210.4 2 0
github.com/teamdsb/tmo/services/payment/internal/http/oapi/api.gen.go:212.3,212.42 1 0
github.com/teamdsb/tmo/services/payment/internal/http/oapi/api.gen.go:216.2,216.52 1 0
github.com/teamdsb/tmo/services/payment/internal/http/oapi/api.gen.go:216.52,218.20 2 0
github.com/teamdsb/tmo/services/payment/internal/http/oapi/api.gen.go:218.20,220.4 1 0
github.com/teamdsb/tmo/services/payment/internal/http/oapi/api.gen.go:223.2,223.49 1 0
github.com/teamdsb/tmo/services/payment/internal/http/oapi/api.gen.go:227.77,229.52 1 0
github.com/teamdsb/tmo/services/payment/internal/http/oapi/api.gen.go:229.52,231.20 2 0
github.com/teamdsb/tmo/services/payment/internal/http/oapi/api.gen.go:231.20,233.4 1 0
github.com/teamdsb/tmo/services/payment/internal/http/oapi/api.gen.go:236.2,236.41 1 0
github.com/teamdsb/tmo/services/payment/internal/http/oapi/api.gen.go:240.77,252.84 5 0
github.com/teamdsb/tmo/services/payment/internal/http/oapi/api.gen.go:252.84,255.13 3 0
github.com/teamdsb/tmo/services/payment/internal/http/oapi/api.gen.go:255.13,258.4 2 0
github.com/teamdsb/tmo/services/payment/internal/http/oapi/api.gen.go:260.3,261.17 2 0
github.com/teamdsb/tmo/services/payment/internal/http/oapi/api.gen.go:261.17,264.4 2 0
github.com/teamdsb/tmo/services/payment/internal/http/oapi/api.gen.go:266.3,266.42 1 0
github.com/teamdsb/tmo/services/payment/internal/http/oapi/api.gen.go:270.2,270.52 1 0
github.com/teamdsb/tmo/services/payment/internal/http/oapi/api.gen.go:270.52,272.20 2 0
github.com/teamdsb/tmo/services/payment/internal/http/oapi/api.gen.go:272.20,274.4 1 0
github.com/teamdsb/tmo/services/payment/internal/http/oapi/api.gen.go:277.2,277.49 1 0
github.com/teamdsb/tmo/services/payment/internal/http/oapi/api.gen.go:281.77,283.52 1 0
github.com/teamdsb/tmo/services/payment/internal/http/oapi/api.gen.go:283.52,285.20 2 0
github.com/teamdsb/tmo/services/payment/internal/http/oapi/api.gen.go:285.20,287.4 1 0
github.com/teamdsb/tmo/services/payment/internal/http/oapi/api.gen.go:290.2,290.41 1 0
github.com/teamdsb/tmo/services/payment/internal/http/oapi/api.gen.go:294.73,302.16 4 0
github.com/teamdsb/tmo/services/payment/internal/http/oapi/api.gen.go:302.16,305.3 2 0
github.com/teamdsb/tmo/services/payment/internal/http/oapi/api.gen.go:307.2,309.52 2 0
github.com/teamdsb/tmo/services/payment/internal/http/oapi/api.gen.go:309.52,311.20 2 0
github.com/teamdsb/tmo/services/payment/internal/http/oapi/api.gen.go:311.20,313.4 1 0
github.com/teamdsb/tmo/services/payment/internal/http/oapi/api.gen.go:316.2,316.48 1 0
github.com/teamdsb/tmo/services/payment/internal/http/oapi/api.gen.go:320.81,328.16 4 0
github.com/teamdsb/tmo/services/payment/internal/http/oapi/api.gen.go:328.16,331.3 2 0
github.com/teamdsb/tmo/services/payment/internal/http/oapi/api.gen.go:333.2,335.52 2 0
github.com/teamdsb/tmo/services/payment/internal/http/oapi/api.gen.go:335.52,337.20 2 0
github.com/teamdsb/tmo/services/payment/internal/http/oapi/api.gen.go:337.20,339.4 1 0
github.com/teamdsb/tmo/services/payment/internal/http/oapi/api.gen.go:342.2,342.56 1 0
github.com/teamdsb/tmo/services/payment/internal/http/oapi/api.gen.go:353.63,355.2 1 0
github.com/teamdsb/tmo/services/payment/internal/http/oapi/api.gen.go:358.100,360.25 2 0
github.com/teamdsb/tmo/services/payment/internal/http/oapi/api.gen.go:360.25,361.66 1 0
github.com/teamdsb/tmo/services/payment/internal/http/oapi/api.gen.go:361.66,363.4 1 0
github.com/teamdsb/tmo/services/payment/internal/http/oapi/api.gen.go:366.2,377.99 7 0
github.com/teamdsb/tmo/services/payment/internal/http/handler/admin_payments.go:78.64,79.36 1 1
github.com/teamdsb/tmo/services/payment/internal/http/handler/admin_payments.go:79.36,81.3 1 0
github.com/teamdsb/tmo/services/payment/internal/http/handler/admin_payments.go:82.2,82.20 1 1
github.com/teamdsb/tmo/services/payment/internal/http/handler/admin_payments.go:82.20,88.3 2 0
github.com/teamdsb/tmo/services/payment/internal/http/handler/admin_payments.go:90.2,103.16 7 1
github.com/teamdsb/tmo/services/payment/internal/http/handler/admin_payments.go:103.16,110.3 3 0
github.com/teamdsb/tmo/services/payment/internal/http/handler/admin_payments.go:112.2,117.16 2 1
github.com/teamdsb/tmo/services/payment/internal/http/handler/admin_payments.go:117.16,124.3 3 0
github.com/teamdsb/tmo/services/payment/internal/http/handler/admin_payments.go:126.2,127.29 2 1
github.com/teamdsb/tmo/services/payment/internal/http/handler/admin_payments.go:127.29,129.3 1 1
github.com/teamdsb/tmo/services/payment/internal/http/handler/admin_payments.go:131.2,136.4 1 1
github.com/teamdsb/tmo/services/payment/internal/http/handler/admin_payments.go:139.66,140.36 1 0
github.com/teamdsb/tmo/services/payment/internal/http/handler/admin_payments.go:140.36,142.3 1 0
github.com/teamdsb/tmo/services/payment/internal/http/handler/admin_payments.go:143.2,143.20 1 0
github.com/teamdsb/tmo/services/payment/internal/http/handler/admin_payments.go:143.20,149.3 2 0
github.com/teamdsb/tmo/services/payment/internal/http/handler/admin_payments.go:151.2,152.16 2 0
github.com/teamdsb/tmo/services/payment/internal/http/handler/admin_payments.go:152.16,158.3 2 0
github.com/teamdsb/tmo/services/payment/internal/http/handler/admin_payments.go:160.2,161.16 2 0
github.com/teamdsb/tmo/services/payment/internal/http/handler/admin_payments.go:161.16,167.3 2 0
github.com/teamdsb/tmo/services/payment/internal/http/handler/admin_payments.go:169.2,169.59 1 0
github.com/teamdsb/tmo/services/payment/internal/http/handler/admin_payments.go:172.61,173.36 1 0
github.com/teamdsb/tmo/services/payment/internal/http/handler/admin_payments.go:173.36,175.3 1 0
github.com/teamdsb/tmo/services/payment/internal/http/handler/admin_payments.go:176.2,176.20 1 0
github.com/teamdsb/tmo/services/payment/internal/http/handler/admin_payments.go:176.20,182.3 2 0
github.com/teamdsb/tmo/services/payment/internal/http/handler/admin_payments.go:184.2,195.16 6 0
github.com/teamdsb/tmo/services/payment/internal/http/handler/admin_payments.go:195.16,202.3 3 0
github.com/teamdsb/tmo/services/payment/internal/http/handler/admin_payments.go:204.2,208.16 2 0
github.com/teamdsb/tmo/services/payment/internal/http/handler/admin_payments.go:208.16,215.3 3 0
github.com/teamdsb/tmo/services/payment/internal/http/handler/admin_payments.go:217.2,218.29 2 0
github.com/teamdsb/tmo/services/payment/internal/http/handler/admin_payments.go:218.29,220.3 1 0
github.com/teamdsb/tmo/services/payment/internal/http/handler/admin_payments.go:222.2,227.4 1 0
github.com/teamdsb/tmo/services/payment/internal/http/handler/admin_payments.go:230.60,231.36 1 0
github.com/teamdsb/tmo/services/payment/internal/http/handler/admin_payments.go:231.36,233.3 1 0
github.com/teamdsb/tmo/services/payment/internal/http/handler/admin_payments.go:234.2,234.20 1 0
github.com/teamdsb/tmo/services/payment/internal/http/handler/admin_payments.go:234.20,240.3 2 0
github.com/teamdsb/tmo/services/payment/internal/http/handler/admin_payments.go:242.2,253.16 6 0
github.com/teamdsb/tmo/services/payment/internal/http/handler/admin_payments.go:253.16,260.3 3 0
github.com/teamdsb/tmo/services/payment/internal/http/handler/admin_payments.go:262.2,266.16 2 0
github.com/teamdsb/tmo/services/payment/internal/http/handler/admin_payments.go:266.16,273.3 3 0
github.com/teamdsb/tmo/services/payment/internal/http/handler/admin_payments.go:275.2,276.29 2 0
github.com/teamdsb/tmo/services/payment/internal/http/handler/admin_payments.go:276.29,278.3 1 0
github.com/teamdsb/tmo/services/payment/internal/http/handler/admin_payments.go:280.2,285.4 1 0
github.com/teamdsb/tmo/services/payment/internal/http/handler/admin_payments.go:288.69,289.36 1 1
github.com/teamdsb/tmo/services/payment/internal/http/handler/admin_payments.go:289.36,291.3 1 0
github.com/teamdsb/tmo/services/payment/internal/http/handler/admin_payments.go:292.2,292.20 1 1
github.com/teamdsb/tmo/services/payment/internal/http/handler/admin_payments.go:292.20,298.3 2 0
github.com/teamdsb/tmo/services/payment/internal/http/handler/admin_payments.go:300.2,301.16 2 1
github.com/teamdsb/tmo/services/payment/internal/http/handler/admin_payments.go:301.16,307.3 2 0
github.com/teamdsb/tmo/services/payment/internal/http/handler/admin_payments.go:309.2,310.16 2 1
github.com/teamdsb/tmo/services/payment/internal/http/handler/admin_payments.go:310.16,316.3 2 0
github.com/teamdsb/tmo/services/payment/internal/http/handler/admin_payments.go:318.2,324.16 3 1
github.com/teamdsb/tmo/services/payment/internal/http/handler/admin_payments.go:324.16,331.3 3 0
github.com/teamdsb/tmo/services/payment/internal/http/handler/admin_payments.go:333.2,333.29 1 1
github.com/teamdsb/tmo/services/payment/internal/http/handler/admin_payments.go:333.29,335.38 2 1
github.com/teamdsb/tmo/services/payment/internal/http/handler/admin_payments.go:335.38,337.28 2 0
github.com/teamdsb/tmo/services/payment/internal/http/handler/admin_payments.go:337.28,340.5 2 0
github.com/teamdsb/tmo/services/payment/internal/http/handler/admin_payments.go:341.4,347.19 1 0
github.com/teamdsb/tmo/services/payment/internal/http/handler/admin_payments.go:347.19,349.5 1 0
github.com/teamdsb/tmo/services/payment/internal/http/handler/admin_payments.go:353.2,353.173 1 1
github.com/teamdsb/tmo/services/payment/internal/http/handler/admin_payments.go:353.173,355.3 1 0
github.com/teamdsb/tmo/services/payment/internal/http/handler/admin_payments.go:357.2,362.4 1 1
github.com/teamdsb/tmo/services/payment/internal/http/handler/admin_payments.go:365.73,378.2 1 1
github.com/teamdsb/tmo/services/payment/internal/http/handler/admin_payments.go:380.72,389.2 1 0
github.com/teamdsb/tmo/services/payment/internal/http/handler/admin_payments.go:391.72,402.2 1 0
github.com/teamdsb/tmo/services/payment/internal/http/handler/admin_payments.go:404.42,406.2 1 3
github.com/teamdsb/tmo/services/payment/internal/http/handler/admin_payments.go:408.49,411.57 3 1
github.com/teamdsb/tmo/services/payment/internal/http/handler/admin_payments.go:411.57,413.3 1 1
github.com/teamdsb/tmo/services/payment/internal/http/handler/admin_payments.go:414.2,414.61 1 1
github.com/teamdsb/tmo/services/payment/internal/http/handler/admin_payments.go:414.61,416.3 1 1
github.com/teamdsb/tmo/services/payment/internal/http/handler/admin_payments.go:417.2,417.20 1 1
github.com/teamdsb/tmo/services/payment/internal/http/handler/admin_payments.go:417.20,419.3 1 0
github.com/teamdsb/tmo/services/payment/internal/http/handler/admin_payments.go:420.2,420.23 1 1
github.com/teamdsb/tmo/services/payment/internal/http/handler/admin_payments.go:423.47,425.19 2 2
github.com/teamdsb/tmo/services/payment/internal/http/handler/admin_payments.go:425.19,427.3 1 0
github.com/teamdsb/tmo/services/payment/internal/http/handler/admin_payments.go:428.2,429.29 2 2
github.com/teamdsb/tmo/services/payment/internal/http/handler/admin_payments.go:429.29,430.27 1 3
github.com/teamdsb/tmo/services/payment/internal/http/handler/admin_payments.go:430.27,432.4 1 0
github.com/teamdsb/tmo/services/payment/internal/http/handler/admin_payments.go:433.3,433.35 1 3
github.com/teamdsb/tmo/services/payment/internal/http/handler/admin_payments.go:435.2,435.17 1 2
github.com/teamdsb/tmo/services/payment/internal/http/handler/admin_payments.go:435.17,437.3 1 0
github.com/teamdsb/tmo/services/payment/internal/http/handler/admin_payments.go:438.2,438.21 1 2
github.com/teamdsb/tmo/services/payment/internal/http/handler/admin_payments.go:441.48,443.19 2 6
github.com/teamdsb/tmo/services/payment/internal/http/handler/admin_payments.go:443.19,445.3 1 6
github.com/teamdsb/tmo/services/payment/internal/http/handler/admin_payments.go:446.2,446.17 1 0
github.com/teamdsb/tmo/services/payment/internal/http/handler/admin_payments.go:449.51,450.17 1 1
github.com/teamdsb/tmo/services/payment/internal/http/handler/admin_payments.go:450.17,452.3 1 1
github.com/teamdsb/tmo/services/payment/internal/http/handler/admin_payments.go:453.2,453.11 1 0
github.com/teamdsb/tmo/services/payment/internal/http/handler/admin_payments.go:456.53,457.17 1 1
github.com/teamdsb/tmo/services/payment/internal/http/handler/admin_payments.go:457.17,459.3 1 1
github.com/teamdsb/tmo/services/payment/internal/http/handler/admin_payments.go:460.2,460.17 1 0
github.com/teamdsb/tmo/services/payment/internal/http/handler/admin_payments.go:463.43,464.18 1 1
github.com/teamdsb/tmo/services/payment/internal/http/handler/admin_payments.go:464.18,466.3 1 1
github.com/teamdsb/tmo/services/payment/internal/http/handler/admin_payments.go:467.2,467.15 1 0
github.com/teamdsb/tmo/services/payment/internal/http/handler/admin_payments.go:470.55,471.17 1 0
github.com/teamdsb/tmo/services/payment/internal/http/handler/admin_payments.go:471.17,473.3 1 0
github.com/teamdsb/tmo/services/payment/internal/http/handler/admin_payments.go:474.2,474.11 1 0
github.com/teamdsb/tmo/services/payment/internal/http/handler/commerce_client.go:39.67,47.2 1 9
github.com/teamdsb/tmo/services/payment/internal/http/handler/commerce_client.go:49.107,50.33 1 5
github.com/teamdsb/tmo/services/payment/internal/http/handler/commerce_client.go:50.33,52.3 1 0
github.com/teamdsb/tmo/services/payment/internal/http/handler/commerce_client.go:53.2,54.16 2 5
github.com/teamdsb/tmo/services/payment/internal/http/handler/commerce_client.go:54.16,56.3 1 0
github.com/teamdsb/tmo/services/payment/internal/http/handler/commerce_client.go:57.2,57.41 1 5
github.com/teamdsb/tmo/services/payment/internal/http/handler/commerce_client.go:57.41,59.3 1 2
github.com/teamdsb/tmo/services/payment/internal/http/handler/commerce_client.go:61.2,62.16 2 5
github.com/teamdsb/tmo/services/payment/internal/http/handler/commerce_client.go:62.16,64.3 1 0
github.com/teamdsb/tmo/services/payment/internal/http/handler/commerce_client.go:65.2,67.53 2 5
github.com/teamdsb/tmo/services/payment/internal/http/handler/commerce_client.go:67.53,69.3 1 1
github.com/teamdsb/tmo/services/payment/internal/http/handler/commerce_client.go:71.2,72.66 2 4
github.com/teamdsb/tmo/services/payment/internal/http/handler/commerce_client.go:72.66,74.3 1 0
github.com/teamdsb/tmo/services/payment/internal/http/handler/commerce_client.go:75.2,75.19 1 4
github.com/teamdsb/tmo/services/payment/internal/http/handler/commerce_client.go:78.122,79.33 1 6
github.com/teamdsb/tmo/services/payment/internal/http/handler/commerce_client.go:79.33,81.3 1 0
github.com/teamdsb/tmo/services/payment/internal/http/handler/commerce_client.go:83.2,84.16 2 6
github.com/teamdsb/tmo/services/payment/internal/http/handler/commerce_client.go:84.16,86.3 1 0
github.com/teamdsb/tmo/services/payment/internal/http/handler/commerce_client.go:88.2,89.16 2 6
github.com/teamdsb/tmo/services/payment/internal/http/handler/commerce_client.go:89.16,91.3 1 0
github.com/teamdsb/tmo/services/payment/internal/http/handler/commerce_client.go:92.2,93.23 2 6
github.com/teamdsb/tmo/services/payment/internal/http/handler/commerce_client.go:93.23,95.3 1 6
github.com/teamdsb/tmo/services/payment/internal/http/handler/commerce_client.go:97.2,98.16 2 6
github.com/teamdsb/tmo/services/payment/internal/http/handler/commerce_client.go:98.16,100.3 1 0
github.com/teamdsb/tmo/services/payment/internal/http/handler/commerce_client.go:101.2,103.53 2 6
github.com/teamdsb/tmo/services/payment/internal/http/handler/commerce_client.go:103.53,105.3 1 1
github.com/teamdsb/tmo/services/payment/internal/http/handler/commerce_client.go:107.2,107.12 1 5
github.com/teamdsb/tmo/services/payment/internal/http/handler/flags.go:28.82,30.2 1 5
github.com/teamdsb/tmo/services/payment/internal/http/handler/flags.go:39.135,40.18 1 0
github.com/teamdsb/tmo/services/payment/internal/http/handler/flags.go:40.18,42.3 1 0
github.com/teamdsb/tmo/services/payment/internal/http/handler/flags.go:43.2,51.3 2 0
github.com/teamdsb/tmo/services/payment/internal/http/handler/flags.go:54.85,55.40 1 0
github.com/teamdsb/tmo/services/payment/internal/http/handler/flags.go:55.40,57.3 1 0
github.com/teamdsb/tmo/services/payment/internal/http/handler/flags.go:58.2,59.19 2 0
github.com/teamdsb/tmo/services/payment/internal/http/handler/flags.go:59.19,61.3 1 0
github.com/teamdsb/tmo/services/payment/internal/http/handler/flags.go:62.2,63.16 2 0
github.com/teamdsb/tmo/services/payment/internal/http/handler/flags.go:63.16,65.3 1 0
github.com/teamdsb/tmo/services/payment/internal/http/handler/flags.go:66.2,67.16 2 0
github.com/teamdsb/tmo/services/payment/internal/http/handler/flags.go:67.16,69.3 1 0
github.com/teamdsb/tmo/services/payment/internal/http/handler/flags.go:70.2,72.38 2 0
github.com/teamdsb/tmo/services/payment/internal/http/handler/flags.go:72.38,74.3 1 0
github.com/teamdsb/tmo/services/payment/internal/http/handler/flags.go:75.2,76.16 2 0
github.com/teamdsb/tmo/services/payment/internal/http/handler/flags.go:76.16,78.3 1 0
github.com/teamdsb/tmo/services/payment/internal/http/handler/flags.go:79.2,80.53 2 0
github.com/teamdsb/tmo/services/payment/internal/http/handler/flags.go:80.53,82.3 1 0
github.com/teamdsb/tmo/services/payment/internal/http/handler/flags.go:83.2,83.19 1 0
github.com/teamdsb/tmo/services/payment/internal/http/handler/handler.go:40.73,41.19 1 9
github.com/teamdsb/tmo/services/payment/internal/http/handler/handler.go:41.19,43.3 1 9
github.com/teamdsb/tmo/services/payment/internal/http/handler/handler.go:44.2,44.30 1 0
github.com/teamdsb/tmo/services/payment/internal/http/handler/handler.go:47.55,48.35 1 0
github.com/teamdsb/tmo/services/payment/internal/http/handler/handler.go:48.35,50.3 1 0
github.com/teamdsb/tmo/services/payment/internal/http/handler/handler.go:51.2,51.39 1 0
github.com/teamdsb/tmo/services/payment/internal/http/handler/handler.go:54.64,55.20 1 5
github.com/teamdsb/tmo/services/payment/internal/http/handler/handler.go:55.20,57.3 1 0
github.com/teamdsb/tmo/services/payment/internal/http/handler/handler.go:58.2,59.16 2 5
github.com/teamdsb/tmo/services/payment/internal/http/handler/handler.go:59.16,61.3 1 0
github.com/teamdsb/tmo/services/payment/internal/http/handler/handler.go:62.2,62.14 1 5
github.com/teamdsb/tmo/services/payment/internal/http/handler/payments.go:42.104,44.9 2 3
github.com/teamdsb/tmo/services/payment/internal/http/handler/payments.go:44.9,46.3 1 0
github.com/teamdsb/tmo/services/payment/internal/http/handler/payments.go:48.2,49.51 2 3
github.com/teamdsb/tmo/services/payment/internal/http/handler/payments.go:49.51,55.3 2 0
github.com/teamdsb/tmo/services/payment/internal/http/handler/payments.go:57.2,58.16 2 3
github.com/teamdsb/tmo/services/payment/internal/http/handler/payments.go:58.16,61.3 2 1
github.com/teamdsb/tmo/services/payment/internal/http/handler/payments.go:63.2,63.33 1 2
github.com/teamdsb/tmo/services/payment/internal/http/handler/payments.go:66.104,68.9 2 1
github.com/teamdsb/tmo/services/payment/internal/http/handler/payments.go:68.9,70.3 1 0
github.com/teamdsb/tmo/services/payment/internal/http/handler/payments.go:72.2,73.51 2 1
github.com/teamdsb/tmo/services/payment/internal/http/handler/payments.go:73.51,79.3 2 0
github.com/teamdsb/tmo/services/payment/internal/http/handler/payments.go:81.2,82.16 2 1
github.com/teamdsb/tmo/services/payment/internal/http/handler/payments.go:82.16,85.3 2 0
github.com/teamdsb/tmo/services/payment/internal/http/handler/payments.go:87.2,87.33 1 1
github.com/teamdsb/tmo/services/payment/internal/http/handler/payments.go:90.78,92.9 2 0
github.com/teamdsb/tmo/services/payment/internal/http/handler/payments.go:92.9,94.3 1 0
github.com/teamdsb/tmo/services/payment/internal/http/handler/payments.go:96.2,97.16 2 0
github.com/teamdsb/tmo/services/payment/internal/http/handler/payments.go:97.16,100.3 2 0
github.com/teamdsb/tmo/services/payment/internal/http/handler/payments.go:101.2,101.40 1 0
github.com/teamdsb/tmo/services/payment/internal/http/handler/payments.go:101.40,107.3 2 0
github.com/teamdsb/tmo/services/payment/internal/http/handler/payments.go:109.2,109.56 1 0
github.com/teamdsb/tmo/services/payment/internal/http/handler/payments.go:112.86,114.9 2 1
github.com/teamdsb/tmo/services/payment/internal/http/handler/payments.go:114.9,116.3 1 0
github.com/teamdsb/tmo/services/payment/internal/http/handler/payments.go:118.2,119.33 2 1
github.com/teamdsb/tmo/services/payment/internal/http/handler/payments.go:119.33,120.52 1 1
github.com/teamdsb/tmo/services/payment/internal/http/handler/payments.go:120.52,126.4 2 0
github.com/teamdsb/tmo/services/payment/internal/http/handler/payments.go:129.2,130.16 2 1
github.com/teamdsb/tmo/services/payment/internal/http/handler/payments.go:130.16,133.3 2 0
github.com/teamdsb/tmo/services/payment/internal/http/handler/payments.go:134.2,134.40 1 1
github.com/teamdsb/tmo/services/payment/internal/http/handler/payments.go:134.40,140.3 2 0
github.com/teamdsb/tmo/services/payment/internal/http/handler/payments.go:142.2,143.16 2 1
github.com/teamdsb/tmo/services/payment/internal/http/handler/payments.go:143.16,146.3 2 0
github.com/teamdsb/tmo/services/payment/internal/http/handler/payments.go:148.2,148.56 1 1
github.com/teamdsb/tmo/services/payment/internal/http/handler/payments.go:151.60,153.2 1 1
github.com/teamdsb/tmo/services/payment/internal/http/handler/payments.go:155.60,157.2 1 0
github.com/teamdsb/tmo/services/payment/internal/http/handler/payments.go:159.64,161.51 2 1
github.com/teamdsb/tmo/services/payment/internal/http/handler/payments.go:161.51,167.3 2 0
github.com/teamdsb/tmo/services/payment/internal/http/handler/payments.go:169.2,170.27 2 1
github.com/teamdsb/tmo/services/payment/internal/http/handler/payments.go:170.27,173.3 2 0
github.com/teamdsb/tmo/services/payment/internal/http/handler/payments.go:175.2,176.16 2 1
github.com/teamdsb/tmo/services/payment/internal/http/handler/payments.go:176.16,182.3 2 0
github.com/teamdsb/tmo/services/payment/internal/http/handler/payments.go:184.2,185.16 2 1
github.com/teamdsb/tmo/services/payment/internal/http/handler/payments.go:185.16,191.3 2 0
github.com/teamdsb/tmo/services/payment/internal/http/handler/payments.go:193.2,194.16 2 1
github.com/teamdsb/tmo/services/payment/internal/http/handler/payments.go:194.16,197.3 2 0
github.com/teamdsb/tmo/services/payment/internal/http/handler/payments.go:199.2,207.17 2 1
github.com/teamdsb/tmo/services/payment/internal/http/handler/payments.go:207.17,209.3 1 0
github.com/teamdsb/tmo/services/payment/internal/http/handler/payments.go:211.2,212.16 2 1
github.com/teamdsb/tmo/services/payment/internal/http/handler/payments.go:212.16,215.3 2 0
github.com/teamdsb/tmo/services/payment/internal/http/handler/payments.go:217.2,217.160 1 1
github.com/teamdsb/tmo/services/payment/internal/http/handler/payments.go:217.160,219.3 1 0
github.com/teamdsb/tmo/services/payment/internal/http/handler/payments.go:221.2,221.56 1 1
github.com/teamdsb/tmo/services/payment/internal/http/handler/payments.go:224.162,225.20 1 4
github.com/teamdsb/tmo/services/payment/internal/http/handler/payments.go:225.20,227.3 1 0
github.com/teamdsb/tmo/services/payment/internal/http/handler/payments.go:229.2,230.27 2 4
github.com/teamdsb/tmo/services/payment/internal/http/handler/payments.go:230.27,232.3 1 1
github.com/teamdsb/tmo/services/payment/internal/http/handler/payments.go:233.2,233.64 1 3
github.com/teamdsb/tmo/services/payment/internal/http/handler/payments.go:233.64,235.3 1 0
github.com/teamdsb/tmo/services/payment/internal/http/handler/payments.go:236.2,236.64 1 3
github.com/teamdsb/tmo/services/payment/internal/http/handler/payments.go:236.64,238.3 1 0
github.com/teamdsb/tmo/services/payment/internal/http/handler/payments.go:240.2,241.16 2 3
github.com/teamdsb/tmo/services/payment/internal/http/handler/payments.go:241.16,243.3 1 0
github.com/teamdsb/tmo/services/payment/internal/http/handler/payments.go:244.2,244.56 1 3
github.com/teamdsb/tmo/services/payment/internal/http/handler/payments.go:244.56,246.3 1 0
github.com/teamdsb/tmo/services/payment/internal/http/handler/payments.go:248.2,248.71 1 3
github.com/teamdsb/tmo/services/payment/internal/http/handler/payments.go:248.71,255.17 3 2
github.com/teamdsb/tmo/services/payment/internal/http/handler/payments.go:255.17,257.18 2 1
github.com/teamdsb/tmo/services/payment/internal/http/handler/payments.go:257.18,259.5 1 0
github.com/teamdsb/tmo/services/payment/internal/http/handler/payments.go:260.4,260.62 1 1
github.com/teamdsb/tmo/services/payment/internal/http/handler/payments.go:262.3,262.37 1 1
github.com/teamdsb/tmo/services/payment/internal/http/handler/payments.go:262.37,264.4 1 0
github.com/teamdsb/tmo/services/payment/internal/http/handler/payments.go:267.2,271.16 5 2
github.com/teamdsb/tmo/services/payment/internal/http/handler/payments.go:271.16,273.3 1 0
github.com/teamdsb/tmo/services/payment/internal/http/handler/payments.go:275.2,293.16 3 2
github.com/teamdsb/tmo/services/payment/internal/http/handler/payments.go:293.16,295.3 1 0
github.com/teamdsb/tmo/services/payment/internal/http/handler/payments.go:297.2,297.117 1 2
github.com/teamdsb/tmo/services/payment/internal/http/handler/payments.go:297.117,299.3 1 0
github.com/teamdsb/tmo/services/payment/internal/http/handler/payments.go:301.2,301.23 1 2
github.com/teamdsb/tmo/services/payment/internal/http/handler/payments.go:301.23,306.18 1 2
github.com/teamdsb/tmo/services/payment/internal/http/handler/payments.go:306.18,308.4 1 0
github.com/teamdsb/tmo/services/payment/internal/http/handler/payments.go:311.2,311.67 1 2
github.com/teamdsb/tmo/services/payment/internal/http/handler/payments.go:314.142,316.33 2 1
github.com/teamdsb/tmo/services/payment/internal/http/handler/payments.go:316.33,318.3 1 1
github.com/teamdsb/tmo/services/payment/internal/http/handler/payments.go:319.2,321.60 2 1
github.com/teamdsb/tmo/services/payment/internal/http/handler/payments.go:322.18,323.59 1 1
github.com/teamdsb/tmo/services/payment/internal/http/handler/payments.go:324.18,325.96 1 1
github.com/teamdsb/tmo/services/payment/internal/http/handler/payments.go:326.17,327.101 1 0
github.com/teamdsb/tmo/services/payment/internal/http/handler/payments.go:328.20,329.104 1 0
github.com/teamdsb/tmo/services/payment/internal/http/handler/payments.go:330.11,331.23 1 0
github.com/teamdsb/tmo/services/payment/internal/http/handler/payments.go:333.10,334.22 1 0
github.com/teamdsb/tmo/services/payment/internal/http/handler/payments.go:338.154,340.40 2 2
github.com/teamdsb/tmo/services/payment/internal/http/handler/payments.go:340.40,342.3 1 0
github.com/teamdsb/tmo/services/payment/internal/http/handler/payments.go:344.2,348.26 5 2
github.com/teamdsb/tmo/services/payment/internal/http/handler/payments.go:349.25,350.67 1 2
github.com/teamdsb/tmo/services/payment/internal/http/handler/payments.go:351.51,353.49 2 0
github.com/teamdsb/tmo/services/payment/internal/http/handler/payments.go:353.49,356.4 2 0
github.com/teamdsb/tmo/services/payment/internal/http/handler/payments.go:357.3,357.46 1 0
github.com/teamdsb/tmo/services/payment/internal/http/handler/payments.go:357.46,360.4 2 0
github.com/teamdsb/tmo/services/payment/internal/http/handler/payments.go:361.10,362.58 1 0
github.com/teamdsb/tmo/services/payment/internal/http/handler/payments.go:365.2,376.16 2 2
github.com/teamdsb/tmo/services/payment/internal/http/handler/payments.go:376.16,378.3 1 0
github.com/teamdsb/tmo/services/payment/internal/http/handler/payments.go:380.2,380.23 1 2
github.com/teamdsb/tmo/services/payment/internal/http/handler/payments.go:380.23,382.27 2 2
github.com/teamdsb/tmo/services/payment/internal/http/handler/payments.go:382.27,385.4 2 2
github.com/teamdsb/tmo/services/payment/internal/http/handler/payments.go:386.3,392.18 1 2
github.com/teamdsb/tmo/services/payment/internal/http/handler/payments.go:392.18,394.4 1 0
github.com/teamdsb/tmo/services/payment/internal/http/handler/payments.go:397.2,398.14 2 2
github.com/teamdsb/tmo/services/payment/internal/http/handler/payments.go:398.14,399.70 1 2
github.com/teamdsb/tmo/services/payment/internal/http/handler/payments.go:399.70,401.4 1 0
github.com/teamdsb/tmo/services/payment/internal/http/handler/payments.go:403.2,403.133 1 2
github.com/teamdsb/tmo/services/payment/internal/http/handler/payments.go:403.133,405.3 1 0
github.com/teamdsb/tmo/services/payment/internal/http/handler/payments.go:407.2,407.21 1 2
github.com/teamdsb/tmo/services/payment/internal/http/handler/payments.go:410.88,411.20 1 2
github.com/teamdsb/tmo/services/payment/internal/http/handler/payments.go:411.20,413.3 1 0
github.com/teamdsb/tmo/services/payment/internal/http/handler/payments.go:414.2,415.16 2 2
github.com/teamdsb/tmo/services/payment/internal/http/handler/payments.go:415.16,416.36 1 0
github.com/teamdsb/tmo/services/payment/internal/http/handler/payments.go:416.36,418.4 1 0
github.com/teamdsb/tmo/services/payment/internal/http/handler/payments.go:419.3,419.58 1 0
github.com/teamdsb/tmo/services/payment/internal/http/handler/payments.go:421.2,421.21 1 2
github.com/teamdsb/tmo/services/payment/internal/http/handler/payments.go:424.68,435.31 2 2
github.com/teamdsb/tmo/services/payment/internal/http/handler/payments.go:435.31,438.3 2 0
github.com/teamdsb/tmo/services/payment/internal/http/handler/payments.go:439.2,439.36 1 2
github.com/teamdsb/tmo/services/payment/internal/http/handler/payments.go:439.36,441.3 1 2
github.com/teamdsb/tmo/services/payment/internal/http/handler/payments.go:442.2,442.37 1 2
github.com/teamdsb/tmo/services/payment/internal/http/handler/payments.go:442.37,444.3 1 0
github.com/teamdsb/tmo/services/payment/internal/http/handler/payments.go:445.2,445.32 1 2
github.com/teamdsb/tmo/services/payment/internal/http/handler/payments.go:445.32,447.3 1 0
github.com/teamdsb/tmo/services/payment/internal/http/handler/payments.go:448.2,448.35 1 2
github.com/teamdsb/tmo/services/payment/internal/http/handler/payments.go:448.35,450.3 1 0
github.com/teamdsb/tmo/services/payment/internal/http/handler/payments.go:451.2,451.26 1 2
github.com/teamdsb/tmo/services/payment/internal/http/handler/payments.go:451.26,454.3 2 2
github.com/teamdsb/tmo/services/payment/internal/http/handler/payments.go:455.2,455.17 1 2
github.com/teamdsb/tmo/services/payment/internal/http/handler/payments.go:458.73,459.25 1 1
github.com/teamdsb/tmo/services/payment/internal/http/handler/payments.go:460.28,462.76 2 1
github.com/teamdsb/tmo/services/payment/internal/http/handler/payments.go:462.76,464.4 1 0
github.com/teamdsb/tmo/services/payment/internal/http/handler/payments.go:465.3,465.23 1 1
github.com/teamdsb/tmo/services/payment/internal/http/handler/payments.go:466.28,468.76 2 0
github.com/teamdsb/tmo/services/payment/internal/http/handler/payments.go:468.76,470.4 1 0
github.com/teamdsb/tmo/services/payment/internal/http/handler/payments.go:471.3,471.23 1 0
github.com/teamdsb/tmo/services/payment/internal/http/handler/payments.go:472.10,473.57 1 0
github.com/teamdsb/tmo/services/payment/internal/http/handler/payments.go:477.85,478.36 1 3
github.com/teamdsb/tmo/services/payment/internal/http/handler/payments.go:479.36,481.18 2 2
github.com/teamdsb/tmo/services/payment/internal/http/handler/payments.go:482.36,484.18 2 1
github.com/teamdsb/tmo/services/payment/internal/http/handler/payments.go:485.10,486.17 1 0
github.com/teamdsb/tmo/services/payment/internal/http/handler/payments.go:490.154,491.17 1 2
github.com/teamdsb/tmo/services/payment/internal/http/handler/payments.go:492.28,509.47 6 1
github.com/teamdsb/tmo/services/payment/internal/http/handler/payments.go:510.28,524.46 5 1
github.com/teamdsb/tmo/services/payment/internal/http/handler/payments.go:525.10,526.63 1 0
github.com/teamdsb/tmo/services/payment/internal/http/handler/payments.go:530.54,532.35 2 2
github.com/teamdsb/tmo/services/payment/internal/http/handler/payments.go:532.35,534.3 1 3
github.com/teamdsb/tmo/services/payment/internal/http/handler/payments.go:535.2,535.14 1 2
github.com/teamdsb/tmo/services/payment/internal/http/handler/payments.go:538.61,539.46 1 3
github.com/teamdsb/tmo/services/payment/internal/http/handler/payments.go:539.46,541.3 1 0
github.com/teamdsb/tmo/services/payment/internal/http/handler/payments.go:542.2,542.57 1 3
github.com/teamdsb/tmo/services/payment/internal/http/handler/payments.go:543.48,544.14 1 3
github.com/teamdsb/tmo/services/payment/internal/http/handler/payments.go:545.10,546.15 1 0
github.com/teamdsb/tmo/services/payment/internal/http/handler/payments.go:550.74,552.14 2 1
github.com/teamdsb/tmo/services/payment/internal/http/handler/payments.go:553.55,554.14 1 1
github.com/teamdsb/tmo/services/payment/internal/http/handler/payments.go:556.2,556.32 1 0
github.com/teamdsb/tmo/services/payment/internal/http/handler/payments.go:556.32,558.3 1 0
github.com/teamdsb/tmo/services/payment/internal/http/handler/payments.go:559.2,559.51 1 0
github.com/teamdsb/tmo/services/payment/internal/http/handler/payments.go:562.50,563.23 1 9
github.com/teamdsb/tmo/services/payment/internal/http/handler/payments.go:563.23,565.3 1 2
github.com/teamdsb/tmo/services/payment/internal/http/handler/payments.go:566.2,566.47 1 7
github.com/teamdsb/tmo/services/payment/internal/http/handler/payments.go:569.53,570.18 1 5
github.com/teamdsb/tmo/services/payment/internal/http/handler/payments.go:570.18,572.3 1 4
github.com/teamdsb/tmo/services/payment/internal/http/handler/payments.go:573.2,574.19 2 1
github.com/teamdsb/tmo/services/payment/internal/http/handler/payments.go:574.19,576.3 1 0
github.com/teamdsb/tmo/services/payment/internal/http/handler/payments.go:577.2,577.17 1 1
github.com/teamdsb/tmo/services/payment/internal/http/handler/payments.go:580.94,582.18 2 1
github.com/teamdsb/tmo/services/payment/internal/http/handler/payments.go:582.18,584.3 1 0
github.com/teamdsb/tmo/services/payment/internal/http/handler/payments.go:585.2,585.16 1 1
github.com/teamdsb/tmo/services/payment/internal/http/handler/payments.go:586.17,587.29 1 1
github.com/teamdsb/tmo/services/payment/internal/http/handler/payments.go:588.16,589.31 1 0
github.com/teamdsb/tmo/services/payment/internal/http/handler/payments.go:590.19,591.34 1 0
github.com/teamdsb/tmo/services/payment/internal/http/handler/payments.go:594.2,595.21 2 1
github.com/teamdsb/tmo/services/payment/internal/http/handler/payments.go:595.21,597.3 1 0
github.com/teamdsb/tmo/services/payment/internal/http/handler/payments.go:599.2,600.145 2 1
github.com/teamdsb/tmo/services/payment/internal/http/handler/payments.go:600.145,603.3 2 1
github.com/teamdsb/tmo/services/payment/internal/http/handler/payments.go:605.2,610.8 1 1
github.com/teamdsb/tmo/services/payment/internal/http/handler/payments.go:613.65,614.40 1 1
github.com/teamdsb/tmo/services/payment/internal/http/handler/payments.go:614.40,616.3 1 1
github.com/teamdsb/tmo/services/payment/internal/http/handler/payments.go:617.2,617.64 1 0
github.com/teamdsb/tmo/services/payment/internal/http/handler/payments.go:620.72,621.27 1 4
github.com/teamdsb/tmo/services/payment/internal/http/handler/payments.go:621.27,623.10 2 4
github.com/teamdsb/tmo/services/payment/internal/http/handler/payments.go:623.10,624.12 1 0
github.com/teamdsb/tmo/services/payment/internal/http/handler/payments.go:626.3,626.37 1 4
github.com/teamdsb/tmo/services/payment/internal/http/handler/payments.go:626.37,628.4 1 4
github.com/teamdsb/tmo/services/payment/internal/http/handler/payments.go:630.2,630.11 1 0
github.com/teamdsb/tmo/services/payment/internal/http/handler/payments.go:633.109,634.20 1 6
github.com/teamdsb/tmo/services/payment/internal/http/handler/payments.go:634.20,636.3 1 0
github.com/teamdsb/tmo/services/payment/internal/http/handler/payments.go:637.2,643.12 2 6
github.com/teamdsb/tmo/services/payment/internal/http/handler/payments.go:652.42,654.2 1 0
github.com/teamdsb/tmo/services/payment/internal/http/handler/payments.go:656.41,658.2 1 1
github.com/teamdsb/tmo/services/payment/internal/http/handler/payments.go:660.40,662.2 1 0
github.com/teamdsb/tmo/services/payment/internal/http/handler/payments.go:664.40,666.2 1 0
github.com/teamdsb/tmo/services/payment/internal/http/handler/payments.go:668.42,670.2 1 0
github.com/teamdsb/tmo/services/payment/internal/http/handler/payments.go:672.40,674.2 1 0
github.com/teamdsb/tmo/services/payment/internal/http/handler/payments.go:676.64,678.30 2 1
github.com/teamdsb/tmo/services/payment/internal/http/handler/payments.go:678.30,684.3 2 1
github.com/teamdsb/tmo/services/payment/internal/http/handler/payments.go:686.2,690.4 2 0
